
===========================================================================
report_checks -path_delay min (Hold)
============================================================================
======================= Fastest Corner ===================================

Startpoint: b[7] (input port clocked by __VIRTUAL_CLK__)
Endpoint: cout (output port clocked by __VIRTUAL_CLK__)
Path Group: __VIRTUAL_CLK__
Path Type: min
Corner: Fastest

Fanout     Cap    Slew   Delay    Time   Description
-----------------------------------------------------------------------------
                  0.00    0.00    0.00   clock __VIRTUAL_CLK__ (rise edge)
                          0.00    0.00   clock network delay (ideal)
                          2.00    2.00 ^ input external delay
     1    0.00    0.02    0.01    2.01 ^ b[7] (in)
                                         b[7] (net)
                  0.02    0.00    2.01 ^ input16/A (sky130_fd_sc_hd__buf_1)
     4    0.01    0.10    0.09    2.10 ^ input16/X (sky130_fd_sc_hd__buf_1)
                                         net16 (net)
                  0.10    0.00    2.10 ^ _203_/A (sky130_fd_sc_hd__or3_4)
     2    0.01    0.03    0.09    2.19 ^ _203_/X (sky130_fd_sc_hd__or3_4)
                                         _026_ (net)
                  0.03    0.00    2.19 ^ _213_/A1 (sky130_fd_sc_hd__a21bo_1)
     1    0.01    0.04    0.07    2.25 ^ _213_/X (sky130_fd_sc_hd__a21bo_1)
                                         net21 (net)
                  0.04    0.00    2.25 ^ output21/A (sky130_fd_sc_hd__buf_6)
     1    0.03    0.06    0.08    2.34 ^ output21/X (sky130_fd_sc_hd__buf_6)
                                         cout (net)
                  0.06    0.00    2.34 ^ cout (out)
                                  2.34   data arrival time

                  0.00    0.00    0.00   clock __VIRTUAL_CLK__ (rise edge)
                          0.00    0.00   clock network delay (ideal)
                          0.25    0.25   clock uncertainty
                          0.00    0.25   clock reconvergence pessimism
                         -2.00   -1.75   output external delay
                                 -1.75   data required time
-----------------------------------------------------------------------------
                                 -1.75   data required time
                                 -2.34   data arrival time
-----------------------------------------------------------------------------
                                  4.09   slack (MET)


Startpoint: b[7] (input port clocked by __VIRTUAL_CLK__)
Endpoint: result[7] (output port clocked by __VIRTUAL_CLK__)
Path Group: __VIRTUAL_CLK__
Path Type: min
Corner: Fastest

Fanout     Cap    Slew   Delay    Time   Description
-----------------------------------------------------------------------------
                  0.00    0.00    0.00   clock __VIRTUAL_CLK__ (rise edge)
                          0.00    0.00   clock network delay (ideal)
                          2.00    2.00 v input external delay
     1    0.00    0.01    0.00    2.00 v b[7] (in)
                                         b[7] (net)
                  0.01    0.00    2.00 v input16/A (sky130_fd_sc_hd__buf_1)
     4    0.01    0.04    0.07    2.07 v input16/X (sky130_fd_sc_hd__buf_1)
                                         net16 (net)
                  0.04    0.00    2.07 v _204_/B1 (sky130_fd_sc_hd__o21ai_1)
     1    0.00    0.05    0.05    2.12 ^ _204_/Y (sky130_fd_sc_hd__o21ai_1)
                                         _027_ (net)
                  0.05    0.00    2.12 ^ _209_/A3 (sky130_fd_sc_hd__a31o_1)
     1    0.00    0.03    0.08    2.20 ^ _209_/X (sky130_fd_sc_hd__a31o_1)
                                         alu7.result (net)
                  0.03    0.00    2.20 ^ _226_/A (sky130_fd_sc_hd__clkbuf_1)
     1    0.01    0.07    0.07    2.28 ^ _226_/X (sky130_fd_sc_hd__clkbuf_1)
                                         net29 (net)
                  0.07    0.00    2.28 ^ output29/A (sky130_fd_sc_hd__buf_6)
     1    0.03    0.06    0.09    2.37 ^ output29/X (sky130_fd_sc_hd__buf_6)
                                         result[7] (net)
                  0.06    0.00    2.37 ^ result[7] (out)
                                  2.37   data arrival time

                  0.00    0.00    0.00   clock __VIRTUAL_CLK__ (rise edge)
                          0.00    0.00   clock network delay (ideal)
                          0.25    0.25   clock uncertainty
                          0.00    0.25   clock reconvergence pessimism
                         -2.00   -1.75   output external delay
                                 -1.75   data required time
-----------------------------------------------------------------------------
                                 -1.75   data required time
                                 -2.37   data arrival time
-----------------------------------------------------------------------------
                                  4.12   slack (MET)


Startpoint: op[1] (input port clocked by __VIRTUAL_CLK__)
Endpoint: result[4] (output port clocked by __VIRTUAL_CLK__)
Path Group: __VIRTUAL_CLK__
Path Type: min
Corner: Fastest

Fanout     Cap    Slew   Delay    Time   Description
-----------------------------------------------------------------------------
                  0.00    0.00    0.00   clock __VIRTUAL_CLK__ (rise edge)
                          0.00    0.00   clock network delay (ideal)
                          2.00    2.00 ^ input external delay
     1    0.01    0.02    0.01    2.01 ^ op[1] (in)
                                         op[1] (net)
                  0.02    0.00    2.01 ^ input19/A (sky130_fd_sc_hd__buf_6)
     4    0.02    0.03    0.06    2.08 ^ input19/X (sky130_fd_sc_hd__buf_6)
                                         net19 (net)
                  0.03    0.00    2.08 ^ _105_/B (sky130_fd_sc_hd__nor2_4)
     7    0.03    0.03    0.03    2.11 v _105_/Y (sky130_fd_sc_hd__nor2_4)
                                         _039_ (net)
                  0.03    0.00    2.11 v _167_/A1 (sky130_fd_sc_hd__a32o_1)
     1    0.00    0.02    0.10    2.21 v _167_/X (sky130_fd_sc_hd__a32o_1)
                                         alu4.result (net)
                  0.02    0.00    2.21 v _223_/A (sky130_fd_sc_hd__clkbuf_1)
     1    0.00    0.02    0.05    2.26 v _223_/X (sky130_fd_sc_hd__clkbuf_1)
                                         net26 (net)
                  0.02    0.00    2.26 v output26/A (sky130_fd_sc_hd__buf_2)
     1    0.03    0.06    0.11    2.37 v output26/X (sky130_fd_sc_hd__buf_2)
                                         result[4] (net)
                  0.06    0.00    2.37 v result[4] (out)
                                  2.37   data arrival time

                  0.00    0.00    0.00   clock __VIRTUAL_CLK__ (rise edge)
                          0.00    0.00   clock network delay (ideal)
                          0.25    0.25   clock uncertainty
                          0.00    0.25   clock reconvergence pessimism
                         -2.00   -1.75   output external delay
                                 -1.75   data required time
-----------------------------------------------------------------------------
                                 -1.75   data required time
                                 -2.37   data arrival time
-----------------------------------------------------------------------------
                                  4.12   slack (MET)


Startpoint: op[1] (input port clocked by __VIRTUAL_CLK__)
Endpoint: result[5] (output port clocked by __VIRTUAL_CLK__)
Path Group: __VIRTUAL_CLK__
Path Type: min
Corner: Fastest

Fanout     Cap    Slew   Delay    Time   Description
-----------------------------------------------------------------------------
                  0.00    0.00    0.00   clock __VIRTUAL_CLK__ (rise edge)
                          0.00    0.00   clock network delay (ideal)
                          2.00    2.00 ^ input external delay
     1    0.01    0.02    0.01    2.01 ^ op[1] (in)
                                         op[1] (net)
                  0.02    0.00    2.01 ^ input19/A (sky130_fd_sc_hd__buf_6)
     4    0.02    0.03    0.06    2.08 ^ input19/X (sky130_fd_sc_hd__buf_6)
                                         net19 (net)
                  0.03    0.00    2.08 ^ _105_/B (sky130_fd_sc_hd__nor2_4)
     7    0.03    0.03    0.03    2.11 v _105_/Y (sky130_fd_sc_hd__nor2_4)
                                         _039_ (net)
                  0.03    0.00    2.11 v _182_/A1 (sky130_fd_sc_hd__a32o_1)
     1    0.00    0.02    0.10    2.22 v _182_/X (sky130_fd_sc_hd__a32o_1)
                                         alu5.result (net)
                  0.02    0.00    2.22 v _224_/A (sky130_fd_sc_hd__clkbuf_1)
     1    0.00    0.02    0.05    2.26 v _224_/X (sky130_fd_sc_hd__clkbuf_1)
                                         net27 (net)
                  0.02    0.00    2.26 v output27/A (sky130_fd_sc_hd__buf_2)
     1    0.03    0.06    0.11    2.37 v output27/X (sky130_fd_sc_hd__buf_2)
                                         result[5] (net)
                  0.06    0.00    2.37 v result[5] (out)
                                  2.37   data arrival time

                  0.00    0.00    0.00   clock __VIRTUAL_CLK__ (rise edge)
                          0.00    0.00   clock network delay (ideal)
                          0.25    0.25   clock uncertainty
                          0.00    0.25   clock reconvergence pessimism
                         -2.00   -1.75   output external delay
                                 -1.75   data required time
-----------------------------------------------------------------------------
                                 -1.75   data required time
                                 -2.37   data arrival time
-----------------------------------------------------------------------------
                                  4.12   slack (MET)


Startpoint: op[1] (input port clocked by __VIRTUAL_CLK__)
Endpoint: result[6] (output port clocked by __VIRTUAL_CLK__)
Path Group: __VIRTUAL_CLK__
Path Type: min
Corner: Fastest

Fanout     Cap    Slew   Delay    Time   Description
-----------------------------------------------------------------------------
                  0.00    0.00    0.00   clock __VIRTUAL_CLK__ (rise edge)
                          0.00    0.00   clock network delay (ideal)
                          2.00    2.00 ^ input external delay
     1    0.01    0.02    0.01    2.01 ^ op[1] (in)
                                         op[1] (net)
                  0.02    0.00    2.01 ^ input19/A (sky130_fd_sc_hd__buf_6)
     4    0.02    0.03    0.06    2.08 ^ input19/X (sky130_fd_sc_hd__buf_6)
                                         net19 (net)
                  0.03    0.00    2.08 ^ _105_/B (sky130_fd_sc_hd__nor2_4)
     7    0.03    0.03    0.03    2.11 v _105_/Y (sky130_fd_sc_hd__nor2_4)
                                         _039_ (net)
                  0.03    0.00    2.11 v _195_/A1 (sky130_fd_sc_hd__a32o_1)
     1    0.00    0.02    0.10    2.21 v _195_/X (sky130_fd_sc_hd__a32o_1)
                                         alu6.result (net)
                  0.02    0.00    2.21 v _225_/A (sky130_fd_sc_hd__clkbuf_1)
     1    0.00    0.02    0.05    2.26 v _225_/X (sky130_fd_sc_hd__clkbuf_1)
                                         net28 (net)
                  0.02    0.00    2.26 v output28/A (sky130_fd_sc_hd__buf_2)
     1    0.03    0.06    0.11    2.37 v output28/X (sky130_fd_sc_hd__buf_2)
                                         result[6] (net)
                  0.06    0.00    2.37 v result[6] (out)
                                  2.37   data arrival time

                  0.00    0.00    0.00   clock __VIRTUAL_CLK__ (rise edge)
                          0.00    0.00   clock network delay (ideal)
                          0.25    0.25   clock uncertainty
                          0.00    0.25   clock reconvergence pessimism
                         -2.00   -1.75   output external delay
                                 -1.75   data required time
-----------------------------------------------------------------------------
                                 -1.75   data required time
                                 -2.37   data arrival time
-----------------------------------------------------------------------------
                                  4.12   slack (MET)


Startpoint: b[0] (input port clocked by __VIRTUAL_CLK__)
Endpoint: result[0] (output port clocked by __VIRTUAL_CLK__)
Path Group: __VIRTUAL_CLK__
Path Type: min
Corner: Fastest

Fanout     Cap    Slew   Delay    Time   Description
-----------------------------------------------------------------------------
                  0.00    0.00    0.00   clock __VIRTUAL_CLK__ (rise edge)
                          0.00    0.00   clock network delay (ideal)
                          2.00    2.00 v input external delay
     1    0.01    0.01    0.00    2.00 v b[0] (in)
                                         b[0] (net)
                  0.01    0.00    2.00 v input9/A (sky130_fd_sc_hd__buf_1)
     5    0.02    0.07    0.09    2.09 v input9/X (sky130_fd_sc_hd__buf_1)
                                         net9 (net)
                  0.07    0.00    2.09 v _108_/B1 (sky130_fd_sc_hd__a21oi_2)
     2    0.01    0.07    0.08    2.17 ^ _108_/Y (sky130_fd_sc_hd__a21oi_2)
                                         _042_ (net)
                  0.07    0.00    2.17 ^ _218_/A1 (sky130_fd_sc_hd__o21bai_1)
     1    0.00    0.02    0.05    2.21 v _218_/Y (sky130_fd_sc_hd__o21bai_1)
                                         alu0.result (net)
                  0.02    0.00    2.21 v _219_/A (sky130_fd_sc_hd__clkbuf_1)
     1    0.00    0.02    0.05    2.26 v _219_/X (sky130_fd_sc_hd__clkbuf_1)
                                         net22 (net)
                  0.02    0.00    2.26 v output22/A (sky130_fd_sc_hd__buf_2)
     1    0.03    0.06    0.11    2.37 v output22/X (sky130_fd_sc_hd__buf_2)
                                         result[0] (net)
                  0.06    0.00    2.37 v result[0] (out)
                                  2.37   data arrival time

                  0.00    0.00    0.00   clock __VIRTUAL_CLK__ (rise edge)
                          0.00    0.00   clock network delay (ideal)
                          0.25    0.25   clock uncertainty
                          0.00    0.25   clock reconvergence pessimism
                         -2.00   -1.75   output external delay
                                 -1.75   data required time
-----------------------------------------------------------------------------
                                 -1.75   data required time
                                 -2.37   data arrival time
-----------------------------------------------------------------------------
                                  4.12   slack (MET)


Startpoint: op[1] (input port clocked by __VIRTUAL_CLK__)
Endpoint: result[1] (output port clocked by __VIRTUAL_CLK__)
Path Group: __VIRTUAL_CLK__
Path Type: min
Corner: Fastest

Fanout     Cap    Slew   Delay    Time   Description
-----------------------------------------------------------------------------
                  0.00    0.00    0.00   clock __VIRTUAL_CLK__ (rise edge)
                          0.00    0.00   clock network delay (ideal)
                          2.00    2.00 ^ input external delay
     1    0.01    0.02    0.01    2.01 ^ op[1] (in)
                                         op[1] (net)
                  0.02    0.00    2.01 ^ input19/A (sky130_fd_sc_hd__buf_6)
     4    0.02    0.03    0.06    2.08 ^ input19/X (sky130_fd_sc_hd__buf_6)
                                         net19 (net)
                  0.03    0.00    2.08 ^ _105_/B (sky130_fd_sc_hd__nor2_4)
     7    0.03    0.03    0.03    2.11 v _105_/Y (sky130_fd_sc_hd__nor2_4)
                                         _039_ (net)
                  0.03    0.00    2.11 v _127_/A1 (sky130_fd_sc_hd__a32o_1)
     1    0.00    0.02    0.10    2.21 v _127_/X (sky130_fd_sc_hd__a32o_1)
                                         alu1.result (net)
                  0.02    0.00    2.21 v _220_/A (sky130_fd_sc_hd__clkbuf_1)
     1    0.00    0.02    0.05    2.26 v _220_/X (sky130_fd_sc_hd__clkbuf_1)
                                         net23 (net)
                  0.02    0.00    2.26 v output23/A (sky130_fd_sc_hd__buf_2)
     1    0.04    0.06    0.11    2.37 v output23/X (sky130_fd_sc_hd__buf_2)
                                         result[1] (net)
                  0.06    0.00    2.37 v result[1] (out)
                                  2.37   data arrival time

                  0.00    0.00    0.00   clock __VIRTUAL_CLK__ (rise edge)
                          0.00    0.00   clock network delay (ideal)
                          0.25    0.25   clock uncertainty
                          0.00    0.25   clock reconvergence pessimism
                         -2.00   -1.75   output external delay
                                 -1.75   data required time
-----------------------------------------------------------------------------
                                 -1.75   data required time
                                 -2.37   data arrival time
-----------------------------------------------------------------------------
                                  4.12   slack (MET)


Startpoint: op[2] (input port clocked by __VIRTUAL_CLK__)
Endpoint: result[2] (output port clocked by __VIRTUAL_CLK__)
Path Group: __VIRTUAL_CLK__
Path Type: min
Corner: Fastest

Fanout     Cap    Slew   Delay    Time   Description
-----------------------------------------------------------------------------
                  0.00    0.00    0.00   clock __VIRTUAL_CLK__ (rise edge)
                          0.00    0.00   clock network delay (ideal)
                          2.00    2.00 ^ input external delay
     1    0.01    0.02    0.01    2.01 ^ op[2] (in)
                                         op[2] (net)
                  0.02    0.00    2.01 ^ input20/A (sky130_fd_sc_hd__buf_6)
     6    0.02    0.04    0.07    2.08 ^ input20/X (sky130_fd_sc_hd__buf_6)
                                         net20 (net)
                  0.04    0.00    2.08 ^ _141_/A1_N (sky130_fd_sc_hd__o2bb2a_1)
     1    0.00    0.03    0.12    2.20 v _141_/X (sky130_fd_sc_hd__o2bb2a_1)
                                         alu2.result (net)
                  0.03    0.00    2.20 v _221_/A (sky130_fd_sc_hd__clkbuf_1)
     1    0.00    0.03    0.06    2.26 v _221_/X (sky130_fd_sc_hd__clkbuf_1)
                                         net24 (net)
                  0.03    0.00    2.26 v output24/A (sky130_fd_sc_hd__buf_2)
     1    0.04    0.07    0.11    2.37 v output24/X (sky130_fd_sc_hd__buf_2)
                                         result[2] (net)
                  0.07    0.00    2.37 v result[2] (out)
                                  2.37   data arrival time

                  0.00    0.00    0.00   clock __VIRTUAL_CLK__ (rise edge)
                          0.00    0.00   clock network delay (ideal)
                          0.25    0.25   clock uncertainty
                          0.00    0.25   clock reconvergence pessimism
                         -2.00   -1.75   output external delay
                                 -1.75   data required time
-----------------------------------------------------------------------------
                                 -1.75   data required time
                                 -2.37   data arrival time
-----------------------------------------------------------------------------
                                  4.12   slack (MET)


Startpoint: op[1] (input port clocked by __VIRTUAL_CLK__)
Endpoint: result[3] (output port clocked by __VIRTUAL_CLK__)
Path Group: __VIRTUAL_CLK__
Path Type: min
Corner: Fastest

Fanout     Cap    Slew   Delay    Time   Description
-----------------------------------------------------------------------------
                  0.00    0.00    0.00   clock __VIRTUAL_CLK__ (rise edge)
                          0.00    0.00   clock network delay (ideal)
                          2.00    2.00 ^ input external delay
     1    0.01    0.02    0.01    2.01 ^ op[1] (in)
                                         op[1] (net)
                  0.02    0.00    2.01 ^ input19/A (sky130_fd_sc_hd__buf_6)
     4    0.02    0.03    0.06    2.08 ^ input19/X (sky130_fd_sc_hd__buf_6)
                                         net19 (net)
                  0.03    0.00    2.08 ^ _105_/B (sky130_fd_sc_hd__nor2_4)
     7    0.03    0.03    0.03    2.11 v _105_/Y (sky130_fd_sc_hd__nor2_4)
                                         _039_ (net)
                  0.03    0.00    2.11 v _154_/A1 (sky130_fd_sc_hd__a32o_1)
     1    0.00    0.02    0.10    2.21 v _154_/X (sky130_fd_sc_hd__a32o_1)
                                         alu3.result (net)
                  0.02    0.00    2.21 v _222_/A (sky130_fd_sc_hd__clkbuf_1)
     1    0.01    0.03    0.06    2.27 v _222_/X (sky130_fd_sc_hd__clkbuf_1)
                                         net25 (net)
                  0.03    0.00    2.27 v output25/A (sky130_fd_sc_hd__clkbuf_4)
     1    0.04    0.06    0.12    2.39 v output25/X (sky130_fd_sc_hd__clkbuf_4)
                                         result[3] (net)
                  0.06    0.00    2.39 v result[3] (out)
                                  2.39   data arrival time

                  0.00    0.00    0.00   clock __VIRTUAL_CLK__ (rise edge)
                          0.00    0.00   clock network delay (ideal)
                          0.25    0.25   clock uncertainty
                          0.00    0.25   clock reconvergence pessimism
                         -2.00   -1.75   output external delay
                                 -1.75   data required time
-----------------------------------------------------------------------------
                                 -1.75   data required time
                                 -2.39   data arrival time
-----------------------------------------------------------------------------
                                  4.14   slack (MET)



worst slack corner Fastest: 4.0857
======================= Slowest Corner ===================================

Startpoint: b[7] (input port clocked by __VIRTUAL_CLK__)
Endpoint: cout (output port clocked by __VIRTUAL_CLK__)
Path Group: __VIRTUAL_CLK__
Path Type: min
Corner: Slowest

Fanout     Cap    Slew   Delay    Time   Description
-----------------------------------------------------------------------------
                  0.00    0.00    0.00   clock __VIRTUAL_CLK__ (rise edge)
                          0.00    0.00   clock network delay (ideal)
                          2.00    2.00 ^ input external delay
     1    0.00    0.03    0.02    2.02 ^ b[7] (in)
                                         b[7] (net)
                  0.03    0.00    2.02 ^ input16/A (sky130_fd_sc_hd__buf_1)
     4    0.01    0.20    0.22    2.24 ^ input16/X (sky130_fd_sc_hd__buf_1)
                                         net16 (net)
                  0.20    0.00    2.24 ^ _203_/A (sky130_fd_sc_hd__or3_4)
     2    0.01    0.06    0.26    2.50 ^ _203_/X (sky130_fd_sc_hd__or3_4)
                                         _026_ (net)
                  0.06    0.00    2.50 ^ _213_/A1 (sky130_fd_sc_hd__a21bo_1)
     1    0.01    0.09    0.21    2.71 ^ _213_/X (sky130_fd_sc_hd__a21bo_1)
                                         net21 (net)
                  0.09    0.00    2.71 ^ output21/A (sky130_fd_sc_hd__buf_6)
     1    0.03    0.12    0.22    2.93 ^ output21/X (sky130_fd_sc_hd__buf_6)
                                         cout (net)
                  0.12    0.00    2.93 ^ cout (out)
                                  2.93   data arrival time

                  0.00    0.00    0.00   clock __VIRTUAL_CLK__ (rise edge)
                          0.00    0.00   clock network delay (ideal)
                          0.25    0.25   clock uncertainty
                          0.00    0.25   clock reconvergence pessimism
                         -2.00   -1.75   output external delay
                                 -1.75   data required time
-----------------------------------------------------------------------------
                                 -1.75   data required time
                                 -2.93   data arrival time
-----------------------------------------------------------------------------
                                  4.68   slack (MET)


Startpoint: op[1] (input port clocked by __VIRTUAL_CLK__)
Endpoint: result[7] (output port clocked by __VIRTUAL_CLK__)
Path Group: __VIRTUAL_CLK__
Path Type: min
Corner: Slowest

Fanout     Cap    Slew   Delay    Time   Description
-----------------------------------------------------------------------------
                  0.00    0.00    0.00   clock __VIRTUAL_CLK__ (rise edge)
                          0.00    0.00   clock network delay (ideal)
                          2.00    2.00 ^ input external delay
     1    0.01    0.05    0.03    2.03 ^ op[1] (in)
                                         op[1] (net)
                  0.05    0.00    2.03 ^ input19/A (sky130_fd_sc_hd__buf_6)
     4    0.02    0.07    0.17    2.19 ^ input19/X (sky130_fd_sc_hd__buf_6)
                                         net19 (net)
                  0.07    0.00    2.20 ^ _105_/B (sky130_fd_sc_hd__nor2_4)
     7    0.03    0.07    0.09    2.29 v _105_/Y (sky130_fd_sc_hd__nor2_4)
                                         _039_ (net)
                  0.07    0.00    2.29 v _209_/A2 (sky130_fd_sc_hd__a31o_1)
     1    0.00    0.06    0.35    2.64 v _209_/X (sky130_fd_sc_hd__a31o_1)
                                         alu7.result (net)
                  0.06    0.00    2.64 v _226_/A (sky130_fd_sc_hd__clkbuf_1)
     1    0.01    0.09    0.18    2.82 v _226_/X (sky130_fd_sc_hd__clkbuf_1)
                                         net29 (net)
                  0.09    0.00    2.82 v output29/A (sky130_fd_sc_hd__buf_6)
     1    0.03    0.08    0.24    3.07 v output29/X (sky130_fd_sc_hd__buf_6)
                                         result[7] (net)
                  0.08    0.00    3.07 v result[7] (out)
                                  3.07   data arrival time

                  0.00    0.00    0.00   clock __VIRTUAL_CLK__ (rise edge)
                          0.00    0.00   clock network delay (ideal)
                          0.25    0.25   clock uncertainty
                          0.00    0.25   clock reconvergence pessimism
                         -2.00   -1.75   output external delay
                                 -1.75   data required time
-----------------------------------------------------------------------------
                                 -1.75   data required time
                                 -3.07   data arrival time
-----------------------------------------------------------------------------
                                  4.82   slack (MET)


Startpoint: op[1] (input port clocked by __VIRTUAL_CLK__)
Endpoint: result[4] (output port clocked by __VIRTUAL_CLK__)
Path Group: __VIRTUAL_CLK__
Path Type: min
Corner: Slowest

Fanout     Cap    Slew   Delay    Time   Description
-----------------------------------------------------------------------------
                  0.00    0.00    0.00   clock __VIRTUAL_CLK__ (rise edge)
                          0.00    0.00   clock network delay (ideal)
                          2.00    2.00 ^ input external delay
     1    0.01    0.05    0.03    2.03 ^ op[1] (in)
                                         op[1] (net)
                  0.05    0.00    2.03 ^ input19/A (sky130_fd_sc_hd__buf_6)
     4    0.02    0.07    0.17    2.19 ^ input19/X (sky130_fd_sc_hd__buf_6)
                                         net19 (net)
                  0.07    0.00    2.20 ^ _105_/B (sky130_fd_sc_hd__nor2_4)
     7    0.03    0.07    0.09    2.29 v _105_/Y (sky130_fd_sc_hd__nor2_4)
                                         _039_ (net)
                  0.08    0.00    2.29 v _167_/A1 (sky130_fd_sc_hd__a32o_1)
     1    0.00    0.07    0.37    2.66 v _167_/X (sky130_fd_sc_hd__a32o_1)
                                         alu4.result (net)
                  0.07    0.00    2.66 v _223_/A (sky130_fd_sc_hd__clkbuf_1)
     1    0.00    0.05    0.15    2.80 v _223_/X (sky130_fd_sc_hd__clkbuf_1)
                                         net26 (net)
                  0.05    0.00    2.80 v output26/A (sky130_fd_sc_hd__buf_2)
     1    0.03    0.16    0.32    3.12 v output26/X (sky130_fd_sc_hd__buf_2)
                                         result[4] (net)
                  0.16    0.00    3.12 v result[4] (out)
                                  3.12   data arrival time

                  0.00    0.00    0.00   clock __VIRTUAL_CLK__ (rise edge)
                          0.00    0.00   clock network delay (ideal)
                          0.25    0.25   clock uncertainty
                          0.00    0.25   clock reconvergence pessimism
                         -2.00   -1.75   output external delay
                                 -1.75   data required time
-----------------------------------------------------------------------------
                                 -1.75   data required time
                                 -3.12   data arrival time
-----------------------------------------------------------------------------
                                  4.87   slack (MET)


Startpoint: op[1] (input port clocked by __VIRTUAL_CLK__)
Endpoint: result[6] (output port clocked by __VIRTUAL_CLK__)
Path Group: __VIRTUAL_CLK__
Path Type: min
Corner: Slowest

Fanout     Cap    Slew   Delay    Time   Description
-----------------------------------------------------------------------------
                  0.00    0.00    0.00   clock __VIRTUAL_CLK__ (rise edge)
                          0.00    0.00   clock network delay (ideal)
                          2.00    2.00 ^ input external delay
     1    0.01    0.05    0.03    2.03 ^ op[1] (in)
                                         op[1] (net)
                  0.05    0.00    2.03 ^ input19/A (sky130_fd_sc_hd__buf_6)
     4    0.02    0.07    0.17    2.19 ^ input19/X (sky130_fd_sc_hd__buf_6)
                                         net19 (net)
                  0.07    0.00    2.20 ^ _105_/B (sky130_fd_sc_hd__nor2_4)
     7    0.03    0.07    0.09    2.29 v _105_/Y (sky130_fd_sc_hd__nor2_4)
                                         _039_ (net)
                  0.08    0.00    2.29 v _195_/A1 (sky130_fd_sc_hd__a32o_1)
     1    0.00    0.07    0.37    2.66 v _195_/X (sky130_fd_sc_hd__a32o_1)
                                         alu6.result (net)
                  0.07    0.00    2.66 v _225_/A (sky130_fd_sc_hd__clkbuf_1)
     1    0.00    0.05    0.15    2.80 v _225_/X (sky130_fd_sc_hd__clkbuf_1)
                                         net28 (net)
                  0.05    0.00    2.80 v output28/A (sky130_fd_sc_hd__buf_2)
     1    0.03    0.16    0.32    3.12 v output28/X (sky130_fd_sc_hd__buf_2)
                                         result[6] (net)
                  0.16    0.00    3.12 v result[6] (out)
                                  3.12   data arrival time

                  0.00    0.00    0.00   clock __VIRTUAL_CLK__ (rise edge)
                          0.00    0.00   clock network delay (ideal)
                          0.25    0.25   clock uncertainty
                          0.00    0.25   clock reconvergence pessimism
                         -2.00   -1.75   output external delay
                                 -1.75   data required time
-----------------------------------------------------------------------------
                                 -1.75   data required time
                                 -3.12   data arrival time
-----------------------------------------------------------------------------
                                  4.87   slack (MET)


Startpoint: op[1] (input port clocked by __VIRTUAL_CLK__)
Endpoint: result[5] (output port clocked by __VIRTUAL_CLK__)
Path Group: __VIRTUAL_CLK__
Path Type: min
Corner: Slowest

Fanout     Cap    Slew   Delay    Time   Description
-----------------------------------------------------------------------------
                  0.00    0.00    0.00   clock __VIRTUAL_CLK__ (rise edge)
                          0.00    0.00   clock network delay (ideal)
                          2.00    2.00 ^ input external delay
     1    0.01    0.05    0.03    2.03 ^ op[1] (in)
                                         op[1] (net)
                  0.05    0.00    2.03 ^ input19/A (sky130_fd_sc_hd__buf_6)
     4    0.02    0.07    0.17    2.19 ^ input19/X (sky130_fd_sc_hd__buf_6)
                                         net19 (net)
                  0.07    0.00    2.20 ^ _105_/B (sky130_fd_sc_hd__nor2_4)
     7    0.03    0.07    0.09    2.29 v _105_/Y (sky130_fd_sc_hd__nor2_4)
                                         _039_ (net)
                  0.08    0.00    2.29 v _182_/A1 (sky130_fd_sc_hd__a32o_1)
     1    0.00    0.07    0.37    2.66 v _182_/X (sky130_fd_sc_hd__a32o_1)
                                         alu5.result (net)
                  0.07    0.00    2.66 v _224_/A (sky130_fd_sc_hd__clkbuf_1)
     1    0.00    0.04    0.14    2.81 v _224_/X (sky130_fd_sc_hd__clkbuf_1)
                                         net27 (net)
                  0.04    0.00    2.81 v output27/A (sky130_fd_sc_hd__buf_2)
     1    0.03    0.17    0.31    3.12 v output27/X (sky130_fd_sc_hd__buf_2)
                                         result[5] (net)
                  0.17    0.00    3.12 v result[5] (out)
                                  3.12   data arrival time

                  0.00    0.00    0.00   clock __VIRTUAL_CLK__ (rise edge)
                          0.00    0.00   clock network delay (ideal)
                          0.25    0.25   clock uncertainty
                          0.00    0.25   clock reconvergence pessimism
                         -2.00   -1.75   output external delay
                                 -1.75   data required time
-----------------------------------------------------------------------------
                                 -1.75   data required time
                                 -3.12   data arrival time
-----------------------------------------------------------------------------
                                  4.87   slack (MET)


Startpoint: op[1] (input port clocked by __VIRTUAL_CLK__)
Endpoint: result[1] (output port clocked by __VIRTUAL_CLK__)
Path Group: __VIRTUAL_CLK__
Path Type: min
Corner: Slowest

Fanout     Cap    Slew   Delay    Time   Description
-----------------------------------------------------------------------------
                  0.00    0.00    0.00   clock __VIRTUAL_CLK__ (rise edge)
                          0.00    0.00   clock network delay (ideal)
                          2.00    2.00 ^ input external delay
     1    0.01    0.05    0.03    2.03 ^ op[1] (in)
                                         op[1] (net)
                  0.05    0.00    2.03 ^ input19/A (sky130_fd_sc_hd__buf_6)
     4    0.02    0.07    0.17    2.19 ^ input19/X (sky130_fd_sc_hd__buf_6)
                                         net19 (net)
                  0.07    0.00    2.20 ^ _105_/B (sky130_fd_sc_hd__nor2_4)
     7    0.03    0.07    0.09    2.29 v _105_/Y (sky130_fd_sc_hd__nor2_4)
                                         _039_ (net)
                  0.07    0.00    2.29 v _127_/A1 (sky130_fd_sc_hd__a32o_1)
     1    0.00    0.07    0.37    2.66 v _127_/X (sky130_fd_sc_hd__a32o_1)
                                         alu1.result (net)
                  0.07    0.00    2.66 v _220_/A (sky130_fd_sc_hd__clkbuf_1)
     1    0.00    0.04    0.14    2.81 v _220_/X (sky130_fd_sc_hd__clkbuf_1)
                                         net23 (net)
                  0.04    0.00    2.81 v output23/A (sky130_fd_sc_hd__buf_2)
     1    0.04    0.17    0.32    3.13 v output23/X (sky130_fd_sc_hd__buf_2)
                                         result[1] (net)
                  0.17    0.00    3.13 v result[1] (out)
                                  3.13   data arrival time

                  0.00    0.00    0.00   clock __VIRTUAL_CLK__ (rise edge)
                          0.00    0.00   clock network delay (ideal)
                          0.25    0.25   clock uncertainty
                          0.00    0.25   clock reconvergence pessimism
                         -2.00   -1.75   output external delay
                                 -1.75   data required time
-----------------------------------------------------------------------------
                                 -1.75   data required time
                                 -3.13   data arrival time
-----------------------------------------------------------------------------
                                  4.88   slack (MET)


Startpoint: op[1] (input port clocked by __VIRTUAL_CLK__)
Endpoint: result[3] (output port clocked by __VIRTUAL_CLK__)
Path Group: __VIRTUAL_CLK__
Path Type: min
Corner: Slowest

Fanout     Cap    Slew   Delay    Time   Description
-----------------------------------------------------------------------------
                  0.00    0.00    0.00   clock __VIRTUAL_CLK__ (rise edge)
                          0.00    0.00   clock network delay (ideal)
                          2.00    2.00 ^ input external delay
     1    0.01    0.05    0.03    2.03 ^ op[1] (in)
                                         op[1] (net)
                  0.05    0.00    2.03 ^ input19/A (sky130_fd_sc_hd__buf_6)
     4    0.02    0.07    0.17    2.19 ^ input19/X (sky130_fd_sc_hd__buf_6)
                                         net19 (net)
                  0.07    0.00    2.20 ^ _105_/B (sky130_fd_sc_hd__nor2_4)
     7    0.03    0.07    0.09    2.29 v _105_/Y (sky130_fd_sc_hd__nor2_4)
                                         _039_ (net)
                  0.07    0.00    2.29 v _154_/A1 (sky130_fd_sc_hd__a32o_1)
     1    0.00    0.07    0.37    2.66 v _154_/X (sky130_fd_sc_hd__a32o_1)
                                         alu3.result (net)
                  0.07    0.00    2.66 v _222_/A (sky130_fd_sc_hd__clkbuf_1)
     1    0.01    0.08    0.17    2.83 v _222_/X (sky130_fd_sc_hd__clkbuf_1)
                                         net25 (net)
                  0.08    0.00    2.83 v output25/A (sky130_fd_sc_hd__clkbuf_4)
     1    0.04    0.14    0.31    3.14 v output25/X (sky130_fd_sc_hd__clkbuf_4)
                                         result[3] (net)
                  0.14    0.00    3.14 v result[3] (out)
                                  3.14   data arrival time

                  0.00    0.00    0.00   clock __VIRTUAL_CLK__ (rise edge)
                          0.00    0.00   clock network delay (ideal)
                          0.25    0.25   clock uncertainty
                          0.00    0.25   clock reconvergence pessimism
                         -2.00   -1.75   output external delay
                                 -1.75   data required time
-----------------------------------------------------------------------------
                                 -1.75   data required time
                                 -3.14   data arrival time
-----------------------------------------------------------------------------
                                  4.89   slack (MET)


Startpoint: op[2] (input port clocked by __VIRTUAL_CLK__)
Endpoint: result[2] (output port clocked by __VIRTUAL_CLK__)
Path Group: __VIRTUAL_CLK__
Path Type: min
Corner: Slowest

Fanout     Cap    Slew   Delay    Time   Description
-----------------------------------------------------------------------------
                  0.00    0.00    0.00   clock __VIRTUAL_CLK__ (rise edge)
                          0.00    0.00   clock network delay (ideal)
                          2.00    2.00 ^ input external delay
     1    0.01    0.05    0.03    2.03 ^ op[2] (in)
                                         op[2] (net)
                  0.05    0.00    2.03 ^ input20/A (sky130_fd_sc_hd__buf_6)
     6    0.02    0.09    0.18    2.21 ^ input20/X (sky130_fd_sc_hd__buf_6)
                                         net20 (net)
                  0.09    0.00    2.21 ^ _141_/A1_N (sky130_fd_sc_hd__o2bb2a_1)
     1    0.00    0.08    0.43    2.64 v _141_/X (sky130_fd_sc_hd__o2bb2a_1)
                                         alu2.result (net)
                  0.08    0.00    2.64 v _221_/A (sky130_fd_sc_hd__clkbuf_1)
     1    0.00    0.07    0.17    2.82 v _221_/X (sky130_fd_sc_hd__clkbuf_1)
                                         net24 (net)
                  0.07    0.00    2.82 v output24/A (sky130_fd_sc_hd__buf_2)
     1    0.04    0.17    0.33    3.15 v output24/X (sky130_fd_sc_hd__buf_2)
                                         result[2] (net)
                  0.17    0.00    3.15 v result[2] (out)
                                  3.15   data arrival time

                  0.00    0.00    0.00   clock __VIRTUAL_CLK__ (rise edge)
                          0.00    0.00   clock network delay (ideal)
                          0.25    0.25   clock uncertainty
                          0.00    0.25   clock reconvergence pessimism
                         -2.00   -1.75   output external delay
                                 -1.75   data required time
-----------------------------------------------------------------------------
                                 -1.75   data required time
                                 -3.15   data arrival time
-----------------------------------------------------------------------------
                                  4.90   slack (MET)


Startpoint: op[1] (input port clocked by __VIRTUAL_CLK__)
Endpoint: result[0] (output port clocked by __VIRTUAL_CLK__)
Path Group: __VIRTUAL_CLK__
Path Type: min
Corner: Slowest

Fanout     Cap    Slew   Delay    Time   Description
-----------------------------------------------------------------------------
                  0.00    0.00    0.00   clock __VIRTUAL_CLK__ (rise edge)
                          0.00    0.00   clock network delay (ideal)
                          2.00    2.00 ^ input external delay
     1    0.01    0.05    0.03    2.03 ^ op[1] (in)
                                         op[1] (net)
                  0.05    0.00    2.03 ^ input19/A (sky130_fd_sc_hd__buf_6)
     4    0.02    0.07    0.17    2.19 ^ input19/X (sky130_fd_sc_hd__buf_6)
                                         net19 (net)
                  0.07    0.00    2.20 ^ _113_/A (sky130_fd_sc_hd__or2_4)
     3    0.01    0.08    0.22    2.41 ^ _113_/X (sky130_fd_sc_hd__or2_4)
                                         _047_ (net)
                  0.08    0.00    2.41 ^ _214_/B1 (sky130_fd_sc_hd__a31o_1)
     1    0.00    0.08    0.17    2.58 ^ _214_/X (sky130_fd_sc_hd__a31o_1)
                                         _035_ (net)
                  0.08    0.00    2.58 ^ _218_/A2 (sky130_fd_sc_hd__o21bai_1)
     1    0.00    0.09    0.13    2.71 v _218_/Y (sky130_fd_sc_hd__o21bai_1)
                                         alu0.result (net)
                  0.09    0.00    2.71 v _219_/A (sky130_fd_sc_hd__clkbuf_1)
     1    0.00    0.04    0.15    2.86 v _219_/X (sky130_fd_sc_hd__clkbuf_1)
                                         net22 (net)
                  0.04    0.00    2.86 v output22/A (sky130_fd_sc_hd__buf_2)
     1    0.03    0.17    0.32    3.17 v output22/X (sky130_fd_sc_hd__buf_2)
                                         result[0] (net)
                  0.17    0.00    3.17 v result[0] (out)
                                  3.17   data arrival time

                  0.00    0.00    0.00   clock __VIRTUAL_CLK__ (rise edge)
                          0.00    0.00   clock network delay (ideal)
                          0.25    0.25   clock uncertainty
                          0.00    0.25   clock reconvergence pessimism
                         -2.00   -1.75   output external delay
                                 -1.75   data required time
-----------------------------------------------------------------------------
                                 -1.75   data required time
                                 -3.17   data arrival time
-----------------------------------------------------------------------------
                                  4.92   slack (MET)



worst slack corner Slowest: 4.6803
======================= Typical Corner ===================================

Startpoint: b[7] (input port clocked by __VIRTUAL_CLK__)
Endpoint: cout (output port clocked by __VIRTUAL_CLK__)
Path Group: __VIRTUAL_CLK__
Path Type: min
Corner: Typical

Fanout     Cap    Slew   Delay    Time   Description
-----------------------------------------------------------------------------
                  0.00    0.00    0.00   clock __VIRTUAL_CLK__ (rise edge)
                          0.00    0.00   clock network delay (ideal)
                          2.00    2.00 ^ input external delay
     1    0.00    0.02    0.01    2.01 ^ b[7] (in)
                                         b[7] (net)
                  0.02    0.00    2.01 ^ input16/A (sky130_fd_sc_hd__buf_1)
     4    0.01    0.13    0.13    2.14 ^ input16/X (sky130_fd_sc_hd__buf_1)
                                         net16 (net)
                  0.13    0.00    2.14 ^ _203_/A (sky130_fd_sc_hd__or3_4)
     2    0.01    0.04    0.14    2.27 ^ _203_/X (sky130_fd_sc_hd__or3_4)
                                         _026_ (net)
                  0.04    0.00    2.27 ^ _213_/A1 (sky130_fd_sc_hd__a21bo_1)
     1    0.01    0.05    0.10    2.38 ^ _213_/X (sky130_fd_sc_hd__a21bo_1)
                                         net21 (net)
                  0.05    0.00    2.38 ^ output21/A (sky130_fd_sc_hd__buf_6)
     1    0.03    0.08    0.12    2.50 ^ output21/X (sky130_fd_sc_hd__buf_6)
                                         cout (net)
                  0.08    0.00    2.50 ^ cout (out)
                                  2.50   data arrival time

                  0.00    0.00    0.00   clock __VIRTUAL_CLK__ (rise edge)
                          0.00    0.00   clock network delay (ideal)
                          0.25    0.25   clock uncertainty
                          0.00    0.25   clock reconvergence pessimism
                         -2.00   -1.75   output external delay
                                 -1.75   data required time
-----------------------------------------------------------------------------
                                 -1.75   data required time
                                 -2.50   data arrival time
-----------------------------------------------------------------------------
                                  4.25   slack (MET)


Startpoint: b[7] (input port clocked by __VIRTUAL_CLK__)
Endpoint: result[7] (output port clocked by __VIRTUAL_CLK__)
Path Group: __VIRTUAL_CLK__
Path Type: min
Corner: Typical

Fanout     Cap    Slew   Delay    Time   Description
-----------------------------------------------------------------------------
                  0.00    0.00    0.00   clock __VIRTUAL_CLK__ (rise edge)
                          0.00    0.00   clock network delay (ideal)
                          2.00    2.00 v input external delay
     1    0.00    0.01    0.00    2.00 v b[7] (in)
                                         b[7] (net)
                  0.01    0.00    2.00 v input16/A (sky130_fd_sc_hd__buf_1)
     4    0.01    0.06    0.10    2.10 v input16/X (sky130_fd_sc_hd__buf_1)
                                         net16 (net)
                  0.06    0.00    2.10 v _204_/B1 (sky130_fd_sc_hd__o21ai_1)
     1    0.00    0.09    0.08    2.18 ^ _204_/Y (sky130_fd_sc_hd__o21ai_1)
                                         _027_ (net)
                  0.09    0.00    2.18 ^ _209_/A3 (sky130_fd_sc_hd__a31o_1)
     1    0.00    0.04    0.14    2.32 ^ _209_/X (sky130_fd_sc_hd__a31o_1)
                                         alu7.result (net)
                  0.04    0.00    2.32 ^ _226_/A (sky130_fd_sc_hd__clkbuf_1)
     1    0.01    0.09    0.11    2.43 ^ _226_/X (sky130_fd_sc_hd__clkbuf_1)
                                         net29 (net)
                  0.09    0.00    2.43 ^ output29/A (sky130_fd_sc_hd__buf_6)
     1    0.03    0.08    0.13    2.57 ^ output29/X (sky130_fd_sc_hd__buf_6)
                                         result[7] (net)
                  0.08    0.00    2.57 ^ result[7] (out)
                                  2.57   data arrival time

                  0.00    0.00    0.00   clock __VIRTUAL_CLK__ (rise edge)
                          0.00    0.00   clock network delay (ideal)
                          0.25    0.25   clock uncertainty
                          0.00    0.25   clock reconvergence pessimism
                         -2.00   -1.75   output external delay
                                 -1.75   data required time
-----------------------------------------------------------------------------
                                 -1.75   data required time
                                 -2.57   data arrival time
-----------------------------------------------------------------------------
                                  4.32   slack (MET)


Startpoint: op[2] (input port clocked by __VIRTUAL_CLK__)
Endpoint: result[2] (output port clocked by __VIRTUAL_CLK__)
Path Group: __VIRTUAL_CLK__
Path Type: min
Corner: Typical

Fanout     Cap    Slew   Delay    Time   Description
-----------------------------------------------------------------------------
                  0.00    0.00    0.00   clock __VIRTUAL_CLK__ (rise edge)
                          0.00    0.00   clock network delay (ideal)
                          2.00    2.00 ^ input external delay
     1    0.01    0.03    0.02    2.02 ^ op[2] (in)
                                         op[2] (net)
                  0.03    0.00    2.02 ^ input20/A (sky130_fd_sc_hd__buf_6)
     6    0.02    0.06    0.10    2.12 ^ input20/X (sky130_fd_sc_hd__buf_6)
                                         net20 (net)
                  0.06    0.00    2.12 ^ _141_/A1_N (sky130_fd_sc_hd__o2bb2a_1)
     1    0.00    0.04    0.20    2.32 v _141_/X (sky130_fd_sc_hd__o2bb2a_1)
                                         alu2.result (net)
                  0.04    0.00    2.32 v _221_/A (sky130_fd_sc_hd__clkbuf_1)
     1    0.00    0.04    0.09    2.41 v _221_/X (sky130_fd_sc_hd__clkbuf_1)
                                         net24 (net)
                  0.04    0.00    2.41 v output24/A (sky130_fd_sc_hd__buf_2)
     1    0.04    0.09    0.17    2.58 v output24/X (sky130_fd_sc_hd__buf_2)
                                         result[2] (net)
                  0.09    0.00    2.58 v result[2] (out)
                                  2.58   data arrival time

                  0.00    0.00    0.00   clock __VIRTUAL_CLK__ (rise edge)
                          0.00    0.00   clock network delay (ideal)
                          0.25    0.25   clock uncertainty
                          0.00    0.25   clock reconvergence pessimism
                         -2.00   -1.75   output external delay
                                 -1.75   data required time
-----------------------------------------------------------------------------
                                 -1.75   data required time
                                 -2.58   data arrival time
-----------------------------------------------------------------------------
                                  4.33   slack (MET)


Startpoint: op[1] (input port clocked by __VIRTUAL_CLK__)
Endpoint: result[4] (output port clocked by __VIRTUAL_CLK__)
Path Group: __VIRTUAL_CLK__
Path Type: min
Corner: Typical

Fanout     Cap    Slew   Delay    Time   Description
-----------------------------------------------------------------------------
                  0.00    0.00    0.00   clock __VIRTUAL_CLK__ (rise edge)
                          0.00    0.00   clock network delay (ideal)
                          2.00    2.00 ^ input external delay
     1    0.01    0.03    0.02    2.02 ^ op[1] (in)
                                         op[1] (net)
                  0.03    0.00    2.02 ^ input19/A (sky130_fd_sc_hd__buf_6)
     4    0.02    0.05    0.09    2.11 ^ input19/X (sky130_fd_sc_hd__buf_6)
                                         net19 (net)
                  0.05    0.00    2.11 ^ _105_/B (sky130_fd_sc_hd__nor2_4)
     7    0.03    0.04    0.05    2.16 v _105_/Y (sky130_fd_sc_hd__nor2_4)
                                         _039_ (net)
                  0.04    0.00    2.16 v _167_/A1 (sky130_fd_sc_hd__a32o_1)
     1    0.00    0.04    0.20    2.36 v _167_/X (sky130_fd_sc_hd__a32o_1)
                                         alu4.result (net)
                  0.04    0.00    2.36 v _223_/A (sky130_fd_sc_hd__clkbuf_1)
     1    0.00    0.02    0.08    2.44 v _223_/X (sky130_fd_sc_hd__clkbuf_1)
                                         net26 (net)
                  0.02    0.00    2.44 v output26/A (sky130_fd_sc_hd__buf_2)
     1    0.03    0.09    0.16    2.60 v output26/X (sky130_fd_sc_hd__buf_2)
                                         result[4] (net)
                  0.09    0.00    2.60 v result[4] (out)
                                  2.60   data arrival time

                  0.00    0.00    0.00   clock __VIRTUAL_CLK__ (rise edge)
                          0.00    0.00   clock network delay (ideal)
                          0.25    0.25   clock uncertainty
                          0.00    0.25   clock reconvergence pessimism
                         -2.00   -1.75   output external delay
                                 -1.75   data required time
-----------------------------------------------------------------------------
                                 -1.75   data required time
                                 -2.60   data arrival time
-----------------------------------------------------------------------------
                                  4.35   slack (MET)


Startpoint: op[1] (input port clocked by __VIRTUAL_CLK__)
Endpoint: result[6] (output port clocked by __VIRTUAL_CLK__)
Path Group: __VIRTUAL_CLK__
Path Type: min
Corner: Typical

Fanout     Cap    Slew   Delay    Time   Description
-----------------------------------------------------------------------------
                  0.00    0.00    0.00   clock __VIRTUAL_CLK__ (rise edge)
                          0.00    0.00   clock network delay (ideal)
                          2.00    2.00 ^ input external delay
     1    0.01    0.03    0.02    2.02 ^ op[1] (in)
                                         op[1] (net)
                  0.03    0.00    2.02 ^ input19/A (sky130_fd_sc_hd__buf_6)
     4    0.02    0.05    0.09    2.11 ^ input19/X (sky130_fd_sc_hd__buf_6)
                                         net19 (net)
                  0.05    0.00    2.11 ^ _105_/B (sky130_fd_sc_hd__nor2_4)
     7    0.03    0.04    0.05    2.16 v _105_/Y (sky130_fd_sc_hd__nor2_4)
                                         _039_ (net)
                  0.04    0.00    2.16 v _195_/A1 (sky130_fd_sc_hd__a32o_1)
     1    0.00    0.04    0.20    2.36 v _195_/X (sky130_fd_sc_hd__a32o_1)
                                         alu6.result (net)
                  0.04    0.00    2.36 v _225_/A (sky130_fd_sc_hd__clkbuf_1)
     1    0.00    0.02    0.08    2.44 v _225_/X (sky130_fd_sc_hd__clkbuf_1)
                                         net28 (net)
                  0.02    0.00    2.44 v output28/A (sky130_fd_sc_hd__buf_2)
     1    0.03    0.09    0.16    2.60 v output28/X (sky130_fd_sc_hd__buf_2)
                                         result[6] (net)
                  0.09    0.00    2.60 v result[6] (out)
                                  2.60   data arrival time

                  0.00    0.00    0.00   clock __VIRTUAL_CLK__ (rise edge)
                          0.00    0.00   clock network delay (ideal)
                          0.25    0.25   clock uncertainty
                          0.00    0.25   clock reconvergence pessimism
                         -2.00   -1.75   output external delay
                                 -1.75   data required time
-----------------------------------------------------------------------------
                                 -1.75   data required time
                                 -2.60   data arrival time
-----------------------------------------------------------------------------
                                  4.35   slack (MET)


Startpoint: op[1] (input port clocked by __VIRTUAL_CLK__)
Endpoint: result[5] (output port clocked by __VIRTUAL_CLK__)
Path Group: __VIRTUAL_CLK__
Path Type: min
Corner: Typical

Fanout     Cap    Slew   Delay    Time   Description
-----------------------------------------------------------------------------
                  0.00    0.00    0.00   clock __VIRTUAL_CLK__ (rise edge)
                          0.00    0.00   clock network delay (ideal)
                          2.00    2.00 ^ input external delay
     1    0.01    0.03    0.02    2.02 ^ op[1] (in)
                                         op[1] (net)
                  0.03    0.00    2.02 ^ input19/A (sky130_fd_sc_hd__buf_6)
     4    0.02    0.05    0.09    2.11 ^ input19/X (sky130_fd_sc_hd__buf_6)
                                         net19 (net)
                  0.05    0.00    2.11 ^ _105_/B (sky130_fd_sc_hd__nor2_4)
     7    0.03    0.04    0.05    2.16 v _105_/Y (sky130_fd_sc_hd__nor2_4)
                                         _039_ (net)
                  0.04    0.00    2.16 v _182_/A1 (sky130_fd_sc_hd__a32o_1)
     1    0.00    0.04    0.20    2.36 v _182_/X (sky130_fd_sc_hd__a32o_1)
                                         alu5.result (net)
                  0.04    0.00    2.36 v _224_/A (sky130_fd_sc_hd__clkbuf_1)
     1    0.00    0.02    0.08    2.44 v _224_/X (sky130_fd_sc_hd__clkbuf_1)
                                         net27 (net)
                  0.02    0.00    2.44 v output27/A (sky130_fd_sc_hd__buf_2)
     1    0.03    0.09    0.16    2.60 v output27/X (sky130_fd_sc_hd__buf_2)
                                         result[5] (net)
                  0.09    0.00    2.60 v result[5] (out)
                                  2.60   data arrival time

                  0.00    0.00    0.00   clock __VIRTUAL_CLK__ (rise edge)
                          0.00    0.00   clock network delay (ideal)
                          0.25    0.25   clock uncertainty
                          0.00    0.25   clock reconvergence pessimism
                         -2.00   -1.75   output external delay
                                 -1.75   data required time
-----------------------------------------------------------------------------
                                 -1.75   data required time
                                 -2.60   data arrival time
-----------------------------------------------------------------------------
                                  4.35   slack (MET)


Startpoint: op[1] (input port clocked by __VIRTUAL_CLK__)
Endpoint: result[1] (output port clocked by __VIRTUAL_CLK__)
Path Group: __VIRTUAL_CLK__
Path Type: min
Corner: Typical

Fanout     Cap    Slew   Delay    Time   Description
-----------------------------------------------------------------------------
                  0.00    0.00    0.00   clock __VIRTUAL_CLK__ (rise edge)
                          0.00    0.00   clock network delay (ideal)
                          2.00    2.00 ^ input external delay
     1    0.01    0.03    0.02    2.02 ^ op[1] (in)
                                         op[1] (net)
                  0.03    0.00    2.02 ^ input19/A (sky130_fd_sc_hd__buf_6)
     4    0.02    0.05    0.09    2.11 ^ input19/X (sky130_fd_sc_hd__buf_6)
                                         net19 (net)
                  0.05    0.00    2.11 ^ _105_/B (sky130_fd_sc_hd__nor2_4)
     7    0.03    0.04    0.05    2.16 v _105_/Y (sky130_fd_sc_hd__nor2_4)
                                         _039_ (net)
                  0.04    0.00    2.16 v _127_/A1 (sky130_fd_sc_hd__a32o_1)
     1    0.00    0.04    0.20    2.36 v _127_/X (sky130_fd_sc_hd__a32o_1)
                                         alu1.result (net)
                  0.04    0.00    2.36 v _220_/A (sky130_fd_sc_hd__clkbuf_1)
     1    0.00    0.02    0.08    2.44 v _220_/X (sky130_fd_sc_hd__clkbuf_1)
                                         net23 (net)
                  0.02    0.00    2.44 v output23/A (sky130_fd_sc_hd__buf_2)
     1    0.04    0.09    0.16    2.60 v output23/X (sky130_fd_sc_hd__buf_2)
                                         result[1] (net)
                  0.09    0.00    2.60 v result[1] (out)
                                  2.60   data arrival time

                  0.00    0.00    0.00   clock __VIRTUAL_CLK__ (rise edge)
                          0.00    0.00   clock network delay (ideal)
                          0.25    0.25   clock uncertainty
                          0.00    0.25   clock reconvergence pessimism
                         -2.00   -1.75   output external delay
                                 -1.75   data required time
-----------------------------------------------------------------------------
                                 -1.75   data required time
                                 -2.60   data arrival time
-----------------------------------------------------------------------------
                                  4.35   slack (MET)


Startpoint: b[0] (input port clocked by __VIRTUAL_CLK__)
Endpoint: result[0] (output port clocked by __VIRTUAL_CLK__)
Path Group: __VIRTUAL_CLK__
Path Type: min
Corner: Typical

Fanout     Cap    Slew   Delay    Time   Description
-----------------------------------------------------------------------------
                  0.00    0.00    0.00   clock __VIRTUAL_CLK__ (rise edge)
                          0.00    0.00   clock network delay (ideal)
                          2.00    2.00 v input external delay
     1    0.01    0.01    0.01    2.01 v b[0] (in)
                                         b[0] (net)
                  0.01    0.00    2.01 v input9/A (sky130_fd_sc_hd__buf_1)
     5    0.02    0.10    0.13    2.14 v input9/X (sky130_fd_sc_hd__buf_1)
                                         net9 (net)
                  0.10    0.00    2.14 v _108_/B1 (sky130_fd_sc_hd__a21oi_2)
     2    0.01    0.12    0.15    2.29 ^ _108_/Y (sky130_fd_sc_hd__a21oi_2)
                                         _042_ (net)
                  0.12    0.00    2.29 ^ _218_/A1 (sky130_fd_sc_hd__o21bai_1)
     1    0.00    0.04    0.09    2.37 v _218_/Y (sky130_fd_sc_hd__o21bai_1)
                                         alu0.result (net)
                  0.04    0.00    2.37 v _219_/A (sky130_fd_sc_hd__clkbuf_1)
     1    0.00    0.02    0.08    2.45 v _219_/X (sky130_fd_sc_hd__clkbuf_1)
                                         net22 (net)
                  0.02    0.00    2.45 v output22/A (sky130_fd_sc_hd__buf_2)
     1    0.03    0.09    0.16    2.61 v output22/X (sky130_fd_sc_hd__buf_2)
                                         result[0] (net)
                  0.09    0.00    2.61 v result[0] (out)
                                  2.61   data arrival time

                  0.00    0.00    0.00   clock __VIRTUAL_CLK__ (rise edge)
                          0.00    0.00   clock network delay (ideal)
                          0.25    0.25   clock uncertainty
                          0.00    0.25   clock reconvergence pessimism
                         -2.00   -1.75   output external delay
                                 -1.75   data required time
-----------------------------------------------------------------------------
                                 -1.75   data required time
                                 -2.61   data arrival time
-----------------------------------------------------------------------------
                                  4.36   slack (MET)


Startpoint: op[1] (input port clocked by __VIRTUAL_CLK__)
Endpoint: result[3] (output port clocked by __VIRTUAL_CLK__)
Path Group: __VIRTUAL_CLK__
Path Type: min
Corner: Typical

Fanout     Cap    Slew   Delay    Time   Description
-----------------------------------------------------------------------------
                  0.00    0.00    0.00   clock __VIRTUAL_CLK__ (rise edge)
                          0.00    0.00   clock network delay (ideal)
                          2.00    2.00 ^ input external delay
     1    0.01    0.03    0.02    2.02 ^ op[1] (in)
                                         op[1] (net)
                  0.03    0.00    2.02 ^ input19/A (sky130_fd_sc_hd__buf_6)
     4    0.02    0.05    0.09    2.11 ^ input19/X (sky130_fd_sc_hd__buf_6)
                                         net19 (net)
                  0.05    0.00    2.11 ^ _105_/B (sky130_fd_sc_hd__nor2_4)
     7    0.03    0.04    0.05    2.16 v _105_/Y (sky130_fd_sc_hd__nor2_4)
                                         _039_ (net)
                  0.04    0.00    2.16 v _154_/A1 (sky130_fd_sc_hd__a32o_1)
     1    0.00    0.04    0.20    2.36 v _154_/X (sky130_fd_sc_hd__a32o_1)
                                         alu3.result (net)
                  0.04    0.00    2.36 v _222_/A (sky130_fd_sc_hd__clkbuf_1)
     1    0.01    0.04    0.09    2.45 v _222_/X (sky130_fd_sc_hd__clkbuf_1)
                                         net25 (net)
                  0.04    0.00    2.45 v output25/A (sky130_fd_sc_hd__clkbuf_4)
     1    0.04    0.08    0.17    2.62 v output25/X (sky130_fd_sc_hd__clkbuf_4)
                                         result[3] (net)
                  0.08    0.00    2.62 v result[3] (out)
                                  2.62   data arrival time

                  0.00    0.00    0.00   clock __VIRTUAL_CLK__ (rise edge)
                          0.00    0.00   clock network delay (ideal)
                          0.25    0.25   clock uncertainty
                          0.00    0.25   clock reconvergence pessimism
                         -2.00   -1.75   output external delay
                                 -1.75   data required time
-----------------------------------------------------------------------------
                                 -1.75   data required time
                                 -2.62   data arrival time
-----------------------------------------------------------------------------
                                  4.37   slack (MET)



worst slack corner Typical: 4.2512
