
===========================================================================
report_checks -unconstrained
===========================================================================
======================= Typical Corner ===================================

Startpoint: op[2] (input port clocked by __VIRTUAL_CLK__)
Endpoint: result[7] (output port clocked by __VIRTUAL_CLK__)
Path Group: __VIRTUAL_CLK__
Path Type: max

Fanout     Cap    Slew   Delay    Time   Description
-----------------------------------------------------------------------------
                  0.00    0.00    0.00   clock __VIRTUAL_CLK__ (rise edge)
                          0.00    0.00   clock network delay (ideal)
                          2.00    2.00 v input external delay
     6    0.01    0.04    0.03    2.03 v op[2] (in)
                                         op[2] (net)
                  0.04    0.00    2.03 v _113_/A (sky130_fd_sc_hd__or2_2)
     3    0.01    0.07    0.32    2.35 v _113_/X (sky130_fd_sc_hd__or2_2)
                                         _047_ (net)
                  0.07    0.00    2.35 v _114_/B (sky130_fd_sc_hd__or2_2)
     8    0.03    0.11    0.37    2.72 v _114_/X (sky130_fd_sc_hd__or2_2)
                                         _048_ (net)
                  0.11    0.00    2.72 v _115_/B2 (sky130_fd_sc_hd__o32a_2)
     3    0.02    0.09    0.26    2.98 v _115_/X (sky130_fd_sc_hd__o32a_2)
                                         _049_ (net)
                  0.09    0.00    2.98 v _116_/B (sky130_fd_sc_hd__xnor2_2)
     3    0.01    0.20    0.21    3.19 ^ _116_/Y (sky130_fd_sc_hd__xnor2_2)
                                         _050_ (net)
                  0.20    0.00    3.19 ^ _129_/A2 (sky130_fd_sc_hd__o21ai_2)
     4    0.01    0.07    0.11    3.30 v _129_/Y (sky130_fd_sc_hd__o21ai_2)
                                         _062_ (net)
                  0.07    0.00    3.30 v _145_/A2 (sky130_fd_sc_hd__a32o_2)
     1    0.00    0.04    0.28    3.58 v _145_/X (sky130_fd_sc_hd__a32o_2)
                                         _077_ (net)
                  0.04    0.00    3.58 v _146_/B1 (sky130_fd_sc_hd__o22a_2)
     3    0.02    0.08    0.26    3.84 v _146_/X (sky130_fd_sc_hd__o22a_2)
                                         _078_ (net)
                  0.08    0.00    3.84 v _147_/B (sky130_fd_sc_hd__xnor2_2)
     3    0.01    0.20    0.20    4.04 ^ _147_/Y (sky130_fd_sc_hd__xnor2_2)
                                         _079_ (net)
                  0.20    0.00    4.04 ^ _156_/A2 (sky130_fd_sc_hd__o21ai_2)
     4    0.01    0.07    0.11    4.15 v _156_/Y (sky130_fd_sc_hd__o21ai_2)
                                         _087_ (net)
                  0.07    0.00    4.15 v _171_/B (sky130_fd_sc_hd__and3_2)
     1    0.00    0.03    0.20    4.35 v _171_/X (sky130_fd_sc_hd__and3_2)
                                         _101_ (net)
                  0.03    0.00    4.35 v _172_/A (sky130_fd_sc_hd__or3b_2)
     3    0.01    0.09    0.50    4.84 v _172_/X (sky130_fd_sc_hd__or3b_2)
                                         _102_ (net)
                  0.09    0.00    4.84 v _185_/C (sky130_fd_sc_hd__and3_2)
     1    0.00    0.03    0.22    5.07 v _185_/X (sky130_fd_sc_hd__and3_2)
                                         _009_ (net)
                  0.03    0.00    5.07 v _186_/A (sky130_fd_sc_hd__or3b_2)
     4    0.01    0.11    0.53    5.60 v _186_/X (sky130_fd_sc_hd__or3b_2)
                                         _010_ (net)
                  0.11    0.00    5.60 v _199_/C (sky130_fd_sc_hd__and3_2)
     1    0.00    0.03    0.23    5.83 v _199_/X (sky130_fd_sc_hd__and3_2)
                                         _022_ (net)
                  0.03    0.00    5.83 v _200_/A (sky130_fd_sc_hd__or3b_2)
     3    0.01    0.10    0.51    6.34 v _200_/X (sky130_fd_sc_hd__or3b_2)
                                         _023_ (net)
                  0.10    0.00    6.34 v _201_/C (sky130_fd_sc_hd__and3_2)
     3    0.01    0.06    0.27    6.61 v _201_/X (sky130_fd_sc_hd__and3_2)
                                         _024_ (net)
                  0.06    0.00    6.61 v _203_/B (sky130_fd_sc_hd__or3_2)
     2    0.01    0.09    0.49    7.09 v _203_/X (sky130_fd_sc_hd__or3_2)
                                         _026_ (net)
                  0.09    0.00    7.09 v _209_/A2 (sky130_fd_sc_hd__a31o_2)
     1    0.00    0.03    0.25    7.34 v _209_/X (sky130_fd_sc_hd__a31o_2)
                                         alu7.result (net)
                  0.03    0.00    7.34 v _226_/A (sky130_fd_sc_hd__buf_2)
     1    0.04    0.09    0.19    7.53 v _226_/X (sky130_fd_sc_hd__buf_2)
                                         result[7] (net)
                  0.09    0.00    7.53 v result[7] (out)
                                  7.53   data arrival time

                  0.00   10.00   10.00   clock __VIRTUAL_CLK__ (rise edge)
                          0.00   10.00   clock network delay (ideal)
                         -0.25    9.75   clock uncertainty
                          0.00    9.75   clock reconvergence pessimism
                         -2.00    7.75   output external delay
                                  7.75   data required time
-----------------------------------------------------------------------------
                                  7.75   data required time
                                 -7.53   data arrival time
-----------------------------------------------------------------------------
                                  0.22   slack (MET)




===========================================================================
report_checks --slack_max -0.01
============================================================================
======================= Typical Corner ===================================

No paths found.


===========================================================================
 report_check_types -max_slew -max_cap -max_fanout -violators
============================================================================
======================= Typical Corner ===================================


max slew violations count Typical: 0
max fanout violations count Typical: 0
max cap violations count Typical: 0

===========================================================================
report_parasitic_annotation -report_unannotated
============================================================================
Found 0 unannotated drivers.
Found 0 partially unannotated drivers.

===========================================================================
max slew violation count 0
max fanout violation count 0
max cap violation count 0
============================================================================

===========================================================================
check_setup -verbose -unconstrained_endpoints -multiple_clock -no_clock -no_input_delay -loops -generated_clocks
===========================================================================
