
===========================================================================
report_checks -path_delay max (Setup)
============================================================================
======================= Typical Corner ===================================

Startpoint: op[2] (input port clocked by __VIRTUAL_CLK__)
Endpoint: result[7] (output port clocked by __VIRTUAL_CLK__)
Path Group: __VIRTUAL_CLK__
Path Type: max

Fanout     Cap    Slew   Delay    Time   Description
-----------------------------------------------------------------------------
                  0.00    0.00    0.00   clock __VIRTUAL_CLK__ (rise edge)
                          0.00    0.00   clock network delay (ideal)
                          2.00    2.00 v input external delay
     6    0.01    0.04    0.03    2.03 v op[2] (in)
                                         op[2] (net)
                  0.04    0.00    2.03 v _113_/A (sky130_fd_sc_hd__or2_2)
     3    0.01    0.07    0.32    2.35 v _113_/X (sky130_fd_sc_hd__or2_2)
                                         _047_ (net)
                  0.07    0.00    2.35 v _114_/B (sky130_fd_sc_hd__or2_2)
     8    0.03    0.11    0.37    2.72 v _114_/X (sky130_fd_sc_hd__or2_2)
                                         _048_ (net)
                  0.11    0.00    2.72 v _115_/B2 (sky130_fd_sc_hd__o32a_2)
     3    0.02    0.09    0.26    2.98 v _115_/X (sky130_fd_sc_hd__o32a_2)
                                         _049_ (net)
                  0.09    0.00    2.98 v _116_/B (sky130_fd_sc_hd__xnor2_2)
     3    0.01    0.20    0.21    3.19 ^ _116_/Y (sky130_fd_sc_hd__xnor2_2)
                                         _050_ (net)
                  0.20    0.00    3.19 ^ _129_/A2 (sky130_fd_sc_hd__o21ai_2)
     4    0.01    0.07    0.11    3.30 v _129_/Y (sky130_fd_sc_hd__o21ai_2)
                                         _062_ (net)
                  0.07    0.00    3.30 v _145_/A2 (sky130_fd_sc_hd__a32o_2)
     1    0.00    0.04    0.28    3.58 v _145_/X (sky130_fd_sc_hd__a32o_2)
                                         _077_ (net)
                  0.04    0.00    3.58 v _146_/B1 (sky130_fd_sc_hd__o22a_2)
     3    0.02    0.08    0.26    3.84 v _146_/X (sky130_fd_sc_hd__o22a_2)
                                         _078_ (net)
                  0.08    0.00    3.84 v _147_/B (sky130_fd_sc_hd__xnor2_2)
     3    0.01    0.20    0.20    4.04 ^ _147_/Y (sky130_fd_sc_hd__xnor2_2)
                                         _079_ (net)
                  0.20    0.00    4.04 ^ _156_/A2 (sky130_fd_sc_hd__o21ai_2)
     4    0.01    0.07    0.11    4.15 v _156_/Y (sky130_fd_sc_hd__o21ai_2)
                                         _087_ (net)
                  0.07    0.00    4.15 v _171_/B (sky130_fd_sc_hd__and3_2)
     1    0.00    0.03    0.20    4.35 v _171_/X (sky130_fd_sc_hd__and3_2)
                                         _101_ (net)
                  0.03    0.00    4.35 v _172_/A (sky130_fd_sc_hd__or3b_2)
     3    0.01    0.09    0.50    4.84 v _172_/X (sky130_fd_sc_hd__or3b_2)
                                         _102_ (net)
                  0.09    0.00    4.84 v _185_/C (sky130_fd_sc_hd__and3_2)
     1    0.00    0.03    0.22    5.07 v _185_/X (sky130_fd_sc_hd__and3_2)
                                         _009_ (net)
                  0.03    0.00    5.07 v _186_/A (sky130_fd_sc_hd__or3b_2)
     4    0.01    0.11    0.53    5.60 v _186_/X (sky130_fd_sc_hd__or3b_2)
                                         _010_ (net)
                  0.11    0.00    5.60 v _199_/C (sky130_fd_sc_hd__and3_2)
     1    0.00    0.03    0.23    5.83 v _199_/X (sky130_fd_sc_hd__and3_2)
                                         _022_ (net)
                  0.03    0.00    5.83 v _200_/A (sky130_fd_sc_hd__or3b_2)
     3    0.01    0.10    0.51    6.34 v _200_/X (sky130_fd_sc_hd__or3b_2)
                                         _023_ (net)
                  0.10    0.00    6.34 v _201_/C (sky130_fd_sc_hd__and3_2)
     3    0.01    0.06    0.27    6.61 v _201_/X (sky130_fd_sc_hd__and3_2)
                                         _024_ (net)
                  0.06    0.00    6.61 v _203_/B (sky130_fd_sc_hd__or3_2)
     2    0.01    0.09    0.49    7.09 v _203_/X (sky130_fd_sc_hd__or3_2)
                                         _026_ (net)
                  0.09    0.00    7.09 v _209_/A2 (sky130_fd_sc_hd__a31o_2)
     1    0.00    0.03    0.25    7.34 v _209_/X (sky130_fd_sc_hd__a31o_2)
                                         alu7.result (net)
                  0.03    0.00    7.34 v _226_/A (sky130_fd_sc_hd__buf_2)
     1    0.04    0.09    0.19    7.53 v _226_/X (sky130_fd_sc_hd__buf_2)
                                         result[7] (net)
                  0.09    0.00    7.53 v result[7] (out)
                                  7.53   data arrival time

                  0.00   10.00   10.00   clock __VIRTUAL_CLK__ (rise edge)
                          0.00   10.00   clock network delay (ideal)
                         -0.25    9.75   clock uncertainty
                          0.00    9.75   clock reconvergence pessimism
                         -2.00    7.75   output external delay
                                  7.75   data required time
-----------------------------------------------------------------------------
                                  7.75   data required time
                                 -7.53   data arrival time
-----------------------------------------------------------------------------
                                  0.22   slack (MET)


Startpoint: op[2] (input port clocked by __VIRTUAL_CLK__)
Endpoint: cout (output port clocked by __VIRTUAL_CLK__)
Path Group: __VIRTUAL_CLK__
Path Type: max

Fanout     Cap    Slew   Delay    Time   Description
-----------------------------------------------------------------------------
                  0.00    0.00    0.00   clock __VIRTUAL_CLK__ (rise edge)
                          0.00    0.00   clock network delay (ideal)
                          2.00    2.00 v input external delay
     6    0.01    0.04    0.03    2.03 v op[2] (in)
                                         op[2] (net)
                  0.04    0.00    2.03 v _113_/A (sky130_fd_sc_hd__or2_2)
     3    0.01    0.07    0.32    2.35 v _113_/X (sky130_fd_sc_hd__or2_2)
                                         _047_ (net)
                  0.07    0.00    2.35 v _114_/B (sky130_fd_sc_hd__or2_2)
     8    0.03    0.11    0.37    2.72 v _114_/X (sky130_fd_sc_hd__or2_2)
                                         _048_ (net)
                  0.11    0.00    2.72 v _115_/B2 (sky130_fd_sc_hd__o32a_2)
     3    0.02    0.09    0.26    2.98 v _115_/X (sky130_fd_sc_hd__o32a_2)
                                         _049_ (net)
                  0.09    0.00    2.98 v _116_/B (sky130_fd_sc_hd__xnor2_2)
     3    0.01    0.20    0.21    3.19 ^ _116_/Y (sky130_fd_sc_hd__xnor2_2)
                                         _050_ (net)
                  0.20    0.00    3.19 ^ _129_/A2 (sky130_fd_sc_hd__o21ai_2)
     4    0.01    0.07    0.11    3.30 v _129_/Y (sky130_fd_sc_hd__o21ai_2)
                                         _062_ (net)
                  0.07    0.00    3.30 v _145_/A2 (sky130_fd_sc_hd__a32o_2)
     1    0.00    0.04    0.28    3.58 v _145_/X (sky130_fd_sc_hd__a32o_2)
                                         _077_ (net)
                  0.04    0.00    3.58 v _146_/B1 (sky130_fd_sc_hd__o22a_2)
     3    0.02    0.08    0.26    3.84 v _146_/X (sky130_fd_sc_hd__o22a_2)
                                         _078_ (net)
                  0.08    0.00    3.84 v _147_/B (sky130_fd_sc_hd__xnor2_2)
     3    0.01    0.20    0.20    4.04 ^ _147_/Y (sky130_fd_sc_hd__xnor2_2)
                                         _079_ (net)
                  0.20    0.00    4.04 ^ _156_/A2 (sky130_fd_sc_hd__o21ai_2)
     4    0.01    0.07    0.11    4.15 v _156_/Y (sky130_fd_sc_hd__o21ai_2)
                                         _087_ (net)
                  0.07    0.00    4.15 v _171_/B (sky130_fd_sc_hd__and3_2)
     1    0.00    0.03    0.20    4.35 v _171_/X (sky130_fd_sc_hd__and3_2)
                                         _101_ (net)
                  0.03    0.00    4.35 v _172_/A (sky130_fd_sc_hd__or3b_2)
     3    0.01    0.09    0.50    4.84 v _172_/X (sky130_fd_sc_hd__or3b_2)
                                         _102_ (net)
                  0.09    0.00    4.84 v _185_/C (sky130_fd_sc_hd__and3_2)
     1    0.00    0.03    0.22    5.07 v _185_/X (sky130_fd_sc_hd__and3_2)
                                         _009_ (net)
                  0.03    0.00    5.07 v _186_/A (sky130_fd_sc_hd__or3b_2)
     4    0.01    0.11    0.53    5.60 v _186_/X (sky130_fd_sc_hd__or3b_2)
                                         _010_ (net)
                  0.11    0.00    5.60 v _199_/C (sky130_fd_sc_hd__and3_2)
     1    0.00    0.03    0.23    5.83 v _199_/X (sky130_fd_sc_hd__and3_2)
                                         _022_ (net)
                  0.03    0.00    5.83 v _200_/A (sky130_fd_sc_hd__or3b_2)
     3    0.01    0.10    0.51    6.34 v _200_/X (sky130_fd_sc_hd__or3b_2)
                                         _023_ (net)
                  0.10    0.00    6.34 v _201_/C (sky130_fd_sc_hd__and3_2)
     3    0.01    0.06    0.27    6.61 v _201_/X (sky130_fd_sc_hd__and3_2)
                                         _024_ (net)
                  0.06    0.00    6.61 v _203_/B (sky130_fd_sc_hd__or3_2)
     2    0.01    0.09    0.49    7.09 v _203_/X (sky130_fd_sc_hd__or3_2)
                                         _026_ (net)
                  0.09    0.00    7.09 v _213_/A1 (sky130_fd_sc_hd__a21bo_2)
     1    0.03    0.10    0.30    7.39 v _213_/X (sky130_fd_sc_hd__a21bo_2)
                                         cout (net)
                  0.10    0.00    7.39 v cout (out)
                                  7.39   data arrival time

                  0.00   10.00   10.00   clock __VIRTUAL_CLK__ (rise edge)
                          0.00   10.00   clock network delay (ideal)
                         -0.25    9.75   clock uncertainty
                          0.00    9.75   clock reconvergence pessimism
                         -2.00    7.75   output external delay
                                  7.75   data required time
-----------------------------------------------------------------------------
                                  7.75   data required time
                                 -7.39   data arrival time
-----------------------------------------------------------------------------
                                  0.36   slack (MET)


Startpoint: op[2] (input port clocked by __VIRTUAL_CLK__)
Endpoint: result[6] (output port clocked by __VIRTUAL_CLK__)
Path Group: __VIRTUAL_CLK__
Path Type: max

Fanout     Cap    Slew   Delay    Time   Description
-----------------------------------------------------------------------------
                  0.00    0.00    0.00   clock __VIRTUAL_CLK__ (rise edge)
                          0.00    0.00   clock network delay (ideal)
                          2.00    2.00 v input external delay
     6    0.01    0.04    0.03    2.03 v op[2] (in)
                                         op[2] (net)
                  0.04    0.00    2.03 v _113_/A (sky130_fd_sc_hd__or2_2)
     3    0.01    0.07    0.32    2.35 v _113_/X (sky130_fd_sc_hd__or2_2)
                                         _047_ (net)
                  0.07    0.00    2.35 v _114_/B (sky130_fd_sc_hd__or2_2)
     8    0.03    0.11    0.37    2.72 v _114_/X (sky130_fd_sc_hd__or2_2)
                                         _048_ (net)
                  0.11    0.00    2.72 v _115_/B2 (sky130_fd_sc_hd__o32a_2)
     3    0.02    0.09    0.26    2.98 v _115_/X (sky130_fd_sc_hd__o32a_2)
                                         _049_ (net)
                  0.09    0.00    2.98 v _116_/B (sky130_fd_sc_hd__xnor2_2)
     3    0.01    0.20    0.21    3.19 ^ _116_/Y (sky130_fd_sc_hd__xnor2_2)
                                         _050_ (net)
                  0.20    0.00    3.19 ^ _129_/A2 (sky130_fd_sc_hd__o21ai_2)
     4    0.01    0.07    0.11    3.30 v _129_/Y (sky130_fd_sc_hd__o21ai_2)
                                         _062_ (net)
                  0.07    0.00    3.30 v _145_/A2 (sky130_fd_sc_hd__a32o_2)
     1    0.00    0.04    0.28    3.58 v _145_/X (sky130_fd_sc_hd__a32o_2)
                                         _077_ (net)
                  0.04    0.00    3.58 v _146_/B1 (sky130_fd_sc_hd__o22a_2)
     3    0.02    0.08    0.26    3.84 v _146_/X (sky130_fd_sc_hd__o22a_2)
                                         _078_ (net)
                  0.08    0.00    3.84 v _147_/B (sky130_fd_sc_hd__xnor2_2)
     3    0.01    0.20    0.20    4.04 ^ _147_/Y (sky130_fd_sc_hd__xnor2_2)
                                         _079_ (net)
                  0.20    0.00    4.04 ^ _156_/A2 (sky130_fd_sc_hd__o21ai_2)
     4    0.01    0.07    0.11    4.15 v _156_/Y (sky130_fd_sc_hd__o21ai_2)
                                         _087_ (net)
                  0.07    0.00    4.15 v _171_/B (sky130_fd_sc_hd__and3_2)
     1    0.00    0.03    0.20    4.35 v _171_/X (sky130_fd_sc_hd__and3_2)
                                         _101_ (net)
                  0.03    0.00    4.35 v _172_/A (sky130_fd_sc_hd__or3b_2)
     3    0.01    0.09    0.50    4.84 v _172_/X (sky130_fd_sc_hd__or3b_2)
                                         _102_ (net)
                  0.09    0.00    4.84 v _185_/C (sky130_fd_sc_hd__and3_2)
     1    0.00    0.03    0.22    5.07 v _185_/X (sky130_fd_sc_hd__and3_2)
                                         _009_ (net)
                  0.03    0.00    5.07 v _186_/A (sky130_fd_sc_hd__or3b_2)
     4    0.01    0.11    0.53    5.60 v _186_/X (sky130_fd_sc_hd__or3b_2)
                                         _010_ (net)
                  0.11    0.00    5.60 v _187_/C (sky130_fd_sc_hd__and3_2)
     3    0.01    0.05    0.26    5.86 v _187_/X (sky130_fd_sc_hd__and3_2)
                                         _011_ (net)
                  0.05    0.00    5.86 v _189_/B (sky130_fd_sc_hd__or3_2)
     1    0.00    0.08    0.46    6.33 v _189_/X (sky130_fd_sc_hd__or3_2)
                                         _013_ (net)
                  0.08    0.00    6.33 v _195_/A2 (sky130_fd_sc_hd__a32o_2)
     1    0.00    0.04    0.28    6.60 v _195_/X (sky130_fd_sc_hd__a32o_2)
                                         alu6.result (net)
                  0.04    0.00    6.60 v _225_/A (sky130_fd_sc_hd__buf_2)
     1    0.03    0.09    0.19    6.79 v _225_/X (sky130_fd_sc_hd__buf_2)
                                         result[6] (net)
                  0.09    0.00    6.79 v result[6] (out)
                                  6.79   data arrival time

                  0.00   10.00   10.00   clock __VIRTUAL_CLK__ (rise edge)
                          0.00   10.00   clock network delay (ideal)
                         -0.25    9.75   clock uncertainty
                          0.00    9.75   clock reconvergence pessimism
                         -2.00    7.75   output external delay
                                  7.75   data required time
-----------------------------------------------------------------------------
                                  7.75   data required time
                                 -6.79   data arrival time
-----------------------------------------------------------------------------
                                  0.96   slack (MET)


Startpoint: op[2] (input port clocked by __VIRTUAL_CLK__)
Endpoint: result[5] (output port clocked by __VIRTUAL_CLK__)
Path Group: __VIRTUAL_CLK__
Path Type: max

Fanout     Cap    Slew   Delay    Time   Description
-----------------------------------------------------------------------------
                  0.00    0.00    0.00   clock __VIRTUAL_CLK__ (rise edge)
                          0.00    0.00   clock network delay (ideal)
                          2.00    2.00 v input external delay
     6    0.01    0.04    0.03    2.03 v op[2] (in)
                                         op[2] (net)
                  0.04    0.00    2.03 v _113_/A (sky130_fd_sc_hd__or2_2)
     3    0.01    0.07    0.32    2.35 v _113_/X (sky130_fd_sc_hd__or2_2)
                                         _047_ (net)
                  0.07    0.00    2.35 v _114_/B (sky130_fd_sc_hd__or2_2)
     8    0.03    0.11    0.37    2.72 v _114_/X (sky130_fd_sc_hd__or2_2)
                                         _048_ (net)
                  0.11    0.00    2.72 v _115_/B2 (sky130_fd_sc_hd__o32a_2)
     3    0.02    0.09    0.26    2.98 v _115_/X (sky130_fd_sc_hd__o32a_2)
                                         _049_ (net)
                  0.09    0.00    2.98 v _116_/B (sky130_fd_sc_hd__xnor2_2)
     3    0.01    0.20    0.21    3.19 ^ _116_/Y (sky130_fd_sc_hd__xnor2_2)
                                         _050_ (net)
                  0.20    0.00    3.19 ^ _129_/A2 (sky130_fd_sc_hd__o21ai_2)
     4    0.01    0.07    0.11    3.30 v _129_/Y (sky130_fd_sc_hd__o21ai_2)
                                         _062_ (net)
                  0.07    0.00    3.30 v _145_/A2 (sky130_fd_sc_hd__a32o_2)
     1    0.00    0.04    0.28    3.58 v _145_/X (sky130_fd_sc_hd__a32o_2)
                                         _077_ (net)
                  0.04    0.00    3.58 v _146_/B1 (sky130_fd_sc_hd__o22a_2)
     3    0.02    0.08    0.26    3.84 v _146_/X (sky130_fd_sc_hd__o22a_2)
                                         _078_ (net)
                  0.08    0.00    3.84 v _147_/B (sky130_fd_sc_hd__xnor2_2)
     3    0.01    0.20    0.20    4.04 ^ _147_/Y (sky130_fd_sc_hd__xnor2_2)
                                         _079_ (net)
                  0.20    0.00    4.04 ^ _156_/A2 (sky130_fd_sc_hd__o21ai_2)
     4    0.01    0.07    0.11    4.15 v _156_/Y (sky130_fd_sc_hd__o21ai_2)
                                         _087_ (net)
                  0.07    0.00    4.15 v _171_/B (sky130_fd_sc_hd__and3_2)
     1    0.00    0.03    0.20    4.35 v _171_/X (sky130_fd_sc_hd__and3_2)
                                         _101_ (net)
                  0.03    0.00    4.35 v _172_/A (sky130_fd_sc_hd__or3b_2)
     3    0.01    0.09    0.50    4.84 v _172_/X (sky130_fd_sc_hd__or3b_2)
                                         _102_ (net)
                  0.09    0.00    4.84 v _173_/C (sky130_fd_sc_hd__and3_2)
     2    0.00    0.04    0.24    5.08 v _173_/X (sky130_fd_sc_hd__and3_2)
                                         _103_ (net)
                  0.04    0.00    5.08 v _175_/A (sky130_fd_sc_hd__or2b_2)
     2    0.01    0.06    0.31    5.39 v _175_/X (sky130_fd_sc_hd__or2b_2)
                                         _000_ (net)
                  0.06    0.00    5.39 v _176_/B (sky130_fd_sc_hd__or2_2)
     1    0.00    0.05    0.28    5.68 v _176_/X (sky130_fd_sc_hd__or2_2)
                                         _001_ (net)
                  0.05    0.00    5.68 v _182_/A2 (sky130_fd_sc_hd__a32o_2)
     1    0.00    0.04    0.27    5.94 v _182_/X (sky130_fd_sc_hd__a32o_2)
                                         alu5.result (net)
                  0.04    0.00    5.94 v _224_/A (sky130_fd_sc_hd__buf_2)
     1    0.03    0.09    0.19    6.13 v _224_/X (sky130_fd_sc_hd__buf_2)
                                         result[5] (net)
                  0.09    0.00    6.13 v result[5] (out)
                                  6.13   data arrival time

                  0.00   10.00   10.00   clock __VIRTUAL_CLK__ (rise edge)
                          0.00   10.00   clock network delay (ideal)
                         -0.25    9.75   clock uncertainty
                          0.00    9.75   clock reconvergence pessimism
                         -2.00    7.75   output external delay
                                  7.75   data required time
-----------------------------------------------------------------------------
                                  7.75   data required time
                                 -6.13   data arrival time
-----------------------------------------------------------------------------
                                  1.62   slack (MET)


Startpoint: op[2] (input port clocked by __VIRTUAL_CLK__)
Endpoint: result[4] (output port clocked by __VIRTUAL_CLK__)
Path Group: __VIRTUAL_CLK__
Path Type: max

Fanout     Cap    Slew   Delay    Time   Description
-----------------------------------------------------------------------------
                  0.00    0.00    0.00   clock __VIRTUAL_CLK__ (rise edge)
                          0.00    0.00   clock network delay (ideal)
                          2.00    2.00 v input external delay
     6    0.01    0.04    0.03    2.03 v op[2] (in)
                                         op[2] (net)
                  0.04    0.00    2.03 v _113_/A (sky130_fd_sc_hd__or2_2)
     3    0.01    0.07    0.32    2.35 v _113_/X (sky130_fd_sc_hd__or2_2)
                                         _047_ (net)
                  0.07    0.00    2.35 v _114_/B (sky130_fd_sc_hd__or2_2)
     8    0.03    0.11    0.37    2.72 v _114_/X (sky130_fd_sc_hd__or2_2)
                                         _048_ (net)
                  0.11    0.00    2.72 v _115_/B2 (sky130_fd_sc_hd__o32a_2)
     3    0.02    0.09    0.26    2.98 v _115_/X (sky130_fd_sc_hd__o32a_2)
                                         _049_ (net)
                  0.09    0.00    2.98 v _116_/B (sky130_fd_sc_hd__xnor2_2)
     3    0.01    0.20    0.21    3.19 ^ _116_/Y (sky130_fd_sc_hd__xnor2_2)
                                         _050_ (net)
                  0.20    0.00    3.19 ^ _129_/A2 (sky130_fd_sc_hd__o21ai_2)
     4    0.01    0.07    0.11    3.30 v _129_/Y (sky130_fd_sc_hd__o21ai_2)
                                         _062_ (net)
                  0.07    0.00    3.30 v _145_/A2 (sky130_fd_sc_hd__a32o_2)
     1    0.00    0.04    0.28    3.58 v _145_/X (sky130_fd_sc_hd__a32o_2)
                                         _077_ (net)
                  0.04    0.00    3.58 v _146_/B1 (sky130_fd_sc_hd__o22a_2)
     3    0.02    0.08    0.26    3.84 v _146_/X (sky130_fd_sc_hd__o22a_2)
                                         _078_ (net)
                  0.08    0.00    3.84 v _147_/B (sky130_fd_sc_hd__xnor2_2)
     3    0.01    0.20    0.20    4.04 ^ _147_/Y (sky130_fd_sc_hd__xnor2_2)
                                         _079_ (net)
                  0.20    0.00    4.04 ^ _156_/A2 (sky130_fd_sc_hd__o21ai_2)
     4    0.01    0.07    0.11    4.15 v _156_/Y (sky130_fd_sc_hd__o21ai_2)
                                         _087_ (net)
                  0.07    0.00    4.15 v _159_/B (sky130_fd_sc_hd__and3_2)
     3    0.01    0.05    0.23    4.38 v _159_/X (sky130_fd_sc_hd__and3_2)
                                         _090_ (net)
                  0.05    0.00    4.38 v _161_/B (sky130_fd_sc_hd__or3_2)
     1    0.00    0.08    0.46    4.84 v _161_/X (sky130_fd_sc_hd__or3_2)
                                         _092_ (net)
                  0.08    0.00    4.84 v _167_/A2 (sky130_fd_sc_hd__a32o_2)
     1    0.00    0.04    0.28    5.12 v _167_/X (sky130_fd_sc_hd__a32o_2)
                                         alu4.result (net)
                  0.04    0.00    5.12 v _223_/A (sky130_fd_sc_hd__buf_2)
     1    0.03    0.09    0.19    5.30 v _223_/X (sky130_fd_sc_hd__buf_2)
                                         result[4] (net)
                  0.09    0.00    5.30 v result[4] (out)
                                  5.30   data arrival time

                  0.00   10.00   10.00   clock __VIRTUAL_CLK__ (rise edge)
                          0.00   10.00   clock network delay (ideal)
                         -0.25    9.75   clock uncertainty
                          0.00    9.75   clock reconvergence pessimism
                         -2.00    7.75   output external delay
                                  7.75   data required time
-----------------------------------------------------------------------------
                                  7.75   data required time
                                 -5.30   data arrival time
-----------------------------------------------------------------------------
                                  2.45   slack (MET)


Startpoint: op[2] (input port clocked by __VIRTUAL_CLK__)
Endpoint: result[3] (output port clocked by __VIRTUAL_CLK__)
Path Group: __VIRTUAL_CLK__
Path Type: max

Fanout     Cap    Slew   Delay    Time   Description
-----------------------------------------------------------------------------
                  0.00    0.00    0.00   clock __VIRTUAL_CLK__ (rise edge)
                          0.00    0.00   clock network delay (ideal)
                          2.00    2.00 v input external delay
     6    0.01    0.04    0.03    2.03 v op[2] (in)
                                         op[2] (net)
                  0.04    0.00    2.03 v _113_/A (sky130_fd_sc_hd__or2_2)
     3    0.01    0.07    0.32    2.35 v _113_/X (sky130_fd_sc_hd__or2_2)
                                         _047_ (net)
                  0.07    0.00    2.35 v _114_/B (sky130_fd_sc_hd__or2_2)
     8    0.03    0.11    0.37    2.72 v _114_/X (sky130_fd_sc_hd__or2_2)
                                         _048_ (net)
                  0.11    0.00    2.72 v _115_/B2 (sky130_fd_sc_hd__o32a_2)
     3    0.02    0.09    0.26    2.98 v _115_/X (sky130_fd_sc_hd__o32a_2)
                                         _049_ (net)
                  0.09    0.00    2.98 v _116_/B (sky130_fd_sc_hd__xnor2_2)
     3    0.01    0.20    0.21    3.19 ^ _116_/Y (sky130_fd_sc_hd__xnor2_2)
                                         _050_ (net)
                  0.20    0.00    3.19 ^ _129_/A2 (sky130_fd_sc_hd__o21ai_2)
     4    0.01    0.07    0.11    3.30 v _129_/Y (sky130_fd_sc_hd__o21ai_2)
                                         _062_ (net)
                  0.07    0.00    3.30 v _145_/A2 (sky130_fd_sc_hd__a32o_2)
     1    0.00    0.04    0.28    3.58 v _145_/X (sky130_fd_sc_hd__a32o_2)
                                         _077_ (net)
                  0.04    0.00    3.58 v _146_/B1 (sky130_fd_sc_hd__o22a_2)
     3    0.02    0.08    0.26    3.84 v _146_/X (sky130_fd_sc_hd__o22a_2)
                                         _078_ (net)
                  0.08    0.00    3.84 v _147_/B (sky130_fd_sc_hd__xnor2_2)
     3    0.01    0.07    0.17    4.00 v _147_/Y (sky130_fd_sc_hd__xnor2_2)
                                         _079_ (net)
                  0.07    0.00    4.00 v _148_/B (sky130_fd_sc_hd__or2_2)
     1    0.00    0.05    0.29    4.29 v _148_/X (sky130_fd_sc_hd__or2_2)
                                         _080_ (net)
                  0.05    0.00    4.29 v _154_/A2 (sky130_fd_sc_hd__a32o_2)
     1    0.00    0.04    0.27    4.56 v _154_/X (sky130_fd_sc_hd__a32o_2)
                                         alu3.result (net)
                  0.04    0.00    4.56 v _222_/A (sky130_fd_sc_hd__buf_2)
     1    0.04    0.09    0.19    4.75 v _222_/X (sky130_fd_sc_hd__buf_2)
                                         result[3] (net)
                  0.09    0.00    4.75 v result[3] (out)
                                  4.75   data arrival time

                  0.00   10.00   10.00   clock __VIRTUAL_CLK__ (rise edge)
                          0.00   10.00   clock network delay (ideal)
                         -0.25    9.75   clock uncertainty
                          0.00    9.75   clock reconvergence pessimism
                         -2.00    7.75   output external delay
                                  7.75   data required time
-----------------------------------------------------------------------------
                                  7.75   data required time
                                 -4.75   data arrival time
-----------------------------------------------------------------------------
                                  3.00   slack (MET)


Startpoint: op[2] (input port clocked by __VIRTUAL_CLK__)
Endpoint: result[2] (output port clocked by __VIRTUAL_CLK__)
Path Group: __VIRTUAL_CLK__
Path Type: max

Fanout     Cap    Slew   Delay    Time   Description
-----------------------------------------------------------------------------
                  0.00    0.00    0.00   clock __VIRTUAL_CLK__ (rise edge)
                          0.00    0.00   clock network delay (ideal)
                          2.00    2.00 v input external delay
     6    0.01    0.04    0.03    2.03 v op[2] (in)
                                         op[2] (net)
                  0.04    0.00    2.03 v _113_/A (sky130_fd_sc_hd__or2_2)
     3    0.01    0.07    0.32    2.35 v _113_/X (sky130_fd_sc_hd__or2_2)
                                         _047_ (net)
                  0.07    0.00    2.35 v _114_/B (sky130_fd_sc_hd__or2_2)
     8    0.03    0.11    0.37    2.72 v _114_/X (sky130_fd_sc_hd__or2_2)
                                         _048_ (net)
                  0.11    0.00    2.72 v _115_/B2 (sky130_fd_sc_hd__o32a_2)
     3    0.02    0.09    0.26    2.98 v _115_/X (sky130_fd_sc_hd__o32a_2)
                                         _049_ (net)
                  0.09    0.00    2.98 v _116_/B (sky130_fd_sc_hd__xnor2_2)
     3    0.01    0.07    0.17    3.15 v _116_/Y (sky130_fd_sc_hd__xnor2_2)
                                         _050_ (net)
                  0.07    0.00    3.15 v _129_/A2 (sky130_fd_sc_hd__o21ai_2)
     4    0.01    0.19    0.20    3.35 ^ _129_/Y (sky130_fd_sc_hd__o21ai_2)
                                         _062_ (net)
                  0.19    0.00    3.35 ^ _136_/A2 (sky130_fd_sc_hd__a31o_2)
     1    0.00    0.05    0.20    3.55 ^ _136_/X (sky130_fd_sc_hd__a31o_2)
                                         _069_ (net)
                  0.05    0.00    3.55 ^ _137_/B (sky130_fd_sc_hd__nor2_2)
     1    0.00    0.03    0.03    3.58 v _137_/Y (sky130_fd_sc_hd__nor2_2)
                                         _070_ (net)
                  0.03    0.00    3.58 v _141_/B1 (sky130_fd_sc_hd__o2bb2a_2)
     1    0.00    0.04    0.25    3.83 v _141_/X (sky130_fd_sc_hd__o2bb2a_2)
                                         alu2.result (net)
                  0.04    0.00    3.83 v _221_/A (sky130_fd_sc_hd__buf_2)
     1    0.03    0.09    0.19    4.02 v _221_/X (sky130_fd_sc_hd__buf_2)
                                         result[2] (net)
                  0.09    0.00    4.02 v result[2] (out)
                                  4.02   data arrival time

                  0.00   10.00   10.00   clock __VIRTUAL_CLK__ (rise edge)
                          0.00   10.00   clock network delay (ideal)
                         -0.25    9.75   clock uncertainty
                          0.00    9.75   clock reconvergence pessimism
                         -2.00    7.75   output external delay
                                  7.75   data required time
-----------------------------------------------------------------------------
                                  7.75   data required time
                                 -4.02   data arrival time
-----------------------------------------------------------------------------
                                  3.73   slack (MET)


Startpoint: op[2] (input port clocked by __VIRTUAL_CLK__)
Endpoint: result[1] (output port clocked by __VIRTUAL_CLK__)
Path Group: __VIRTUAL_CLK__
Path Type: max

Fanout     Cap    Slew   Delay    Time   Description
-----------------------------------------------------------------------------
                  0.00    0.00    0.00   clock __VIRTUAL_CLK__ (rise edge)
                          0.00    0.00   clock network delay (ideal)
                          2.00    2.00 v input external delay
     6    0.01    0.04    0.03    2.03 v op[2] (in)
                                         op[2] (net)
                  0.04    0.00    2.03 v _113_/A (sky130_fd_sc_hd__or2_2)
     3    0.01    0.07    0.32    2.35 v _113_/X (sky130_fd_sc_hd__or2_2)
                                         _047_ (net)
                  0.07    0.00    2.35 v _114_/B (sky130_fd_sc_hd__or2_2)
     8    0.03    0.11    0.37    2.72 v _114_/X (sky130_fd_sc_hd__or2_2)
                                         _048_ (net)
                  0.11    0.00    2.72 v _115_/B2 (sky130_fd_sc_hd__o32a_2)
     3    0.02    0.09    0.26    2.98 v _115_/X (sky130_fd_sc_hd__o32a_2)
                                         _049_ (net)
                  0.09    0.00    2.98 v _116_/B (sky130_fd_sc_hd__xnor2_2)
     3    0.01    0.07    0.17    3.15 v _116_/Y (sky130_fd_sc_hd__xnor2_2)
                                         _050_ (net)
                  0.07    0.00    3.15 v _118_/B (sky130_fd_sc_hd__or2_2)
     1    0.00    0.05    0.29    3.44 v _118_/X (sky130_fd_sc_hd__or2_2)
                                         _052_ (net)
                  0.05    0.00    3.44 v _127_/A3 (sky130_fd_sc_hd__a32o_2)
     1    0.00    0.04    0.27    3.71 v _127_/X (sky130_fd_sc_hd__a32o_2)
                                         alu1.result (net)
                  0.04    0.00    3.71 v _220_/A (sky130_fd_sc_hd__buf_2)
     1    0.04    0.09    0.19    3.89 v _220_/X (sky130_fd_sc_hd__buf_2)
                                         result[1] (net)
                  0.09    0.00    3.89 v result[1] (out)
                                  3.89   data arrival time

                  0.00   10.00   10.00   clock __VIRTUAL_CLK__ (rise edge)
                          0.00   10.00   clock network delay (ideal)
                         -0.25    9.75   clock uncertainty
                          0.00    9.75   clock reconvergence pessimism
                         -2.00    7.75   output external delay
                                  7.75   data required time
-----------------------------------------------------------------------------
                                  7.75   data required time
                                 -3.89   data arrival time
-----------------------------------------------------------------------------
                                  3.86   slack (MET)


Startpoint: op[0] (input port clocked by __VIRTUAL_CLK__)
Endpoint: result[0] (output port clocked by __VIRTUAL_CLK__)
Path Group: __VIRTUAL_CLK__
Path Type: max

Fanout     Cap    Slew   Delay    Time   Description
-----------------------------------------------------------------------------
                  0.00    0.00    0.00   clock __VIRTUAL_CLK__ (rise edge)
                          0.00    0.00   clock network delay (ideal)
                          2.00    2.00 ^ input external delay
     2    0.01    0.05    0.03    2.03 ^ op[0] (in)
                                         op[0] (net)
                  0.05    0.00    2.03 ^ _112_/A (sky130_fd_sc_hd__buf_1)
    10    0.02    0.29    0.26    2.29 ^ _112_/X (sky130_fd_sc_hd__buf_1)
                                         _046_ (net)
                  0.29    0.00    2.29 ^ _123_/B (sky130_fd_sc_hd__or2_2)
     2    0.01    0.05    0.19    2.48 ^ _123_/X (sky130_fd_sc_hd__or2_2)
                                         _057_ (net)
                  0.05    0.00    2.48 ^ _124_/A (sky130_fd_sc_hd__inv_2)
     1    0.00    0.02    0.03    2.51 v _124_/Y (sky130_fd_sc_hd__inv_2)
                                         _058_ (net)
                  0.02    0.00    2.51 v _125_/A2 (sky130_fd_sc_hd__a22o_2)
     7    0.02    0.07    0.30    2.81 v _125_/X (sky130_fd_sc_hd__a22o_2)
                                         _059_ (net)
                  0.07    0.00    2.81 v _215_/B1 (sky130_fd_sc_hd__o21a_2)
     1    0.00    0.03    0.12    2.94 v _215_/X (sky130_fd_sc_hd__o21a_2)
                                         _036_ (net)
                  0.03    0.00    2.94 v _217_/A1 (sky130_fd_sc_hd__mux2_2)
     1    0.00    0.04    0.26    3.19 v _217_/X (sky130_fd_sc_hd__mux2_2)
                                         _038_ (net)
                  0.04    0.00    3.19 v _218_/B1_N (sky130_fd_sc_hd__o21bai_2)
     1    0.00    0.04    0.18    3.37 v _218_/Y (sky130_fd_sc_hd__o21bai_2)
                                         alu0.result (net)
                  0.04    0.00    3.37 v _219_/A (sky130_fd_sc_hd__buf_2)
     1    0.03    0.09    0.19    3.56 v _219_/X (sky130_fd_sc_hd__buf_2)
                                         result[0] (net)
                  0.09    0.00    3.56 v result[0] (out)
                                  3.56   data arrival time

                  0.00   10.00   10.00   clock __VIRTUAL_CLK__ (rise edge)
                          0.00   10.00   clock network delay (ideal)
                         -0.25    9.75   clock uncertainty
                          0.00    9.75   clock reconvergence pessimism
                         -2.00    7.75   output external delay
                                  7.75   data required time
-----------------------------------------------------------------------------
                                  7.75   data required time
                                 -3.56   data arrival time
-----------------------------------------------------------------------------
                                  4.19   slack (MET)



worst slack corner Typical: 0.2221
