
===========================================================================
report_checks -unconstrained
===========================================================================
======================= Fastest Corner ===================================

Startpoint: a[0] (input port clocked by __VIRTUAL_CLK__)
Endpoint: result[7] (output port clocked by __VIRTUAL_CLK__)
Path Group: __VIRTUAL_CLK__
Path Type: max
Corner: Fastest

Fanout     Cap    Slew   Delay    Time   Description
-----------------------------------------------------------------------------
                  0.00    0.00    0.00   clock __VIRTUAL_CLK__ (rise edge)
                          0.00    0.00   clock network delay (ideal)
                          2.00    2.00 ^ input external delay
     1    0.00    0.01    0.01    2.01 ^ a[0] (in)
                                         a[0] (net)
                  0.01    0.00    2.01 ^ input1/A (sky130_fd_sc_hd__buf_1)
     5    0.01    0.13    0.12    2.13 ^ input1/X (sky130_fd_sc_hd__buf_1)
                                         net1 (net)
                  0.13    0.00    2.13 ^ _107_/A (sky130_fd_sc_hd__or2_1)
     3    0.01    0.09    0.13    2.26 ^ _107_/X (sky130_fd_sc_hd__or2_1)
                                         _041_ (net)
                  0.09    0.00    2.26 ^ _108_/A2 (sky130_fd_sc_hd__a21oi_2)
     2    0.01    0.04    0.05    2.31 v _108_/Y (sky130_fd_sc_hd__a21oi_2)
                                         _042_ (net)
                  0.04    0.00    2.31 v _115_/A1 (sky130_fd_sc_hd__o32a_4)
     3    0.03    0.07    0.28    2.58 v _115_/X (sky130_fd_sc_hd__o32a_4)
                                         _049_ (net)
                  0.07    0.00    2.58 v _130_/A2 (sky130_fd_sc_hd__a21oi_2)
     1    0.01    0.08    0.12    2.70 ^ _130_/Y (sky130_fd_sc_hd__a21oi_2)
                                         _063_ (net)
                  0.08    0.00    2.70 ^ _131_/A (sky130_fd_sc_hd__nand2_2)
     4    0.01    0.05    0.05    2.76 v _131_/Y (sky130_fd_sc_hd__nand2_2)
                                         _064_ (net)
                  0.05    0.00    2.76 v _143_/A3 (sky130_fd_sc_hd__a31o_1)
     1    0.00    0.03    0.15    2.91 v _143_/X (sky130_fd_sc_hd__a31o_1)
                                         _075_ (net)
                  0.03    0.00    2.91 v _146_/A2 (sky130_fd_sc_hd__o22a_4)
     3    0.02    0.04    0.16    3.07 v _146_/X (sky130_fd_sc_hd__o22a_4)
                                         _078_ (net)
                  0.04    0.00    3.07 v _147_/B (sky130_fd_sc_hd__xnor2_2)
     2    0.01    0.11    0.11    3.18 ^ _147_/Y (sky130_fd_sc_hd__xnor2_2)
                                         _079_ (net)
                  0.11    0.00    3.18 ^ _156_/A2 (sky130_fd_sc_hd__o21ai_2)
     4    0.01    0.05    0.05    3.23 v _156_/Y (sky130_fd_sc_hd__o21ai_2)
                                         _087_ (net)
                  0.05    0.00    3.23 v _171_/A (sky130_fd_sc_hd__and3_1)
     1    0.00    0.03    0.10    3.33 v _171_/X (sky130_fd_sc_hd__and3_1)
                                         _101_ (net)
                  0.03    0.00    3.33 v _172_/B (sky130_fd_sc_hd__or3b_4)
     3    0.01    0.05    0.24    3.57 v _172_/X (sky130_fd_sc_hd__or3b_4)
                                         _102_ (net)
                  0.05    0.00    3.57 v _174_/A2 (sky130_fd_sc_hd__a21o_1)
     2    0.01    0.03    0.14    3.71 v _174_/X (sky130_fd_sc_hd__a21o_1)
                                         _104_ (net)
                  0.03    0.00    3.71 v _184_/A2 (sky130_fd_sc_hd__a211o_1)
     4    0.01    0.06    0.22    3.93 v _184_/X (sky130_fd_sc_hd__a211o_1)
                                         _008_ (net)
                  0.06    0.00    3.93 v _199_/B (sky130_fd_sc_hd__and3_1)
     1    0.00    0.03    0.12    4.05 v _199_/X (sky130_fd_sc_hd__and3_1)
                                         _022_ (net)
                  0.03    0.00    4.05 v _200_/B (sky130_fd_sc_hd__or3b_4)
     3    0.01    0.05    0.24    4.29 v _200_/X (sky130_fd_sc_hd__or3b_4)
                                         _023_ (net)
                  0.05    0.00    4.29 v _201_/A (sky130_fd_sc_hd__and3_1)
     3    0.01    0.04    0.12    4.41 v _201_/X (sky130_fd_sc_hd__and3_1)
                                         _024_ (net)
                  0.04    0.00    4.41 v _203_/C (sky130_fd_sc_hd__or3_4)
     2    0.01    0.05    0.21    4.62 v _203_/X (sky130_fd_sc_hd__or3_4)
                                         _026_ (net)
                  0.05    0.00    4.62 v _209_/A1 (sky130_fd_sc_hd__a31o_1)
     1    0.00    0.03    0.12    4.74 v _209_/X (sky130_fd_sc_hd__a31o_1)
                                         alu7.result (net)
                  0.03    0.00    4.74 v _226_/A (sky130_fd_sc_hd__clkbuf_1)
     1    0.01    0.03    0.07    4.81 v _226_/X (sky130_fd_sc_hd__clkbuf_1)
                                         net29 (net)
                  0.03    0.00    4.81 v output29/A (sky130_fd_sc_hd__buf_6)
     1    0.03    0.03    0.10    4.91 v output29/X (sky130_fd_sc_hd__buf_6)
                                         result[7] (net)
                  0.03    0.00    4.91 v result[7] (out)
                                  4.91   data arrival time

                  0.00   10.00   10.00   clock __VIRTUAL_CLK__ (rise edge)
                          0.00   10.00   clock network delay (ideal)
                         -0.25    9.75   clock uncertainty
                          0.00    9.75   clock reconvergence pessimism
                         -2.00    7.75   output external delay
                                  7.75   data required time
-----------------------------------------------------------------------------
                                  7.75   data required time
                                 -4.91   data arrival time
-----------------------------------------------------------------------------
                                  2.84   slack (MET)



======================= Slowest Corner ===================================

Startpoint: op[1] (input port clocked by __VIRTUAL_CLK__)
Endpoint: result[7] (output port clocked by __VIRTUAL_CLK__)
Path Group: __VIRTUAL_CLK__
Path Type: max
Corner: Slowest

Fanout     Cap    Slew   Delay    Time   Description
-----------------------------------------------------------------------------
                  0.00    0.00    0.00   clock __VIRTUAL_CLK__ (rise edge)
                          0.00    0.00   clock network delay (ideal)
                          2.00    2.00 v input external delay
     1    0.01    0.03    0.02    2.02 v op[1] (in)
                                         op[1] (net)
                  0.03    0.00    2.02 v input19/A (sky130_fd_sc_hd__buf_6)
     4    0.02    0.05    0.21    2.23 v input19/X (sky130_fd_sc_hd__buf_6)
                                         net19 (net)
                  0.05    0.00    2.23 v _113_/A (sky130_fd_sc_hd__or2_4)
     3    0.01    0.10    0.51    2.74 v _113_/X (sky130_fd_sc_hd__or2_4)
                                         _047_ (net)
                  0.10    0.00    2.74 v _114_/A (sky130_fd_sc_hd__or2_4)
     3    0.01    0.09    0.52    3.26 v _114_/X (sky130_fd_sc_hd__or2_4)
                                         _048_ (net)
                  0.09    0.00    3.26 v _115_/B2 (sky130_fd_sc_hd__o32a_4)
     3    0.03    0.19    0.49    3.75 v _115_/X (sky130_fd_sc_hd__o32a_4)
                                         _049_ (net)
                  0.19    0.00    3.75 v _130_/A2 (sky130_fd_sc_hd__a21oi_2)
     1    0.01    0.18    0.31    4.06 ^ _130_/Y (sky130_fd_sc_hd__a21oi_2)
                                         _063_ (net)
                  0.18    0.00    4.06 ^ _131_/A (sky130_fd_sc_hd__nand2_2)
     4    0.01    0.13    0.19    4.25 v _131_/Y (sky130_fd_sc_hd__nand2_2)
                                         _064_ (net)
                  0.13    0.00    4.25 v _145_/A3 (sky130_fd_sc_hd__a32o_1)
     1    0.00    0.09    0.53    4.78 v _145_/X (sky130_fd_sc_hd__a32o_1)
                                         _077_ (net)
                  0.09    0.00    4.78 v _146_/B2 (sky130_fd_sc_hd__o22a_4)
     3    0.02    0.12    0.44    5.22 v _146_/X (sky130_fd_sc_hd__o22a_4)
                                         _078_ (net)
                  0.12    0.00    5.22 v _157_/A1 (sky130_fd_sc_hd__a21oi_2)
     1    0.01    0.18    0.26    5.47 ^ _157_/Y (sky130_fd_sc_hd__a21oi_2)
                                         _088_ (net)
                  0.18    0.00    5.47 ^ _158_/A (sky130_fd_sc_hd__nand2_2)
     3    0.01    0.09    0.15    5.62 v _158_/Y (sky130_fd_sc_hd__nand2_2)
                                         _089_ (net)
                  0.09    0.00    5.62 v rebuffer1/A (sky130_fd_sc_hd__dlymetal6s2s_1)
     2    0.00    0.09    0.32    5.94 v rebuffer1/X (sky130_fd_sc_hd__dlymetal6s2s_1)
                                         net30 (net)
                  0.09    0.00    5.94 v _159_/A (sky130_fd_sc_hd__and3_1)
     2    0.00    0.09    0.33    6.27 v _159_/X (sky130_fd_sc_hd__and3_1)
                                         _090_ (net)
                  0.09    0.00    6.27 v _170_/C1 (sky130_fd_sc_hd__a211o_1)
     3    0.01    0.14    0.53    6.80 v _170_/X (sky130_fd_sc_hd__a211o_1)
                                         _100_ (net)
                  0.14    0.00    6.80 v _185_/B (sky130_fd_sc_hd__and3_1)
     1    0.00    0.08    0.39    7.19 v _185_/X (sky130_fd_sc_hd__and3_1)
                                         _009_ (net)
                  0.08    0.00    7.19 v _186_/B (sky130_fd_sc_hd__or3b_4)
     4    0.01    0.14    0.80    7.99 v _186_/X (sky130_fd_sc_hd__or3b_4)
                                         _010_ (net)
                  0.14    0.00    7.99 v _199_/A (sky130_fd_sc_hd__and3_1)
     1    0.00    0.07    0.34    8.34 v _199_/X (sky130_fd_sc_hd__and3_1)
                                         _022_ (net)
                  0.07    0.00    8.34 v _200_/B (sky130_fd_sc_hd__or3b_4)
     3    0.01    0.13    0.77    9.11 v _200_/X (sky130_fd_sc_hd__or3b_4)
                                         _023_ (net)
                  0.13    0.00    9.11 v _201_/A (sky130_fd_sc_hd__and3_1)
     3    0.01    0.12    0.39    9.50 v _201_/X (sky130_fd_sc_hd__and3_1)
                                         _024_ (net)
                  0.12    0.00    9.50 v _203_/C (sky130_fd_sc_hd__or3_4)
     2    0.01    0.13    0.71   10.21 v _203_/X (sky130_fd_sc_hd__or3_4)
                                         _026_ (net)
                  0.13    0.00   10.21 v _209_/A1 (sky130_fd_sc_hd__a31o_1)
     1    0.00    0.07    0.36   10.57 v _209_/X (sky130_fd_sc_hd__a31o_1)
                                         alu7.result (net)
                  0.07    0.00   10.57 v _226_/A (sky130_fd_sc_hd__clkbuf_1)
     1    0.01    0.09    0.20   10.78 v _226_/X (sky130_fd_sc_hd__clkbuf_1)
                                         net29 (net)
                  0.09    0.00   10.78 v output29/A (sky130_fd_sc_hd__buf_6)
     1    0.03    0.08    0.27   11.05 v output29/X (sky130_fd_sc_hd__buf_6)
                                         result[7] (net)
                  0.08    0.00   11.05 v result[7] (out)
                                 11.05   data arrival time

                  0.00   10.00   10.00   clock __VIRTUAL_CLK__ (rise edge)
                          0.00   10.00   clock network delay (ideal)
                         -0.25    9.75   clock uncertainty
                          0.00    9.75   clock reconvergence pessimism
                         -2.00    7.75   output external delay
                                  7.75   data required time
-----------------------------------------------------------------------------
                                  7.75   data required time
                                -11.05   data arrival time
-----------------------------------------------------------------------------
                                 -3.30   slack (VIOLATED)



======================= Typical Corner ===================================

Startpoint: a[0] (input port clocked by __VIRTUAL_CLK__)
Endpoint: result[7] (output port clocked by __VIRTUAL_CLK__)
Path Group: __VIRTUAL_CLK__
Path Type: max
Corner: Typical

Fanout     Cap    Slew   Delay    Time   Description
-----------------------------------------------------------------------------
                  0.00    0.00    0.00   clock __VIRTUAL_CLK__ (rise edge)
                          0.00    0.00   clock network delay (ideal)
                          2.00    2.00 ^ input external delay
     1    0.00    0.02    0.01    2.01 ^ a[0] (in)
                                         a[0] (net)
                  0.02    0.00    2.01 ^ input1/A (sky130_fd_sc_hd__buf_1)
     5    0.01    0.17    0.17    2.18 ^ input1/X (sky130_fd_sc_hd__buf_1)
                                         net1 (net)
                  0.17    0.00    2.18 ^ _107_/A (sky130_fd_sc_hd__or2_1)
     3    0.01    0.12    0.20    2.38 ^ _107_/X (sky130_fd_sc_hd__or2_1)
                                         _041_ (net)
                  0.12    0.00    2.38 ^ _108_/A2 (sky130_fd_sc_hd__a21oi_2)
     2    0.01    0.06    0.08    2.46 v _108_/Y (sky130_fd_sc_hd__a21oi_2)
                                         _042_ (net)
                  0.06    0.00    2.46 v _115_/A1 (sky130_fd_sc_hd__o32a_4)
     3    0.03    0.09    0.46    2.92 v _115_/X (sky130_fd_sc_hd__o32a_4)
                                         _049_ (net)
                  0.09    0.00    2.92 v _130_/A2 (sky130_fd_sc_hd__a21oi_2)
     1    0.01    0.11    0.17    3.09 ^ _130_/Y (sky130_fd_sc_hd__a21oi_2)
                                         _063_ (net)
                  0.11    0.00    3.09 ^ _131_/A (sky130_fd_sc_hd__nand2_2)
     4    0.01    0.07    0.09    3.18 v _131_/Y (sky130_fd_sc_hd__nand2_2)
                                         _064_ (net)
                  0.07    0.00    3.18 v _145_/A3 (sky130_fd_sc_hd__a32o_1)
     1    0.00    0.05    0.28    3.46 v _145_/X (sky130_fd_sc_hd__a32o_1)
                                         _077_ (net)
                  0.05    0.00    3.46 v _146_/B2 (sky130_fd_sc_hd__o22a_4)
     3    0.02    0.06    0.22    3.69 v _146_/X (sky130_fd_sc_hd__o22a_4)
                                         _078_ (net)
                  0.06    0.00    3.69 v _157_/A1 (sky130_fd_sc_hd__a21oi_2)
     1    0.01    0.11    0.15    3.83 ^ _157_/Y (sky130_fd_sc_hd__a21oi_2)
                                         _088_ (net)
                  0.11    0.00    3.83 ^ _158_/A (sky130_fd_sc_hd__nand2_2)
     3    0.01    0.05    0.07    3.90 v _158_/Y (sky130_fd_sc_hd__nand2_2)
                                         _089_ (net)
                  0.05    0.00    3.90 v rebuffer1/A (sky130_fd_sc_hd__dlymetal6s2s_1)
     2    0.00    0.05    0.15    4.05 v rebuffer1/X (sky130_fd_sc_hd__dlymetal6s2s_1)
                                         net30 (net)
                  0.05    0.00    4.05 v _159_/A (sky130_fd_sc_hd__and3_1)
     2    0.00    0.04    0.16    4.21 v _159_/X (sky130_fd_sc_hd__and3_1)
                                         _090_ (net)
                  0.04    0.00    4.21 v _170_/C1 (sky130_fd_sc_hd__a211o_1)
     3    0.01    0.08    0.27    4.48 v _170_/X (sky130_fd_sc_hd__a211o_1)
                                         _100_ (net)
                  0.08    0.00    4.48 v _185_/B (sky130_fd_sc_hd__and3_1)
     1    0.00    0.04    0.19    4.67 v _185_/X (sky130_fd_sc_hd__and3_1)
                                         _009_ (net)
                  0.04    0.00    4.67 v _186_/B (sky130_fd_sc_hd__or3b_4)
     4    0.01    0.08    0.41    5.07 v _186_/X (sky130_fd_sc_hd__or3b_4)
                                         _010_ (net)
                  0.08    0.00    5.07 v _199_/A (sky130_fd_sc_hd__and3_1)
     1    0.00    0.04    0.16    5.24 v _199_/X (sky130_fd_sc_hd__and3_1)
                                         _022_ (net)
                  0.04    0.00    5.24 v _200_/B (sky130_fd_sc_hd__or3b_4)
     3    0.01    0.07    0.39    5.63 v _200_/X (sky130_fd_sc_hd__or3b_4)
                                         _023_ (net)
                  0.07    0.00    5.63 v _201_/A (sky130_fd_sc_hd__and3_1)
     3    0.01    0.06    0.19    5.82 v _201_/X (sky130_fd_sc_hd__and3_1)
                                         _024_ (net)
                  0.06    0.00    5.82 v _203_/C (sky130_fd_sc_hd__or3_4)
     2    0.01    0.07    0.35    6.17 v _203_/X (sky130_fd_sc_hd__or3_4)
                                         _026_ (net)
                  0.07    0.00    6.17 v _209_/A1 (sky130_fd_sc_hd__a31o_1)
     1    0.00    0.04    0.19    6.36 v _209_/X (sky130_fd_sc_hd__a31o_1)
                                         alu7.result (net)
                  0.04    0.00    6.36 v _226_/A (sky130_fd_sc_hd__clkbuf_1)
     1    0.01    0.05    0.11    6.46 v _226_/X (sky130_fd_sc_hd__clkbuf_1)
                                         net29 (net)
                  0.05    0.00    6.46 v output29/A (sky130_fd_sc_hd__buf_6)
     1    0.03    0.04    0.14    6.61 v output29/X (sky130_fd_sc_hd__buf_6)
                                         result[7] (net)
                  0.04    0.00    6.61 v result[7] (out)
                                  6.61   data arrival time

                  0.00   10.00   10.00   clock __VIRTUAL_CLK__ (rise edge)
                          0.00   10.00   clock network delay (ideal)
                         -0.25    9.75   clock uncertainty
                          0.00    9.75   clock reconvergence pessimism
                         -2.00    7.75   output external delay
                                  7.75   data required time
-----------------------------------------------------------------------------
                                  7.75   data required time
                                 -6.61   data arrival time
-----------------------------------------------------------------------------
                                  1.14   slack (MET)




===========================================================================
report_checks --slack_max -0.01
============================================================================
======================= Fastest Corner ===================================

No paths found.

======================= Slowest Corner ===================================

Startpoint: op[1] (input port clocked by __VIRTUAL_CLK__)
Endpoint: result[7] (output port clocked by __VIRTUAL_CLK__)
Path Group: __VIRTUAL_CLK__
Path Type: max
Corner: Slowest

Fanout     Cap    Slew   Delay    Time   Description
-----------------------------------------------------------------------------
                  0.00    0.00    0.00   clock __VIRTUAL_CLK__ (rise edge)
                          0.00    0.00   clock network delay (ideal)
                          2.00    2.00 v input external delay
     1    0.01    0.03    0.02    2.02 v op[1] (in)
                                         op[1] (net)
                  0.03    0.00    2.02 v input19/A (sky130_fd_sc_hd__buf_6)
     4    0.02    0.05    0.21    2.23 v input19/X (sky130_fd_sc_hd__buf_6)
                                         net19 (net)
                  0.05    0.00    2.23 v _113_/A (sky130_fd_sc_hd__or2_4)
     3    0.01    0.10    0.51    2.74 v _113_/X (sky130_fd_sc_hd__or2_4)
                                         _047_ (net)
                  0.10    0.00    2.74 v _114_/A (sky130_fd_sc_hd__or2_4)
     3    0.01    0.09    0.52    3.26 v _114_/X (sky130_fd_sc_hd__or2_4)
                                         _048_ (net)
                  0.09    0.00    3.26 v _115_/B2 (sky130_fd_sc_hd__o32a_4)
     3    0.03    0.19    0.49    3.75 v _115_/X (sky130_fd_sc_hd__o32a_4)
                                         _049_ (net)
                  0.19    0.00    3.75 v _130_/A2 (sky130_fd_sc_hd__a21oi_2)
     1    0.01    0.18    0.31    4.06 ^ _130_/Y (sky130_fd_sc_hd__a21oi_2)
                                         _063_ (net)
                  0.18    0.00    4.06 ^ _131_/A (sky130_fd_sc_hd__nand2_2)
     4    0.01    0.13    0.19    4.25 v _131_/Y (sky130_fd_sc_hd__nand2_2)
                                         _064_ (net)
                  0.13    0.00    4.25 v _145_/A3 (sky130_fd_sc_hd__a32o_1)
     1    0.00    0.09    0.53    4.78 v _145_/X (sky130_fd_sc_hd__a32o_1)
                                         _077_ (net)
                  0.09    0.00    4.78 v _146_/B2 (sky130_fd_sc_hd__o22a_4)
     3    0.02    0.12    0.44    5.22 v _146_/X (sky130_fd_sc_hd__o22a_4)
                                         _078_ (net)
                  0.12    0.00    5.22 v _157_/A1 (sky130_fd_sc_hd__a21oi_2)
     1    0.01    0.18    0.26    5.47 ^ _157_/Y (sky130_fd_sc_hd__a21oi_2)
                                         _088_ (net)
                  0.18    0.00    5.47 ^ _158_/A (sky130_fd_sc_hd__nand2_2)
     3    0.01    0.09    0.15    5.62 v _158_/Y (sky130_fd_sc_hd__nand2_2)
                                         _089_ (net)
                  0.09    0.00    5.62 v rebuffer1/A (sky130_fd_sc_hd__dlymetal6s2s_1)
     2    0.00    0.09    0.32    5.94 v rebuffer1/X (sky130_fd_sc_hd__dlymetal6s2s_1)
                                         net30 (net)
                  0.09    0.00    5.94 v _159_/A (sky130_fd_sc_hd__and3_1)
     2    0.00    0.09    0.33    6.27 v _159_/X (sky130_fd_sc_hd__and3_1)
                                         _090_ (net)
                  0.09    0.00    6.27 v _170_/C1 (sky130_fd_sc_hd__a211o_1)
     3    0.01    0.14    0.53    6.80 v _170_/X (sky130_fd_sc_hd__a211o_1)
                                         _100_ (net)
                  0.14    0.00    6.80 v _185_/B (sky130_fd_sc_hd__and3_1)
     1    0.00    0.08    0.39    7.19 v _185_/X (sky130_fd_sc_hd__and3_1)
                                         _009_ (net)
                  0.08    0.00    7.19 v _186_/B (sky130_fd_sc_hd__or3b_4)
     4    0.01    0.14    0.80    7.99 v _186_/X (sky130_fd_sc_hd__or3b_4)
                                         _010_ (net)
                  0.14    0.00    7.99 v _199_/A (sky130_fd_sc_hd__and3_1)
     1    0.00    0.07    0.34    8.34 v _199_/X (sky130_fd_sc_hd__and3_1)
                                         _022_ (net)
                  0.07    0.00    8.34 v _200_/B (sky130_fd_sc_hd__or3b_4)
     3    0.01    0.13    0.77    9.11 v _200_/X (sky130_fd_sc_hd__or3b_4)
                                         _023_ (net)
                  0.13    0.00    9.11 v _201_/A (sky130_fd_sc_hd__and3_1)
     3    0.01    0.12    0.39    9.50 v _201_/X (sky130_fd_sc_hd__and3_1)
                                         _024_ (net)
                  0.12    0.00    9.50 v _203_/C (sky130_fd_sc_hd__or3_4)
     2    0.01    0.13    0.71   10.21 v _203_/X (sky130_fd_sc_hd__or3_4)
                                         _026_ (net)
                  0.13    0.00   10.21 v _209_/A1 (sky130_fd_sc_hd__a31o_1)
     1    0.00    0.07    0.36   10.57 v _209_/X (sky130_fd_sc_hd__a31o_1)
                                         alu7.result (net)
                  0.07    0.00   10.57 v _226_/A (sky130_fd_sc_hd__clkbuf_1)
     1    0.01    0.09    0.20   10.78 v _226_/X (sky130_fd_sc_hd__clkbuf_1)
                                         net29 (net)
                  0.09    0.00   10.78 v output29/A (sky130_fd_sc_hd__buf_6)
     1    0.03    0.08    0.27   11.05 v output29/X (sky130_fd_sc_hd__buf_6)
                                         result[7] (net)
                  0.08    0.00   11.05 v result[7] (out)
                                 11.05   data arrival time

                  0.00   10.00   10.00   clock __VIRTUAL_CLK__ (rise edge)
                          0.00   10.00   clock network delay (ideal)
                         -0.25    9.75   clock uncertainty
                          0.00    9.75   clock reconvergence pessimism
                         -2.00    7.75   output external delay
                                  7.75   data required time
-----------------------------------------------------------------------------
                                  7.75   data required time
                                -11.05   data arrival time
-----------------------------------------------------------------------------
                                 -3.30   slack (VIOLATED)



======================= Typical Corner ===================================

No paths found.


===========================================================================
 report_check_types -max_slew -max_cap -max_fanout -violators
============================================================================
======================= Fastest Corner ===================================


max slew violations count Fastest: 0
max fanout violations count Fastest: 0
max cap violations count Fastest: 0
======================= Slowest Corner ===================================


max slew violations count Slowest: 0
max fanout violations count Slowest: 0
max cap violations count Slowest: 0
======================= Typical Corner ===================================


max slew violations count Typical: 0
max fanout violations count Typical: 0
max cap violations count Typical: 0

===========================================================================
report_parasitic_annotation -report_unannotated
============================================================================
Found 0 unannotated drivers.
Found 0 partially unannotated drivers.

===========================================================================
max slew violation count 0
max fanout violation count 0
max cap violation count 0
============================================================================

===========================================================================
check_setup -verbose -unconstrained_endpoints -multiple_clock -no_clock -no_input_delay -loops -generated_clocks
===========================================================================
