
===========================================================================
report_checks -path_delay min (Hold)
============================================================================
======================= Typical Corner ===================================

Startpoint: b[7] (input port clocked by __VIRTUAL_CLK__)
Endpoint: cout (output port clocked by __VIRTUAL_CLK__)
Path Group: __VIRTUAL_CLK__
Path Type: min

Fanout     Cap    Slew   Delay    Time   Description
-----------------------------------------------------------------------------
                  0.00    0.00    0.00   clock __VIRTUAL_CLK__ (rise edge)
                          0.00    0.00   clock network delay (ideal)
                          2.00    2.00 ^ input external delay
     1    0.00    0.02    0.01    2.01 ^ b[7] (in)
                                         b[7] (net)
                  0.02    0.00    2.01 ^ input16/A (sky130_fd_sc_hd__buf_1)
     4    0.01    0.14    0.13    2.15 ^ input16/X (sky130_fd_sc_hd__buf_1)
                                         net16 (net)
                  0.14    0.00    2.15 ^ _203_/A (sky130_fd_sc_hd__or3_4)
     2    0.01    0.04    0.14    2.29 ^ _203_/X (sky130_fd_sc_hd__or3_4)
                                         _026_ (net)
                  0.04    0.00    2.29 ^ _213_/A1 (sky130_fd_sc_hd__a21bo_1)
     1    0.01    0.06    0.11    2.40 ^ _213_/X (sky130_fd_sc_hd__a21bo_1)
                                         net21 (net)
                  0.06    0.00    2.40 ^ output21/A (sky130_fd_sc_hd__buf_6)
     1    0.03    0.08    0.13    2.53 ^ output21/X (sky130_fd_sc_hd__buf_6)
                                         cout (net)
                  0.08    0.00    2.53 ^ cout (out)
                                  2.53   data arrival time

                  0.00    0.00    0.00   clock __VIRTUAL_CLK__ (rise edge)
                          0.00    0.00   clock network delay (ideal)
                          0.25    0.25   clock uncertainty
                          0.00    0.25   clock reconvergence pessimism
                         -2.00   -1.75   output external delay
                                 -1.75   data required time
-----------------------------------------------------------------------------
                                 -1.75   data required time
                                 -2.53   data arrival time
-----------------------------------------------------------------------------
                                  4.28   slack (MET)


Startpoint: b[7] (input port clocked by __VIRTUAL_CLK__)
Endpoint: result[7] (output port clocked by __VIRTUAL_CLK__)
Path Group: __VIRTUAL_CLK__
Path Type: min

Fanout     Cap    Slew   Delay    Time   Description
-----------------------------------------------------------------------------
                  0.00    0.00    0.00   clock __VIRTUAL_CLK__ (rise edge)
                          0.00    0.00   clock network delay (ideal)
                          2.00    2.00 v input external delay
     1    0.00    0.01    0.01    2.01 v b[7] (in)
                                         b[7] (net)
                  0.01    0.00    2.01 v input16/A (sky130_fd_sc_hd__buf_1)
     4    0.01    0.07    0.10    2.11 v input16/X (sky130_fd_sc_hd__buf_1)
                                         net16 (net)
                  0.07    0.00    2.11 v _204_/B1 (sky130_fd_sc_hd__o21ai_1)
     1    0.00    0.09    0.08    2.19 ^ _204_/Y (sky130_fd_sc_hd__o21ai_1)
                                         _027_ (net)
                  0.09    0.00    2.19 ^ _209_/A3 (sky130_fd_sc_hd__a31o_1)
     1    0.00    0.04    0.13    2.33 ^ _209_/X (sky130_fd_sc_hd__a31o_1)
                                         alu7.result (net)
                  0.04    0.00    2.33 ^ _226_/A (sky130_fd_sc_hd__clkbuf_1)
     1    0.01    0.07    0.09    2.42 ^ _226_/X (sky130_fd_sc_hd__clkbuf_1)
                                         net29 (net)
                  0.07    0.00    2.42 ^ output29/A (sky130_fd_sc_hd__buf_6)
     1    0.03    0.08    0.13    2.54 ^ output29/X (sky130_fd_sc_hd__buf_6)
                                         result[7] (net)
                  0.08    0.00    2.55 ^ result[7] (out)
                                  2.55   data arrival time

                  0.00    0.00    0.00   clock __VIRTUAL_CLK__ (rise edge)
                          0.00    0.00   clock network delay (ideal)
                          0.25    0.25   clock uncertainty
                          0.00    0.25   clock reconvergence pessimism
                         -2.00   -1.75   output external delay
                                 -1.75   data required time
-----------------------------------------------------------------------------
                                 -1.75   data required time
                                 -2.55   data arrival time
-----------------------------------------------------------------------------
                                  4.30   slack (MET)


Startpoint: op[2] (input port clocked by __VIRTUAL_CLK__)
Endpoint: result[2] (output port clocked by __VIRTUAL_CLK__)
Path Group: __VIRTUAL_CLK__
Path Type: min

Fanout     Cap    Slew   Delay    Time   Description
-----------------------------------------------------------------------------
                  0.00    0.00    0.00   clock __VIRTUAL_CLK__ (rise edge)
                          0.00    0.00   clock network delay (ideal)
                          2.00    2.00 ^ input external delay
     1    0.01    0.03    0.02    2.02 ^ op[2] (in)
                                         op[2] (net)
                  0.03    0.00    2.02 ^ input20/A (sky130_fd_sc_hd__buf_6)
     6    0.02    0.06    0.10    2.12 ^ input20/X (sky130_fd_sc_hd__buf_6)
                                         net20 (net)
                  0.06    0.00    2.12 ^ _141_/A1_N (sky130_fd_sc_hd__o2bb2a_1)
     1    0.00    0.04    0.20    2.32 v _141_/X (sky130_fd_sc_hd__o2bb2a_1)
                                         alu2.result (net)
                  0.04    0.00    2.32 v _221_/A (sky130_fd_sc_hd__clkbuf_1)
     1    0.00    0.03    0.09    2.40 v _221_/X (sky130_fd_sc_hd__clkbuf_1)
                                         net24 (net)
                  0.03    0.00    2.40 v output24/A (sky130_fd_sc_hd__buf_2)
     1    0.04    0.09    0.17    2.57 v output24/X (sky130_fd_sc_hd__buf_2)
                                         result[2] (net)
                  0.09    0.00    2.57 v result[2] (out)
                                  2.57   data arrival time

                  0.00    0.00    0.00   clock __VIRTUAL_CLK__ (rise edge)
                          0.00    0.00   clock network delay (ideal)
                          0.25    0.25   clock uncertainty
                          0.00    0.25   clock reconvergence pessimism
                         -2.00   -1.75   output external delay
                                 -1.75   data required time
-----------------------------------------------------------------------------
                                 -1.75   data required time
                                 -2.57   data arrival time
-----------------------------------------------------------------------------
                                  4.32   slack (MET)


Startpoint: op[2] (input port clocked by __VIRTUAL_CLK__)
Endpoint: result[4] (output port clocked by __VIRTUAL_CLK__)
Path Group: __VIRTUAL_CLK__
Path Type: min

Fanout     Cap    Slew   Delay    Time   Description
-----------------------------------------------------------------------------
                  0.00    0.00    0.00   clock __VIRTUAL_CLK__ (rise edge)
                          0.00    0.00   clock network delay (ideal)
                          2.00    2.00 ^ input external delay
     1    0.01    0.03    0.02    2.02 ^ op[2] (in)
                                         op[2] (net)
                  0.03    0.00    2.02 ^ input20/A (sky130_fd_sc_hd__buf_6)
     6    0.02    0.06    0.10    2.12 ^ input20/X (sky130_fd_sc_hd__buf_6)
                                         net20 (net)
                  0.06    0.00    2.12 ^ _105_/A (sky130_fd_sc_hd__nor2_4)
     7    0.02    0.03    0.05    2.17 v _105_/Y (sky130_fd_sc_hd__nor2_4)
                                         _039_ (net)
                  0.03    0.00    2.17 v _167_/A1 (sky130_fd_sc_hd__a32o_1)
     1    0.00    0.04    0.20    2.37 v _167_/X (sky130_fd_sc_hd__a32o_1)
                                         alu4.result (net)
                  0.04    0.00    2.37 v _223_/A (sky130_fd_sc_hd__clkbuf_1)
     1    0.00    0.02    0.08    2.44 v _223_/X (sky130_fd_sc_hd__clkbuf_1)
                                         net26 (net)
                  0.02    0.00    2.44 v output26/A (sky130_fd_sc_hd__buf_2)
     1    0.03    0.09    0.16    2.61 v output26/X (sky130_fd_sc_hd__buf_2)
                                         result[4] (net)
                  0.09    0.00    2.61 v result[4] (out)
                                  2.61   data arrival time

                  0.00    0.00    0.00   clock __VIRTUAL_CLK__ (rise edge)
                          0.00    0.00   clock network delay (ideal)
                          0.25    0.25   clock uncertainty
                          0.00    0.25   clock reconvergence pessimism
                         -2.00   -1.75   output external delay
                                 -1.75   data required time
-----------------------------------------------------------------------------
                                 -1.75   data required time
                                 -2.61   data arrival time
-----------------------------------------------------------------------------
                                  4.36   slack (MET)


Startpoint: b[5] (input port clocked by __VIRTUAL_CLK__)
Endpoint: result[5] (output port clocked by __VIRTUAL_CLK__)
Path Group: __VIRTUAL_CLK__
Path Type: min

Fanout     Cap    Slew   Delay    Time   Description
-----------------------------------------------------------------------------
                  0.00    0.00    0.00   clock __VIRTUAL_CLK__ (rise edge)
                          0.00    0.00   clock network delay (ideal)
                          2.00    2.00 v input external delay
     1    0.00    0.01    0.01    2.01 v b[5] (in)
                                         b[5] (net)
                  0.01    0.00    2.01 v input14/A (sky130_fd_sc_hd__buf_1)
     5    0.01    0.09    0.12    2.12 v input14/X (sky130_fd_sc_hd__buf_1)
                                         net14 (net)
                  0.09    0.00    2.12 v _177_/A (sky130_fd_sc_hd__nand2_1)
     1    0.00    0.05    0.07    2.20 ^ _177_/Y (sky130_fd_sc_hd__nand2_1)
                                         _002_ (net)
                  0.05    0.00    2.20 ^ _182_/A3 (sky130_fd_sc_hd__a32o_1)
     1    0.00    0.05    0.15    2.34 ^ _182_/X (sky130_fd_sc_hd__a32o_1)
                                         alu5.result (net)
                  0.05    0.00    2.34 ^ _224_/A (sky130_fd_sc_hd__clkbuf_1)
     1    0.00    0.05    0.08    2.42 ^ _224_/X (sky130_fd_sc_hd__clkbuf_1)
                                         net27 (net)
                  0.05    0.00    2.42 ^ output27/A (sky130_fd_sc_hd__buf_2)
     1    0.03    0.17    0.19    2.61 ^ output27/X (sky130_fd_sc_hd__buf_2)
                                         result[5] (net)
                  0.17    0.00    2.61 ^ result[5] (out)
                                  2.61   data arrival time

                  0.00    0.00    0.00   clock __VIRTUAL_CLK__ (rise edge)
                          0.00    0.00   clock network delay (ideal)
                          0.25    0.25   clock uncertainty
                          0.00    0.25   clock reconvergence pessimism
                         -2.00   -1.75   output external delay
                                 -1.75   data required time
-----------------------------------------------------------------------------
                                 -1.75   data required time
                                 -2.61   data arrival time
-----------------------------------------------------------------------------
                                  4.36   slack (MET)


Startpoint: op[2] (input port clocked by __VIRTUAL_CLK__)
Endpoint: result[1] (output port clocked by __VIRTUAL_CLK__)
Path Group: __VIRTUAL_CLK__
Path Type: min

Fanout     Cap    Slew   Delay    Time   Description
-----------------------------------------------------------------------------
                  0.00    0.00    0.00   clock __VIRTUAL_CLK__ (rise edge)
                          0.00    0.00   clock network delay (ideal)
                          2.00    2.00 ^ input external delay
     1    0.01    0.03    0.02    2.02 ^ op[2] (in)
                                         op[2] (net)
                  0.03    0.00    2.02 ^ input20/A (sky130_fd_sc_hd__buf_6)
     6    0.02    0.06    0.10    2.12 ^ input20/X (sky130_fd_sc_hd__buf_6)
                                         net20 (net)
                  0.06    0.00    2.12 ^ _105_/A (sky130_fd_sc_hd__nor2_4)
     7    0.02    0.03    0.05    2.17 v _105_/Y (sky130_fd_sc_hd__nor2_4)
                                         _039_ (net)
                  0.03    0.00    2.17 v _127_/A1 (sky130_fd_sc_hd__a32o_1)
     1    0.00    0.04    0.20    2.37 v _127_/X (sky130_fd_sc_hd__a32o_1)
                                         alu1.result (net)
                  0.04    0.00    2.37 v _220_/A (sky130_fd_sc_hd__clkbuf_1)
     1    0.00    0.02    0.08    2.45 v _220_/X (sky130_fd_sc_hd__clkbuf_1)
                                         net23 (net)
                  0.02    0.00    2.45 v output23/A (sky130_fd_sc_hd__buf_2)
     1    0.03    0.09    0.16    2.61 v output23/X (sky130_fd_sc_hd__buf_2)
                                         result[1] (net)
                  0.09    0.00    2.61 v result[1] (out)
                                  2.61   data arrival time

                  0.00    0.00    0.00   clock __VIRTUAL_CLK__ (rise edge)
                          0.00    0.00   clock network delay (ideal)
                          0.25    0.25   clock uncertainty
                          0.00    0.25   clock reconvergence pessimism
                         -2.00   -1.75   output external delay
                                 -1.75   data required time
-----------------------------------------------------------------------------
                                 -1.75   data required time
                                 -2.61   data arrival time
-----------------------------------------------------------------------------
                                  4.36   slack (MET)


Startpoint: b[3] (input port clocked by __VIRTUAL_CLK__)
Endpoint: result[3] (output port clocked by __VIRTUAL_CLK__)
Path Group: __VIRTUAL_CLK__
Path Type: min

Fanout     Cap    Slew   Delay    Time   Description
-----------------------------------------------------------------------------
                  0.00    0.00    0.00   clock __VIRTUAL_CLK__ (rise edge)
                          0.00    0.00   clock network delay (ideal)
                          2.00    2.00 v input external delay
     1    0.00    0.01    0.01    2.01 v b[3] (in)
                                         b[3] (net)
                  0.01    0.00    2.01 v input12/A (sky130_fd_sc_hd__buf_1)
     5    0.02    0.10    0.12    2.13 v input12/X (sky130_fd_sc_hd__buf_1)
                                         net12 (net)
                  0.10    0.00    2.13 v _149_/A (sky130_fd_sc_hd__nand2_1)
     1    0.00    0.04    0.07    2.20 ^ _149_/Y (sky130_fd_sc_hd__nand2_1)
                                         _081_ (net)
                  0.04    0.00    2.20 ^ _154_/A3 (sky130_fd_sc_hd__a32o_1)
     1    0.00    0.05    0.15    2.35 ^ _154_/X (sky130_fd_sc_hd__a32o_1)
                                         alu3.result (net)
                  0.05    0.00    2.35 ^ _222_/A (sky130_fd_sc_hd__clkbuf_1)
     1    0.00    0.05    0.08    2.43 ^ _222_/X (sky130_fd_sc_hd__clkbuf_1)
                                         net25 (net)
                  0.05    0.00    2.43 ^ output25/A (sky130_fd_sc_hd__clkbuf_4)
     1    0.03    0.11    0.18    2.61 ^ output25/X (sky130_fd_sc_hd__clkbuf_4)
                                         result[3] (net)
                  0.11    0.00    2.61 ^ result[3] (out)
                                  2.61   data arrival time

                  0.00    0.00    0.00   clock __VIRTUAL_CLK__ (rise edge)
                          0.00    0.00   clock network delay (ideal)
                          0.25    0.25   clock uncertainty
                          0.00    0.25   clock reconvergence pessimism
                         -2.00   -1.75   output external delay
                                 -1.75   data required time
-----------------------------------------------------------------------------
                                 -1.75   data required time
                                 -2.61   data arrival time
-----------------------------------------------------------------------------
                                  4.36   slack (MET)


Startpoint: op[2] (input port clocked by __VIRTUAL_CLK__)
Endpoint: result[6] (output port clocked by __VIRTUAL_CLK__)
Path Group: __VIRTUAL_CLK__
Path Type: min

Fanout     Cap    Slew   Delay    Time   Description
-----------------------------------------------------------------------------
                  0.00    0.00    0.00   clock __VIRTUAL_CLK__ (rise edge)
                          0.00    0.00   clock network delay (ideal)
                          2.00    2.00 ^ input external delay
     1    0.01    0.03    0.02    2.02 ^ op[2] (in)
                                         op[2] (net)
                  0.03    0.00    2.02 ^ input20/A (sky130_fd_sc_hd__buf_6)
     6    0.02    0.06    0.10    2.12 ^ input20/X (sky130_fd_sc_hd__buf_6)
                                         net20 (net)
                  0.06    0.00    2.12 ^ _105_/A (sky130_fd_sc_hd__nor2_4)
     7    0.02    0.03    0.05    2.17 v _105_/Y (sky130_fd_sc_hd__nor2_4)
                                         _039_ (net)
                  0.03    0.00    2.17 v _195_/A1 (sky130_fd_sc_hd__a32o_1)
     1    0.00    0.04    0.20    2.37 v _195_/X (sky130_fd_sc_hd__a32o_1)
                                         alu6.result (net)
                  0.04    0.00    2.37 v _225_/A (sky130_fd_sc_hd__clkbuf_1)
     1    0.00    0.02    0.08    2.45 v _225_/X (sky130_fd_sc_hd__clkbuf_1)
                                         net28 (net)
                  0.02    0.00    2.45 v output28/A (sky130_fd_sc_hd__buf_2)
     1    0.04    0.09    0.16    2.61 v output28/X (sky130_fd_sc_hd__buf_2)
                                         result[6] (net)
                  0.09    0.00    2.62 v result[6] (out)
                                  2.62   data arrival time

                  0.00    0.00    0.00   clock __VIRTUAL_CLK__ (rise edge)
                          0.00    0.00   clock network delay (ideal)
                          0.25    0.25   clock uncertainty
                          0.00    0.25   clock reconvergence pessimism
                         -2.00   -1.75   output external delay
                                 -1.75   data required time
-----------------------------------------------------------------------------
                                 -1.75   data required time
                                 -2.62   data arrival time
-----------------------------------------------------------------------------
                                  4.37   slack (MET)


Startpoint: cin (input port clocked by __VIRTUAL_CLK__)
Endpoint: result[0] (output port clocked by __VIRTUAL_CLK__)
Path Group: __VIRTUAL_CLK__
Path Type: min

Fanout     Cap    Slew   Delay    Time   Description
-----------------------------------------------------------------------------
                  0.00    0.00    0.00   clock __VIRTUAL_CLK__ (rise edge)
                          0.00    0.00   clock network delay (ideal)
                          2.00    2.00 v input external delay
     1    0.00    0.01    0.00    2.00 v cin (in)
                                         cin (net)
                  0.01    0.00    2.00 v input17/A (sky130_fd_sc_hd__clkbuf_1)
     3    0.01    0.05    0.09    2.10 v input17/X (sky130_fd_sc_hd__clkbuf_1)
                                         net17 (net)
                  0.05    0.00    2.10 v _106_/B (sky130_fd_sc_hd__nand2_1)
     3    0.01    0.08    0.09    2.19 ^ _106_/Y (sky130_fd_sc_hd__nand2_1)
                                         _040_ (net)
                  0.08    0.00    2.19 ^ _214_/A2 (sky130_fd_sc_hd__a31o_1)
     1    0.00    0.04    0.14    2.33 ^ _214_/X (sky130_fd_sc_hd__a31o_1)
                                         _035_ (net)
                  0.04    0.00    2.33 ^ _218_/A2 (sky130_fd_sc_hd__o21bai_1)
     1    0.00    0.03    0.05    2.38 v _218_/Y (sky130_fd_sc_hd__o21bai_1)
                                         alu0.result (net)
                  0.03    0.00    2.38 v _219_/A (sky130_fd_sc_hd__clkbuf_1)
     1    0.00    0.03    0.08    2.46 v _219_/X (sky130_fd_sc_hd__clkbuf_1)
                                         net22 (net)
                  0.03    0.00    2.46 v output22/A (sky130_fd_sc_hd__buf_2)
     1    0.03    0.09    0.16    2.62 v output22/X (sky130_fd_sc_hd__buf_2)
                                         result[0] (net)
                  0.09    0.00    2.62 v result[0] (out)
                                  2.62   data arrival time

                  0.00    0.00    0.00   clock __VIRTUAL_CLK__ (rise edge)
                          0.00    0.00   clock network delay (ideal)
                          0.25    0.25   clock uncertainty
                          0.00    0.25   clock reconvergence pessimism
                         -2.00   -1.75   output external delay
                                 -1.75   data required time
-----------------------------------------------------------------------------
                                 -1.75   data required time
                                 -2.62   data arrival time
-----------------------------------------------------------------------------
                                  4.37   slack (MET)



worst slack corner Typical: 4.2773
