
===========================================================================
report_checks -path_delay max (Setup)
============================================================================
======================= Typical Corner ===================================

Startpoint: op[1] (input port clocked by __VIRTUAL_CLK__)
Endpoint: result[7] (output port clocked by __VIRTUAL_CLK__)
Path Group: __VIRTUAL_CLK__
Path Type: max

Fanout     Cap    Slew   Delay    Time   Description
-----------------------------------------------------------------------------
                  0.00    0.00    0.00   clock __VIRTUAL_CLK__ (rise edge)
                          0.00    0.00   clock network delay (ideal)
                          2.00    2.00 v input external delay
     1    0.00    0.01    0.01    2.01 v op[1] (in)
                                         op[1] (net)
                  0.01    0.00    2.01 v input19/A (sky130_fd_sc_hd__buf_6)
     4    0.01    0.03    0.11    2.12 v input19/X (sky130_fd_sc_hd__buf_6)
                                         net19 (net)
                  0.03    0.00    2.12 v _113_/A (sky130_fd_sc_hd__or2_4)
     3    0.01    0.05    0.25    2.37 v _113_/X (sky130_fd_sc_hd__or2_4)
                                         _047_ (net)
                  0.05    0.00    2.37 v _114_/A (sky130_fd_sc_hd__or2_4)
     3    0.01    0.05    0.26    2.63 v _114_/X (sky130_fd_sc_hd__or2_4)
                                         _048_ (net)
                  0.05    0.00    2.63 v _115_/B2 (sky130_fd_sc_hd__o32a_4)
     3    0.02    0.08    0.24    2.87 v _115_/X (sky130_fd_sc_hd__o32a_4)
                                         _049_ (net)
                  0.08    0.00    2.87 v _116_/B (sky130_fd_sc_hd__xnor2_4)
     3    0.01    0.13    0.16    3.03 ^ _116_/Y (sky130_fd_sc_hd__xnor2_4)
                                         _050_ (net)
                  0.13    0.00    3.03 ^ _129_/A2 (sky130_fd_sc_hd__o21ai_2)
     4    0.01    0.06    0.08    3.11 v _129_/Y (sky130_fd_sc_hd__o21ai_2)
                                         _062_ (net)
                  0.06    0.00    3.11 v _145_/A2 (sky130_fd_sc_hd__a32o_1)
     1    0.00    0.05    0.26    3.37 v _145_/X (sky130_fd_sc_hd__a32o_1)
                                         _077_ (net)
                  0.05    0.00    3.37 v _146_/B2 (sky130_fd_sc_hd__o22a_4)
     3    0.02    0.06    0.22    3.59 v _146_/X (sky130_fd_sc_hd__o22a_4)
                                         _078_ (net)
                  0.06    0.00    3.59 v _147_/B (sky130_fd_sc_hd__xnor2_2)
     2    0.01    0.14    0.15    3.74 ^ _147_/Y (sky130_fd_sc_hd__xnor2_2)
                                         _079_ (net)
                  0.14    0.00    3.74 ^ _156_/A2 (sky130_fd_sc_hd__o21ai_2)
     4    0.01    0.06    0.08    3.83 v _156_/Y (sky130_fd_sc_hd__o21ai_2)
                                         _087_ (net)
                  0.06    0.00    3.83 v _171_/A (sky130_fd_sc_hd__and3_1)
     1    0.00    0.04    0.15    3.97 v _171_/X (sky130_fd_sc_hd__and3_1)
                                         _101_ (net)
                  0.04    0.00    3.97 v _172_/B (sky130_fd_sc_hd__or3b_4)
     3    0.01    0.07    0.38    4.36 v _172_/X (sky130_fd_sc_hd__or3b_4)
                                         _102_ (net)
                  0.07    0.00    4.36 v _185_/A (sky130_fd_sc_hd__and3_1)
     1    0.00    0.04    0.15    4.51 v _185_/X (sky130_fd_sc_hd__and3_1)
                                         _009_ (net)
                  0.04    0.00    4.51 v _186_/B (sky130_fd_sc_hd__or3b_4)
     4    0.01    0.07    0.39    4.90 v _186_/X (sky130_fd_sc_hd__or3b_4)
                                         _010_ (net)
                  0.07    0.00    4.90 v _199_/A (sky130_fd_sc_hd__and3_1)
     1    0.00    0.04    0.15    5.05 v _199_/X (sky130_fd_sc_hd__and3_1)
                                         _022_ (net)
                  0.04    0.00    5.05 v _200_/B (sky130_fd_sc_hd__or3b_4)
     3    0.01    0.07    0.38    5.43 v _200_/X (sky130_fd_sc_hd__or3b_4)
                                         _023_ (net)
                  0.07    0.00    5.43 v _201_/A (sky130_fd_sc_hd__and3_1)
     3    0.01    0.05    0.18    5.61 v _201_/X (sky130_fd_sc_hd__and3_1)
                                         _024_ (net)
                  0.05    0.00    5.61 v _203_/C (sky130_fd_sc_hd__or3_4)
     2    0.00    0.07    0.34    5.95 v _203_/X (sky130_fd_sc_hd__or3_4)
                                         _026_ (net)
                  0.07    0.00    5.95 v _209_/A1 (sky130_fd_sc_hd__a31o_1)
     1    0.00    0.03    0.18    6.13 v _209_/X (sky130_fd_sc_hd__a31o_1)
                                         alu7.result (net)
                  0.03    0.00    6.13 v _226_/A (sky130_fd_sc_hd__clkbuf_1)
     1    0.00    0.04    0.09    6.23 v _226_/X (sky130_fd_sc_hd__clkbuf_1)
                                         net29 (net)
                  0.04    0.00    6.23 v output29/A (sky130_fd_sc_hd__buf_6)
     1    0.03    0.04    0.14    6.37 v output29/X (sky130_fd_sc_hd__buf_6)
                                         result[7] (net)
                  0.04    0.00    6.37 v result[7] (out)
                                  6.37   data arrival time

                  0.00   10.00   10.00   clock __VIRTUAL_CLK__ (rise edge)
                          0.00   10.00   clock network delay (ideal)
                         -0.25    9.75   clock uncertainty
                          0.00    9.75   clock reconvergence pessimism
                         -2.00    7.75   output external delay
                                  7.75   data required time
-----------------------------------------------------------------------------
                                  7.75   data required time
                                 -6.37   data arrival time
-----------------------------------------------------------------------------
                                  1.38   slack (MET)


Startpoint: op[1] (input port clocked by __VIRTUAL_CLK__)
Endpoint: cout (output port clocked by __VIRTUAL_CLK__)
Path Group: __VIRTUAL_CLK__
Path Type: max

Fanout     Cap    Slew   Delay    Time   Description
-----------------------------------------------------------------------------
                  0.00    0.00    0.00   clock __VIRTUAL_CLK__ (rise edge)
                          0.00    0.00   clock network delay (ideal)
                          2.00    2.00 v input external delay
     1    0.00    0.01    0.01    2.01 v op[1] (in)
                                         op[1] (net)
                  0.01    0.00    2.01 v input19/A (sky130_fd_sc_hd__buf_6)
     4    0.01    0.03    0.11    2.12 v input19/X (sky130_fd_sc_hd__buf_6)
                                         net19 (net)
                  0.03    0.00    2.12 v _113_/A (sky130_fd_sc_hd__or2_4)
     3    0.01    0.05    0.25    2.37 v _113_/X (sky130_fd_sc_hd__or2_4)
                                         _047_ (net)
                  0.05    0.00    2.37 v _114_/A (sky130_fd_sc_hd__or2_4)
     3    0.01    0.05    0.26    2.63 v _114_/X (sky130_fd_sc_hd__or2_4)
                                         _048_ (net)
                  0.05    0.00    2.63 v _115_/B2 (sky130_fd_sc_hd__o32a_4)
     3    0.02    0.08    0.24    2.87 v _115_/X (sky130_fd_sc_hd__o32a_4)
                                         _049_ (net)
                  0.08    0.00    2.87 v _116_/B (sky130_fd_sc_hd__xnor2_4)
     3    0.01    0.13    0.16    3.03 ^ _116_/Y (sky130_fd_sc_hd__xnor2_4)
                                         _050_ (net)
                  0.13    0.00    3.03 ^ _129_/A2 (sky130_fd_sc_hd__o21ai_2)
     4    0.01    0.06    0.08    3.11 v _129_/Y (sky130_fd_sc_hd__o21ai_2)
                                         _062_ (net)
                  0.06    0.00    3.11 v _145_/A2 (sky130_fd_sc_hd__a32o_1)
     1    0.00    0.05    0.26    3.37 v _145_/X (sky130_fd_sc_hd__a32o_1)
                                         _077_ (net)
                  0.05    0.00    3.37 v _146_/B2 (sky130_fd_sc_hd__o22a_4)
     3    0.02    0.06    0.22    3.59 v _146_/X (sky130_fd_sc_hd__o22a_4)
                                         _078_ (net)
                  0.06    0.00    3.59 v _147_/B (sky130_fd_sc_hd__xnor2_2)
     2    0.01    0.14    0.15    3.74 ^ _147_/Y (sky130_fd_sc_hd__xnor2_2)
                                         _079_ (net)
                  0.14    0.00    3.74 ^ _156_/A2 (sky130_fd_sc_hd__o21ai_2)
     4    0.01    0.06    0.08    3.83 v _156_/Y (sky130_fd_sc_hd__o21ai_2)
                                         _087_ (net)
                  0.06    0.00    3.83 v _171_/A (sky130_fd_sc_hd__and3_1)
     1    0.00    0.04    0.15    3.97 v _171_/X (sky130_fd_sc_hd__and3_1)
                                         _101_ (net)
                  0.04    0.00    3.97 v _172_/B (sky130_fd_sc_hd__or3b_4)
     3    0.01    0.07    0.38    4.36 v _172_/X (sky130_fd_sc_hd__or3b_4)
                                         _102_ (net)
                  0.07    0.00    4.36 v _185_/A (sky130_fd_sc_hd__and3_1)
     1    0.00    0.04    0.15    4.51 v _185_/X (sky130_fd_sc_hd__and3_1)
                                         _009_ (net)
                  0.04    0.00    4.51 v _186_/B (sky130_fd_sc_hd__or3b_4)
     4    0.01    0.07    0.39    4.90 v _186_/X (sky130_fd_sc_hd__or3b_4)
                                         _010_ (net)
                  0.07    0.00    4.90 v _199_/A (sky130_fd_sc_hd__and3_1)
     1    0.00    0.04    0.15    5.05 v _199_/X (sky130_fd_sc_hd__and3_1)
                                         _022_ (net)
                  0.04    0.00    5.05 v _200_/B (sky130_fd_sc_hd__or3b_4)
     3    0.01    0.07    0.38    5.43 v _200_/X (sky130_fd_sc_hd__or3b_4)
                                         _023_ (net)
                  0.07    0.00    5.43 v _201_/A (sky130_fd_sc_hd__and3_1)
     3    0.01    0.05    0.18    5.61 v _201_/X (sky130_fd_sc_hd__and3_1)
                                         _024_ (net)
                  0.05    0.00    5.61 v _203_/C (sky130_fd_sc_hd__or3_4)
     2    0.00    0.07    0.34    5.95 v _203_/X (sky130_fd_sc_hd__or3_4)
                                         _026_ (net)
                  0.07    0.00    5.95 v _213_/A1 (sky130_fd_sc_hd__a21bo_1)
     1    0.00    0.04    0.19    6.14 v _213_/X (sky130_fd_sc_hd__a21bo_1)
                                         net21 (net)
                  0.04    0.00    6.14 v output21/A (sky130_fd_sc_hd__buf_6)
     1    0.03    0.04    0.14    6.28 v output21/X (sky130_fd_sc_hd__buf_6)
                                         cout (net)
                  0.04    0.00    6.28 v cout (out)
                                  6.28   data arrival time

                  0.00   10.00   10.00   clock __VIRTUAL_CLK__ (rise edge)
                          0.00   10.00   clock network delay (ideal)
                         -0.25    9.75   clock uncertainty
                          0.00    9.75   clock reconvergence pessimism
                         -2.00    7.75   output external delay
                                  7.75   data required time
-----------------------------------------------------------------------------
                                  7.75   data required time
                                 -6.28   data arrival time
-----------------------------------------------------------------------------
                                  1.47   slack (MET)


Startpoint: op[1] (input port clocked by __VIRTUAL_CLK__)
Endpoint: result[6] (output port clocked by __VIRTUAL_CLK__)
Path Group: __VIRTUAL_CLK__
Path Type: max

Fanout     Cap    Slew   Delay    Time   Description
-----------------------------------------------------------------------------
                  0.00    0.00    0.00   clock __VIRTUAL_CLK__ (rise edge)
                          0.00    0.00   clock network delay (ideal)
                          2.00    2.00 v input external delay
     1    0.00    0.01    0.01    2.01 v op[1] (in)
                                         op[1] (net)
                  0.01    0.00    2.01 v input19/A (sky130_fd_sc_hd__buf_6)
     4    0.01    0.03    0.11    2.12 v input19/X (sky130_fd_sc_hd__buf_6)
                                         net19 (net)
                  0.03    0.00    2.12 v _113_/A (sky130_fd_sc_hd__or2_4)
     3    0.01    0.05    0.25    2.37 v _113_/X (sky130_fd_sc_hd__or2_4)
                                         _047_ (net)
                  0.05    0.00    2.37 v _114_/A (sky130_fd_sc_hd__or2_4)
     3    0.01    0.05    0.26    2.63 v _114_/X (sky130_fd_sc_hd__or2_4)
                                         _048_ (net)
                  0.05    0.00    2.63 v _115_/B2 (sky130_fd_sc_hd__o32a_4)
     3    0.02    0.08    0.24    2.87 v _115_/X (sky130_fd_sc_hd__o32a_4)
                                         _049_ (net)
                  0.08    0.00    2.87 v _116_/B (sky130_fd_sc_hd__xnor2_4)
     3    0.01    0.13    0.16    3.03 ^ _116_/Y (sky130_fd_sc_hd__xnor2_4)
                                         _050_ (net)
                  0.13    0.00    3.03 ^ _129_/A2 (sky130_fd_sc_hd__o21ai_2)
     4    0.01    0.06    0.08    3.11 v _129_/Y (sky130_fd_sc_hd__o21ai_2)
                                         _062_ (net)
                  0.06    0.00    3.11 v _145_/A2 (sky130_fd_sc_hd__a32o_1)
     1    0.00    0.05    0.26    3.37 v _145_/X (sky130_fd_sc_hd__a32o_1)
                                         _077_ (net)
                  0.05    0.00    3.37 v _146_/B2 (sky130_fd_sc_hd__o22a_4)
     3    0.02    0.06    0.22    3.59 v _146_/X (sky130_fd_sc_hd__o22a_4)
                                         _078_ (net)
                  0.06    0.00    3.59 v _147_/B (sky130_fd_sc_hd__xnor2_2)
     2    0.01    0.14    0.15    3.74 ^ _147_/Y (sky130_fd_sc_hd__xnor2_2)
                                         _079_ (net)
                  0.14    0.00    3.74 ^ _156_/A2 (sky130_fd_sc_hd__o21ai_2)
     4    0.01    0.06    0.08    3.83 v _156_/Y (sky130_fd_sc_hd__o21ai_2)
                                         _087_ (net)
                  0.06    0.00    3.83 v _171_/A (sky130_fd_sc_hd__and3_1)
     1    0.00    0.04    0.15    3.97 v _171_/X (sky130_fd_sc_hd__and3_1)
                                         _101_ (net)
                  0.04    0.00    3.97 v _172_/B (sky130_fd_sc_hd__or3b_4)
     3    0.01    0.07    0.38    4.36 v _172_/X (sky130_fd_sc_hd__or3b_4)
                                         _102_ (net)
                  0.07    0.00    4.36 v _185_/A (sky130_fd_sc_hd__and3_1)
     1    0.00    0.04    0.15    4.51 v _185_/X (sky130_fd_sc_hd__and3_1)
                                         _009_ (net)
                  0.04    0.00    4.51 v _186_/B (sky130_fd_sc_hd__or3b_4)
     4    0.01    0.07    0.39    4.90 v _186_/X (sky130_fd_sc_hd__or3b_4)
                                         _010_ (net)
                  0.07    0.00    4.90 v _187_/A (sky130_fd_sc_hd__and3_1)
     3    0.01    0.05    0.18    5.07 v _187_/X (sky130_fd_sc_hd__and3_1)
                                         _011_ (net)
                  0.05    0.00    5.07 v _189_/B (sky130_fd_sc_hd__or3_1)
     1    0.00    0.06    0.35    5.42 v _189_/X (sky130_fd_sc_hd__or3_1)
                                         _013_ (net)
                  0.06    0.00    5.42 v _195_/A2 (sky130_fd_sc_hd__a32o_1)
     1    0.00    0.04    0.25    5.68 v _195_/X (sky130_fd_sc_hd__a32o_1)
                                         alu6.result (net)
                  0.04    0.00    5.68 v _225_/A (sky130_fd_sc_hd__clkbuf_1)
     1    0.00    0.02    0.08    5.76 v _225_/X (sky130_fd_sc_hd__clkbuf_1)
                                         net28 (net)
                  0.02    0.00    5.76 v output28/A (sky130_fd_sc_hd__buf_2)
     1    0.03    0.09    0.18    5.94 v output28/X (sky130_fd_sc_hd__buf_2)
                                         result[6] (net)
                  0.09    0.00    5.94 v result[6] (out)
                                  5.94   data arrival time

                  0.00   10.00   10.00   clock __VIRTUAL_CLK__ (rise edge)
                          0.00   10.00   clock network delay (ideal)
                         -0.25    9.75   clock uncertainty
                          0.00    9.75   clock reconvergence pessimism
                         -2.00    7.75   output external delay
                                  7.75   data required time
-----------------------------------------------------------------------------
                                  7.75   data required time
                                 -5.94   data arrival time
-----------------------------------------------------------------------------
                                  1.81   slack (MET)


Startpoint: op[1] (input port clocked by __VIRTUAL_CLK__)
Endpoint: result[5] (output port clocked by __VIRTUAL_CLK__)
Path Group: __VIRTUAL_CLK__
Path Type: max

Fanout     Cap    Slew   Delay    Time   Description
-----------------------------------------------------------------------------
                  0.00    0.00    0.00   clock __VIRTUAL_CLK__ (rise edge)
                          0.00    0.00   clock network delay (ideal)
                          2.00    2.00 v input external delay
     1    0.00    0.01    0.01    2.01 v op[1] (in)
                                         op[1] (net)
                  0.01    0.00    2.01 v input19/A (sky130_fd_sc_hd__buf_6)
     4    0.01    0.03    0.11    2.12 v input19/X (sky130_fd_sc_hd__buf_6)
                                         net19 (net)
                  0.03    0.00    2.12 v _113_/A (sky130_fd_sc_hd__or2_4)
     3    0.01    0.05    0.25    2.37 v _113_/X (sky130_fd_sc_hd__or2_4)
                                         _047_ (net)
                  0.05    0.00    2.37 v _114_/A (sky130_fd_sc_hd__or2_4)
     3    0.01    0.05    0.26    2.63 v _114_/X (sky130_fd_sc_hd__or2_4)
                                         _048_ (net)
                  0.05    0.00    2.63 v _115_/B2 (sky130_fd_sc_hd__o32a_4)
     3    0.02    0.08    0.24    2.87 v _115_/X (sky130_fd_sc_hd__o32a_4)
                                         _049_ (net)
                  0.08    0.00    2.87 v _116_/B (sky130_fd_sc_hd__xnor2_4)
     3    0.01    0.13    0.16    3.03 ^ _116_/Y (sky130_fd_sc_hd__xnor2_4)
                                         _050_ (net)
                  0.13    0.00    3.03 ^ _129_/A2 (sky130_fd_sc_hd__o21ai_2)
     4    0.01    0.06    0.08    3.11 v _129_/Y (sky130_fd_sc_hd__o21ai_2)
                                         _062_ (net)
                  0.06    0.00    3.11 v _145_/A2 (sky130_fd_sc_hd__a32o_1)
     1    0.00    0.05    0.26    3.37 v _145_/X (sky130_fd_sc_hd__a32o_1)
                                         _077_ (net)
                  0.05    0.00    3.37 v _146_/B2 (sky130_fd_sc_hd__o22a_4)
     3    0.02    0.06    0.22    3.59 v _146_/X (sky130_fd_sc_hd__o22a_4)
                                         _078_ (net)
                  0.06    0.00    3.59 v _147_/B (sky130_fd_sc_hd__xnor2_2)
     2    0.01    0.14    0.15    3.74 ^ _147_/Y (sky130_fd_sc_hd__xnor2_2)
                                         _079_ (net)
                  0.14    0.00    3.74 ^ _156_/A2 (sky130_fd_sc_hd__o21ai_2)
     4    0.01    0.06    0.08    3.83 v _156_/Y (sky130_fd_sc_hd__o21ai_2)
                                         _087_ (net)
                  0.06    0.00    3.83 v _171_/A (sky130_fd_sc_hd__and3_1)
     1    0.00    0.04    0.15    3.97 v _171_/X (sky130_fd_sc_hd__and3_1)
                                         _101_ (net)
                  0.04    0.00    3.97 v _172_/B (sky130_fd_sc_hd__or3b_4)
     3    0.01    0.07    0.38    4.36 v _172_/X (sky130_fd_sc_hd__or3b_4)
                                         _102_ (net)
                  0.07    0.00    4.36 v _173_/C (sky130_fd_sc_hd__and3_1)
     2    0.00    0.04    0.20    4.56 v _173_/X (sky130_fd_sc_hd__and3_1)
                                         _103_ (net)
                  0.04    0.00    4.56 v _175_/A (sky130_fd_sc_hd__or2b_1)
     2    0.00    0.05    0.23    4.79 v _175_/X (sky130_fd_sc_hd__or2b_1)
                                         _000_ (net)
                  0.05    0.00    4.79 v _176_/B (sky130_fd_sc_hd__or2_1)
     1    0.00    0.05    0.21    5.00 v _176_/X (sky130_fd_sc_hd__or2_1)
                                         _001_ (net)
                  0.05    0.00    5.00 v _182_/A2 (sky130_fd_sc_hd__a32o_1)
     1    0.00    0.04    0.24    5.24 v _182_/X (sky130_fd_sc_hd__a32o_1)
                                         alu5.result (net)
                  0.04    0.00    5.24 v _224_/A (sky130_fd_sc_hd__clkbuf_1)
     1    0.00    0.02    0.08    5.32 v _224_/X (sky130_fd_sc_hd__clkbuf_1)
                                         net27 (net)
                  0.02    0.00    5.32 v output27/A (sky130_fd_sc_hd__buf_2)
     1    0.03    0.09    0.18    5.50 v output27/X (sky130_fd_sc_hd__buf_2)
                                         result[5] (net)
                  0.09    0.00    5.50 v result[5] (out)
                                  5.50   data arrival time

                  0.00   10.00   10.00   clock __VIRTUAL_CLK__ (rise edge)
                          0.00   10.00   clock network delay (ideal)
                         -0.25    9.75   clock uncertainty
                          0.00    9.75   clock reconvergence pessimism
                         -2.00    7.75   output external delay
                                  7.75   data required time
-----------------------------------------------------------------------------
                                  7.75   data required time
                                 -5.50   data arrival time
-----------------------------------------------------------------------------
                                  2.25   slack (MET)


Startpoint: op[1] (input port clocked by __VIRTUAL_CLK__)
Endpoint: result[4] (output port clocked by __VIRTUAL_CLK__)
Path Group: __VIRTUAL_CLK__
Path Type: max

Fanout     Cap    Slew   Delay    Time   Description
-----------------------------------------------------------------------------
                  0.00    0.00    0.00   clock __VIRTUAL_CLK__ (rise edge)
                          0.00    0.00   clock network delay (ideal)
                          2.00    2.00 v input external delay
     1    0.00    0.01    0.01    2.01 v op[1] (in)
                                         op[1] (net)
                  0.01    0.00    2.01 v input19/A (sky130_fd_sc_hd__buf_6)
     4    0.01    0.03    0.11    2.12 v input19/X (sky130_fd_sc_hd__buf_6)
                                         net19 (net)
                  0.03    0.00    2.12 v _113_/A (sky130_fd_sc_hd__or2_4)
     3    0.01    0.05    0.25    2.37 v _113_/X (sky130_fd_sc_hd__or2_4)
                                         _047_ (net)
                  0.05    0.00    2.37 v _114_/A (sky130_fd_sc_hd__or2_4)
     3    0.01    0.05    0.26    2.63 v _114_/X (sky130_fd_sc_hd__or2_4)
                                         _048_ (net)
                  0.05    0.00    2.63 v _115_/B2 (sky130_fd_sc_hd__o32a_4)
     3    0.02    0.08    0.24    2.87 v _115_/X (sky130_fd_sc_hd__o32a_4)
                                         _049_ (net)
                  0.08    0.00    2.87 v _116_/B (sky130_fd_sc_hd__xnor2_4)
     3    0.01    0.13    0.16    3.03 ^ _116_/Y (sky130_fd_sc_hd__xnor2_4)
                                         _050_ (net)
                  0.13    0.00    3.03 ^ _129_/A2 (sky130_fd_sc_hd__o21ai_2)
     4    0.01    0.06    0.08    3.11 v _129_/Y (sky130_fd_sc_hd__o21ai_2)
                                         _062_ (net)
                  0.06    0.00    3.11 v _145_/A2 (sky130_fd_sc_hd__a32o_1)
     1    0.00    0.05    0.26    3.37 v _145_/X (sky130_fd_sc_hd__a32o_1)
                                         _077_ (net)
                  0.05    0.00    3.37 v _146_/B2 (sky130_fd_sc_hd__o22a_4)
     3    0.02    0.06    0.22    3.59 v _146_/X (sky130_fd_sc_hd__o22a_4)
                                         _078_ (net)
                  0.06    0.00    3.59 v _157_/A2 (sky130_fd_sc_hd__a21oi_2)
     1    0.00    0.08    0.13    3.72 ^ _157_/Y (sky130_fd_sc_hd__a21oi_2)
                                         _088_ (net)
                  0.08    0.00    3.72 ^ _158_/A (sky130_fd_sc_hd__nand2_1)
     2    0.00    0.04    0.06    3.78 v _158_/Y (sky130_fd_sc_hd__nand2_1)
                                         _089_ (net)
                  0.04    0.00    3.78 v rebuffer1/A (sky130_fd_sc_hd__clkbuf_2)
     3    0.01    0.03    0.11    3.89 v rebuffer1/X (sky130_fd_sc_hd__clkbuf_2)
                                         net30 (net)
                  0.03    0.00    3.89 v _159_/A (sky130_fd_sc_hd__and3_1)
     3    0.01    0.05    0.16    4.05 v _159_/X (sky130_fd_sc_hd__and3_1)
                                         _090_ (net)
                  0.05    0.00    4.05 v _161_/B (sky130_fd_sc_hd__or3_1)
     1    0.00    0.06    0.35    4.40 v _161_/X (sky130_fd_sc_hd__or3_1)
                                         _092_ (net)
                  0.06    0.00    4.40 v _167_/A2 (sky130_fd_sc_hd__a32o_1)
     1    0.00    0.04    0.25    4.65 v _167_/X (sky130_fd_sc_hd__a32o_1)
                                         alu4.result (net)
                  0.04    0.00    4.65 v _223_/A (sky130_fd_sc_hd__clkbuf_1)
     1    0.00    0.02    0.08    4.73 v _223_/X (sky130_fd_sc_hd__clkbuf_1)
                                         net26 (net)
                  0.02    0.00    4.73 v output26/A (sky130_fd_sc_hd__buf_2)
     1    0.03    0.09    0.18    4.91 v output26/X (sky130_fd_sc_hd__buf_2)
                                         result[4] (net)
                  0.09    0.00    4.91 v result[4] (out)
                                  4.91   data arrival time

                  0.00   10.00   10.00   clock __VIRTUAL_CLK__ (rise edge)
                          0.00   10.00   clock network delay (ideal)
                         -0.25    9.75   clock uncertainty
                          0.00    9.75   clock reconvergence pessimism
                         -2.00    7.75   output external delay
                                  7.75   data required time
-----------------------------------------------------------------------------
                                  7.75   data required time
                                 -4.91   data arrival time
-----------------------------------------------------------------------------
                                  2.84   slack (MET)


Startpoint: op[1] (input port clocked by __VIRTUAL_CLK__)
Endpoint: result[3] (output port clocked by __VIRTUAL_CLK__)
Path Group: __VIRTUAL_CLK__
Path Type: max

Fanout     Cap    Slew   Delay    Time   Description
-----------------------------------------------------------------------------
                  0.00    0.00    0.00   clock __VIRTUAL_CLK__ (rise edge)
                          0.00    0.00   clock network delay (ideal)
                          2.00    2.00 v input external delay
     1    0.00    0.01    0.01    2.01 v op[1] (in)
                                         op[1] (net)
                  0.01    0.00    2.01 v input19/A (sky130_fd_sc_hd__buf_6)
     4    0.01    0.03    0.11    2.12 v input19/X (sky130_fd_sc_hd__buf_6)
                                         net19 (net)
                  0.03    0.00    2.12 v _113_/A (sky130_fd_sc_hd__or2_4)
     3    0.01    0.05    0.25    2.37 v _113_/X (sky130_fd_sc_hd__or2_4)
                                         _047_ (net)
                  0.05    0.00    2.37 v _114_/A (sky130_fd_sc_hd__or2_4)
     3    0.01    0.05    0.26    2.63 v _114_/X (sky130_fd_sc_hd__or2_4)
                                         _048_ (net)
                  0.05    0.00    2.63 v _115_/B2 (sky130_fd_sc_hd__o32a_4)
     3    0.02    0.08    0.24    2.87 v _115_/X (sky130_fd_sc_hd__o32a_4)
                                         _049_ (net)
                  0.08    0.00    2.87 v _116_/B (sky130_fd_sc_hd__xnor2_4)
     3    0.01    0.13    0.16    3.03 ^ _116_/Y (sky130_fd_sc_hd__xnor2_4)
                                         _050_ (net)
                  0.13    0.00    3.03 ^ _129_/A2 (sky130_fd_sc_hd__o21ai_2)
     4    0.01    0.06    0.08    3.11 v _129_/Y (sky130_fd_sc_hd__o21ai_2)
                                         _062_ (net)
                  0.06    0.00    3.11 v _145_/A2 (sky130_fd_sc_hd__a32o_1)
     1    0.00    0.05    0.26    3.37 v _145_/X (sky130_fd_sc_hd__a32o_1)
                                         _077_ (net)
                  0.05    0.00    3.37 v _146_/B2 (sky130_fd_sc_hd__o22a_4)
     3    0.02    0.06    0.22    3.59 v _146_/X (sky130_fd_sc_hd__o22a_4)
                                         _078_ (net)
                  0.06    0.00    3.59 v _147_/B (sky130_fd_sc_hd__xnor2_2)
     2    0.01    0.06    0.14    3.74 v _147_/Y (sky130_fd_sc_hd__xnor2_2)
                                         _079_ (net)
                  0.06    0.00    3.74 v rebuffer3/A (sky130_fd_sc_hd__dlygate4sd1_1)
     2    0.00    0.03    0.25    3.98 v rebuffer3/X (sky130_fd_sc_hd__dlygate4sd1_1)
                                         net32 (net)
                  0.03    0.00    3.98 v _148_/B (sky130_fd_sc_hd__or2_1)
     1    0.00    0.05    0.20    4.19 v _148_/X (sky130_fd_sc_hd__or2_1)
                                         _080_ (net)
                  0.05    0.00    4.19 v _154_/A2 (sky130_fd_sc_hd__a32o_1)
     1    0.00    0.04    0.24    4.43 v _154_/X (sky130_fd_sc_hd__a32o_1)
                                         alu3.result (net)
                  0.04    0.00    4.43 v _222_/A (sky130_fd_sc_hd__clkbuf_1)
     1    0.00    0.02    0.08    4.51 v _222_/X (sky130_fd_sc_hd__clkbuf_1)
                                         net25 (net)
                  0.02    0.00    4.51 v output25/A (sky130_fd_sc_hd__clkbuf_4)
     1    0.03    0.08    0.18    4.69 v output25/X (sky130_fd_sc_hd__clkbuf_4)
                                         result[3] (net)
                  0.08    0.00    4.69 v result[3] (out)
                                  4.69   data arrival time

                  0.00   10.00   10.00   clock __VIRTUAL_CLK__ (rise edge)
                          0.00   10.00   clock network delay (ideal)
                         -0.25    9.75   clock uncertainty
                          0.00    9.75   clock reconvergence pessimism
                         -2.00    7.75   output external delay
                                  7.75   data required time
-----------------------------------------------------------------------------
                                  7.75   data required time
                                 -4.69   data arrival time
-----------------------------------------------------------------------------
                                  3.06   slack (MET)


Startpoint: op[1] (input port clocked by __VIRTUAL_CLK__)
Endpoint: result[2] (output port clocked by __VIRTUAL_CLK__)
Path Group: __VIRTUAL_CLK__
Path Type: max

Fanout     Cap    Slew   Delay    Time   Description
-----------------------------------------------------------------------------
                  0.00    0.00    0.00   clock __VIRTUAL_CLK__ (rise edge)
                          0.00    0.00   clock network delay (ideal)
                          2.00    2.00 v input external delay
     1    0.00    0.01    0.01    2.01 v op[1] (in)
                                         op[1] (net)
                  0.01    0.00    2.01 v input19/A (sky130_fd_sc_hd__buf_6)
     4    0.01    0.03    0.11    2.12 v input19/X (sky130_fd_sc_hd__buf_6)
                                         net19 (net)
                  0.03    0.00    2.12 v _113_/A (sky130_fd_sc_hd__or2_4)
     3    0.01    0.05    0.25    2.37 v _113_/X (sky130_fd_sc_hd__or2_4)
                                         _047_ (net)
                  0.05    0.00    2.37 v _114_/A (sky130_fd_sc_hd__or2_4)
     3    0.01    0.05    0.26    2.63 v _114_/X (sky130_fd_sc_hd__or2_4)
                                         _048_ (net)
                  0.05    0.00    2.63 v _115_/B2 (sky130_fd_sc_hd__o32a_4)
     3    0.02    0.08    0.24    2.87 v _115_/X (sky130_fd_sc_hd__o32a_4)
                                         _049_ (net)
                  0.08    0.00    2.87 v _116_/B (sky130_fd_sc_hd__xnor2_4)
     3    0.01    0.07    0.15    3.02 v _116_/Y (sky130_fd_sc_hd__xnor2_4)
                                         _050_ (net)
                  0.07    0.00    3.02 v _129_/A2 (sky130_fd_sc_hd__o21ai_2)
     4    0.01    0.14    0.16    3.18 ^ _129_/Y (sky130_fd_sc_hd__o21ai_2)
                                         _062_ (net)
                  0.14    0.00    3.18 ^ rebuffer11/A (sky130_fd_sc_hd__dlygate4sd1_1)
     1    0.00    0.04    0.22    3.40 ^ rebuffer11/X (sky130_fd_sc_hd__dlygate4sd1_1)
                                         net40 (net)
                  0.04    0.00    3.40 ^ _136_/A2 (sky130_fd_sc_hd__a31o_1)
     1    0.00    0.04    0.13    3.53 ^ _136_/X (sky130_fd_sc_hd__a31o_1)
                                         _069_ (net)
                  0.04    0.00    3.53 ^ _137_/B (sky130_fd_sc_hd__nor2_1)
     1    0.00    0.03    0.03    3.56 v _137_/Y (sky130_fd_sc_hd__nor2_1)
                                         _070_ (net)
                  0.03    0.00    3.56 v _141_/B1 (sky130_fd_sc_hd__o2bb2a_1)
     1    0.00    0.05    0.28    3.84 v _141_/X (sky130_fd_sc_hd__o2bb2a_1)
                                         alu2.result (net)
                  0.05    0.00    3.84 v _221_/A (sky130_fd_sc_hd__clkbuf_1)
     1    0.00    0.02    0.09    3.93 v _221_/X (sky130_fd_sc_hd__clkbuf_1)
                                         net24 (net)
                  0.02    0.00    3.93 v output24/A (sky130_fd_sc_hd__buf_2)
     1    0.03    0.09    0.18    4.11 v output24/X (sky130_fd_sc_hd__buf_2)
                                         result[2] (net)
                  0.09    0.00    4.11 v result[2] (out)
                                  4.11   data arrival time

                  0.00   10.00   10.00   clock __VIRTUAL_CLK__ (rise edge)
                          0.00   10.00   clock network delay (ideal)
                         -0.25    9.75   clock uncertainty
                          0.00    9.75   clock reconvergence pessimism
                         -2.00    7.75   output external delay
                                  7.75   data required time
-----------------------------------------------------------------------------
                                  7.75   data required time
                                 -4.11   data arrival time
-----------------------------------------------------------------------------
                                  3.64   slack (MET)


Startpoint: op[1] (input port clocked by __VIRTUAL_CLK__)
Endpoint: result[1] (output port clocked by __VIRTUAL_CLK__)
Path Group: __VIRTUAL_CLK__
Path Type: max

Fanout     Cap    Slew   Delay    Time   Description
-----------------------------------------------------------------------------
                  0.00    0.00    0.00   clock __VIRTUAL_CLK__ (rise edge)
                          0.00    0.00   clock network delay (ideal)
                          2.00    2.00 v input external delay
     1    0.00    0.01    0.01    2.01 v op[1] (in)
                                         op[1] (net)
                  0.01    0.00    2.01 v input19/A (sky130_fd_sc_hd__buf_6)
     4    0.01    0.03    0.11    2.12 v input19/X (sky130_fd_sc_hd__buf_6)
                                         net19 (net)
                  0.03    0.00    2.12 v _113_/A (sky130_fd_sc_hd__or2_4)
     3    0.01    0.05    0.25    2.37 v _113_/X (sky130_fd_sc_hd__or2_4)
                                         _047_ (net)
                  0.05    0.00    2.37 v _114_/A (sky130_fd_sc_hd__or2_4)
     3    0.01    0.05    0.26    2.63 v _114_/X (sky130_fd_sc_hd__or2_4)
                                         _048_ (net)
                  0.05    0.00    2.63 v _115_/B2 (sky130_fd_sc_hd__o32a_4)
     3    0.02    0.08    0.24    2.87 v _115_/X (sky130_fd_sc_hd__o32a_4)
                                         _049_ (net)
                  0.08    0.00    2.87 v _116_/B (sky130_fd_sc_hd__xnor2_4)
     3    0.01    0.13    0.16    3.03 ^ _116_/Y (sky130_fd_sc_hd__xnor2_4)
                                         _050_ (net)
                  0.13    0.00    3.03 ^ rebuffer12/A (sky130_fd_sc_hd__dlygate4sd1_1)
     1    0.00    0.04    0.22    3.25 ^ rebuffer12/X (sky130_fd_sc_hd__dlygate4sd1_1)
                                         net41 (net)
                  0.04    0.00    3.25 ^ _117_/B (sky130_fd_sc_hd__nand2_1)
     1    0.00    0.05    0.04    3.29 v _117_/Y (sky130_fd_sc_hd__nand2_1)
                                         _051_ (net)
                  0.05    0.00    3.29 v _127_/A2 (sky130_fd_sc_hd__a32o_1)
     1    0.00    0.04    0.25    3.54 v _127_/X (sky130_fd_sc_hd__a32o_1)
                                         alu1.result (net)
                  0.04    0.00    3.54 v _220_/A (sky130_fd_sc_hd__clkbuf_1)
     1    0.00    0.02    0.08    3.62 v _220_/X (sky130_fd_sc_hd__clkbuf_1)
                                         net23 (net)
                  0.02    0.00    3.62 v output23/A (sky130_fd_sc_hd__buf_2)
     1    0.03    0.09    0.18    3.80 v output23/X (sky130_fd_sc_hd__buf_2)
                                         result[1] (net)
                  0.09    0.00    3.80 v result[1] (out)
                                  3.80   data arrival time

                  0.00   10.00   10.00   clock __VIRTUAL_CLK__ (rise edge)
                          0.00   10.00   clock network delay (ideal)
                         -0.25    9.75   clock uncertainty
                          0.00    9.75   clock reconvergence pessimism
                         -2.00    7.75   output external delay
                                  7.75   data required time
-----------------------------------------------------------------------------
                                  7.75   data required time
                                 -3.80   data arrival time
-----------------------------------------------------------------------------
                                  3.95   slack (MET)


Startpoint: op[0] (input port clocked by __VIRTUAL_CLK__)
Endpoint: result[0] (output port clocked by __VIRTUAL_CLK__)
Path Group: __VIRTUAL_CLK__
Path Type: max

Fanout     Cap    Slew   Delay    Time   Description
-----------------------------------------------------------------------------
                  0.00    0.00    0.00   clock __VIRTUAL_CLK__ (rise edge)
                          0.00    0.00   clock network delay (ideal)
                          2.00    2.00 ^ input external delay
     1    0.00    0.02    0.01    2.01 ^ op[0] (in)
                                         op[0] (net)
                  0.02    0.00    2.01 ^ input18/A (sky130_fd_sc_hd__buf_1)
     2    0.01    0.14    0.14    2.15 ^ input18/X (sky130_fd_sc_hd__buf_1)
                                         net18 (net)
                  0.14    0.00    2.15 ^ _112_/A (sky130_fd_sc_hd__clkbuf_2)
    10    0.02    0.10    0.19    2.34 ^ _112_/X (sky130_fd_sc_hd__clkbuf_2)
                                         _046_ (net)
                  0.10    0.00    2.34 ^ _123_/B (sky130_fd_sc_hd__or2_1)
     2    0.01    0.07    0.14    2.48 ^ _123_/X (sky130_fd_sc_hd__or2_1)
                                         _057_ (net)
                  0.07    0.00    2.48 ^ _124_/A (sky130_fd_sc_hd__inv_2)
     1    0.00    0.02    0.03    2.51 v _124_/Y (sky130_fd_sc_hd__inv_2)
                                         _058_ (net)
                  0.02    0.00    2.51 v _125_/A2 (sky130_fd_sc_hd__a22o_2)
     7    0.01    0.06    0.28    2.79 v _125_/X (sky130_fd_sc_hd__a22o_2)
                                         _059_ (net)
                  0.06    0.00    2.79 v _215_/B1 (sky130_fd_sc_hd__o21a_1)
     1    0.00    0.03    0.11    2.90 v _215_/X (sky130_fd_sc_hd__o21a_1)
                                         _036_ (net)
                  0.03    0.00    2.90 v _217_/A1 (sky130_fd_sc_hd__mux2_1)
     1    0.00    0.05    0.29    3.18 v _217_/X (sky130_fd_sc_hd__mux2_1)
                                         _038_ (net)
                  0.05    0.00    3.18 v _218_/B1_N (sky130_fd_sc_hd__o21bai_1)
     1    0.00    0.04    0.15    3.33 v _218_/Y (sky130_fd_sc_hd__o21bai_1)
                                         alu0.result (net)
                  0.04    0.00    3.33 v _219_/A (sky130_fd_sc_hd__clkbuf_1)
     1    0.00    0.02    0.08    3.42 v _219_/X (sky130_fd_sc_hd__clkbuf_1)
                                         net22 (net)
                  0.02    0.00    3.42 v output22/A (sky130_fd_sc_hd__buf_2)
     1    0.03    0.09    0.18    3.60 v output22/X (sky130_fd_sc_hd__buf_2)
                                         result[0] (net)
                  0.09    0.00    3.60 v result[0] (out)
                                  3.60   data arrival time

                  0.00   10.00   10.00   clock __VIRTUAL_CLK__ (rise edge)
                          0.00   10.00   clock network delay (ideal)
                         -0.25    9.75   clock uncertainty
                          0.00    9.75   clock reconvergence pessimism
                         -2.00    7.75   output external delay
                                  7.75   data required time
-----------------------------------------------------------------------------
                                  7.75   data required time
                                 -3.60   data arrival time
-----------------------------------------------------------------------------
                                  4.15   slack (MET)



worst slack corner Typical: 1.3839
