
===========================================================================
report_checks -path_delay min (Hold)
============================================================================
======================= Typical Corner ===================================

Startpoint: b[7] (input port clocked by __VIRTUAL_CLK__)
Endpoint: cout (output port clocked by __VIRTUAL_CLK__)
Path Group: __VIRTUAL_CLK__
Path Type: min

Fanout     Cap    Slew   Delay    Time   Description
-----------------------------------------------------------------------------
                  0.00    0.00    0.00   clock __VIRTUAL_CLK__ (rise edge)
                          0.00    0.00   clock network delay (ideal)
                          2.00    2.00 ^ input external delay
     1    0.00    0.02    0.01    2.01 ^ b[7] (in)
                                         b[7] (net)
                  0.02    0.00    2.01 ^ input16/A (sky130_fd_sc_hd__buf_1)
     4    0.01    0.11    0.11    2.12 ^ input16/X (sky130_fd_sc_hd__buf_1)
                                         net16 (net)
                  0.11    0.00    2.12 ^ _203_/A (sky130_fd_sc_hd__or3_4)
     2    0.00    0.03    0.13    2.25 ^ _203_/X (sky130_fd_sc_hd__or3_4)
                                         _026_ (net)
                  0.03    0.00    2.25 ^ _213_/A1 (sky130_fd_sc_hd__a21bo_1)
     1    0.00    0.05    0.10    2.35 ^ _213_/X (sky130_fd_sc_hd__a21bo_1)
                                         net21 (net)
                  0.05    0.00    2.35 ^ output21/A (sky130_fd_sc_hd__buf_6)
     1    0.03    0.08    0.12    2.47 ^ output21/X (sky130_fd_sc_hd__buf_6)
                                         cout (net)
                  0.08    0.00    2.47 ^ cout (out)
                                  2.47   data arrival time

                  0.00    0.00    0.00   clock __VIRTUAL_CLK__ (rise edge)
                          0.00    0.00   clock network delay (ideal)
                          0.25    0.25   clock uncertainty
                          0.00    0.25   clock reconvergence pessimism
                         -2.00   -1.75   output external delay
                                 -1.75   data required time
-----------------------------------------------------------------------------
                                 -1.75   data required time
                                 -2.47   data arrival time
-----------------------------------------------------------------------------
                                  4.22   slack (MET)


Startpoint: b[7] (input port clocked by __VIRTUAL_CLK__)
Endpoint: result[7] (output port clocked by __VIRTUAL_CLK__)
Path Group: __VIRTUAL_CLK__
Path Type: min

Fanout     Cap    Slew   Delay    Time   Description
-----------------------------------------------------------------------------
                  0.00    0.00    0.00   clock __VIRTUAL_CLK__ (rise edge)
                          0.00    0.00   clock network delay (ideal)
                          2.00    2.00 v input external delay
     1    0.00    0.01    0.00    2.00 v b[7] (in)
                                         b[7] (net)
                  0.01    0.00    2.00 v input16/A (sky130_fd_sc_hd__buf_1)
     4    0.01    0.05    0.09    2.09 v input16/X (sky130_fd_sc_hd__buf_1)
                                         net16 (net)
                  0.05    0.00    2.09 v _204_/B1 (sky130_fd_sc_hd__o21ai_1)
     1    0.00    0.07    0.07    2.16 ^ _204_/Y (sky130_fd_sc_hd__o21ai_1)
                                         _027_ (net)
                  0.07    0.00    2.16 ^ _209_/A3 (sky130_fd_sc_hd__a31o_1)
     1    0.00    0.04    0.13    2.29 ^ _209_/X (sky130_fd_sc_hd__a31o_1)
                                         alu7.result (net)
                  0.04    0.00    2.29 ^ _226_/A (sky130_fd_sc_hd__clkbuf_1)
     1    0.00    0.07    0.09    2.38 ^ _226_/X (sky130_fd_sc_hd__clkbuf_1)
                                         net29 (net)
                  0.07    0.00    2.38 ^ output29/A (sky130_fd_sc_hd__buf_6)
     1    0.03    0.08    0.13    2.50 ^ output29/X (sky130_fd_sc_hd__buf_6)
                                         result[7] (net)
                  0.08    0.00    2.50 ^ result[7] (out)
                                  2.50   data arrival time

                  0.00    0.00    0.00   clock __VIRTUAL_CLK__ (rise edge)
                          0.00    0.00   clock network delay (ideal)
                          0.25    0.25   clock uncertainty
                          0.00    0.25   clock reconvergence pessimism
                         -2.00   -1.75   output external delay
                                 -1.75   data required time
-----------------------------------------------------------------------------
                                 -1.75   data required time
                                 -2.50   data arrival time
-----------------------------------------------------------------------------
                                  4.25   slack (MET)


Startpoint: op[2] (input port clocked by __VIRTUAL_CLK__)
Endpoint: result[2] (output port clocked by __VIRTUAL_CLK__)
Path Group: __VIRTUAL_CLK__
Path Type: min

Fanout     Cap    Slew   Delay    Time   Description
-----------------------------------------------------------------------------
                  0.00    0.00    0.00   clock __VIRTUAL_CLK__ (rise edge)
                          0.00    0.00   clock network delay (ideal)
                          2.00    2.00 ^ input external delay
     1    0.00    0.03    0.02    2.02 ^ op[2] (in)
                                         op[2] (net)
                  0.03    0.00    2.02 ^ input20/A (sky130_fd_sc_hd__buf_6)
     6    0.02    0.05    0.09    2.11 ^ input20/X (sky130_fd_sc_hd__buf_6)
                                         net20 (net)
                  0.05    0.00    2.11 ^ _141_/A1_N (sky130_fd_sc_hd__o2bb2a_1)
     1    0.00    0.04    0.19    2.30 v _141_/X (sky130_fd_sc_hd__o2bb2a_1)
                                         alu2.result (net)
                  0.04    0.00    2.30 v _221_/A (sky130_fd_sc_hd__clkbuf_1)
     1    0.00    0.02    0.07    2.37 v _221_/X (sky130_fd_sc_hd__clkbuf_1)
                                         net24 (net)
                  0.02    0.00    2.37 v output24/A (sky130_fd_sc_hd__buf_2)
     1    0.03    0.09    0.16    2.54 v output24/X (sky130_fd_sc_hd__buf_2)
                                         result[2] (net)
                  0.09    0.00    2.54 v result[2] (out)
                                  2.54   data arrival time

                  0.00    0.00    0.00   clock __VIRTUAL_CLK__ (rise edge)
                          0.00    0.00   clock network delay (ideal)
                          0.25    0.25   clock uncertainty
                          0.00    0.25   clock reconvergence pessimism
                         -2.00   -1.75   output external delay
                                 -1.75   data required time
-----------------------------------------------------------------------------
                                 -1.75   data required time
                                 -2.54   data arrival time
-----------------------------------------------------------------------------
                                  4.29   slack (MET)


Startpoint: b[0] (input port clocked by __VIRTUAL_CLK__)
Endpoint: result[0] (output port clocked by __VIRTUAL_CLK__)
Path Group: __VIRTUAL_CLK__
Path Type: min

Fanout     Cap    Slew   Delay    Time   Description
-----------------------------------------------------------------------------
                  0.00    0.00    0.00   clock __VIRTUAL_CLK__ (rise edge)
                          0.00    0.00   clock network delay (ideal)
                          2.00    2.00 v input external delay
     1    0.00    0.01    0.00    2.00 v b[0] (in)
                                         b[0] (net)
                  0.01    0.00    2.00 v input9/A (sky130_fd_sc_hd__buf_1)
     5    0.01    0.08    0.11    2.11 v input9/X (sky130_fd_sc_hd__buf_1)
                                         net9 (net)
                  0.08    0.00    2.11 v _108_/B1 (sky130_fd_sc_hd__a21oi_2)
     2    0.01    0.12    0.13    2.25 ^ _108_/Y (sky130_fd_sc_hd__a21oi_2)
                                         _042_ (net)
                  0.12    0.00    2.25 ^ _218_/A1 (sky130_fd_sc_hd__o21bai_1)
     1    0.00    0.03    0.08    2.32 v _218_/Y (sky130_fd_sc_hd__o21bai_1)
                                         alu0.result (net)
                  0.03    0.00    2.32 v _219_/A (sky130_fd_sc_hd__clkbuf_1)
     1    0.00    0.02    0.07    2.39 v _219_/X (sky130_fd_sc_hd__clkbuf_1)
                                         net22 (net)
                  0.02    0.00    2.39 v output22/A (sky130_fd_sc_hd__buf_2)
     1    0.03    0.09    0.16    2.55 v output22/X (sky130_fd_sc_hd__buf_2)
                                         result[0] (net)
                  0.09    0.00    2.55 v result[0] (out)
                                  2.55   data arrival time

                  0.00    0.00    0.00   clock __VIRTUAL_CLK__ (rise edge)
                          0.00    0.00   clock network delay (ideal)
                          0.25    0.25   clock uncertainty
                          0.00    0.25   clock reconvergence pessimism
                         -2.00   -1.75   output external delay
                                 -1.75   data required time
-----------------------------------------------------------------------------
                                 -1.75   data required time
                                 -2.55   data arrival time
-----------------------------------------------------------------------------
                                  4.30   slack (MET)


Startpoint: b[3] (input port clocked by __VIRTUAL_CLK__)
Endpoint: result[3] (output port clocked by __VIRTUAL_CLK__)
Path Group: __VIRTUAL_CLK__
Path Type: min

Fanout     Cap    Slew   Delay    Time   Description
-----------------------------------------------------------------------------
                  0.00    0.00    0.00   clock __VIRTUAL_CLK__ (rise edge)
                          0.00    0.00   clock network delay (ideal)
                          2.00    2.00 v input external delay
     1    0.00    0.01    0.00    2.00 v b[3] (in)
                                         b[3] (net)
                  0.01    0.00    2.00 v input12/A (sky130_fd_sc_hd__buf_1)
     5    0.01    0.08    0.11    2.11 v input12/X (sky130_fd_sc_hd__buf_1)
                                         net12 (net)
                  0.08    0.00    2.11 v _149_/A (sky130_fd_sc_hd__nand2_1)
     1    0.00    0.04    0.06    2.17 ^ _149_/Y (sky130_fd_sc_hd__nand2_1)
                                         _081_ (net)
                  0.04    0.00    2.17 ^ _154_/A3 (sky130_fd_sc_hd__a32o_1)
     1    0.00    0.04    0.14    2.31 ^ _154_/X (sky130_fd_sc_hd__a32o_1)
                                         alu3.result (net)
                  0.04    0.00    2.31 ^ _222_/A (sky130_fd_sc_hd__clkbuf_1)
     1    0.00    0.04    0.07    2.38 ^ _222_/X (sky130_fd_sc_hd__clkbuf_1)
                                         net25 (net)
                  0.04    0.00    2.38 ^ output25/A (sky130_fd_sc_hd__clkbuf_4)
     1    0.03    0.11    0.17    2.55 ^ output25/X (sky130_fd_sc_hd__clkbuf_4)
                                         result[3] (net)
                  0.11    0.00    2.55 ^ result[3] (out)
                                  2.55   data arrival time

                  0.00    0.00    0.00   clock __VIRTUAL_CLK__ (rise edge)
                          0.00    0.00   clock network delay (ideal)
                          0.25    0.25   clock uncertainty
                          0.00    0.25   clock reconvergence pessimism
                         -2.00   -1.75   output external delay
                                 -1.75   data required time
-----------------------------------------------------------------------------
                                 -1.75   data required time
                                 -2.55   data arrival time
-----------------------------------------------------------------------------
                                  4.30   slack (MET)


Startpoint: b[1] (input port clocked by __VIRTUAL_CLK__)
Endpoint: result[1] (output port clocked by __VIRTUAL_CLK__)
Path Group: __VIRTUAL_CLK__
Path Type: min

Fanout     Cap    Slew   Delay    Time   Description
-----------------------------------------------------------------------------
                  0.00    0.00    0.00   clock __VIRTUAL_CLK__ (rise edge)
                          0.00    0.00   clock network delay (ideal)
                          2.00    2.00 v input external delay
     1    0.00    0.01    0.00    2.00 v b[1] (in)
                                         b[1] (net)
                  0.01    0.00    2.00 v input10/A (sky130_fd_sc_hd__buf_1)
     5    0.01    0.08    0.11    2.11 v input10/X (sky130_fd_sc_hd__buf_1)
                                         net10 (net)
                  0.08    0.00    2.11 v _117_/A (sky130_fd_sc_hd__nand2_1)
     1    0.00    0.04    0.06    2.17 ^ _117_/Y (sky130_fd_sc_hd__nand2_1)
                                         _051_ (net)
                  0.04    0.00    2.17 ^ _127_/A2 (sky130_fd_sc_hd__a32o_1)
     1    0.00    0.04    0.14    2.31 ^ _127_/X (sky130_fd_sc_hd__a32o_1)
                                         alu1.result (net)
                  0.04    0.00    2.31 ^ _220_/A (sky130_fd_sc_hd__clkbuf_1)
     1    0.00    0.03    0.07    2.37 ^ _220_/X (sky130_fd_sc_hd__clkbuf_1)
                                         net23 (net)
                  0.03    0.00    2.37 ^ output23/A (sky130_fd_sc_hd__buf_2)
     1    0.03    0.17    0.18    2.56 ^ output23/X (sky130_fd_sc_hd__buf_2)
                                         result[1] (net)
                  0.17    0.00    2.56 ^ result[1] (out)
                                  2.56   data arrival time

                  0.00    0.00    0.00   clock __VIRTUAL_CLK__ (rise edge)
                          0.00    0.00   clock network delay (ideal)
                          0.25    0.25   clock uncertainty
                          0.00    0.25   clock reconvergence pessimism
                         -2.00   -1.75   output external delay
                                 -1.75   data required time
-----------------------------------------------------------------------------
                                 -1.75   data required time
                                 -2.56   data arrival time
-----------------------------------------------------------------------------
                                  4.31   slack (MET)


Startpoint: b[5] (input port clocked by __VIRTUAL_CLK__)
Endpoint: result[5] (output port clocked by __VIRTUAL_CLK__)
Path Group: __VIRTUAL_CLK__
Path Type: min

Fanout     Cap    Slew   Delay    Time   Description
-----------------------------------------------------------------------------
                  0.00    0.00    0.00   clock __VIRTUAL_CLK__ (rise edge)
                          0.00    0.00   clock network delay (ideal)
                          2.00    2.00 v input external delay
     1    0.00    0.01    0.00    2.00 v b[5] (in)
                                         b[5] (net)
                  0.01    0.00    2.00 v input14/A (sky130_fd_sc_hd__buf_1)
     5    0.01    0.07    0.11    2.11 v input14/X (sky130_fd_sc_hd__buf_1)
                                         net14 (net)
                  0.07    0.00    2.11 v _177_/A (sky130_fd_sc_hd__nand2_1)
     1    0.00    0.04    0.06    2.17 ^ _177_/Y (sky130_fd_sc_hd__nand2_1)
                                         _002_ (net)
                  0.04    0.00    2.17 ^ _182_/A3 (sky130_fd_sc_hd__a32o_1)
     1    0.00    0.04    0.14    2.31 ^ _182_/X (sky130_fd_sc_hd__a32o_1)
                                         alu5.result (net)
                  0.04    0.00    2.31 ^ _224_/A (sky130_fd_sc_hd__clkbuf_1)
     1    0.00    0.03    0.07    2.38 ^ _224_/X (sky130_fd_sc_hd__clkbuf_1)
                                         net27 (net)
                  0.03    0.00    2.38 ^ output27/A (sky130_fd_sc_hd__buf_2)
     1    0.03    0.17    0.18    2.56 ^ output27/X (sky130_fd_sc_hd__buf_2)
                                         result[5] (net)
                  0.17    0.00    2.56 ^ result[5] (out)
                                  2.56   data arrival time

                  0.00    0.00    0.00   clock __VIRTUAL_CLK__ (rise edge)
                          0.00    0.00   clock network delay (ideal)
                          0.25    0.25   clock uncertainty
                          0.00    0.25   clock reconvergence pessimism
                         -2.00   -1.75   output external delay
                                 -1.75   data required time
-----------------------------------------------------------------------------
                                 -1.75   data required time
                                 -2.56   data arrival time
-----------------------------------------------------------------------------
                                  4.31   slack (MET)


Startpoint: op[1] (input port clocked by __VIRTUAL_CLK__)
Endpoint: result[4] (output port clocked by __VIRTUAL_CLK__)
Path Group: __VIRTUAL_CLK__
Path Type: min

Fanout     Cap    Slew   Delay    Time   Description
-----------------------------------------------------------------------------
                  0.00    0.00    0.00   clock __VIRTUAL_CLK__ (rise edge)
                          0.00    0.00   clock network delay (ideal)
                          2.00    2.00 ^ input external delay
     1    0.00    0.03    0.02    2.02 ^ op[1] (in)
                                         op[1] (net)
                  0.03    0.00    2.02 ^ input19/A (sky130_fd_sc_hd__buf_6)
     4    0.02    0.04    0.09    2.10 ^ input19/X (sky130_fd_sc_hd__buf_6)
                                         net19 (net)
                  0.04    0.00    2.10 ^ _105_/B (sky130_fd_sc_hd__nor2_4)
     7    0.02    0.03    0.04    2.15 v _105_/Y (sky130_fd_sc_hd__nor2_4)
                                         _039_ (net)
                  0.03    0.00    2.15 v _167_/A1 (sky130_fd_sc_hd__a32o_1)
     1    0.00    0.04    0.19    2.34 v _167_/X (sky130_fd_sc_hd__a32o_1)
                                         alu4.result (net)
                  0.04    0.00    2.34 v _223_/A (sky130_fd_sc_hd__clkbuf_1)
     1    0.00    0.02    0.07    2.41 v _223_/X (sky130_fd_sc_hd__clkbuf_1)
                                         net26 (net)
                  0.02    0.00    2.41 v output26/A (sky130_fd_sc_hd__buf_2)
     1    0.03    0.09    0.16    2.57 v output26/X (sky130_fd_sc_hd__buf_2)
                                         result[4] (net)
                  0.09    0.00    2.57 v result[4] (out)
                                  2.57   data arrival time

                  0.00    0.00    0.00   clock __VIRTUAL_CLK__ (rise edge)
                          0.00    0.00   clock network delay (ideal)
                          0.25    0.25   clock uncertainty
                          0.00    0.25   clock reconvergence pessimism
                         -2.00   -1.75   output external delay
                                 -1.75   data required time
-----------------------------------------------------------------------------
                                 -1.75   data required time
                                 -2.57   data arrival time
-----------------------------------------------------------------------------
                                  4.32   slack (MET)


Startpoint: op[1] (input port clocked by __VIRTUAL_CLK__)
Endpoint: result[6] (output port clocked by __VIRTUAL_CLK__)
Path Group: __VIRTUAL_CLK__
Path Type: min

Fanout     Cap    Slew   Delay    Time   Description
-----------------------------------------------------------------------------
                  0.00    0.00    0.00   clock __VIRTUAL_CLK__ (rise edge)
                          0.00    0.00   clock network delay (ideal)
                          2.00    2.00 ^ input external delay
     1    0.00    0.03    0.02    2.02 ^ op[1] (in)
                                         op[1] (net)
                  0.03    0.00    2.02 ^ input19/A (sky130_fd_sc_hd__buf_6)
     4    0.02    0.04    0.09    2.10 ^ input19/X (sky130_fd_sc_hd__buf_6)
                                         net19 (net)
                  0.04    0.00    2.10 ^ _105_/B (sky130_fd_sc_hd__nor2_4)
     7    0.02    0.03    0.04    2.15 v _105_/Y (sky130_fd_sc_hd__nor2_4)
                                         _039_ (net)
                  0.03    0.00    2.15 v _195_/A1 (sky130_fd_sc_hd__a32o_1)
     1    0.00    0.04    0.19    2.34 v _195_/X (sky130_fd_sc_hd__a32o_1)
                                         alu6.result (net)
                  0.04    0.00    2.34 v _225_/A (sky130_fd_sc_hd__clkbuf_1)
     1    0.00    0.02    0.07    2.41 v _225_/X (sky130_fd_sc_hd__clkbuf_1)
                                         net28 (net)
                  0.02    0.00    2.41 v output28/A (sky130_fd_sc_hd__buf_2)
     1    0.03    0.09    0.16    2.57 v output28/X (sky130_fd_sc_hd__buf_2)
                                         result[6] (net)
                  0.09    0.00    2.57 v result[6] (out)
                                  2.57   data arrival time

                  0.00    0.00    0.00   clock __VIRTUAL_CLK__ (rise edge)
                          0.00    0.00   clock network delay (ideal)
                          0.25    0.25   clock uncertainty
                          0.00    0.25   clock reconvergence pessimism
                         -2.00   -1.75   output external delay
                                 -1.75   data required time
-----------------------------------------------------------------------------
                                 -1.75   data required time
                                 -2.57   data arrival time
-----------------------------------------------------------------------------
                                  4.32   slack (MET)



worst slack corner Typical: 4.2164
