
===========================================================================
 report_power
============================================================================
======================= Fastest Corner ===================================

Group                  Internal  Switching    Leakage      Total
                          Power      Power      Power      Power (Watts)
----------------------------------------------------------------
Sequential             0.00e+00   0.00e+00   0.00e+00   0.00e+00   0.0%
Combinational          2.89e-05   3.79e-05   8.91e-10   6.69e-05 100.0%
Clock                  0.00e+00   0.00e+00   2.26e-10   2.26e-10   0.0%
Macro                  0.00e+00   0.00e+00   0.00e+00   0.00e+00   0.0%
Pad                    0.00e+00   0.00e+00   0.00e+00   0.00e+00   0.0%
----------------------------------------------------------------
Total                  2.89e-05   3.79e-05   1.12e-09   6.69e-05 100.0%
                          43.3%      56.7%       0.0%

======================= Slowest Corner ===================================

Group                  Internal  Switching    Leakage      Total
                          Power      Power      Power      Power (Watts)
----------------------------------------------------------------
Sequential             0.00e+00   0.00e+00   0.00e+00   0.00e+00   0.0%
Combinational          2.13e-05   2.51e-05   8.63e-07   4.73e-05 100.0%
Clock                  0.00e+00   0.00e+00   2.26e-10   2.26e-10   0.0%
Macro                  0.00e+00   0.00e+00   0.00e+00   0.00e+00   0.0%
Pad                    0.00e+00   0.00e+00   0.00e+00   0.00e+00   0.0%
----------------------------------------------------------------
Total                  2.13e-05   2.51e-05   8.63e-07   4.73e-05 100.0%
                          45.1%      53.1%       1.8%

======================= Typical Corner ===================================

Group                  Internal  Switching    Leakage      Total
                          Power      Power      Power      Power (Watts)
----------------------------------------------------------------
Sequential             0.00e+00   0.00e+00   0.00e+00   0.00e+00   0.0%
Combinational          2.62e-05   3.20e-05   5.21e-10   5.82e-05 100.0%
Clock                  0.00e+00   0.00e+00   2.26e-10   2.26e-10   0.0%
Macro                  0.00e+00   0.00e+00   0.00e+00   0.00e+00   0.0%
Pad                    0.00e+00   0.00e+00   0.00e+00   0.00e+00   0.0%
----------------------------------------------------------------
Total                  2.62e-05   3.20e-05   7.46e-10   5.82e-05 100.0%
                          45.0%      55.0%       0.0%

