
===========================================================================
 report_power
============================================================================
======================= Fastest Corner ===================================

Group                  Internal  Switching    Leakage      Total
                          Power      Power      Power      Power (Watts)
----------------------------------------------------------------
Sequential             0.00e+00   0.00e+00   0.00e+00   0.00e+00   0.0%
Combinational          2.82e-05   3.61e-05   8.76e-10   6.43e-05 100.0%
Clock                  0.00e+00   0.00e+00   2.82e-10   2.82e-10   0.0%
Macro                  0.00e+00   0.00e+00   0.00e+00   0.00e+00   0.0%
Pad                    0.00e+00   0.00e+00   0.00e+00   0.00e+00   0.0%
----------------------------------------------------------------
Total                  2.82e-05   3.61e-05   1.16e-09   6.43e-05 100.0%
                          43.8%      56.2%       0.0%

======================= Slowest Corner ===================================

Group                  Internal  Switching    Leakage      Total
                          Power      Power      Power      Power (Watts)
----------------------------------------------------------------
Sequential             0.00e+00   0.00e+00   0.00e+00   0.00e+00   0.0%
Combinational          2.08e-05   2.39e-05   8.13e-07   4.55e-05 100.0%
Clock                  0.00e+00   0.00e+00   2.82e-10   2.82e-10   0.0%
Macro                  0.00e+00   0.00e+00   0.00e+00   0.00e+00   0.0%
Pad                    0.00e+00   0.00e+00   0.00e+00   0.00e+00   0.0%
----------------------------------------------------------------
Total                  2.08e-05   2.39e-05   8.13e-07   4.55e-05 100.0%
                          45.6%      52.6%       1.8%

======================= Typical Corner ===================================

Group                  Internal  Switching    Leakage      Total
                          Power      Power      Power      Power (Watts)
----------------------------------------------------------------
Sequential             0.00e+00   0.00e+00   0.00e+00   0.00e+00   0.0%
Combinational          2.55e-05   3.05e-05   5.02e-10   5.60e-05 100.0%
Clock                  0.00e+00   0.00e+00   2.82e-10   2.82e-10   0.0%
Macro                  0.00e+00   0.00e+00   0.00e+00   0.00e+00   0.0%
Pad                    0.00e+00   0.00e+00   0.00e+00   0.00e+00   0.0%
----------------------------------------------------------------
Total                  2.55e-05   3.05e-05   7.84e-10   5.60e-05 100.0%
                          45.6%      54.4%       0.0%

