
===========================================================================
report_checks -unconstrained
===========================================================================
======================= Fastest Corner ===================================

Startpoint: op[2] (input port clocked by __VIRTUAL_CLK__)
Endpoint: result[7] (output port clocked by __VIRTUAL_CLK__)
Path Group: __VIRTUAL_CLK__
Path Type: max
Corner: Fastest

Fanout     Cap    Slew   Delay    Time   Description
-----------------------------------------------------------------------------
                  0.00    0.00    0.00   clock __VIRTUAL_CLK__ (rise edge)
                          0.00    0.00   clock network delay (ideal)
                          2.00    2.00 v input external delay
     1    0.00    0.01    0.00    2.00 v op[2] (in)
                                         op[2] (net)
                  0.01    0.00    2.00 v input20/A (sky130_fd_sc_hd__buf_6)
     6    0.02    0.03    0.08    2.08 v input20/X (sky130_fd_sc_hd__buf_6)
                                         net20 (net)
                  0.03    0.00    2.08 v _105_/A (sky130_fd_sc_hd__nor2_4)
     7    0.04    0.18    0.17    2.25 ^ _105_/Y (sky130_fd_sc_hd__nor2_4)
                                         _039_ (net)
                  0.18    0.00    2.25 ^ _109_/B (sky130_fd_sc_hd__nand2_4)
     8    0.04    0.08    0.08    2.34 v _109_/Y (sky130_fd_sc_hd__nand2_4)
                                         _043_ (net)
                  0.08    0.00    2.34 v _115_/A2 (sky130_fd_sc_hd__o32a_4)
     3    0.03    0.06    0.27    2.61 v _115_/X (sky130_fd_sc_hd__o32a_4)
                                         _049_ (net)
                  0.06    0.00    2.61 v _116_/B (sky130_fd_sc_hd__xnor2_4)
     3    0.01    0.11    0.12    2.74 ^ _116_/Y (sky130_fd_sc_hd__xnor2_4)
                                         _050_ (net)
                  0.11    0.00    2.74 ^ _129_/A2 (sky130_fd_sc_hd__o21ai_2)
     4    0.01    0.05    0.05    2.79 v _129_/Y (sky130_fd_sc_hd__o21ai_2)
                                         _062_ (net)
                  0.05    0.00    2.79 v _143_/A2 (sky130_fd_sc_hd__a31o_1)
     1    0.00    0.03    0.15    2.94 v _143_/X (sky130_fd_sc_hd__a31o_1)
                                         _075_ (net)
                  0.03    0.00    2.94 v _146_/A2 (sky130_fd_sc_hd__o22a_4)
     3    0.02    0.04    0.16    3.10 v _146_/X (sky130_fd_sc_hd__o22a_4)
                                         _078_ (net)
                  0.04    0.00    3.10 v _157_/A2 (sky130_fd_sc_hd__a21oi_2)
     1    0.00    0.06    0.09    3.19 ^ _157_/Y (sky130_fd_sc_hd__a21oi_2)
                                         _088_ (net)
                  0.06    0.00    3.19 ^ _158_/A (sky130_fd_sc_hd__nand2_1)
     2    0.01    0.04    0.05    3.24 v _158_/Y (sky130_fd_sc_hd__nand2_1)
                                         _089_ (net)
                  0.04    0.00    3.24 v rebuffer1/A (sky130_fd_sc_hd__clkbuf_2)
     3    0.01    0.03    0.08    3.32 v rebuffer1/X (sky130_fd_sc_hd__clkbuf_2)
                                         net30 (net)
                  0.03    0.00    3.32 v _169_/A2 (sky130_fd_sc_hd__a21o_1)
     1    0.00    0.02    0.11    3.43 v _169_/X (sky130_fd_sc_hd__a21o_1)
                                         _099_ (net)
                  0.02    0.00    3.43 v _170_/A1 (sky130_fd_sc_hd__a211o_1)
     3    0.01    0.05    0.18    3.61 v _170_/X (sky130_fd_sc_hd__a211o_1)
                                         _100_ (net)
                  0.05    0.00    3.61 v _185_/B (sky130_fd_sc_hd__and3_1)
     1    0.00    0.03    0.12    3.73 v _185_/X (sky130_fd_sc_hd__and3_1)
                                         _009_ (net)
                  0.03    0.00    3.73 v _186_/B (sky130_fd_sc_hd__or3b_4)
     4    0.01    0.05    0.24    3.97 v _186_/X (sky130_fd_sc_hd__or3b_4)
                                         _010_ (net)
                  0.05    0.00    3.97 v _197_/A2 (sky130_fd_sc_hd__a21o_1)
     1    0.00    0.03    0.13    4.10 v _197_/X (sky130_fd_sc_hd__a21o_1)
                                         _020_ (net)
                  0.03    0.00    4.10 v _198_/A2 (sky130_fd_sc_hd__a211o_1)
     3    0.01    0.05    0.21    4.31 v _198_/X (sky130_fd_sc_hd__a211o_1)
                                         _021_ (net)
                  0.05    0.00    4.31 v _201_/B (sky130_fd_sc_hd__and3_1)
     3    0.01    0.05    0.14    4.44 v _201_/X (sky130_fd_sc_hd__and3_1)
                                         _024_ (net)
                  0.05    0.00    4.44 v _203_/C (sky130_fd_sc_hd__or3_4)
     2    0.01    0.05    0.21    4.65 v _203_/X (sky130_fd_sc_hd__or3_4)
                                         _026_ (net)
                  0.05    0.00    4.65 v _209_/A1 (sky130_fd_sc_hd__a31o_1)
     1    0.00    0.03    0.12    4.77 v _209_/X (sky130_fd_sc_hd__a31o_1)
                                         alu7.result (net)
                  0.03    0.00    4.77 v _226_/A (sky130_fd_sc_hd__clkbuf_1)
     1    0.00    0.02    0.06    4.84 v _226_/X (sky130_fd_sc_hd__clkbuf_1)
                                         net29 (net)
                  0.02    0.00    4.84 v output29/A (sky130_fd_sc_hd__buf_6)
     1    0.03    0.03    0.09    4.93 v output29/X (sky130_fd_sc_hd__buf_6)
                                         result[7] (net)
                  0.03    0.00    4.93 v result[7] (out)
                                  4.93   data arrival time

                  0.00   10.00   10.00   clock __VIRTUAL_CLK__ (rise edge)
                          0.00   10.00   clock network delay (ideal)
                         -0.25    9.75   clock uncertainty
                          0.00    9.75   clock reconvergence pessimism
                         -2.00    7.75   output external delay
                                  7.75   data required time
-----------------------------------------------------------------------------
                                  7.75   data required time
                                 -4.93   data arrival time
-----------------------------------------------------------------------------
                                  2.82   slack (MET)



======================= Slowest Corner ===================================

Startpoint: op[2] (input port clocked by __VIRTUAL_CLK__)
Endpoint: result[7] (output port clocked by __VIRTUAL_CLK__)
Path Group: __VIRTUAL_CLK__
Path Type: max
Corner: Slowest

Fanout     Cap    Slew   Delay    Time   Description
-----------------------------------------------------------------------------
                  0.00    0.00    0.00   clock __VIRTUAL_CLK__ (rise edge)
                          0.00    0.00   clock network delay (ideal)
                          2.00    2.00 v input external delay
     1    0.00    0.03    0.02    2.02 v op[2] (in)
                                         op[2] (net)
                  0.03    0.00    2.02 v input20/A (sky130_fd_sc_hd__buf_6)
     6    0.02    0.06    0.22    2.24 v input20/X (sky130_fd_sc_hd__buf_6)
                                         net20 (net)
                  0.06    0.00    2.24 v _105_/A (sky130_fd_sc_hd__nor2_4)
     7    0.04    0.39    0.40    2.64 ^ _105_/Y (sky130_fd_sc_hd__nor2_4)
                                         _039_ (net)
                  0.39    0.00    2.64 ^ _109_/B (sky130_fd_sc_hd__nand2_4)
     8    0.04    0.21    0.33    2.96 v _109_/Y (sky130_fd_sc_hd__nand2_4)
                                         _043_ (net)
                  0.21    0.00    2.97 v _115_/A2 (sky130_fd_sc_hd__o32a_4)
     3    0.03    0.18    0.83    3.79 v _115_/X (sky130_fd_sc_hd__o32a_4)
                                         _049_ (net)
                  0.18    0.00    3.79 v _130_/A2 (sky130_fd_sc_hd__a21oi_2)
     1    0.00    0.14    0.28    4.07 ^ _130_/Y (sky130_fd_sc_hd__a21oi_2)
                                         _063_ (net)
                  0.14    0.00    4.07 ^ _131_/A (sky130_fd_sc_hd__nand2_1)
     4    0.01    0.20    0.24    4.31 v _131_/Y (sky130_fd_sc_hd__nand2_1)
                                         _064_ (net)
                  0.20    0.00    4.31 v _145_/A1 (sky130_fd_sc_hd__a32o_1)
     1    0.01    0.09    0.49    4.80 v _145_/X (sky130_fd_sc_hd__a32o_1)
                                         _077_ (net)
                  0.09    0.00    4.80 v _146_/B2 (sky130_fd_sc_hd__o22a_4)
     3    0.02    0.12    0.44    5.25 v _146_/X (sky130_fd_sc_hd__o22a_4)
                                         _078_ (net)
                  0.12    0.00    5.25 v _147_/B (sky130_fd_sc_hd__xnor2_2)
     2    0.01    0.24    0.28    5.52 ^ _147_/Y (sky130_fd_sc_hd__xnor2_2)
                                         _079_ (net)
                  0.24    0.00    5.52 ^ _156_/A2 (sky130_fd_sc_hd__o21ai_2)
     4    0.01    0.13    0.21    5.74 v _156_/Y (sky130_fd_sc_hd__o21ai_2)
                                         _087_ (net)
                  0.13    0.00    5.74 v _171_/A (sky130_fd_sc_hd__and3_1)
     1    0.00    0.07    0.33    6.07 v _171_/X (sky130_fd_sc_hd__and3_1)
                                         _101_ (net)
                  0.07    0.00    6.07 v _172_/B (sky130_fd_sc_hd__or3b_4)
     3    0.01    0.13    0.78    6.84 v _172_/X (sky130_fd_sc_hd__or3b_4)
                                         _102_ (net)
                  0.13    0.00    6.84 v _185_/A (sky130_fd_sc_hd__and3_1)
     1    0.00    0.08    0.34    7.19 v _185_/X (sky130_fd_sc_hd__and3_1)
                                         _009_ (net)
                  0.08    0.00    7.19 v _186_/B (sky130_fd_sc_hd__or3b_4)
     4    0.01    0.13    0.79    7.98 v _186_/X (sky130_fd_sc_hd__or3b_4)
                                         _010_ (net)
                  0.13    0.00    7.98 v _199_/A (sky130_fd_sc_hd__and3_1)
     1    0.00    0.07    0.34    8.31 v _199_/X (sky130_fd_sc_hd__and3_1)
                                         _022_ (net)
                  0.07    0.00    8.31 v _200_/B (sky130_fd_sc_hd__or3b_4)
     3    0.01    0.13    0.78    9.10 v _200_/X (sky130_fd_sc_hd__or3b_4)
                                         _023_ (net)
                  0.13    0.00    9.10 v _201_/A (sky130_fd_sc_hd__and3_1)
     3    0.01    0.12    0.39    9.49 v _201_/X (sky130_fd_sc_hd__and3_1)
                                         _024_ (net)
                  0.12    0.00    9.49 v _203_/C (sky130_fd_sc_hd__or3_4)
     2    0.01    0.13    0.72   10.21 v _203_/X (sky130_fd_sc_hd__or3_4)
                                         _026_ (net)
                  0.13    0.00   10.21 v _209_/A1 (sky130_fd_sc_hd__a31o_1)
     1    0.00    0.06    0.35   10.56 v _209_/X (sky130_fd_sc_hd__a31o_1)
                                         alu7.result (net)
                  0.06    0.00   10.56 v _226_/A (sky130_fd_sc_hd__clkbuf_1)
     1    0.00    0.07    0.18   10.74 v _226_/X (sky130_fd_sc_hd__clkbuf_1)
                                         net29 (net)
                  0.07    0.00   10.75 v output29/A (sky130_fd_sc_hd__buf_6)
     1    0.03    0.08    0.26   11.00 v output29/X (sky130_fd_sc_hd__buf_6)
                                         result[7] (net)
                  0.08    0.00   11.00 v result[7] (out)
                                 11.00   data arrival time

                  0.00   10.00   10.00   clock __VIRTUAL_CLK__ (rise edge)
                          0.00   10.00   clock network delay (ideal)
                         -0.25    9.75   clock uncertainty
                          0.00    9.75   clock reconvergence pessimism
                         -2.00    7.75   output external delay
                                  7.75   data required time
-----------------------------------------------------------------------------
                                  7.75   data required time
                                -11.00   data arrival time
-----------------------------------------------------------------------------
                                 -3.25   slack (VIOLATED)



======================= Typical Corner ===================================

Startpoint: op[2] (input port clocked by __VIRTUAL_CLK__)
Endpoint: result[7] (output port clocked by __VIRTUAL_CLK__)
Path Group: __VIRTUAL_CLK__
Path Type: max
Corner: Typical

Fanout     Cap    Slew   Delay    Time   Description
-----------------------------------------------------------------------------
                  0.00    0.00    0.00   clock __VIRTUAL_CLK__ (rise edge)
                          0.00    0.00   clock network delay (ideal)
                          2.00    2.00 v input external delay
     1    0.00    0.01    0.01    2.01 v op[2] (in)
                                         op[2] (net)
                  0.01    0.00    2.01 v input20/A (sky130_fd_sc_hd__buf_6)
     6    0.02    0.04    0.12    2.13 v input20/X (sky130_fd_sc_hd__buf_6)
                                         net20 (net)
                  0.04    0.00    2.13 v _105_/A (sky130_fd_sc_hd__nor2_4)
     7    0.04    0.24    0.24    2.37 ^ _105_/Y (sky130_fd_sc_hd__nor2_4)
                                         _039_ (net)
                  0.24    0.00    2.37 ^ _109_/B (sky130_fd_sc_hd__nand2_4)
     8    0.04    0.11    0.15    2.52 v _109_/Y (sky130_fd_sc_hd__nand2_4)
                                         _043_ (net)
                  0.11    0.00    2.52 v _115_/A2 (sky130_fd_sc_hd__o32a_4)
     3    0.03    0.09    0.45    2.96 v _115_/X (sky130_fd_sc_hd__o32a_4)
                                         _049_ (net)
                  0.09    0.00    2.97 v _116_/B (sky130_fd_sc_hd__xnor2_4)
     3    0.01    0.15    0.17    3.14 ^ _116_/Y (sky130_fd_sc_hd__xnor2_4)
                                         _050_ (net)
                  0.15    0.00    3.14 ^ _129_/A2 (sky130_fd_sc_hd__o21ai_2)
     4    0.01    0.07    0.09    3.23 v _129_/Y (sky130_fd_sc_hd__o21ai_2)
                                         _062_ (net)
                  0.07    0.00    3.23 v _145_/A2 (sky130_fd_sc_hd__a32o_1)
     1    0.00    0.05    0.27    3.51 v _145_/X (sky130_fd_sc_hd__a32o_1)
                                         _077_ (net)
                  0.05    0.00    3.51 v _146_/B2 (sky130_fd_sc_hd__o22a_4)
     3    0.02    0.06    0.22    3.73 v _146_/X (sky130_fd_sc_hd__o22a_4)
                                         _078_ (net)
                  0.06    0.00    3.73 v _157_/A2 (sky130_fd_sc_hd__a21oi_2)
     1    0.00    0.08    0.14    3.86 ^ _157_/Y (sky130_fd_sc_hd__a21oi_2)
                                         _088_ (net)
                  0.08    0.00    3.86 ^ _158_/A (sky130_fd_sc_hd__nand2_1)
     2    0.01    0.06    0.08    3.94 v _158_/Y (sky130_fd_sc_hd__nand2_1)
                                         _089_ (net)
                  0.06    0.00    3.94 v rebuffer1/A (sky130_fd_sc_hd__clkbuf_2)
     3    0.01    0.04    0.12    4.06 v rebuffer1/X (sky130_fd_sc_hd__clkbuf_2)
                                         net30 (net)
                  0.04    0.00    4.07 v _169_/A2 (sky130_fd_sc_hd__a21o_1)
     1    0.00    0.03    0.17    4.24 v _169_/X (sky130_fd_sc_hd__a21o_1)
                                         _099_ (net)
                  0.03    0.00    4.24 v _170_/A1 (sky130_fd_sc_hd__a211o_1)
     3    0.01    0.07    0.29    4.53 v _170_/X (sky130_fd_sc_hd__a211o_1)
                                         _100_ (net)
                  0.07    0.00    4.53 v _185_/B (sky130_fd_sc_hd__and3_1)
     1    0.00    0.04    0.18    4.72 v _185_/X (sky130_fd_sc_hd__and3_1)
                                         _009_ (net)
                  0.04    0.00    4.72 v _186_/B (sky130_fd_sc_hd__or3b_4)
     4    0.01    0.08    0.40    5.11 v _186_/X (sky130_fd_sc_hd__or3b_4)
                                         _010_ (net)
                  0.08    0.00    5.12 v _199_/A (sky130_fd_sc_hd__and3_1)
     1    0.00    0.04    0.16    5.27 v _199_/X (sky130_fd_sc_hd__and3_1)
                                         _022_ (net)
                  0.04    0.00    5.27 v _200_/B (sky130_fd_sc_hd__or3b_4)
     3    0.01    0.08    0.40    5.67 v _200_/X (sky130_fd_sc_hd__or3b_4)
                                         _023_ (net)
                  0.08    0.00    5.67 v _201_/A (sky130_fd_sc_hd__and3_1)
     3    0.01    0.06    0.19    5.86 v _201_/X (sky130_fd_sc_hd__and3_1)
                                         _024_ (net)
                  0.06    0.00    5.86 v _203_/C (sky130_fd_sc_hd__or3_4)
     2    0.01    0.07    0.35    6.22 v _203_/X (sky130_fd_sc_hd__or3_4)
                                         _026_ (net)
                  0.07    0.00    6.22 v _209_/A1 (sky130_fd_sc_hd__a31o_1)
     1    0.00    0.03    0.18    6.40 v _209_/X (sky130_fd_sc_hd__a31o_1)
                                         alu7.result (net)
                  0.03    0.00    6.40 v _226_/A (sky130_fd_sc_hd__clkbuf_1)
     1    0.00    0.04    0.10    6.50 v _226_/X (sky130_fd_sc_hd__clkbuf_1)
                                         net29 (net)
                  0.04    0.00    6.50 v output29/A (sky130_fd_sc_hd__buf_6)
     1    0.03    0.04    0.14    6.64 v output29/X (sky130_fd_sc_hd__buf_6)
                                         result[7] (net)
                  0.04    0.00    6.64 v result[7] (out)
                                  6.64   data arrival time

                  0.00   10.00   10.00   clock __VIRTUAL_CLK__ (rise edge)
                          0.00   10.00   clock network delay (ideal)
                         -0.25    9.75   clock uncertainty
                          0.00    9.75   clock reconvergence pessimism
                         -2.00    7.75   output external delay
                                  7.75   data required time
-----------------------------------------------------------------------------
                                  7.75   data required time
                                 -6.64   data arrival time
-----------------------------------------------------------------------------
                                  1.11   slack (MET)




===========================================================================
report_checks --slack_max -0.01
============================================================================
======================= Fastest Corner ===================================

No paths found.

======================= Slowest Corner ===================================

Startpoint: op[2] (input port clocked by __VIRTUAL_CLK__)
Endpoint: result[7] (output port clocked by __VIRTUAL_CLK__)
Path Group: __VIRTUAL_CLK__
Path Type: max
Corner: Slowest

Fanout     Cap    Slew   Delay    Time   Description
-----------------------------------------------------------------------------
                  0.00    0.00    0.00   clock __VIRTUAL_CLK__ (rise edge)
                          0.00    0.00   clock network delay (ideal)
                          2.00    2.00 v input external delay
     1    0.00    0.03    0.02    2.02 v op[2] (in)
                                         op[2] (net)
                  0.03    0.00    2.02 v input20/A (sky130_fd_sc_hd__buf_6)
     6    0.02    0.06    0.22    2.24 v input20/X (sky130_fd_sc_hd__buf_6)
                                         net20 (net)
                  0.06    0.00    2.24 v _105_/A (sky130_fd_sc_hd__nor2_4)
     7    0.04    0.39    0.40    2.64 ^ _105_/Y (sky130_fd_sc_hd__nor2_4)
                                         _039_ (net)
                  0.39    0.00    2.64 ^ _109_/B (sky130_fd_sc_hd__nand2_4)
     8    0.04    0.21    0.33    2.96 v _109_/Y (sky130_fd_sc_hd__nand2_4)
                                         _043_ (net)
                  0.21    0.00    2.97 v _115_/A2 (sky130_fd_sc_hd__o32a_4)
     3    0.03    0.18    0.83    3.79 v _115_/X (sky130_fd_sc_hd__o32a_4)
                                         _049_ (net)
                  0.18    0.00    3.79 v _130_/A2 (sky130_fd_sc_hd__a21oi_2)
     1    0.00    0.14    0.28    4.07 ^ _130_/Y (sky130_fd_sc_hd__a21oi_2)
                                         _063_ (net)
                  0.14    0.00    4.07 ^ _131_/A (sky130_fd_sc_hd__nand2_1)
     4    0.01    0.20    0.24    4.31 v _131_/Y (sky130_fd_sc_hd__nand2_1)
                                         _064_ (net)
                  0.20    0.00    4.31 v _145_/A1 (sky130_fd_sc_hd__a32o_1)
     1    0.01    0.09    0.49    4.80 v _145_/X (sky130_fd_sc_hd__a32o_1)
                                         _077_ (net)
                  0.09    0.00    4.80 v _146_/B2 (sky130_fd_sc_hd__o22a_4)
     3    0.02    0.12    0.44    5.25 v _146_/X (sky130_fd_sc_hd__o22a_4)
                                         _078_ (net)
                  0.12    0.00    5.25 v _147_/B (sky130_fd_sc_hd__xnor2_2)
     2    0.01    0.24    0.28    5.52 ^ _147_/Y (sky130_fd_sc_hd__xnor2_2)
                                         _079_ (net)
                  0.24    0.00    5.52 ^ _156_/A2 (sky130_fd_sc_hd__o21ai_2)
     4    0.01    0.13    0.21    5.74 v _156_/Y (sky130_fd_sc_hd__o21ai_2)
                                         _087_ (net)
                  0.13    0.00    5.74 v _171_/A (sky130_fd_sc_hd__and3_1)
     1    0.00    0.07    0.33    6.07 v _171_/X (sky130_fd_sc_hd__and3_1)
                                         _101_ (net)
                  0.07    0.00    6.07 v _172_/B (sky130_fd_sc_hd__or3b_4)
     3    0.01    0.13    0.78    6.84 v _172_/X (sky130_fd_sc_hd__or3b_4)
                                         _102_ (net)
                  0.13    0.00    6.84 v _185_/A (sky130_fd_sc_hd__and3_1)
     1    0.00    0.08    0.34    7.19 v _185_/X (sky130_fd_sc_hd__and3_1)
                                         _009_ (net)
                  0.08    0.00    7.19 v _186_/B (sky130_fd_sc_hd__or3b_4)
     4    0.01    0.13    0.79    7.98 v _186_/X (sky130_fd_sc_hd__or3b_4)
                                         _010_ (net)
                  0.13    0.00    7.98 v _199_/A (sky130_fd_sc_hd__and3_1)
     1    0.00    0.07    0.34    8.31 v _199_/X (sky130_fd_sc_hd__and3_1)
                                         _022_ (net)
                  0.07    0.00    8.31 v _200_/B (sky130_fd_sc_hd__or3b_4)
     3    0.01    0.13    0.78    9.10 v _200_/X (sky130_fd_sc_hd__or3b_4)
                                         _023_ (net)
                  0.13    0.00    9.10 v _201_/A (sky130_fd_sc_hd__and3_1)
     3    0.01    0.12    0.39    9.49 v _201_/X (sky130_fd_sc_hd__and3_1)
                                         _024_ (net)
                  0.12    0.00    9.49 v _203_/C (sky130_fd_sc_hd__or3_4)
     2    0.01    0.13    0.72   10.21 v _203_/X (sky130_fd_sc_hd__or3_4)
                                         _026_ (net)
                  0.13    0.00   10.21 v _209_/A1 (sky130_fd_sc_hd__a31o_1)
     1    0.00    0.06    0.35   10.56 v _209_/X (sky130_fd_sc_hd__a31o_1)
                                         alu7.result (net)
                  0.06    0.00   10.56 v _226_/A (sky130_fd_sc_hd__clkbuf_1)
     1    0.00    0.07    0.18   10.74 v _226_/X (sky130_fd_sc_hd__clkbuf_1)
                                         net29 (net)
                  0.07    0.00   10.75 v output29/A (sky130_fd_sc_hd__buf_6)
     1    0.03    0.08    0.26   11.00 v output29/X (sky130_fd_sc_hd__buf_6)
                                         result[7] (net)
                  0.08    0.00   11.00 v result[7] (out)
                                 11.00   data arrival time

                  0.00   10.00   10.00   clock __VIRTUAL_CLK__ (rise edge)
                          0.00   10.00   clock network delay (ideal)
                         -0.25    9.75   clock uncertainty
                          0.00    9.75   clock reconvergence pessimism
                         -2.00    7.75   output external delay
                                  7.75   data required time
-----------------------------------------------------------------------------
                                  7.75   data required time
                                -11.00   data arrival time
-----------------------------------------------------------------------------
                                 -3.25   slack (VIOLATED)



======================= Typical Corner ===================================

No paths found.


===========================================================================
 report_check_types -max_slew -max_cap -max_fanout -violators
============================================================================
======================= Fastest Corner ===================================


max slew violations count Fastest: 0
max fanout violations count Fastest: 0
max cap violations count Fastest: 0
======================= Slowest Corner ===================================


max slew violations count Slowest: 0
max fanout violations count Slowest: 0
max cap violations count Slowest: 0
======================= Typical Corner ===================================


max slew violations count Typical: 0
max fanout violations count Typical: 0
max cap violations count Typical: 0

===========================================================================
report_parasitic_annotation -report_unannotated
============================================================================
Found 0 unannotated drivers.
Found 0 partially unannotated drivers.

===========================================================================
max slew violation count 0
max fanout violation count 0
max cap violation count 0
============================================================================

===========================================================================
check_setup -verbose -unconstrained_endpoints -multiple_clock -no_clock -no_input_delay -loops -generated_clocks
===========================================================================
