
===========================================================================
report_checks -unconstrained
===========================================================================
======================= Fastest Corner ===================================

Startpoint: op[2] (input port clocked by __VIRTUAL_CLK__)
Endpoint: result[7] (output port clocked by __VIRTUAL_CLK__)
Path Group: __VIRTUAL_CLK__
Path Type: max
Corner: Fastest

Fanout     Cap    Slew   Delay    Time   Description
-----------------------------------------------------------------------------
                  0.00    0.00    0.00   clock __VIRTUAL_CLK__ (rise edge)
                          0.00    0.00   clock network delay (ideal)
                          2.00    2.00 v input external delay
     1    0.00    0.01    0.00    2.00 v op[2] (in)
                                         op[2] (net)
                  0.01    0.00    2.00 v input20/A (sky130_fd_sc_hd__buf_6)
     6    0.02    0.03    0.08    2.08 v input20/X (sky130_fd_sc_hd__buf_6)
                                         net20 (net)
                  0.03    0.00    2.09 v _105_/A (sky130_fd_sc_hd__nor2_4)
     7    0.04    0.18    0.17    2.26 ^ _105_/Y (sky130_fd_sc_hd__nor2_4)
                                         _039_ (net)
                  0.18    0.00    2.26 ^ _109_/B (sky130_fd_sc_hd__nand2_4)
     8    0.04    0.08    0.09    2.35 v _109_/Y (sky130_fd_sc_hd__nand2_4)
                                         _043_ (net)
                  0.08    0.00    2.35 v _115_/A2 (sky130_fd_sc_hd__o32a_4)
     3    0.03    0.06    0.27    2.62 v _115_/X (sky130_fd_sc_hd__o32a_4)
                                         _049_ (net)
                  0.06    0.00    2.62 v _116_/B (sky130_fd_sc_hd__xnor2_4)
     3    0.01    0.11    0.13    2.75 ^ _116_/Y (sky130_fd_sc_hd__xnor2_4)
                                         _050_ (net)
                  0.11    0.00    2.75 ^ _129_/A2 (sky130_fd_sc_hd__o21ai_2)
     4    0.01    0.05    0.06    2.80 v _129_/Y (sky130_fd_sc_hd__o21ai_2)
                                         _062_ (net)
                  0.05    0.00    2.80 v _143_/A2 (sky130_fd_sc_hd__a31o_1)
     1    0.00    0.03    0.15    2.95 v _143_/X (sky130_fd_sc_hd__a31o_1)
                                         _075_ (net)
                  0.03    0.00    2.95 v _146_/A2 (sky130_fd_sc_hd__o22a_4)
     3    0.02    0.04    0.16    3.11 v _146_/X (sky130_fd_sc_hd__o22a_4)
                                         _078_ (net)
                  0.04    0.00    3.11 v _157_/A2 (sky130_fd_sc_hd__a21oi_2)
     1    0.00    0.06    0.09    3.21 ^ _157_/Y (sky130_fd_sc_hd__a21oi_2)
                                         _088_ (net)
                  0.06    0.00    3.21 ^ _158_/A (sky130_fd_sc_hd__nand2_1)
     2    0.01    0.04    0.05    3.25 v _158_/Y (sky130_fd_sc_hd__nand2_1)
                                         _089_ (net)
                  0.04    0.00    3.25 v rebuffer1/A (sky130_fd_sc_hd__clkbuf_2)
     3    0.01    0.03    0.08    3.33 v rebuffer1/X (sky130_fd_sc_hd__clkbuf_2)
                                         net30 (net)
                  0.03    0.00    3.33 v _169_/A2 (sky130_fd_sc_hd__a21o_1)
     1    0.00    0.02    0.11    3.45 v _169_/X (sky130_fd_sc_hd__a21o_1)
                                         _099_ (net)
                  0.02    0.00    3.45 v _170_/A1 (sky130_fd_sc_hd__a211o_1)
     3    0.01    0.05    0.18    3.63 v _170_/X (sky130_fd_sc_hd__a211o_1)
                                         _100_ (net)
                  0.05    0.00    3.63 v _185_/B (sky130_fd_sc_hd__and3_1)
     1    0.00    0.03    0.12    3.75 v _185_/X (sky130_fd_sc_hd__and3_1)
                                         _009_ (net)
                  0.03    0.00    3.75 v _186_/B (sky130_fd_sc_hd__or3b_4)
     4    0.01    0.05    0.24    3.99 v _186_/X (sky130_fd_sc_hd__or3b_4)
                                         _010_ (net)
                  0.05    0.00    3.99 v _197_/A2 (sky130_fd_sc_hd__a21o_1)
     1    0.00    0.03    0.13    4.12 v _197_/X (sky130_fd_sc_hd__a21o_1)
                                         _020_ (net)
                  0.03    0.00    4.12 v _198_/A2 (sky130_fd_sc_hd__a211o_1)
     3    0.01    0.06    0.21    4.33 v _198_/X (sky130_fd_sc_hd__a211o_1)
                                         _021_ (net)
                  0.06    0.00    4.33 v _201_/B (sky130_fd_sc_hd__and3_1)
     3    0.01    0.05    0.14    4.47 v _201_/X (sky130_fd_sc_hd__and3_1)
                                         _024_ (net)
                  0.05    0.00    4.47 v _203_/C (sky130_fd_sc_hd__or3_4)
     2    0.01    0.05    0.21    4.68 v _203_/X (sky130_fd_sc_hd__or3_4)
                                         _026_ (net)
                  0.05    0.00    4.68 v _209_/A1 (sky130_fd_sc_hd__a31o_1)
     1    0.00    0.03    0.12    4.80 v _209_/X (sky130_fd_sc_hd__a31o_1)
                                         alu7.result (net)
                  0.03    0.00    4.80 v _226_/A (sky130_fd_sc_hd__clkbuf_1)
     1    0.00    0.02    0.06    4.86 v _226_/X (sky130_fd_sc_hd__clkbuf_1)
                                         net29 (net)
                  0.02    0.00    4.86 v output29/A (sky130_fd_sc_hd__buf_6)
     1    0.03    0.03    0.09    4.96 v output29/X (sky130_fd_sc_hd__buf_6)
                                         result[7] (net)
                  0.03    0.00    4.96 v result[7] (out)
                                  4.96   data arrival time

                  0.00   10.00   10.00   clock __VIRTUAL_CLK__ (rise edge)
                          0.00   10.00   clock network delay (ideal)
                         -0.25    9.75   clock uncertainty
                          0.00    9.75   clock reconvergence pessimism
                         -2.00    7.75   output external delay
                                  7.75   data required time
-----------------------------------------------------------------------------
                                  7.75   data required time
                                 -4.96   data arrival time
-----------------------------------------------------------------------------
                                  2.79   slack (MET)



======================= Slowest Corner ===================================

Startpoint: op[2] (input port clocked by __VIRTUAL_CLK__)
Endpoint: result[7] (output port clocked by __VIRTUAL_CLK__)
Path Group: __VIRTUAL_CLK__
Path Type: max
Corner: Slowest

Fanout     Cap    Slew   Delay    Time   Description
-----------------------------------------------------------------------------
                  0.00    0.00    0.00   clock __VIRTUAL_CLK__ (rise edge)
                          0.00    0.00   clock network delay (ideal)
                          2.00    2.00 v input external delay
     1    0.01    0.03    0.02    2.02 v op[2] (in)
                                         op[2] (net)
                  0.03    0.00    2.02 v input20/A (sky130_fd_sc_hd__buf_6)
     6    0.02    0.06    0.22    2.24 v input20/X (sky130_fd_sc_hd__buf_6)
                                         net20 (net)
                  0.06    0.00    2.24 v _105_/A (sky130_fd_sc_hd__nor2_4)
     7    0.04    0.41    0.41    2.65 ^ _105_/Y (sky130_fd_sc_hd__nor2_4)
                                         _039_ (net)
                  0.41    0.00    2.65 ^ _109_/B (sky130_fd_sc_hd__nand2_4)
     8    0.04    0.22    0.34    2.99 v _109_/Y (sky130_fd_sc_hd__nand2_4)
                                         _043_ (net)
                  0.22    0.00    2.99 v _115_/A2 (sky130_fd_sc_hd__o32a_4)
     3    0.03    0.18    0.83    3.82 v _115_/X (sky130_fd_sc_hd__o32a_4)
                                         _049_ (net)
                  0.18    0.00    3.82 v _130_/A2 (sky130_fd_sc_hd__a21oi_2)
     1    0.00    0.15    0.28    4.10 ^ _130_/Y (sky130_fd_sc_hd__a21oi_2)
                                         _063_ (net)
                  0.15    0.00    4.10 ^ _131_/A (sky130_fd_sc_hd__nand2_1)
     4    0.01    0.20    0.24    4.34 v _131_/Y (sky130_fd_sc_hd__nand2_1)
                                         _064_ (net)
                  0.20    0.00    4.34 v _145_/A1 (sky130_fd_sc_hd__a32o_1)
     1    0.01    0.09    0.50    4.84 v _145_/X (sky130_fd_sc_hd__a32o_1)
                                         _077_ (net)
                  0.09    0.00    4.84 v _146_/B2 (sky130_fd_sc_hd__o22a_4)
     3    0.02    0.12    0.44    5.29 v _146_/X (sky130_fd_sc_hd__o22a_4)
                                         _078_ (net)
                  0.12    0.00    5.29 v _157_/A2 (sky130_fd_sc_hd__a21oi_2)
     1    0.00    0.13    0.24    5.53 ^ _157_/Y (sky130_fd_sc_hd__a21oi_2)
                                         _088_ (net)
                  0.13    0.00    5.53 ^ _158_/A (sky130_fd_sc_hd__nand2_1)
     2    0.01    0.13    0.18    5.71 v _158_/Y (sky130_fd_sc_hd__nand2_1)
                                         _089_ (net)
                  0.13    0.00    5.71 v rebuffer1/A (sky130_fd_sc_hd__clkbuf_2)
     3    0.01    0.06    0.24    5.94 v rebuffer1/X (sky130_fd_sc_hd__clkbuf_2)
                                         net30 (net)
                  0.06    0.00    5.95 v _159_/A (sky130_fd_sc_hd__and3_1)
     3    0.01    0.13    0.37    6.31 v _159_/X (sky130_fd_sc_hd__and3_1)
                                         _090_ (net)
                  0.13    0.00    6.31 v _170_/C1 (sky130_fd_sc_hd__a211o_1)
     3    0.01    0.14    0.54    6.85 v _170_/X (sky130_fd_sc_hd__a211o_1)
                                         _100_ (net)
                  0.14    0.00    6.85 v _185_/B (sky130_fd_sc_hd__and3_1)
     1    0.00    0.08    0.39    7.24 v _185_/X (sky130_fd_sc_hd__and3_1)
                                         _009_ (net)
                  0.08    0.00    7.24 v _186_/B (sky130_fd_sc_hd__or3b_4)
     4    0.01    0.13    0.79    8.03 v _186_/X (sky130_fd_sc_hd__or3b_4)
                                         _010_ (net)
                  0.13    0.00    8.03 v _199_/A (sky130_fd_sc_hd__and3_1)
     1    0.00    0.07    0.34    8.37 v _199_/X (sky130_fd_sc_hd__and3_1)
                                         _022_ (net)
                  0.07    0.00    8.37 v _200_/B (sky130_fd_sc_hd__or3b_4)
     3    0.01    0.14    0.79    9.15 v _200_/X (sky130_fd_sc_hd__or3b_4)
                                         _023_ (net)
                  0.14    0.00    9.15 v _201_/A (sky130_fd_sc_hd__and3_1)
     3    0.01    0.12    0.40    9.55 v _201_/X (sky130_fd_sc_hd__and3_1)
                                         _024_ (net)
                  0.12    0.00    9.55 v _203_/C (sky130_fd_sc_hd__or3_4)
     2    0.01    0.13    0.72   10.27 v _203_/X (sky130_fd_sc_hd__or3_4)
                                         _026_ (net)
                  0.13    0.00   10.28 v _209_/A1 (sky130_fd_sc_hd__a31o_1)
     1    0.00    0.06    0.35   10.63 v _209_/X (sky130_fd_sc_hd__a31o_1)
                                         alu7.result (net)
                  0.06    0.00   10.63 v _226_/A (sky130_fd_sc_hd__clkbuf_1)
     1    0.00    0.07    0.18   10.81 v _226_/X (sky130_fd_sc_hd__clkbuf_1)
                                         net29 (net)
                  0.07    0.00   10.81 v output29/A (sky130_fd_sc_hd__buf_6)
     1    0.03    0.08    0.26   11.07 v output29/X (sky130_fd_sc_hd__buf_6)
                                         result[7] (net)
                  0.08    0.00   11.07 v result[7] (out)
                                 11.07   data arrival time

                  0.00   10.00   10.00   clock __VIRTUAL_CLK__ (rise edge)
                          0.00   10.00   clock network delay (ideal)
                         -0.25    9.75   clock uncertainty
                          0.00    9.75   clock reconvergence pessimism
                         -2.00    7.75   output external delay
                                  7.75   data required time
-----------------------------------------------------------------------------
                                  7.75   data required time
                                -11.07   data arrival time
-----------------------------------------------------------------------------
                                 -3.32   slack (VIOLATED)



======================= Typical Corner ===================================

Startpoint: op[2] (input port clocked by __VIRTUAL_CLK__)
Endpoint: result[7] (output port clocked by __VIRTUAL_CLK__)
Path Group: __VIRTUAL_CLK__
Path Type: max
Corner: Typical

Fanout     Cap    Slew   Delay    Time   Description
-----------------------------------------------------------------------------
                  0.00    0.00    0.00   clock __VIRTUAL_CLK__ (rise edge)
                          0.00    0.00   clock network delay (ideal)
                          2.00    2.00 v input external delay
     1    0.00    0.01    0.01    2.01 v op[2] (in)
                                         op[2] (net)
                  0.01    0.00    2.01 v input20/A (sky130_fd_sc_hd__buf_6)
     6    0.02    0.04    0.12    2.13 v input20/X (sky130_fd_sc_hd__buf_6)
                                         net20 (net)
                  0.04    0.00    2.13 v _105_/A (sky130_fd_sc_hd__nor2_4)
     7    0.04    0.25    0.24    2.37 ^ _105_/Y (sky130_fd_sc_hd__nor2_4)
                                         _039_ (net)
                  0.25    0.00    2.37 ^ _109_/B (sky130_fd_sc_hd__nand2_4)
     8    0.04    0.12    0.16    2.53 v _109_/Y (sky130_fd_sc_hd__nand2_4)
                                         _043_ (net)
                  0.12    0.00    2.53 v _115_/A2 (sky130_fd_sc_hd__o32a_4)
     3    0.03    0.09    0.45    2.98 v _115_/X (sky130_fd_sc_hd__o32a_4)
                                         _049_ (net)
                  0.09    0.00    2.98 v _116_/B (sky130_fd_sc_hd__xnor2_4)
     3    0.01    0.15    0.17    3.16 ^ _116_/Y (sky130_fd_sc_hd__xnor2_4)
                                         _050_ (net)
                  0.15    0.00    3.16 ^ _129_/A2 (sky130_fd_sc_hd__o21ai_2)
     4    0.01    0.07    0.10    3.25 v _129_/Y (sky130_fd_sc_hd__o21ai_2)
                                         _062_ (net)
                  0.07    0.00    3.25 v _145_/A2 (sky130_fd_sc_hd__a32o_1)
     1    0.01    0.05    0.27    3.53 v _145_/X (sky130_fd_sc_hd__a32o_1)
                                         _077_ (net)
                  0.05    0.00    3.53 v _146_/B2 (sky130_fd_sc_hd__o22a_4)
     3    0.02    0.06    0.22    3.75 v _146_/X (sky130_fd_sc_hd__o22a_4)
                                         _078_ (net)
                  0.06    0.00    3.75 v _157_/A2 (sky130_fd_sc_hd__a21oi_2)
     1    0.00    0.08    0.14    3.89 ^ _157_/Y (sky130_fd_sc_hd__a21oi_2)
                                         _088_ (net)
                  0.08    0.00    3.89 ^ _158_/A (sky130_fd_sc_hd__nand2_1)
     2    0.01    0.06    0.08    3.97 v _158_/Y (sky130_fd_sc_hd__nand2_1)
                                         _089_ (net)
                  0.06    0.00    3.97 v rebuffer1/A (sky130_fd_sc_hd__clkbuf_2)
     3    0.01    0.04    0.12    4.09 v rebuffer1/X (sky130_fd_sc_hd__clkbuf_2)
                                         net30 (net)
                  0.04    0.00    4.09 v _169_/A2 (sky130_fd_sc_hd__a21o_1)
     1    0.00    0.03    0.17    4.27 v _169_/X (sky130_fd_sc_hd__a21o_1)
                                         _099_ (net)
                  0.03    0.00    4.27 v _170_/A1 (sky130_fd_sc_hd__a211o_1)
     3    0.01    0.08    0.29    4.56 v _170_/X (sky130_fd_sc_hd__a211o_1)
                                         _100_ (net)
                  0.08    0.00    4.56 v _185_/B (sky130_fd_sc_hd__and3_1)
     1    0.00    0.04    0.19    4.75 v _185_/X (sky130_fd_sc_hd__and3_1)
                                         _009_ (net)
                  0.04    0.00    4.75 v _186_/B (sky130_fd_sc_hd__or3b_4)
     4    0.01    0.08    0.40    5.15 v _186_/X (sky130_fd_sc_hd__or3b_4)
                                         _010_ (net)
                  0.08    0.00    5.15 v _199_/A (sky130_fd_sc_hd__and3_1)
     1    0.00    0.04    0.16    5.31 v _199_/X (sky130_fd_sc_hd__and3_1)
                                         _022_ (net)
                  0.04    0.00    5.31 v _200_/B (sky130_fd_sc_hd__or3b_4)
     3    0.01    0.08    0.40    5.71 v _200_/X (sky130_fd_sc_hd__or3b_4)
                                         _023_ (net)
                  0.08    0.00    5.71 v _201_/A (sky130_fd_sc_hd__and3_1)
     3    0.01    0.06    0.19    5.90 v _201_/X (sky130_fd_sc_hd__and3_1)
                                         _024_ (net)
                  0.06    0.00    5.90 v _203_/C (sky130_fd_sc_hd__or3_4)
     2    0.01    0.07    0.36    6.26 v _203_/X (sky130_fd_sc_hd__or3_4)
                                         _026_ (net)
                  0.07    0.00    6.26 v _209_/A1 (sky130_fd_sc_hd__a31o_1)
     1    0.00    0.03    0.18    6.44 v _209_/X (sky130_fd_sc_hd__a31o_1)
                                         alu7.result (net)
                  0.03    0.00    6.44 v _226_/A (sky130_fd_sc_hd__clkbuf_1)
     1    0.00    0.04    0.10    6.54 v _226_/X (sky130_fd_sc_hd__clkbuf_1)
                                         net29 (net)
                  0.04    0.00    6.54 v output29/A (sky130_fd_sc_hd__buf_6)
     1    0.03    0.04    0.14    6.68 v output29/X (sky130_fd_sc_hd__buf_6)
                                         result[7] (net)
                  0.04    0.00    6.68 v result[7] (out)
                                  6.68   data arrival time

                  0.00   10.00   10.00   clock __VIRTUAL_CLK__ (rise edge)
                          0.00   10.00   clock network delay (ideal)
                         -0.25    9.75   clock uncertainty
                          0.00    9.75   clock reconvergence pessimism
                         -2.00    7.75   output external delay
                                  7.75   data required time
-----------------------------------------------------------------------------
                                  7.75   data required time
                                 -6.68   data arrival time
-----------------------------------------------------------------------------
                                  1.07   slack (MET)




===========================================================================
report_checks --slack_max -0.01
============================================================================
======================= Fastest Corner ===================================

No paths found.

======================= Slowest Corner ===================================

Startpoint: op[2] (input port clocked by __VIRTUAL_CLK__)
Endpoint: result[7] (output port clocked by __VIRTUAL_CLK__)
Path Group: __VIRTUAL_CLK__
Path Type: max
Corner: Slowest

Fanout     Cap    Slew   Delay    Time   Description
-----------------------------------------------------------------------------
                  0.00    0.00    0.00   clock __VIRTUAL_CLK__ (rise edge)
                          0.00    0.00   clock network delay (ideal)
                          2.00    2.00 v input external delay
     1    0.01    0.03    0.02    2.02 v op[2] (in)
                                         op[2] (net)
                  0.03    0.00    2.02 v input20/A (sky130_fd_sc_hd__buf_6)
     6    0.02    0.06    0.22    2.24 v input20/X (sky130_fd_sc_hd__buf_6)
                                         net20 (net)
                  0.06    0.00    2.24 v _105_/A (sky130_fd_sc_hd__nor2_4)
     7    0.04    0.41    0.41    2.65 ^ _105_/Y (sky130_fd_sc_hd__nor2_4)
                                         _039_ (net)
                  0.41    0.00    2.65 ^ _109_/B (sky130_fd_sc_hd__nand2_4)
     8    0.04    0.22    0.34    2.99 v _109_/Y (sky130_fd_sc_hd__nand2_4)
                                         _043_ (net)
                  0.22    0.00    2.99 v _115_/A2 (sky130_fd_sc_hd__o32a_4)
     3    0.03    0.18    0.83    3.82 v _115_/X (sky130_fd_sc_hd__o32a_4)
                                         _049_ (net)
                  0.18    0.00    3.82 v _130_/A2 (sky130_fd_sc_hd__a21oi_2)
     1    0.00    0.15    0.28    4.10 ^ _130_/Y (sky130_fd_sc_hd__a21oi_2)
                                         _063_ (net)
                  0.15    0.00    4.10 ^ _131_/A (sky130_fd_sc_hd__nand2_1)
     4    0.01    0.20    0.24    4.34 v _131_/Y (sky130_fd_sc_hd__nand2_1)
                                         _064_ (net)
                  0.20    0.00    4.34 v _145_/A1 (sky130_fd_sc_hd__a32o_1)
     1    0.01    0.09    0.50    4.84 v _145_/X (sky130_fd_sc_hd__a32o_1)
                                         _077_ (net)
                  0.09    0.00    4.84 v _146_/B2 (sky130_fd_sc_hd__o22a_4)
     3    0.02    0.12    0.44    5.29 v _146_/X (sky130_fd_sc_hd__o22a_4)
                                         _078_ (net)
                  0.12    0.00    5.29 v _157_/A2 (sky130_fd_sc_hd__a21oi_2)
     1    0.00    0.13    0.24    5.53 ^ _157_/Y (sky130_fd_sc_hd__a21oi_2)
                                         _088_ (net)
                  0.13    0.00    5.53 ^ _158_/A (sky130_fd_sc_hd__nand2_1)
     2    0.01    0.13    0.18    5.71 v _158_/Y (sky130_fd_sc_hd__nand2_1)
                                         _089_ (net)
                  0.13    0.00    5.71 v rebuffer1/A (sky130_fd_sc_hd__clkbuf_2)
     3    0.01    0.06    0.24    5.94 v rebuffer1/X (sky130_fd_sc_hd__clkbuf_2)
                                         net30 (net)
                  0.06    0.00    5.95 v _159_/A (sky130_fd_sc_hd__and3_1)
     3    0.01    0.13    0.37    6.31 v _159_/X (sky130_fd_sc_hd__and3_1)
                                         _090_ (net)
                  0.13    0.00    6.31 v _170_/C1 (sky130_fd_sc_hd__a211o_1)
     3    0.01    0.14    0.54    6.85 v _170_/X (sky130_fd_sc_hd__a211o_1)
                                         _100_ (net)
                  0.14    0.00    6.85 v _185_/B (sky130_fd_sc_hd__and3_1)
     1    0.00    0.08    0.39    7.24 v _185_/X (sky130_fd_sc_hd__and3_1)
                                         _009_ (net)
                  0.08    0.00    7.24 v _186_/B (sky130_fd_sc_hd__or3b_4)
     4    0.01    0.13    0.79    8.03 v _186_/X (sky130_fd_sc_hd__or3b_4)
                                         _010_ (net)
                  0.13    0.00    8.03 v _199_/A (sky130_fd_sc_hd__and3_1)
     1    0.00    0.07    0.34    8.37 v _199_/X (sky130_fd_sc_hd__and3_1)
                                         _022_ (net)
                  0.07    0.00    8.37 v _200_/B (sky130_fd_sc_hd__or3b_4)
     3    0.01    0.14    0.79    9.15 v _200_/X (sky130_fd_sc_hd__or3b_4)
                                         _023_ (net)
                  0.14    0.00    9.15 v _201_/A (sky130_fd_sc_hd__and3_1)
     3    0.01    0.12    0.40    9.55 v _201_/X (sky130_fd_sc_hd__and3_1)
                                         _024_ (net)
                  0.12    0.00    9.55 v _203_/C (sky130_fd_sc_hd__or3_4)
     2    0.01    0.13    0.72   10.27 v _203_/X (sky130_fd_sc_hd__or3_4)
                                         _026_ (net)
                  0.13    0.00   10.28 v _209_/A1 (sky130_fd_sc_hd__a31o_1)
     1    0.00    0.06    0.35   10.63 v _209_/X (sky130_fd_sc_hd__a31o_1)
                                         alu7.result (net)
                  0.06    0.00   10.63 v _226_/A (sky130_fd_sc_hd__clkbuf_1)
     1    0.00    0.07    0.18   10.81 v _226_/X (sky130_fd_sc_hd__clkbuf_1)
                                         net29 (net)
                  0.07    0.00   10.81 v output29/A (sky130_fd_sc_hd__buf_6)
     1    0.03    0.08    0.26   11.07 v output29/X (sky130_fd_sc_hd__buf_6)
                                         result[7] (net)
                  0.08    0.00   11.07 v result[7] (out)
                                 11.07   data arrival time

                  0.00   10.00   10.00   clock __VIRTUAL_CLK__ (rise edge)
                          0.00   10.00   clock network delay (ideal)
                         -0.25    9.75   clock uncertainty
                          0.00    9.75   clock reconvergence pessimism
                         -2.00    7.75   output external delay
                                  7.75   data required time
-----------------------------------------------------------------------------
                                  7.75   data required time
                                -11.07   data arrival time
-----------------------------------------------------------------------------
                                 -3.32   slack (VIOLATED)



======================= Typical Corner ===================================

No paths found.


===========================================================================
 report_check_types -max_slew -max_cap -max_fanout -violators
============================================================================
======================= Fastest Corner ===================================


max slew violations count Fastest: 0
max fanout violations count Fastest: 0
max cap violations count Fastest: 0
======================= Slowest Corner ===================================


max slew violations count Slowest: 0
max fanout violations count Slowest: 0
max cap violations count Slowest: 0
======================= Typical Corner ===================================


max slew violations count Typical: 0
max fanout violations count Typical: 0
max cap violations count Typical: 0

===========================================================================
report_parasitic_annotation -report_unannotated
============================================================================
Found 0 unannotated drivers.
Found 0 partially unannotated drivers.

===========================================================================
max slew violation count 0
max fanout violation count 0
max cap violation count 0
============================================================================

===========================================================================
check_setup -verbose -unconstrained_endpoints -multiple_clock -no_clock -no_input_delay -loops -generated_clocks
===========================================================================
