
===========================================================================
report_checks -unconstrained
===========================================================================
======================= Fastest Corner ===================================

Startpoint: a[0] (input port clocked by __VIRTUAL_CLK__)
Endpoint: result[7] (output port clocked by __VIRTUAL_CLK__)
Path Group: __VIRTUAL_CLK__
Path Type: max
Corner: Fastest

Fanout     Cap    Slew   Delay    Time   Description
-----------------------------------------------------------------------------
                  0.00    0.00    0.00   clock __VIRTUAL_CLK__ (rise edge)
                          0.00    0.00   clock network delay (ideal)
                          2.00    2.00 ^ input external delay
     1    0.00    0.02    0.01    2.01 ^ a[0] (in)
                                         a[0] (net)
                  0.02    0.00    2.01 ^ input1/A (sky130_fd_sc_hd__buf_1)
     5    0.02    0.14    0.13    2.14 ^ input1/X (sky130_fd_sc_hd__buf_1)
                                         net1 (net)
                  0.14    0.00    2.14 ^ _107_/A (sky130_fd_sc_hd__or2_1)
     3    0.01    0.09    0.13    2.27 ^ _107_/X (sky130_fd_sc_hd__or2_1)
                                         _041_ (net)
                  0.09    0.00    2.27 ^ _108_/A2 (sky130_fd_sc_hd__a21oi_2)
     2    0.01    0.04    0.05    2.32 v _108_/Y (sky130_fd_sc_hd__a21oi_2)
                                         _042_ (net)
                  0.04    0.00    2.32 v _115_/A1 (sky130_fd_sc_hd__o32a_4)
     3    0.03    0.07    0.28    2.59 v _115_/X (sky130_fd_sc_hd__o32a_4)
                                         _049_ (net)
                  0.07    0.00    2.60 v _130_/A2 (sky130_fd_sc_hd__a21oi_2)
     1    0.01    0.08    0.12    2.72 ^ _130_/Y (sky130_fd_sc_hd__a21oi_2)
                                         _063_ (net)
                  0.08    0.00    2.72 ^ _131_/A (sky130_fd_sc_hd__nand2_2)
     4    0.01    0.05    0.06    2.77 v _131_/Y (sky130_fd_sc_hd__nand2_2)
                                         _064_ (net)
                  0.05    0.00    2.78 v _143_/A3 (sky130_fd_sc_hd__a31o_1)
     1    0.00    0.03    0.16    2.93 v _143_/X (sky130_fd_sc_hd__a31o_1)
                                         _075_ (net)
                  0.03    0.00    2.93 v _146_/A2 (sky130_fd_sc_hd__o22a_4)
     3    0.02    0.04    0.16    3.09 v _146_/X (sky130_fd_sc_hd__o22a_4)
                                         _078_ (net)
                  0.04    0.00    3.09 v _147_/B (sky130_fd_sc_hd__xnor2_2)
     2    0.01    0.11    0.11    3.20 ^ _147_/Y (sky130_fd_sc_hd__xnor2_2)
                                         _079_ (net)
                  0.11    0.00    3.20 ^ _156_/A2 (sky130_fd_sc_hd__o21ai_2)
     4    0.01    0.05    0.06    3.26 v _156_/Y (sky130_fd_sc_hd__o21ai_2)
                                         _087_ (net)
                  0.05    0.00    3.26 v _171_/A (sky130_fd_sc_hd__and3_1)
     1    0.00    0.03    0.10    3.36 v _171_/X (sky130_fd_sc_hd__and3_1)
                                         _101_ (net)
                  0.03    0.00    3.36 v _172_/B (sky130_fd_sc_hd__or3b_4)
     3    0.01    0.05    0.24    3.60 v _172_/X (sky130_fd_sc_hd__or3b_4)
                                         _102_ (net)
                  0.05    0.00    3.60 v _174_/A2 (sky130_fd_sc_hd__a21o_1)
     2    0.01    0.04    0.14    3.74 v _174_/X (sky130_fd_sc_hd__a21o_1)
                                         _104_ (net)
                  0.04    0.00    3.74 v _184_/A2 (sky130_fd_sc_hd__a211o_1)
     4    0.01    0.06    0.23    3.97 v _184_/X (sky130_fd_sc_hd__a211o_1)
                                         _008_ (net)
                  0.06    0.00    3.97 v _199_/B (sky130_fd_sc_hd__and3_1)
     1    0.00    0.03    0.12    4.09 v _199_/X (sky130_fd_sc_hd__and3_1)
                                         _022_ (net)
                  0.03    0.00    4.09 v _200_/B (sky130_fd_sc_hd__or3b_4)
     3    0.01    0.05    0.24    4.33 v _200_/X (sky130_fd_sc_hd__or3b_4)
                                         _023_ (net)
                  0.05    0.00    4.33 v _201_/A (sky130_fd_sc_hd__and3_1)
     3    0.01    0.05    0.12    4.45 v _201_/X (sky130_fd_sc_hd__and3_1)
                                         _024_ (net)
                  0.05    0.00    4.45 v _203_/C (sky130_fd_sc_hd__or3_4)
     2    0.01    0.05    0.21    4.66 v _203_/X (sky130_fd_sc_hd__or3_4)
                                         _026_ (net)
                  0.05    0.00    4.66 v _209_/A1 (sky130_fd_sc_hd__a31o_1)
     1    0.00    0.03    0.12    4.78 v _209_/X (sky130_fd_sc_hd__a31o_1)
                                         alu7.result (net)
                  0.03    0.00    4.78 v _226_/A (sky130_fd_sc_hd__clkbuf_1)
     1    0.01    0.04    0.07    4.86 v _226_/X (sky130_fd_sc_hd__clkbuf_1)
                                         net29 (net)
                  0.04    0.00    4.86 v output29/A (sky130_fd_sc_hd__buf_6)
     1    0.03    0.03    0.10    4.95 v output29/X (sky130_fd_sc_hd__buf_6)
                                         result[7] (net)
                  0.03    0.00    4.95 v result[7] (out)
                                  4.95   data arrival time

                  0.00   10.00   10.00   clock __VIRTUAL_CLK__ (rise edge)
                          0.00   10.00   clock network delay (ideal)
                         -0.25    9.75   clock uncertainty
                          0.00    9.75   clock reconvergence pessimism
                         -2.00    7.75   output external delay
                                  7.75   data required time
-----------------------------------------------------------------------------
                                  7.75   data required time
                                 -4.95   data arrival time
-----------------------------------------------------------------------------
                                  2.80   slack (MET)



======================= Slowest Corner ===================================

Startpoint: op[1] (input port clocked by __VIRTUAL_CLK__)
Endpoint: result[7] (output port clocked by __VIRTUAL_CLK__)
Path Group: __VIRTUAL_CLK__
Path Type: max
Corner: Slowest

Fanout     Cap    Slew   Delay    Time   Description
-----------------------------------------------------------------------------
                  0.00    0.00    0.00   clock __VIRTUAL_CLK__ (rise edge)
                          0.00    0.00   clock network delay (ideal)
                          2.00    2.00 v input external delay
     1    0.01    0.03    0.02    2.02 v op[1] (in)
                                         op[1] (net)
                  0.03    0.00    2.02 v input19/A (sky130_fd_sc_hd__buf_6)
     4    0.02    0.05    0.21    2.23 v input19/X (sky130_fd_sc_hd__buf_6)
                                         net19 (net)
                  0.05    0.00    2.23 v _113_/A (sky130_fd_sc_hd__or2_4)
     3    0.01    0.10    0.51    2.74 v _113_/X (sky130_fd_sc_hd__or2_4)
                                         _047_ (net)
                  0.10    0.00    2.74 v _114_/A (sky130_fd_sc_hd__or2_4)
     3    0.01    0.09    0.53    3.27 v _114_/X (sky130_fd_sc_hd__or2_4)
                                         _048_ (net)
                  0.09    0.00    3.27 v _115_/B2 (sky130_fd_sc_hd__o32a_4)
     3    0.03    0.19    0.49    3.76 v _115_/X (sky130_fd_sc_hd__o32a_4)
                                         _049_ (net)
                  0.19    0.00    3.76 v _130_/A2 (sky130_fd_sc_hd__a21oi_2)
     1    0.01    0.18    0.32    4.08 ^ _130_/Y (sky130_fd_sc_hd__a21oi_2)
                                         _063_ (net)
                  0.18    0.00    4.08 ^ _131_/A (sky130_fd_sc_hd__nand2_2)
     4    0.01    0.14    0.20    4.28 v _131_/Y (sky130_fd_sc_hd__nand2_2)
                                         _064_ (net)
                  0.14    0.00    4.28 v _145_/A3 (sky130_fd_sc_hd__a32o_1)
     1    0.00    0.09    0.53    4.82 v _145_/X (sky130_fd_sc_hd__a32o_1)
                                         _077_ (net)
                  0.09    0.00    4.82 v _146_/B2 (sky130_fd_sc_hd__o22a_4)
     3    0.02    0.12    0.44    5.25 v _146_/X (sky130_fd_sc_hd__o22a_4)
                                         _078_ (net)
                  0.12    0.00    5.25 v _157_/A1 (sky130_fd_sc_hd__a21oi_2)
     1    0.01    0.19    0.26    5.52 ^ _157_/Y (sky130_fd_sc_hd__a21oi_2)
                                         _088_ (net)
                  0.19    0.00    5.52 ^ _158_/A (sky130_fd_sc_hd__nand2_2)
     3    0.01    0.09    0.16    5.68 v _158_/Y (sky130_fd_sc_hd__nand2_2)
                                         _089_ (net)
                  0.09    0.00    5.68 v rebuffer1/A (sky130_fd_sc_hd__dlymetal6s2s_1)
     2    0.00    0.09    0.32    6.00 v rebuffer1/X (sky130_fd_sc_hd__dlymetal6s2s_1)
                                         net30 (net)
                  0.09    0.00    6.00 v _159_/A (sky130_fd_sc_hd__and3_1)
     2    0.00    0.09    0.34    6.33 v _159_/X (sky130_fd_sc_hd__and3_1)
                                         _090_ (net)
                  0.09    0.00    6.33 v _170_/C1 (sky130_fd_sc_hd__a211o_1)
     3    0.01    0.15    0.54    6.87 v _170_/X (sky130_fd_sc_hd__a211o_1)
                                         _100_ (net)
                  0.15    0.00    6.87 v _185_/B (sky130_fd_sc_hd__and3_1)
     1    0.00    0.08    0.40    7.27 v _185_/X (sky130_fd_sc_hd__and3_1)
                                         _009_ (net)
                  0.08    0.00    7.27 v _186_/B (sky130_fd_sc_hd__or3b_4)
     4    0.01    0.14    0.81    8.08 v _186_/X (sky130_fd_sc_hd__or3b_4)
                                         _010_ (net)
                  0.14    0.00    8.08 v _199_/A (sky130_fd_sc_hd__and3_1)
     1    0.00    0.08    0.35    8.43 v _199_/X (sky130_fd_sc_hd__and3_1)
                                         _022_ (net)
                  0.08    0.00    8.43 v _200_/B (sky130_fd_sc_hd__or3b_4)
     3    0.01    0.13    0.78    9.20 v _200_/X (sky130_fd_sc_hd__or3b_4)
                                         _023_ (net)
                  0.13    0.00    9.20 v _201_/A (sky130_fd_sc_hd__and3_1)
     3    0.01    0.12    0.40    9.60 v _201_/X (sky130_fd_sc_hd__and3_1)
                                         _024_ (net)
                  0.12    0.00    9.60 v _203_/C (sky130_fd_sc_hd__or3_4)
     2    0.01    0.13    0.72   10.32 v _203_/X (sky130_fd_sc_hd__or3_4)
                                         _026_ (net)
                  0.13    0.00   10.32 v _209_/A1 (sky130_fd_sc_hd__a31o_1)
     1    0.00    0.07    0.36   10.68 v _209_/X (sky130_fd_sc_hd__a31o_1)
                                         alu7.result (net)
                  0.07    0.00   10.68 v _226_/A (sky130_fd_sc_hd__clkbuf_1)
     1    0.01    0.10    0.21   10.89 v _226_/X (sky130_fd_sc_hd__clkbuf_1)
                                         net29 (net)
                  0.10    0.00   10.89 v output29/A (sky130_fd_sc_hd__buf_6)
     1    0.03    0.08    0.27   11.16 v output29/X (sky130_fd_sc_hd__buf_6)
                                         result[7] (net)
                  0.08    0.00   11.16 v result[7] (out)
                                 11.16   data arrival time

                  0.00   10.00   10.00   clock __VIRTUAL_CLK__ (rise edge)
                          0.00   10.00   clock network delay (ideal)
                         -0.25    9.75   clock uncertainty
                          0.00    9.75   clock reconvergence pessimism
                         -2.00    7.75   output external delay
                                  7.75   data required time
-----------------------------------------------------------------------------
                                  7.75   data required time
                                -11.16   data arrival time
-----------------------------------------------------------------------------
                                 -3.41   slack (VIOLATED)



======================= Typical Corner ===================================

Startpoint: a[0] (input port clocked by __VIRTUAL_CLK__)
Endpoint: result[7] (output port clocked by __VIRTUAL_CLK__)
Path Group: __VIRTUAL_CLK__
Path Type: max
Corner: Typical

Fanout     Cap    Slew   Delay    Time   Description
-----------------------------------------------------------------------------
                  0.00    0.00    0.00   clock __VIRTUAL_CLK__ (rise edge)
                          0.00    0.00   clock network delay (ideal)
                          2.00    2.00 ^ input external delay
     1    0.00    0.02    0.01    2.01 ^ a[0] (in)
                                         a[0] (net)
                  0.02    0.00    2.01 ^ input1/A (sky130_fd_sc_hd__buf_1)
     5    0.02    0.18    0.18    2.19 ^ input1/X (sky130_fd_sc_hd__buf_1)
                                         net1 (net)
                  0.18    0.00    2.19 ^ _107_/A (sky130_fd_sc_hd__or2_1)
     3    0.01    0.12    0.20    2.39 ^ _107_/X (sky130_fd_sc_hd__or2_1)
                                         _041_ (net)
                  0.12    0.00    2.39 ^ _108_/A2 (sky130_fd_sc_hd__a21oi_2)
     2    0.01    0.06    0.09    2.48 v _108_/Y (sky130_fd_sc_hd__a21oi_2)
                                         _042_ (net)
                  0.06    0.00    2.48 v _115_/A1 (sky130_fd_sc_hd__o32a_4)
     3    0.03    0.09    0.46    2.93 v _115_/X (sky130_fd_sc_hd__o32a_4)
                                         _049_ (net)
                  0.09    0.00    2.94 v _130_/A2 (sky130_fd_sc_hd__a21oi_2)
     1    0.01    0.11    0.17    3.11 ^ _130_/Y (sky130_fd_sc_hd__a21oi_2)
                                         _063_ (net)
                  0.11    0.00    3.11 ^ _131_/A (sky130_fd_sc_hd__nand2_2)
     4    0.01    0.07    0.10    3.21 v _131_/Y (sky130_fd_sc_hd__nand2_2)
                                         _064_ (net)
                  0.07    0.00    3.21 v _145_/A3 (sky130_fd_sc_hd__a32o_1)
     1    0.00    0.05    0.28    3.49 v _145_/X (sky130_fd_sc_hd__a32o_1)
                                         _077_ (net)
                  0.05    0.00    3.50 v _146_/B2 (sky130_fd_sc_hd__o22a_4)
     3    0.02    0.06    0.22    3.72 v _146_/X (sky130_fd_sc_hd__o22a_4)
                                         _078_ (net)
                  0.06    0.00    3.72 v _157_/A1 (sky130_fd_sc_hd__a21oi_2)
     1    0.01    0.12    0.15    3.87 ^ _157_/Y (sky130_fd_sc_hd__a21oi_2)
                                         _088_ (net)
                  0.12    0.00    3.87 ^ _158_/A (sky130_fd_sc_hd__nand2_2)
     3    0.01    0.05    0.07    3.94 v _158_/Y (sky130_fd_sc_hd__nand2_2)
                                         _089_ (net)
                  0.05    0.00    3.94 v rebuffer1/A (sky130_fd_sc_hd__dlymetal6s2s_1)
     2    0.00    0.05    0.15    4.09 v rebuffer1/X (sky130_fd_sc_hd__dlymetal6s2s_1)
                                         net30 (net)
                  0.05    0.00    4.09 v _159_/A (sky130_fd_sc_hd__and3_1)
     2    0.00    0.04    0.16    4.25 v _159_/X (sky130_fd_sc_hd__and3_1)
                                         _090_ (net)
                  0.04    0.00    4.25 v _170_/C1 (sky130_fd_sc_hd__a211o_1)
     3    0.01    0.08    0.28    4.53 v _170_/X (sky130_fd_sc_hd__a211o_1)
                                         _100_ (net)
                  0.08    0.00    4.53 v _185_/B (sky130_fd_sc_hd__and3_1)
     1    0.00    0.04    0.19    4.72 v _185_/X (sky130_fd_sc_hd__and3_1)
                                         _009_ (net)
                  0.04    0.00    4.72 v _186_/B (sky130_fd_sc_hd__or3b_4)
     4    0.01    0.08    0.41    5.13 v _186_/X (sky130_fd_sc_hd__or3b_4)
                                         _010_ (net)
                  0.08    0.00    5.13 v _199_/A (sky130_fd_sc_hd__and3_1)
     1    0.00    0.04    0.17    5.30 v _199_/X (sky130_fd_sc_hd__and3_1)
                                         _022_ (net)
                  0.04    0.00    5.30 v _200_/B (sky130_fd_sc_hd__or3b_4)
     3    0.01    0.07    0.39    5.69 v _200_/X (sky130_fd_sc_hd__or3b_4)
                                         _023_ (net)
                  0.07    0.00    5.69 v _201_/A (sky130_fd_sc_hd__and3_1)
     3    0.01    0.06    0.19    5.88 v _201_/X (sky130_fd_sc_hd__and3_1)
                                         _024_ (net)
                  0.06    0.00    5.88 v _203_/C (sky130_fd_sc_hd__or3_4)
     2    0.01    0.07    0.35    6.23 v _203_/X (sky130_fd_sc_hd__or3_4)
                                         _026_ (net)
                  0.07    0.00    6.23 v _209_/A1 (sky130_fd_sc_hd__a31o_1)
     1    0.00    0.04    0.19    6.42 v _209_/X (sky130_fd_sc_hd__a31o_1)
                                         alu7.result (net)
                  0.04    0.00    6.42 v _226_/A (sky130_fd_sc_hd__clkbuf_1)
     1    0.01    0.05    0.11    6.53 v _226_/X (sky130_fd_sc_hd__clkbuf_1)
                                         net29 (net)
                  0.05    0.00    6.53 v output29/A (sky130_fd_sc_hd__buf_6)
     1    0.03    0.04    0.15    6.68 v output29/X (sky130_fd_sc_hd__buf_6)
                                         result[7] (net)
                  0.04    0.00    6.68 v result[7] (out)
                                  6.68   data arrival time

                  0.00   10.00   10.00   clock __VIRTUAL_CLK__ (rise edge)
                          0.00   10.00   clock network delay (ideal)
                         -0.25    9.75   clock uncertainty
                          0.00    9.75   clock reconvergence pessimism
                         -2.00    7.75   output external delay
                                  7.75   data required time
-----------------------------------------------------------------------------
                                  7.75   data required time
                                 -6.68   data arrival time
-----------------------------------------------------------------------------
                                  1.07   slack (MET)




===========================================================================
report_checks --slack_max -0.01
============================================================================
======================= Fastest Corner ===================================

No paths found.

======================= Slowest Corner ===================================

Startpoint: op[1] (input port clocked by __VIRTUAL_CLK__)
Endpoint: result[7] (output port clocked by __VIRTUAL_CLK__)
Path Group: __VIRTUAL_CLK__
Path Type: max
Corner: Slowest

Fanout     Cap    Slew   Delay    Time   Description
-----------------------------------------------------------------------------
                  0.00    0.00    0.00   clock __VIRTUAL_CLK__ (rise edge)
                          0.00    0.00   clock network delay (ideal)
                          2.00    2.00 v input external delay
     1    0.01    0.03    0.02    2.02 v op[1] (in)
                                         op[1] (net)
                  0.03    0.00    2.02 v input19/A (sky130_fd_sc_hd__buf_6)
     4    0.02    0.05    0.21    2.23 v input19/X (sky130_fd_sc_hd__buf_6)
                                         net19 (net)
                  0.05    0.00    2.23 v _113_/A (sky130_fd_sc_hd__or2_4)
     3    0.01    0.10    0.51    2.74 v _113_/X (sky130_fd_sc_hd__or2_4)
                                         _047_ (net)
                  0.10    0.00    2.74 v _114_/A (sky130_fd_sc_hd__or2_4)
     3    0.01    0.09    0.53    3.27 v _114_/X (sky130_fd_sc_hd__or2_4)
                                         _048_ (net)
                  0.09    0.00    3.27 v _115_/B2 (sky130_fd_sc_hd__o32a_4)
     3    0.03    0.19    0.49    3.76 v _115_/X (sky130_fd_sc_hd__o32a_4)
                                         _049_ (net)
                  0.19    0.00    3.76 v _130_/A2 (sky130_fd_sc_hd__a21oi_2)
     1    0.01    0.18    0.32    4.08 ^ _130_/Y (sky130_fd_sc_hd__a21oi_2)
                                         _063_ (net)
                  0.18    0.00    4.08 ^ _131_/A (sky130_fd_sc_hd__nand2_2)
     4    0.01    0.14    0.20    4.28 v _131_/Y (sky130_fd_sc_hd__nand2_2)
                                         _064_ (net)
                  0.14    0.00    4.28 v _145_/A3 (sky130_fd_sc_hd__a32o_1)
     1    0.00    0.09    0.53    4.82 v _145_/X (sky130_fd_sc_hd__a32o_1)
                                         _077_ (net)
                  0.09    0.00    4.82 v _146_/B2 (sky130_fd_sc_hd__o22a_4)
     3    0.02    0.12    0.44    5.25 v _146_/X (sky130_fd_sc_hd__o22a_4)
                                         _078_ (net)
                  0.12    0.00    5.25 v _157_/A1 (sky130_fd_sc_hd__a21oi_2)
     1    0.01    0.19    0.26    5.52 ^ _157_/Y (sky130_fd_sc_hd__a21oi_2)
                                         _088_ (net)
                  0.19    0.00    5.52 ^ _158_/A (sky130_fd_sc_hd__nand2_2)
     3    0.01    0.09    0.16    5.68 v _158_/Y (sky130_fd_sc_hd__nand2_2)
                                         _089_ (net)
                  0.09    0.00    5.68 v rebuffer1/A (sky130_fd_sc_hd__dlymetal6s2s_1)
     2    0.00    0.09    0.32    6.00 v rebuffer1/X (sky130_fd_sc_hd__dlymetal6s2s_1)
                                         net30 (net)
                  0.09    0.00    6.00 v _159_/A (sky130_fd_sc_hd__and3_1)
     2    0.00    0.09    0.34    6.33 v _159_/X (sky130_fd_sc_hd__and3_1)
                                         _090_ (net)
                  0.09    0.00    6.33 v _170_/C1 (sky130_fd_sc_hd__a211o_1)
     3    0.01    0.15    0.54    6.87 v _170_/X (sky130_fd_sc_hd__a211o_1)
                                         _100_ (net)
                  0.15    0.00    6.87 v _185_/B (sky130_fd_sc_hd__and3_1)
     1    0.00    0.08    0.40    7.27 v _185_/X (sky130_fd_sc_hd__and3_1)
                                         _009_ (net)
                  0.08    0.00    7.27 v _186_/B (sky130_fd_sc_hd__or3b_4)
     4    0.01    0.14    0.81    8.08 v _186_/X (sky130_fd_sc_hd__or3b_4)
                                         _010_ (net)
                  0.14    0.00    8.08 v _199_/A (sky130_fd_sc_hd__and3_1)
     1    0.00    0.08    0.35    8.43 v _199_/X (sky130_fd_sc_hd__and3_1)
                                         _022_ (net)
                  0.08    0.00    8.43 v _200_/B (sky130_fd_sc_hd__or3b_4)
     3    0.01    0.13    0.78    9.20 v _200_/X (sky130_fd_sc_hd__or3b_4)
                                         _023_ (net)
                  0.13    0.00    9.20 v _201_/A (sky130_fd_sc_hd__and3_1)
     3    0.01    0.12    0.40    9.60 v _201_/X (sky130_fd_sc_hd__and3_1)
                                         _024_ (net)
                  0.12    0.00    9.60 v _203_/C (sky130_fd_sc_hd__or3_4)
     2    0.01    0.13    0.72   10.32 v _203_/X (sky130_fd_sc_hd__or3_4)
                                         _026_ (net)
                  0.13    0.00   10.32 v _209_/A1 (sky130_fd_sc_hd__a31o_1)
     1    0.00    0.07    0.36   10.68 v _209_/X (sky130_fd_sc_hd__a31o_1)
                                         alu7.result (net)
                  0.07    0.00   10.68 v _226_/A (sky130_fd_sc_hd__clkbuf_1)
     1    0.01    0.10    0.21   10.89 v _226_/X (sky130_fd_sc_hd__clkbuf_1)
                                         net29 (net)
                  0.10    0.00   10.89 v output29/A (sky130_fd_sc_hd__buf_6)
     1    0.03    0.08    0.27   11.16 v output29/X (sky130_fd_sc_hd__buf_6)
                                         result[7] (net)
                  0.08    0.00   11.16 v result[7] (out)
                                 11.16   data arrival time

                  0.00   10.00   10.00   clock __VIRTUAL_CLK__ (rise edge)
                          0.00   10.00   clock network delay (ideal)
                         -0.25    9.75   clock uncertainty
                          0.00    9.75   clock reconvergence pessimism
                         -2.00    7.75   output external delay
                                  7.75   data required time
-----------------------------------------------------------------------------
                                  7.75   data required time
                                -11.16   data arrival time
-----------------------------------------------------------------------------
                                 -3.41   slack (VIOLATED)



======================= Typical Corner ===================================

No paths found.


===========================================================================
 report_check_types -max_slew -max_cap -max_fanout -violators
============================================================================
======================= Fastest Corner ===================================


max slew violations count Fastest: 0
max fanout violations count Fastest: 0
max cap violations count Fastest: 0
======================= Slowest Corner ===================================


max slew violations count Slowest: 0
max fanout violations count Slowest: 0
max cap violations count Slowest: 0
======================= Typical Corner ===================================


max slew violations count Typical: 0
max fanout violations count Typical: 0
max cap violations count Typical: 0

===========================================================================
report_parasitic_annotation -report_unannotated
============================================================================
Found 0 unannotated drivers.
Found 0 partially unannotated drivers.

===========================================================================
max slew violation count 0
max fanout violation count 0
max cap violation count 0
============================================================================

===========================================================================
check_setup -verbose -unconstrained_endpoints -multiple_clock -no_clock -no_input_delay -loops -generated_clocks
===========================================================================
