OpenSTA 2.5.0 GITDIR-NOT Copyright (c) 2024, Parallax Software, Inc.
License GPLv3: GNU GPL version 3 <http://gnu.org/licenses/gpl.html>

This is free software, and you are free to change and redistribute it
under certain conditions; type `show_copying' for details. 
This program comes with ABSOLUTELY NO WARRANTY; for details type `show_warranty'.
define_corners Typical
read_liberty -corner Typical /home/amit/.volare/volare/sky130/versions/bdc9412b3e468c102d01b7cf6337be06ec6e9c9a/sky130A/libs.ref/sky130_fd_sc_hd/lib/sky130_fd_sc_hd__tt_025C_1v80.lib
Using 1e-12 for capacitance...
Using 1e+03 for resistance...
Using 1e-09 for time...
Using 1e+00 for voltage...
Using 1e-03 for current...
Using 1e-09 for power...
Using 1e-06 for distance...
Reading netlist '/openlane/designs/alu_8bit/runs/RUN_2025.05.07_16.15.44/results/synthesis/alu_8bit.v'…
Reading design constraints file at '/openlane/scripts/base.sdc'…
[INFO]: Setting output delay to: 2.0
[INFO]: Setting input delay to: 2.0
Warning: base.sdc line 18, port '__VIRTUAL_CLK__' not found.
[INFO]: Setting load to: 0.033442
[INFO]: Setting clock uncertainty to: 0.25
[INFO]: Setting clock transition to: 0.15
Warning: base.sdc line 52, transition time can not be specified for virtual clocks.
[INFO]: Setting timing derate to: 5.0 %
min_report

===========================================================================
report_checks -path_delay min (Hold)
============================================================================
======================= Typical Corner ===================================

Startpoint: b[7] (input port clocked by __VIRTUAL_CLK__)
Endpoint: result[7] (output port clocked by __VIRTUAL_CLK__)
Path Group: __VIRTUAL_CLK__
Path Type: min

Fanout     Cap    Slew   Delay    Time   Description
-----------------------------------------------------------------------------
                  0.00    0.00    0.00   clock __VIRTUAL_CLK__ (rise edge)
                          0.00    0.00   clock network delay (ideal)
                          2.00    2.00 v input external delay
     4    0.01    0.03    0.02    2.02 v b[7] (in)
                                         b[7] (net)
                  0.03    0.00    2.02 v _204_/B1 (sky130_fd_sc_hd__o21ai_2)
     1    0.00    0.04    0.04    2.05 ^ _204_/Y (sky130_fd_sc_hd__o21ai_2)
                                         _027_ (net)
                  0.04    0.00    2.05 ^ _209_/A3 (sky130_fd_sc_hd__a31o_2)
     1    0.00    0.03    0.13    2.18 ^ _209_/X (sky130_fd_sc_hd__a31o_2)
                                         alu7.result (net)
                  0.03    0.00    2.18 ^ _226_/A (sky130_fd_sc_hd__buf_2)
     1    0.03    0.17    0.18    2.36 ^ _226_/X (sky130_fd_sc_hd__buf_2)
                                         result[7] (net)
                  0.17    0.00    2.36 ^ result[7] (out)
                                  2.36   data arrival time

                  0.00    0.00    0.00   clock __VIRTUAL_CLK__ (rise edge)
                          0.00    0.00   clock network delay (ideal)
                          0.25    0.25   clock uncertainty
                          0.00    0.25   clock reconvergence pessimism
                         -2.00   -1.75   output external delay
                                 -1.75   data required time
-----------------------------------------------------------------------------
                                 -1.75   data required time
                                 -2.36   data arrival time
-----------------------------------------------------------------------------
                                  4.11   slack (MET)


Startpoint: b[7] (input port clocked by __VIRTUAL_CLK__)
Endpoint: cout (output port clocked by __VIRTUAL_CLK__)
Path Group: __VIRTUAL_CLK__
Path Type: min

Fanout     Cap    Slew   Delay    Time   Description
-----------------------------------------------------------------------------
                  0.00    0.00    0.00   clock __VIRTUAL_CLK__ (rise edge)
                          0.00    0.00   clock network delay (ideal)
                          2.00    2.00 ^ input external delay
     4    0.01    0.06    0.04    2.04 ^ b[7] (in)
                                         b[7] (net)
                  0.06    0.00    2.04 ^ _203_/A (sky130_fd_sc_hd__or3_2)
     2    0.00    0.04    0.11    2.15 ^ _203_/X (sky130_fd_sc_hd__or3_2)
                                         _026_ (net)
                  0.04    0.00    2.15 ^ _213_/A1 (sky130_fd_sc_hd__a21bo_2)
     1    0.03    0.18    0.22    2.36 ^ _213_/X (sky130_fd_sc_hd__a21bo_2)
                                         cout (net)
                  0.18    0.00    2.36 ^ cout (out)
                                  2.36   data arrival time

                  0.00    0.00    0.00   clock __VIRTUAL_CLK__ (rise edge)
                          0.00    0.00   clock network delay (ideal)
                          0.25    0.25   clock uncertainty
                          0.00    0.25   clock reconvergence pessimism
                         -2.00   -1.75   output external delay
                                 -1.75   data required time
-----------------------------------------------------------------------------
                                 -1.75   data required time
                                 -2.36   data arrival time
-----------------------------------------------------------------------------
                                  4.11   slack (MET)


Startpoint: b[0] (input port clocked by __VIRTUAL_CLK__)
Endpoint: result[0] (output port clocked by __VIRTUAL_CLK__)
Path Group: __VIRTUAL_CLK__
Path Type: min

Fanout     Cap    Slew   Delay    Time   Description
-----------------------------------------------------------------------------
                  0.00    0.00    0.00   clock __VIRTUAL_CLK__ (rise edge)
                          0.00    0.00   clock network delay (ideal)
                          2.00    2.00 v input external delay
     5    0.02    0.04    0.03    2.03 v b[0] (in)
                                         b[0] (net)
                  0.04    0.00    2.03 v _108_/B1 (sky130_fd_sc_hd__a21oi_2)
     2    0.01    0.12    0.12    2.14 ^ _108_/Y (sky130_fd_sc_hd__a21oi_2)
                                         _042_ (net)
                  0.12    0.00    2.14 ^ _218_/A1 (sky130_fd_sc_hd__o21bai_2)
     1    0.00    0.02    0.07    2.21 v _218_/Y (sky130_fd_sc_hd__o21bai_2)
                                         alu0.result (net)
                  0.02    0.00    2.21 v _219_/A (sky130_fd_sc_hd__buf_2)
     1    0.03    0.09    0.16    2.37 v _219_/X (sky130_fd_sc_hd__buf_2)
                                         result[0] (net)
                  0.09    0.00    2.37 v result[0] (out)
                                  2.37   data arrival time

                  0.00    0.00    0.00   clock __VIRTUAL_CLK__ (rise edge)
                          0.00    0.00   clock network delay (ideal)
                          0.25    0.25   clock uncertainty
                          0.00    0.25   clock reconvergence pessimism
                         -2.00   -1.75   output external delay
                                 -1.75   data required time
-----------------------------------------------------------------------------
                                 -1.75   data required time
                                 -2.37   data arrival time
-----------------------------------------------------------------------------
                                  4.12   slack (MET)


Startpoint: b[1] (input port clocked by __VIRTUAL_CLK__)
Endpoint: result[1] (output port clocked by __VIRTUAL_CLK__)
Path Group: __VIRTUAL_CLK__
Path Type: min

Fanout     Cap    Slew   Delay    Time   Description
-----------------------------------------------------------------------------
                  0.00    0.00    0.00   clock __VIRTUAL_CLK__ (rise edge)
                          0.00    0.00   clock network delay (ideal)
                          2.00    2.00 v input external delay
     5    0.02    0.04    0.02    2.02 v b[1] (in)
                                         b[1] (net)
                  0.04    0.00    2.02 v _117_/A (sky130_fd_sc_hd__nand2_2)
     1    0.00    0.03    0.04    2.06 ^ _117_/Y (sky130_fd_sc_hd__nand2_2)
                                         _051_ (net)
                  0.03    0.00    2.06 ^ _127_/A2 (sky130_fd_sc_hd__a32o_2)
     1    0.00    0.04    0.13    2.20 ^ _127_/X (sky130_fd_sc_hd__a32o_2)
                                         alu1.result (net)
                  0.04    0.00    2.20 ^ _220_/A (sky130_fd_sc_hd__buf_2)
     1    0.03    0.17    0.18    2.38 ^ _220_/X (sky130_fd_sc_hd__buf_2)
                                         result[1] (net)
                  0.17    0.00    2.38 ^ result[1] (out)
                                  2.38   data arrival time

                  0.00    0.00    0.00   clock __VIRTUAL_CLK__ (rise edge)
                          0.00    0.00   clock network delay (ideal)
                          0.25    0.25   clock uncertainty
                          0.00    0.25   clock reconvergence pessimism
                         -2.00   -1.75   output external delay
                                 -1.75   data required time
-----------------------------------------------------------------------------
                                 -1.75   data required time
                                 -2.38   data arrival time
-----------------------------------------------------------------------------
                                  4.13   slack (MET)


Startpoint: b[5] (input port clocked by __VIRTUAL_CLK__)
Endpoint: result[5] (output port clocked by __VIRTUAL_CLK__)
Path Group: __VIRTUAL_CLK__
Path Type: min

Fanout     Cap    Slew   Delay    Time   Description
-----------------------------------------------------------------------------
                  0.00    0.00    0.00   clock __VIRTUAL_CLK__ (rise edge)
                          0.00    0.00   clock network delay (ideal)
                          2.00    2.00 v input external delay
     5    0.02    0.04    0.02    2.02 v b[5] (in)
                                         b[5] (net)
                  0.04    0.00    2.02 v _177_/A (sky130_fd_sc_hd__nand2_2)
     1    0.00    0.03    0.04    2.06 ^ _177_/Y (sky130_fd_sc_hd__nand2_2)
                                         _002_ (net)
                  0.03    0.00    2.06 ^ _182_/A3 (sky130_fd_sc_hd__a32o_2)
     1    0.00    0.04    0.14    2.20 ^ _182_/X (sky130_fd_sc_hd__a32o_2)
                                         alu5.result (net)
                  0.04    0.00    2.20 ^ _224_/A (sky130_fd_sc_hd__buf_2)
     1    0.03    0.17    0.18    2.38 ^ _224_/X (sky130_fd_sc_hd__buf_2)
                                         result[5] (net)
                  0.17    0.00    2.38 ^ result[5] (out)
                                  2.38   data arrival time

                  0.00    0.00    0.00   clock __VIRTUAL_CLK__ (rise edge)
                          0.00    0.00   clock network delay (ideal)
                          0.25    0.25   clock uncertainty
                          0.00    0.25   clock reconvergence pessimism
                         -2.00   -1.75   output external delay
                                 -1.75   data required time
-----------------------------------------------------------------------------
                                 -1.75   data required time
                                 -2.38   data arrival time
-----------------------------------------------------------------------------
                                  4.13   slack (MET)


Startpoint: b[3] (input port clocked by __VIRTUAL_CLK__)
Endpoint: result[3] (output port clocked by __VIRTUAL_CLK__)
Path Group: __VIRTUAL_CLK__
Path Type: min

Fanout     Cap    Slew   Delay    Time   Description
-----------------------------------------------------------------------------
                  0.00    0.00    0.00   clock __VIRTUAL_CLK__ (rise edge)
                          0.00    0.00   clock network delay (ideal)
                          2.00    2.00 v input external delay
     5    0.02    0.04    0.02    2.02 v b[3] (in)
                                         b[3] (net)
                  0.04    0.00    2.02 v _149_/A (sky130_fd_sc_hd__nand2_2)
     1    0.00    0.03    0.04    2.06 ^ _149_/Y (sky130_fd_sc_hd__nand2_2)
                                         _081_ (net)
                  0.03    0.00    2.06 ^ _154_/A3 (sky130_fd_sc_hd__a32o_2)
     1    0.00    0.04    0.14    2.20 ^ _154_/X (sky130_fd_sc_hd__a32o_2)
                                         alu3.result (net)
                  0.04    0.00    2.20 ^ _222_/A (sky130_fd_sc_hd__buf_2)
     1    0.03    0.17    0.18    2.38 ^ _222_/X (sky130_fd_sc_hd__buf_2)
                                         result[3] (net)
                  0.17    0.00    2.38 ^ result[3] (out)
                                  2.38   data arrival time

                  0.00    0.00    0.00   clock __VIRTUAL_CLK__ (rise edge)
                          0.00    0.00   clock network delay (ideal)
                          0.25    0.25   clock uncertainty
                          0.00    0.25   clock reconvergence pessimism
                         -2.00   -1.75   output external delay
                                 -1.75   data required time
-----------------------------------------------------------------------------
                                 -1.75   data required time
                                 -2.38   data arrival time
-----------------------------------------------------------------------------
                                  4.13   slack (MET)


Startpoint: b[4] (input port clocked by __VIRTUAL_CLK__)
Endpoint: result[4] (output port clocked by __VIRTUAL_CLK__)
Path Group: __VIRTUAL_CLK__
Path Type: min

Fanout     Cap    Slew   Delay    Time   Description
-----------------------------------------------------------------------------
                  0.00    0.00    0.00   clock __VIRTUAL_CLK__ (rise edge)
                          0.00    0.00   clock network delay (ideal)
                          2.00    2.00 v input external delay
     5    0.02    0.04    0.02    2.02 v b[4] (in)
                                         b[4] (net)
                  0.04    0.00    2.02 v _162_/B1 (sky130_fd_sc_hd__o21ai_2)
     1    0.00    0.04    0.04    2.06 ^ _162_/Y (sky130_fd_sc_hd__o21ai_2)
                                         _093_ (net)
                  0.04    0.00    2.06 ^ _167_/A3 (sky130_fd_sc_hd__a32o_2)
     1    0.00    0.04    0.14    2.20 ^ _167_/X (sky130_fd_sc_hd__a32o_2)
                                         alu4.result (net)
                  0.04    0.00    2.20 ^ _223_/A (sky130_fd_sc_hd__buf_2)
     1    0.03    0.17    0.18    2.39 ^ _223_/X (sky130_fd_sc_hd__buf_2)
                                         result[4] (net)
                  0.17    0.00    2.39 ^ result[4] (out)
                                  2.39   data arrival time

                  0.00    0.00    0.00   clock __VIRTUAL_CLK__ (rise edge)
                          0.00    0.00   clock network delay (ideal)
                          0.25    0.25   clock uncertainty
                          0.00    0.25   clock reconvergence pessimism
                         -2.00   -1.75   output external delay
                                 -1.75   data required time
-----------------------------------------------------------------------------
                                 -1.75   data required time
                                 -2.39   data arrival time
-----------------------------------------------------------------------------
                                  4.14   slack (MET)


Startpoint: b[6] (input port clocked by __VIRTUAL_CLK__)
Endpoint: result[6] (output port clocked by __VIRTUAL_CLK__)
Path Group: __VIRTUAL_CLK__
Path Type: min

Fanout     Cap    Slew   Delay    Time   Description
-----------------------------------------------------------------------------
                  0.00    0.00    0.00   clock __VIRTUAL_CLK__ (rise edge)
                          0.00    0.00   clock network delay (ideal)
                          2.00    2.00 v input external delay
     5    0.02    0.04    0.02    2.02 v b[6] (in)
                                         b[6] (net)
                  0.04    0.00    2.02 v _190_/B1 (sky130_fd_sc_hd__o21ai_2)
     1    0.00    0.04    0.04    2.06 ^ _190_/Y (sky130_fd_sc_hd__o21ai_2)
                                         _014_ (net)
                  0.04    0.00    2.06 ^ _195_/A3 (sky130_fd_sc_hd__a32o_2)
     1    0.00    0.04    0.14    2.20 ^ _195_/X (sky130_fd_sc_hd__a32o_2)
                                         alu6.result (net)
                  0.04    0.00    2.20 ^ _225_/A (sky130_fd_sc_hd__buf_2)
     1    0.03    0.17    0.18    2.39 ^ _225_/X (sky130_fd_sc_hd__buf_2)
                                         result[6] (net)
                  0.17    0.00    2.39 ^ result[6] (out)
                                  2.39   data arrival time

                  0.00    0.00    0.00   clock __VIRTUAL_CLK__ (rise edge)
                          0.00    0.00   clock network delay (ideal)
                          0.25    0.25   clock uncertainty
                          0.00    0.25   clock reconvergence pessimism
                         -2.00   -1.75   output external delay
                                 -1.75   data required time
-----------------------------------------------------------------------------
                                 -1.75   data required time
                                 -2.39   data arrival time
-----------------------------------------------------------------------------
                                  4.14   slack (MET)


Startpoint: op[2] (input port clocked by __VIRTUAL_CLK__)
Endpoint: result[2] (output port clocked by __VIRTUAL_CLK__)
Path Group: __VIRTUAL_CLK__
Path Type: min

Fanout     Cap    Slew   Delay    Time   Description
-----------------------------------------------------------------------------
                  0.00    0.00    0.00   clock __VIRTUAL_CLK__ (rise edge)
                          0.00    0.00   clock network delay (ideal)
                          2.00    2.00 ^ input external delay
     6    0.01    0.07    0.05    2.05 ^ op[2] (in)
                                         op[2] (net)
                  0.07    0.00    2.05 ^ _141_/A1_N (sky130_fd_sc_hd__o2bb2a_2)
     1    0.00    0.03    0.19    2.24 v _141_/X (sky130_fd_sc_hd__o2bb2a_2)
                                         alu2.result (net)
                  0.03    0.00    2.24 v _221_/A (sky130_fd_sc_hd__buf_2)
     1    0.03    0.09    0.16    2.40 v _221_/X (sky130_fd_sc_hd__buf_2)
                                         result[2] (net)
                  0.09    0.00    2.40 v result[2] (out)
                                  2.40   data arrival time

                  0.00    0.00    0.00   clock __VIRTUAL_CLK__ (rise edge)
                          0.00    0.00   clock network delay (ideal)
                          0.25    0.25   clock uncertainty
                          0.00    0.25   clock reconvergence pessimism
                         -2.00   -1.75   output external delay
                                 -1.75   data required time
-----------------------------------------------------------------------------
                                 -1.75   data required time
                                 -2.40   data arrival time
-----------------------------------------------------------------------------
                                  4.15   slack (MET)



worst slack corner Typical: 4.1116
min_report_end
max_report

===========================================================================
report_checks -path_delay max (Setup)
============================================================================
======================= Typical Corner ===================================

Startpoint: op[2] (input port clocked by __VIRTUAL_CLK__)
Endpoint: result[7] (output port clocked by __VIRTUAL_CLK__)
Path Group: __VIRTUAL_CLK__
Path Type: max

Fanout     Cap    Slew   Delay    Time   Description
-----------------------------------------------------------------------------
                  0.00    0.00    0.00   clock __VIRTUAL_CLK__ (rise edge)
                          0.00    0.00   clock network delay (ideal)
                          2.00    2.00 v input external delay
     6    0.01    0.03    0.02    2.02 v op[2] (in)
                                         op[2] (net)
                  0.03    0.00    2.02 v _113_/A (sky130_fd_sc_hd__or2_2)
     3    0.01    0.06    0.31    2.33 v _113_/X (sky130_fd_sc_hd__or2_2)
                                         _047_ (net)
                  0.06    0.00    2.33 v _114_/B (sky130_fd_sc_hd__or2_2)
     8    0.02    0.10    0.35    2.69 v _114_/X (sky130_fd_sc_hd__or2_2)
                                         _048_ (net)
                  0.10    0.00    2.69 v _115_/B2 (sky130_fd_sc_hd__o32a_2)
     3    0.02    0.09    0.25    2.93 v _115_/X (sky130_fd_sc_hd__o32a_2)
                                         _049_ (net)
                  0.09    0.00    2.93 v _116_/B (sky130_fd_sc_hd__xnor2_2)
     3    0.01    0.19    0.20    3.14 ^ _116_/Y (sky130_fd_sc_hd__xnor2_2)
                                         _050_ (net)
                  0.19    0.00    3.14 ^ _129_/A2 (sky130_fd_sc_hd__o21ai_2)
     4    0.01    0.07    0.10    3.24 v _129_/Y (sky130_fd_sc_hd__o21ai_2)
                                         _062_ (net)
                  0.07    0.00    3.24 v _145_/A2 (sky130_fd_sc_hd__a32o_2)
     1    0.00    0.04    0.28    3.52 v _145_/X (sky130_fd_sc_hd__a32o_2)
                                         _077_ (net)
                  0.04    0.00    3.52 v _146_/B1 (sky130_fd_sc_hd__o22a_2)
     3    0.02    0.08    0.25    3.77 v _146_/X (sky130_fd_sc_hd__o22a_2)
                                         _078_ (net)
                  0.08    0.00    3.77 v _147_/B (sky130_fd_sc_hd__xnor2_2)
     3    0.01    0.19    0.20    3.97 ^ _147_/Y (sky130_fd_sc_hd__xnor2_2)
                                         _079_ (net)
                  0.19    0.00    3.97 ^ _156_/A2 (sky130_fd_sc_hd__o21ai_2)
     4    0.01    0.06    0.10    4.07 v _156_/Y (sky130_fd_sc_hd__o21ai_2)
                                         _087_ (net)
                  0.06    0.00    4.07 v _171_/B (sky130_fd_sc_hd__and3_2)
     1    0.00    0.03    0.20    4.26 v _171_/X (sky130_fd_sc_hd__and3_2)
                                         _101_ (net)
                  0.03    0.00    4.26 v _172_/A (sky130_fd_sc_hd__or3b_2)
     3    0.01    0.09    0.49    4.76 v _172_/X (sky130_fd_sc_hd__or3b_2)
                                         _102_ (net)
                  0.09    0.00    4.76 v _185_/C (sky130_fd_sc_hd__and3_2)
     1    0.00    0.03    0.22    4.98 v _185_/X (sky130_fd_sc_hd__and3_2)
                                         _009_ (net)
                  0.03    0.00    4.98 v _186_/A (sky130_fd_sc_hd__or3b_2)
     4    0.01    0.10    0.52    5.50 v _186_/X (sky130_fd_sc_hd__or3b_2)
                                         _010_ (net)
                  0.10    0.00    5.50 v _199_/C (sky130_fd_sc_hd__and3_2)
     1    0.00    0.03    0.23    5.73 v _199_/X (sky130_fd_sc_hd__and3_2)
                                         _022_ (net)
                  0.03    0.00    5.73 v _200_/A (sky130_fd_sc_hd__or3b_2)
     3    0.01    0.10    0.51    6.24 v _200_/X (sky130_fd_sc_hd__or3b_2)
                                         _023_ (net)
                  0.10    0.00    6.24 v _201_/C (sky130_fd_sc_hd__and3_2)
     3    0.01    0.06    0.26    6.50 v _201_/X (sky130_fd_sc_hd__and3_2)
                                         _024_ (net)
                  0.06    0.00    6.50 v _203_/B (sky130_fd_sc_hd__or3_2)
     2    0.00    0.08    0.48    6.98 v _203_/X (sky130_fd_sc_hd__or3_2)
                                         _026_ (net)
                  0.08    0.00    6.98 v _209_/A2 (sky130_fd_sc_hd__a31o_2)
     1    0.00    0.03    0.25    7.22 v _209_/X (sky130_fd_sc_hd__a31o_2)
                                         alu7.result (net)
                  0.03    0.00    7.22 v _226_/A (sky130_fd_sc_hd__buf_2)
     1    0.03    0.09    0.18    7.41 v _226_/X (sky130_fd_sc_hd__buf_2)
                                         result[7] (net)
                  0.09    0.00    7.41 v result[7] (out)
                                  7.41   data arrival time

                  0.00   10.00   10.00   clock __VIRTUAL_CLK__ (rise edge)
                          0.00   10.00   clock network delay (ideal)
                         -0.25    9.75   clock uncertainty
                          0.00    9.75   clock reconvergence pessimism
                         -2.00    7.75   output external delay
                                  7.75   data required time
-----------------------------------------------------------------------------
                                  7.75   data required time
                                 -7.41   data arrival time
-----------------------------------------------------------------------------
                                  0.34   slack (MET)


Startpoint: op[2] (input port clocked by __VIRTUAL_CLK__)
Endpoint: cout (output port clocked by __VIRTUAL_CLK__)
Path Group: __VIRTUAL_CLK__
Path Type: max

Fanout     Cap    Slew   Delay    Time   Description
-----------------------------------------------------------------------------
                  0.00    0.00    0.00   clock __VIRTUAL_CLK__ (rise edge)
                          0.00    0.00   clock network delay (ideal)
                          2.00    2.00 v input external delay
     6    0.01    0.03    0.02    2.02 v op[2] (in)
                                         op[2] (net)
                  0.03    0.00    2.02 v _113_/A (sky130_fd_sc_hd__or2_2)
     3    0.01    0.06    0.31    2.33 v _113_/X (sky130_fd_sc_hd__or2_2)
                                         _047_ (net)
                  0.06    0.00    2.33 v _114_/B (sky130_fd_sc_hd__or2_2)
     8    0.02    0.10    0.35    2.69 v _114_/X (sky130_fd_sc_hd__or2_2)
                                         _048_ (net)
                  0.10    0.00    2.69 v _115_/B2 (sky130_fd_sc_hd__o32a_2)
     3    0.02    0.09    0.25    2.93 v _115_/X (sky130_fd_sc_hd__o32a_2)
                                         _049_ (net)
                  0.09    0.00    2.93 v _116_/B (sky130_fd_sc_hd__xnor2_2)
     3    0.01    0.19    0.20    3.14 ^ _116_/Y (sky130_fd_sc_hd__xnor2_2)
                                         _050_ (net)
                  0.19    0.00    3.14 ^ _129_/A2 (sky130_fd_sc_hd__o21ai_2)
     4    0.01    0.07    0.10    3.24 v _129_/Y (sky130_fd_sc_hd__o21ai_2)
                                         _062_ (net)
                  0.07    0.00    3.24 v _145_/A2 (sky130_fd_sc_hd__a32o_2)
     1    0.00    0.04    0.28    3.52 v _145_/X (sky130_fd_sc_hd__a32o_2)
                                         _077_ (net)
                  0.04    0.00    3.52 v _146_/B1 (sky130_fd_sc_hd__o22a_2)
     3    0.02    0.08    0.25    3.77 v _146_/X (sky130_fd_sc_hd__o22a_2)
                                         _078_ (net)
                  0.08    0.00    3.77 v _147_/B (sky130_fd_sc_hd__xnor2_2)
     3    0.01    0.19    0.20    3.97 ^ _147_/Y (sky130_fd_sc_hd__xnor2_2)
                                         _079_ (net)
                  0.19    0.00    3.97 ^ _156_/A2 (sky130_fd_sc_hd__o21ai_2)
     4    0.01    0.06    0.10    4.07 v _156_/Y (sky130_fd_sc_hd__o21ai_2)
                                         _087_ (net)
                  0.06    0.00    4.07 v _171_/B (sky130_fd_sc_hd__and3_2)
     1    0.00    0.03    0.20    4.26 v _171_/X (sky130_fd_sc_hd__and3_2)
                                         _101_ (net)
                  0.03    0.00    4.26 v _172_/A (sky130_fd_sc_hd__or3b_2)
     3    0.01    0.09    0.49    4.76 v _172_/X (sky130_fd_sc_hd__or3b_2)
                                         _102_ (net)
                  0.09    0.00    4.76 v _185_/C (sky130_fd_sc_hd__and3_2)
     1    0.00    0.03    0.22    4.98 v _185_/X (sky130_fd_sc_hd__and3_2)
                                         _009_ (net)
                  0.03    0.00    4.98 v _186_/A (sky130_fd_sc_hd__or3b_2)
     4    0.01    0.10    0.52    5.50 v _186_/X (sky130_fd_sc_hd__or3b_2)
                                         _010_ (net)
                  0.10    0.00    5.50 v _199_/C (sky130_fd_sc_hd__and3_2)
     1    0.00    0.03    0.23    5.73 v _199_/X (sky130_fd_sc_hd__and3_2)
                                         _022_ (net)
                  0.03    0.00    5.73 v _200_/A (sky130_fd_sc_hd__or3b_2)
     3    0.01    0.10    0.51    6.24 v _200_/X (sky130_fd_sc_hd__or3b_2)
                                         _023_ (net)
                  0.10    0.00    6.24 v _201_/C (sky130_fd_sc_hd__and3_2)
     3    0.01    0.06    0.26    6.50 v _201_/X (sky130_fd_sc_hd__and3_2)
                                         _024_ (net)
                  0.06    0.00    6.50 v _203_/B (sky130_fd_sc_hd__or3_2)
     2    0.00    0.08    0.48    6.98 v _203_/X (sky130_fd_sc_hd__or3_2)
                                         _026_ (net)
                  0.08    0.00    6.98 v _213_/A1 (sky130_fd_sc_hd__a21bo_2)
     1    0.03    0.10    0.29    7.27 v _213_/X (sky130_fd_sc_hd__a21bo_2)
                                         cout (net)
                  0.10    0.00    7.27 v cout (out)
                                  7.27   data arrival time

                  0.00   10.00   10.00   clock __VIRTUAL_CLK__ (rise edge)
                          0.00   10.00   clock network delay (ideal)
                         -0.25    9.75   clock uncertainty
                          0.00    9.75   clock reconvergence pessimism
                         -2.00    7.75   output external delay
                                  7.75   data required time
-----------------------------------------------------------------------------
                                  7.75   data required time
                                 -7.27   data arrival time
-----------------------------------------------------------------------------
                                  0.48   slack (MET)


Startpoint: op[2] (input port clocked by __VIRTUAL_CLK__)
Endpoint: result[6] (output port clocked by __VIRTUAL_CLK__)
Path Group: __VIRTUAL_CLK__
Path Type: max

Fanout     Cap    Slew   Delay    Time   Description
-----------------------------------------------------------------------------
                  0.00    0.00    0.00   clock __VIRTUAL_CLK__ (rise edge)
                          0.00    0.00   clock network delay (ideal)
                          2.00    2.00 v input external delay
     6    0.01    0.03    0.02    2.02 v op[2] (in)
                                         op[2] (net)
                  0.03    0.00    2.02 v _113_/A (sky130_fd_sc_hd__or2_2)
     3    0.01    0.06    0.31    2.33 v _113_/X (sky130_fd_sc_hd__or2_2)
                                         _047_ (net)
                  0.06    0.00    2.33 v _114_/B (sky130_fd_sc_hd__or2_2)
     8    0.02    0.10    0.35    2.69 v _114_/X (sky130_fd_sc_hd__or2_2)
                                         _048_ (net)
                  0.10    0.00    2.69 v _115_/B2 (sky130_fd_sc_hd__o32a_2)
     3    0.02    0.09    0.25    2.93 v _115_/X (sky130_fd_sc_hd__o32a_2)
                                         _049_ (net)
                  0.09    0.00    2.93 v _116_/B (sky130_fd_sc_hd__xnor2_2)
     3    0.01    0.19    0.20    3.14 ^ _116_/Y (sky130_fd_sc_hd__xnor2_2)
                                         _050_ (net)
                  0.19    0.00    3.14 ^ _129_/A2 (sky130_fd_sc_hd__o21ai_2)
     4    0.01    0.07    0.10    3.24 v _129_/Y (sky130_fd_sc_hd__o21ai_2)
                                         _062_ (net)
                  0.07    0.00    3.24 v _145_/A2 (sky130_fd_sc_hd__a32o_2)
     1    0.00    0.04    0.28    3.52 v _145_/X (sky130_fd_sc_hd__a32o_2)
                                         _077_ (net)
                  0.04    0.00    3.52 v _146_/B1 (sky130_fd_sc_hd__o22a_2)
     3    0.02    0.08    0.25    3.77 v _146_/X (sky130_fd_sc_hd__o22a_2)
                                         _078_ (net)
                  0.08    0.00    3.77 v _147_/B (sky130_fd_sc_hd__xnor2_2)
     3    0.01    0.19    0.20    3.97 ^ _147_/Y (sky130_fd_sc_hd__xnor2_2)
                                         _079_ (net)
                  0.19    0.00    3.97 ^ _156_/A2 (sky130_fd_sc_hd__o21ai_2)
     4    0.01    0.06    0.10    4.07 v _156_/Y (sky130_fd_sc_hd__o21ai_2)
                                         _087_ (net)
                  0.06    0.00    4.07 v _171_/B (sky130_fd_sc_hd__and3_2)
     1    0.00    0.03    0.20    4.26 v _171_/X (sky130_fd_sc_hd__and3_2)
                                         _101_ (net)
                  0.03    0.00    4.26 v _172_/A (sky130_fd_sc_hd__or3b_2)
     3    0.01    0.09    0.49    4.76 v _172_/X (sky130_fd_sc_hd__or3b_2)
                                         _102_ (net)
                  0.09    0.00    4.76 v _185_/C (sky130_fd_sc_hd__and3_2)
     1    0.00    0.03    0.22    4.98 v _185_/X (sky130_fd_sc_hd__and3_2)
                                         _009_ (net)
                  0.03    0.00    4.98 v _186_/A (sky130_fd_sc_hd__or3b_2)
     4    0.01    0.10    0.52    5.50 v _186_/X (sky130_fd_sc_hd__or3b_2)
                                         _010_ (net)
                  0.10    0.00    5.50 v _187_/C (sky130_fd_sc_hd__and3_2)
     3    0.01    0.05    0.26    5.76 v _187_/X (sky130_fd_sc_hd__and3_2)
                                         _011_ (net)
                  0.05    0.00    5.76 v _189_/B (sky130_fd_sc_hd__or3_2)
     1    0.00    0.07    0.46    6.22 v _189_/X (sky130_fd_sc_hd__or3_2)
                                         _013_ (net)
                  0.07    0.00    6.22 v _195_/A2 (sky130_fd_sc_hd__a32o_2)
     1    0.00    0.04    0.28    6.49 v _195_/X (sky130_fd_sc_hd__a32o_2)
                                         alu6.result (net)
                  0.04    0.00    6.49 v _225_/A (sky130_fd_sc_hd__buf_2)
     1    0.03    0.09    0.18    6.68 v _225_/X (sky130_fd_sc_hd__buf_2)
                                         result[6] (net)
                  0.09    0.00    6.68 v result[6] (out)
                                  6.68   data arrival time

                  0.00   10.00   10.00   clock __VIRTUAL_CLK__ (rise edge)
                          0.00   10.00   clock network delay (ideal)
                         -0.25    9.75   clock uncertainty
                          0.00    9.75   clock reconvergence pessimism
                         -2.00    7.75   output external delay
                                  7.75   data required time
-----------------------------------------------------------------------------
                                  7.75   data required time
                                 -6.68   data arrival time
-----------------------------------------------------------------------------
                                  1.07   slack (MET)


Startpoint: op[2] (input port clocked by __VIRTUAL_CLK__)
Endpoint: result[5] (output port clocked by __VIRTUAL_CLK__)
Path Group: __VIRTUAL_CLK__
Path Type: max

Fanout     Cap    Slew   Delay    Time   Description
-----------------------------------------------------------------------------
                  0.00    0.00    0.00   clock __VIRTUAL_CLK__ (rise edge)
                          0.00    0.00   clock network delay (ideal)
                          2.00    2.00 v input external delay
     6    0.01    0.03    0.02    2.02 v op[2] (in)
                                         op[2] (net)
                  0.03    0.00    2.02 v _113_/A (sky130_fd_sc_hd__or2_2)
     3    0.01    0.06    0.31    2.33 v _113_/X (sky130_fd_sc_hd__or2_2)
                                         _047_ (net)
                  0.06    0.00    2.33 v _114_/B (sky130_fd_sc_hd__or2_2)
     8    0.02    0.10    0.35    2.69 v _114_/X (sky130_fd_sc_hd__or2_2)
                                         _048_ (net)
                  0.10    0.00    2.69 v _115_/B2 (sky130_fd_sc_hd__o32a_2)
     3    0.02    0.09    0.25    2.93 v _115_/X (sky130_fd_sc_hd__o32a_2)
                                         _049_ (net)
                  0.09    0.00    2.93 v _116_/B (sky130_fd_sc_hd__xnor2_2)
     3    0.01    0.19    0.20    3.14 ^ _116_/Y (sky130_fd_sc_hd__xnor2_2)
                                         _050_ (net)
                  0.19    0.00    3.14 ^ _129_/A2 (sky130_fd_sc_hd__o21ai_2)
     4    0.01    0.07    0.10    3.24 v _129_/Y (sky130_fd_sc_hd__o21ai_2)
                                         _062_ (net)
                  0.07    0.00    3.24 v _145_/A2 (sky130_fd_sc_hd__a32o_2)
     1    0.00    0.04    0.28    3.52 v _145_/X (sky130_fd_sc_hd__a32o_2)
                                         _077_ (net)
                  0.04    0.00    3.52 v _146_/B1 (sky130_fd_sc_hd__o22a_2)
     3    0.02    0.08    0.25    3.77 v _146_/X (sky130_fd_sc_hd__o22a_2)
                                         _078_ (net)
                  0.08    0.00    3.77 v _147_/B (sky130_fd_sc_hd__xnor2_2)
     3    0.01    0.19    0.20    3.97 ^ _147_/Y (sky130_fd_sc_hd__xnor2_2)
                                         _079_ (net)
                  0.19    0.00    3.97 ^ _156_/A2 (sky130_fd_sc_hd__o21ai_2)
     4    0.01    0.06    0.10    4.07 v _156_/Y (sky130_fd_sc_hd__o21ai_2)
                                         _087_ (net)
                  0.06    0.00    4.07 v _171_/B (sky130_fd_sc_hd__and3_2)
     1    0.00    0.03    0.20    4.26 v _171_/X (sky130_fd_sc_hd__and3_2)
                                         _101_ (net)
                  0.03    0.00    4.26 v _172_/A (sky130_fd_sc_hd__or3b_2)
     3    0.01    0.09    0.49    4.76 v _172_/X (sky130_fd_sc_hd__or3b_2)
                                         _102_ (net)
                  0.09    0.00    4.76 v _173_/C (sky130_fd_sc_hd__and3_2)
     2    0.00    0.04    0.24    4.99 v _173_/X (sky130_fd_sc_hd__and3_2)
                                         _103_ (net)
                  0.04    0.00    4.99 v _175_/A (sky130_fd_sc_hd__or2b_2)
     2    0.01    0.06    0.31    5.30 v _175_/X (sky130_fd_sc_hd__or2b_2)
                                         _000_ (net)
                  0.06    0.00    5.30 v _176_/B (sky130_fd_sc_hd__or2_2)
     1    0.00    0.05    0.28    5.58 v _176_/X (sky130_fd_sc_hd__or2_2)
                                         _001_ (net)
                  0.05    0.00    5.58 v _182_/A2 (sky130_fd_sc_hd__a32o_2)
     1    0.00    0.04    0.27    5.85 v _182_/X (sky130_fd_sc_hd__a32o_2)
                                         alu5.result (net)
                  0.04    0.00    5.85 v _224_/A (sky130_fd_sc_hd__buf_2)
     1    0.03    0.09    0.18    6.03 v _224_/X (sky130_fd_sc_hd__buf_2)
                                         result[5] (net)
                  0.09    0.00    6.03 v result[5] (out)
                                  6.03   data arrival time

                  0.00   10.00   10.00   clock __VIRTUAL_CLK__ (rise edge)
                          0.00   10.00   clock network delay (ideal)
                         -0.25    9.75   clock uncertainty
                          0.00    9.75   clock reconvergence pessimism
                         -2.00    7.75   output external delay
                                  7.75   data required time
-----------------------------------------------------------------------------
                                  7.75   data required time
                                 -6.03   data arrival time
-----------------------------------------------------------------------------
                                  1.72   slack (MET)


Startpoint: op[2] (input port clocked by __VIRTUAL_CLK__)
Endpoint: result[4] (output port clocked by __VIRTUAL_CLK__)
Path Group: __VIRTUAL_CLK__
Path Type: max

Fanout     Cap    Slew   Delay    Time   Description
-----------------------------------------------------------------------------
                  0.00    0.00    0.00   clock __VIRTUAL_CLK__ (rise edge)
                          0.00    0.00   clock network delay (ideal)
                          2.00    2.00 v input external delay
     6    0.01    0.03    0.02    2.02 v op[2] (in)
                                         op[2] (net)
                  0.03    0.00    2.02 v _113_/A (sky130_fd_sc_hd__or2_2)
     3    0.01    0.06    0.31    2.33 v _113_/X (sky130_fd_sc_hd__or2_2)
                                         _047_ (net)
                  0.06    0.00    2.33 v _114_/B (sky130_fd_sc_hd__or2_2)
     8    0.02    0.10    0.35    2.69 v _114_/X (sky130_fd_sc_hd__or2_2)
                                         _048_ (net)
                  0.10    0.00    2.69 v _115_/B2 (sky130_fd_sc_hd__o32a_2)
     3    0.02    0.09    0.25    2.93 v _115_/X (sky130_fd_sc_hd__o32a_2)
                                         _049_ (net)
                  0.09    0.00    2.93 v _116_/B (sky130_fd_sc_hd__xnor2_2)
     3    0.01    0.19    0.20    3.14 ^ _116_/Y (sky130_fd_sc_hd__xnor2_2)
                                         _050_ (net)
                  0.19    0.00    3.14 ^ _129_/A2 (sky130_fd_sc_hd__o21ai_2)
     4    0.01    0.07    0.10    3.24 v _129_/Y (sky130_fd_sc_hd__o21ai_2)
                                         _062_ (net)
                  0.07    0.00    3.24 v _145_/A2 (sky130_fd_sc_hd__a32o_2)
     1    0.00    0.04    0.28    3.52 v _145_/X (sky130_fd_sc_hd__a32o_2)
                                         _077_ (net)
                  0.04    0.00    3.52 v _146_/B1 (sky130_fd_sc_hd__o22a_2)
     3    0.02    0.08    0.25    3.77 v _146_/X (sky130_fd_sc_hd__o22a_2)
                                         _078_ (net)
                  0.08    0.00    3.77 v _147_/B (sky130_fd_sc_hd__xnor2_2)
     3    0.01    0.19    0.20    3.97 ^ _147_/Y (sky130_fd_sc_hd__xnor2_2)
                                         _079_ (net)
                  0.19    0.00    3.97 ^ _156_/A2 (sky130_fd_sc_hd__o21ai_2)
     4    0.01    0.06    0.10    4.07 v _156_/Y (sky130_fd_sc_hd__o21ai_2)
                                         _087_ (net)
                  0.06    0.00    4.07 v _159_/B (sky130_fd_sc_hd__and3_2)
     3    0.01    0.05    0.23    4.29 v _159_/X (sky130_fd_sc_hd__and3_2)
                                         _090_ (net)
                  0.05    0.00    4.29 v _161_/B (sky130_fd_sc_hd__or3_2)
     1    0.00    0.07    0.46    4.75 v _161_/X (sky130_fd_sc_hd__or3_2)
                                         _092_ (net)
                  0.07    0.00    4.75 v _167_/A2 (sky130_fd_sc_hd__a32o_2)
     1    0.00    0.04    0.28    5.03 v _167_/X (sky130_fd_sc_hd__a32o_2)
                                         alu4.result (net)
                  0.04    0.00    5.03 v _223_/A (sky130_fd_sc_hd__buf_2)
     1    0.03    0.09    0.18    5.21 v _223_/X (sky130_fd_sc_hd__buf_2)
                                         result[4] (net)
                  0.09    0.00    5.21 v result[4] (out)
                                  5.21   data arrival time

                  0.00   10.00   10.00   clock __VIRTUAL_CLK__ (rise edge)
                          0.00   10.00   clock network delay (ideal)
                         -0.25    9.75   clock uncertainty
                          0.00    9.75   clock reconvergence pessimism
                         -2.00    7.75   output external delay
                                  7.75   data required time
-----------------------------------------------------------------------------
                                  7.75   data required time
                                 -5.21   data arrival time
-----------------------------------------------------------------------------
                                  2.54   slack (MET)


Startpoint: op[2] (input port clocked by __VIRTUAL_CLK__)
Endpoint: result[3] (output port clocked by __VIRTUAL_CLK__)
Path Group: __VIRTUAL_CLK__
Path Type: max

Fanout     Cap    Slew   Delay    Time   Description
-----------------------------------------------------------------------------
                  0.00    0.00    0.00   clock __VIRTUAL_CLK__ (rise edge)
                          0.00    0.00   clock network delay (ideal)
                          2.00    2.00 v input external delay
     6    0.01    0.03    0.02    2.02 v op[2] (in)
                                         op[2] (net)
                  0.03    0.00    2.02 v _113_/A (sky130_fd_sc_hd__or2_2)
     3    0.01    0.06    0.31    2.33 v _113_/X (sky130_fd_sc_hd__or2_2)
                                         _047_ (net)
                  0.06    0.00    2.33 v _114_/B (sky130_fd_sc_hd__or2_2)
     8    0.02    0.10    0.35    2.69 v _114_/X (sky130_fd_sc_hd__or2_2)
                                         _048_ (net)
                  0.10    0.00    2.69 v _115_/B2 (sky130_fd_sc_hd__o32a_2)
     3    0.02    0.09    0.25    2.93 v _115_/X (sky130_fd_sc_hd__o32a_2)
                                         _049_ (net)
                  0.09    0.00    2.93 v _116_/B (sky130_fd_sc_hd__xnor2_2)
     3    0.01    0.19    0.20    3.14 ^ _116_/Y (sky130_fd_sc_hd__xnor2_2)
                                         _050_ (net)
                  0.19    0.00    3.14 ^ _129_/A2 (sky130_fd_sc_hd__o21ai_2)
     4    0.01    0.07    0.10    3.24 v _129_/Y (sky130_fd_sc_hd__o21ai_2)
                                         _062_ (net)
                  0.07    0.00    3.24 v _145_/A2 (sky130_fd_sc_hd__a32o_2)
     1    0.00    0.04    0.28    3.52 v _145_/X (sky130_fd_sc_hd__a32o_2)
                                         _077_ (net)
                  0.04    0.00    3.52 v _146_/B1 (sky130_fd_sc_hd__o22a_2)
     3    0.02    0.08    0.25    3.77 v _146_/X (sky130_fd_sc_hd__o22a_2)
                                         _078_ (net)
                  0.08    0.00    3.77 v _147_/B (sky130_fd_sc_hd__xnor2_2)
     3    0.01    0.07    0.17    3.94 v _147_/Y (sky130_fd_sc_hd__xnor2_2)
                                         _079_ (net)
                  0.07    0.00    3.94 v _148_/B (sky130_fd_sc_hd__or2_2)
     1    0.00    0.05    0.29    4.22 v _148_/X (sky130_fd_sc_hd__or2_2)
                                         _080_ (net)
                  0.05    0.00    4.22 v _154_/A2 (sky130_fd_sc_hd__a32o_2)
     1    0.00    0.04    0.27    4.49 v _154_/X (sky130_fd_sc_hd__a32o_2)
                                         alu3.result (net)
                  0.04    0.00    4.49 v _222_/A (sky130_fd_sc_hd__buf_2)
     1    0.03    0.09    0.18    4.67 v _222_/X (sky130_fd_sc_hd__buf_2)
                                         result[3] (net)
                  0.09    0.00    4.67 v result[3] (out)
                                  4.67   data arrival time

                  0.00   10.00   10.00   clock __VIRTUAL_CLK__ (rise edge)
                          0.00   10.00   clock network delay (ideal)
                         -0.25    9.75   clock uncertainty
                          0.00    9.75   clock reconvergence pessimism
                         -2.00    7.75   output external delay
                                  7.75   data required time
-----------------------------------------------------------------------------
                                  7.75   data required time
                                 -4.67   data arrival time
-----------------------------------------------------------------------------
                                  3.08   slack (MET)


Startpoint: op[2] (input port clocked by __VIRTUAL_CLK__)
Endpoint: result[2] (output port clocked by __VIRTUAL_CLK__)
Path Group: __VIRTUAL_CLK__
Path Type: max

Fanout     Cap    Slew   Delay    Time   Description
-----------------------------------------------------------------------------
                  0.00    0.00    0.00   clock __VIRTUAL_CLK__ (rise edge)
                          0.00    0.00   clock network delay (ideal)
                          2.00    2.00 v input external delay
     6    0.01    0.03    0.02    2.02 v op[2] (in)
                                         op[2] (net)
                  0.03    0.00    2.02 v _113_/A (sky130_fd_sc_hd__or2_2)
     3    0.01    0.06    0.31    2.33 v _113_/X (sky130_fd_sc_hd__or2_2)
                                         _047_ (net)
                  0.06    0.00    2.33 v _114_/B (sky130_fd_sc_hd__or2_2)
     8    0.02    0.10    0.35    2.69 v _114_/X (sky130_fd_sc_hd__or2_2)
                                         _048_ (net)
                  0.10    0.00    2.69 v _115_/B2 (sky130_fd_sc_hd__o32a_2)
     3    0.02    0.09    0.25    2.93 v _115_/X (sky130_fd_sc_hd__o32a_2)
                                         _049_ (net)
                  0.09    0.00    2.93 v _116_/B (sky130_fd_sc_hd__xnor2_2)
     3    0.01    0.07    0.17    3.11 v _116_/Y (sky130_fd_sc_hd__xnor2_2)
                                         _050_ (net)
                  0.07    0.00    3.11 v _129_/A2 (sky130_fd_sc_hd__o21ai_2)
     4    0.01    0.18    0.19    3.29 ^ _129_/Y (sky130_fd_sc_hd__o21ai_2)
                                         _062_ (net)
                  0.18    0.00    3.29 ^ _136_/A2 (sky130_fd_sc_hd__a31o_2)
     1    0.00    0.05    0.19    3.49 ^ _136_/X (sky130_fd_sc_hd__a31o_2)
                                         _069_ (net)
                  0.05    0.00    3.49 ^ _137_/B (sky130_fd_sc_hd__nor2_2)
     1    0.00    0.03    0.03    3.52 v _137_/Y (sky130_fd_sc_hd__nor2_2)
                                         _070_ (net)
                  0.03    0.00    3.52 v _141_/B1 (sky130_fd_sc_hd__o2bb2a_2)
     1    0.00    0.04    0.25    3.76 v _141_/X (sky130_fd_sc_hd__o2bb2a_2)
                                         alu2.result (net)
                  0.04    0.00    3.76 v _221_/A (sky130_fd_sc_hd__buf_2)
     1    0.03    0.09    0.19    3.95 v _221_/X (sky130_fd_sc_hd__buf_2)
                                         result[2] (net)
                  0.09    0.00    3.95 v result[2] (out)
                                  3.95   data arrival time

                  0.00   10.00   10.00   clock __VIRTUAL_CLK__ (rise edge)
                          0.00   10.00   clock network delay (ideal)
                         -0.25    9.75   clock uncertainty
                          0.00    9.75   clock reconvergence pessimism
                         -2.00    7.75   output external delay
                                  7.75   data required time
-----------------------------------------------------------------------------
                                  7.75   data required time
                                 -3.95   data arrival time
-----------------------------------------------------------------------------
                                  3.80   slack (MET)


Startpoint: op[2] (input port clocked by __VIRTUAL_CLK__)
Endpoint: result[1] (output port clocked by __VIRTUAL_CLK__)
Path Group: __VIRTUAL_CLK__
Path Type: max

Fanout     Cap    Slew   Delay    Time   Description
-----------------------------------------------------------------------------
                  0.00    0.00    0.00   clock __VIRTUAL_CLK__ (rise edge)
                          0.00    0.00   clock network delay (ideal)
                          2.00    2.00 v input external delay
     6    0.01    0.03    0.02    2.02 v op[2] (in)
                                         op[2] (net)
                  0.03    0.00    2.02 v _113_/A (sky130_fd_sc_hd__or2_2)
     3    0.01    0.06    0.31    2.33 v _113_/X (sky130_fd_sc_hd__or2_2)
                                         _047_ (net)
                  0.06    0.00    2.33 v _114_/B (sky130_fd_sc_hd__or2_2)
     8    0.02    0.10    0.35    2.69 v _114_/X (sky130_fd_sc_hd__or2_2)
                                         _048_ (net)
                  0.10    0.00    2.69 v _115_/B2 (sky130_fd_sc_hd__o32a_2)
     3    0.02    0.09    0.25    2.93 v _115_/X (sky130_fd_sc_hd__o32a_2)
                                         _049_ (net)
                  0.09    0.00    2.93 v _116_/B (sky130_fd_sc_hd__xnor2_2)
     3    0.01    0.07    0.17    3.11 v _116_/Y (sky130_fd_sc_hd__xnor2_2)
                                         _050_ (net)
                  0.07    0.00    3.11 v _118_/B (sky130_fd_sc_hd__or2_2)
     1    0.00    0.05    0.29    3.39 v _118_/X (sky130_fd_sc_hd__or2_2)
                                         _052_ (net)
                  0.05    0.00    3.39 v _127_/A3 (sky130_fd_sc_hd__a32o_2)
     1    0.00    0.04    0.26    3.66 v _127_/X (sky130_fd_sc_hd__a32o_2)
                                         alu1.result (net)
                  0.04    0.00    3.66 v _220_/A (sky130_fd_sc_hd__buf_2)
     1    0.03    0.09    0.18    3.84 v _220_/X (sky130_fd_sc_hd__buf_2)
                                         result[1] (net)
                  0.09    0.00    3.84 v result[1] (out)
                                  3.84   data arrival time

                  0.00   10.00   10.00   clock __VIRTUAL_CLK__ (rise edge)
                          0.00   10.00   clock network delay (ideal)
                         -0.25    9.75   clock uncertainty
                          0.00    9.75   clock reconvergence pessimism
                         -2.00    7.75   output external delay
                                  7.75   data required time
-----------------------------------------------------------------------------
                                  7.75   data required time
                                 -3.84   data arrival time
-----------------------------------------------------------------------------
                                  3.91   slack (MET)


Startpoint: op[0] (input port clocked by __VIRTUAL_CLK__)
Endpoint: result[0] (output port clocked by __VIRTUAL_CLK__)
Path Group: __VIRTUAL_CLK__
Path Type: max

Fanout     Cap    Slew   Delay    Time   Description
-----------------------------------------------------------------------------
                  0.00    0.00    0.00   clock __VIRTUAL_CLK__ (rise edge)
                          0.00    0.00   clock network delay (ideal)
                          2.00    2.00 ^ input external delay
     2    0.01    0.04    0.02    2.02 ^ op[0] (in)
                                         op[0] (net)
                  0.04    0.00    2.02 ^ _112_/A (sky130_fd_sc_hd__buf_1)
    10    0.02    0.22    0.21    2.24 ^ _112_/X (sky130_fd_sc_hd__buf_1)
                                         _046_ (net)
                  0.22    0.00    2.24 ^ _123_/B (sky130_fd_sc_hd__or2_2)
     2    0.01    0.05    0.17    2.41 ^ _123_/X (sky130_fd_sc_hd__or2_2)
                                         _057_ (net)
                  0.05    0.00    2.41 ^ _124_/A (sky130_fd_sc_hd__inv_2)
     1    0.00    0.01    0.03    2.44 v _124_/Y (sky130_fd_sc_hd__inv_2)
                                         _058_ (net)
                  0.01    0.00    2.44 v _125_/A2 (sky130_fd_sc_hd__a22o_2)
     7    0.01    0.07    0.29    2.72 v _125_/X (sky130_fd_sc_hd__a22o_2)
                                         _059_ (net)
                  0.07    0.00    2.72 v _215_/B1 (sky130_fd_sc_hd__o21a_2)
     1    0.00    0.03    0.12    2.84 v _215_/X (sky130_fd_sc_hd__o21a_2)
                                         _036_ (net)
                  0.03    0.00    2.84 v _217_/A1 (sky130_fd_sc_hd__mux2_2)
     1    0.00    0.04    0.25    3.10 v _217_/X (sky130_fd_sc_hd__mux2_2)
                                         _038_ (net)
                  0.04    0.00    3.10 v _218_/B1_N (sky130_fd_sc_hd__o21bai_2)
     1    0.00    0.04    0.18    3.28 v _218_/Y (sky130_fd_sc_hd__o21bai_2)
                                         alu0.result (net)
                  0.04    0.00    3.28 v _219_/A (sky130_fd_sc_hd__buf_2)
     1    0.03    0.09    0.19    3.46 v _219_/X (sky130_fd_sc_hd__buf_2)
                                         result[0] (net)
                  0.09    0.00    3.46 v result[0] (out)
                                  3.46   data arrival time

                  0.00   10.00   10.00   clock __VIRTUAL_CLK__ (rise edge)
                          0.00   10.00   clock network delay (ideal)
                         -0.25    9.75   clock uncertainty
                          0.00    9.75   clock reconvergence pessimism
                         -2.00    7.75   output external delay
                                  7.75   data required time
-----------------------------------------------------------------------------
                                  7.75   data required time
                                 -3.46   data arrival time
-----------------------------------------------------------------------------
                                  4.29   slack (MET)



worst slack corner Typical: 0.3428
max_report_end
checks_report

===========================================================================
report_checks -unconstrained
===========================================================================
======================= Typical Corner ===================================

Startpoint: op[2] (input port clocked by __VIRTUAL_CLK__)
Endpoint: result[7] (output port clocked by __VIRTUAL_CLK__)
Path Group: __VIRTUAL_CLK__
Path Type: max

Fanout     Cap    Slew   Delay    Time   Description
-----------------------------------------------------------------------------
                  0.00    0.00    0.00   clock __VIRTUAL_CLK__ (rise edge)
                          0.00    0.00   clock network delay (ideal)
                          2.00    2.00 v input external delay
     6    0.01    0.03    0.02    2.02 v op[2] (in)
                                         op[2] (net)
                  0.03    0.00    2.02 v _113_/A (sky130_fd_sc_hd__or2_2)
     3    0.01    0.06    0.31    2.33 v _113_/X (sky130_fd_sc_hd__or2_2)
                                         _047_ (net)
                  0.06    0.00    2.33 v _114_/B (sky130_fd_sc_hd__or2_2)
     8    0.02    0.10    0.35    2.69 v _114_/X (sky130_fd_sc_hd__or2_2)
                                         _048_ (net)
                  0.10    0.00    2.69 v _115_/B2 (sky130_fd_sc_hd__o32a_2)
     3    0.02    0.09    0.25    2.93 v _115_/X (sky130_fd_sc_hd__o32a_2)
                                         _049_ (net)
                  0.09    0.00    2.93 v _116_/B (sky130_fd_sc_hd__xnor2_2)
     3    0.01    0.19    0.20    3.14 ^ _116_/Y (sky130_fd_sc_hd__xnor2_2)
                                         _050_ (net)
                  0.19    0.00    3.14 ^ _129_/A2 (sky130_fd_sc_hd__o21ai_2)
     4    0.01    0.07    0.10    3.24 v _129_/Y (sky130_fd_sc_hd__o21ai_2)
                                         _062_ (net)
                  0.07    0.00    3.24 v _145_/A2 (sky130_fd_sc_hd__a32o_2)
     1    0.00    0.04    0.28    3.52 v _145_/X (sky130_fd_sc_hd__a32o_2)
                                         _077_ (net)
                  0.04    0.00    3.52 v _146_/B1 (sky130_fd_sc_hd__o22a_2)
     3    0.02    0.08    0.25    3.77 v _146_/X (sky130_fd_sc_hd__o22a_2)
                                         _078_ (net)
                  0.08    0.00    3.77 v _147_/B (sky130_fd_sc_hd__xnor2_2)
     3    0.01    0.19    0.20    3.97 ^ _147_/Y (sky130_fd_sc_hd__xnor2_2)
                                         _079_ (net)
                  0.19    0.00    3.97 ^ _156_/A2 (sky130_fd_sc_hd__o21ai_2)
     4    0.01    0.06    0.10    4.07 v _156_/Y (sky130_fd_sc_hd__o21ai_2)
                                         _087_ (net)
                  0.06    0.00    4.07 v _171_/B (sky130_fd_sc_hd__and3_2)
     1    0.00    0.03    0.20    4.26 v _171_/X (sky130_fd_sc_hd__and3_2)
                                         _101_ (net)
                  0.03    0.00    4.26 v _172_/A (sky130_fd_sc_hd__or3b_2)
     3    0.01    0.09    0.49    4.76 v _172_/X (sky130_fd_sc_hd__or3b_2)
                                         _102_ (net)
                  0.09    0.00    4.76 v _185_/C (sky130_fd_sc_hd__and3_2)
     1    0.00    0.03    0.22    4.98 v _185_/X (sky130_fd_sc_hd__and3_2)
                                         _009_ (net)
                  0.03    0.00    4.98 v _186_/A (sky130_fd_sc_hd__or3b_2)
     4    0.01    0.10    0.52    5.50 v _186_/X (sky130_fd_sc_hd__or3b_2)
                                         _010_ (net)
                  0.10    0.00    5.50 v _199_/C (sky130_fd_sc_hd__and3_2)
     1    0.00    0.03    0.23    5.73 v _199_/X (sky130_fd_sc_hd__and3_2)
                                         _022_ (net)
                  0.03    0.00    5.73 v _200_/A (sky130_fd_sc_hd__or3b_2)
     3    0.01    0.10    0.51    6.24 v _200_/X (sky130_fd_sc_hd__or3b_2)
                                         _023_ (net)
                  0.10    0.00    6.24 v _201_/C (sky130_fd_sc_hd__and3_2)
     3    0.01    0.06    0.26    6.50 v _201_/X (sky130_fd_sc_hd__and3_2)
                                         _024_ (net)
                  0.06    0.00    6.50 v _203_/B (sky130_fd_sc_hd__or3_2)
     2    0.00    0.08    0.48    6.98 v _203_/X (sky130_fd_sc_hd__or3_2)
                                         _026_ (net)
                  0.08    0.00    6.98 v _209_/A2 (sky130_fd_sc_hd__a31o_2)
     1    0.00    0.03    0.25    7.22 v _209_/X (sky130_fd_sc_hd__a31o_2)
                                         alu7.result (net)
                  0.03    0.00    7.22 v _226_/A (sky130_fd_sc_hd__buf_2)
     1    0.03    0.09    0.18    7.41 v _226_/X (sky130_fd_sc_hd__buf_2)
                                         result[7] (net)
                  0.09    0.00    7.41 v result[7] (out)
                                  7.41   data arrival time

                  0.00   10.00   10.00   clock __VIRTUAL_CLK__ (rise edge)
                          0.00   10.00   clock network delay (ideal)
                         -0.25    9.75   clock uncertainty
                          0.00    9.75   clock reconvergence pessimism
                         -2.00    7.75   output external delay
                                  7.75   data required time
-----------------------------------------------------------------------------
                                  7.75   data required time
                                 -7.41   data arrival time
-----------------------------------------------------------------------------
                                  0.34   slack (MET)




===========================================================================
report_checks --slack_max -0.01
============================================================================
======================= Typical Corner ===================================

No paths found.


===========================================================================
 report_check_types -max_slew -max_cap -max_fanout -violators
============================================================================
======================= Typical Corner ===================================


max slew violations count Typical: 0
max fanout violations count Typical: 0
max cap violations count Typical: 0

===========================================================================
report_parasitic_annotation -report_unannotated
============================================================================
Found 142 unannotated drivers.
 a[0]
 a[1]
 a[2]
 a[3]
 a[4]
 a[5]
 a[6]
 a[7]
 b[0]
 b[1]
 b[2]
 b[3]
 b[4]
 b[5]
 b[6]
 b[7]
 cin
 op[0]
 op[1]
 op[2]
 _105_/Y
 _106_/Y
 _107_/X
 _108_/Y
 _109_/Y
 _110_/X
 _111_/Y
 _112_/X
 _113_/X
 _114_/X
 _115_/X
 _116_/Y
 _117_/Y
 _118_/X
 _119_/X
 _120_/Y
 _121_/X
 _122_/X
 _123_/X
 _124_/Y
 _125_/X
 _126_/X
 _127_/X
 _128_/Y
 _129_/Y
 _130_/Y
 _131_/Y
 _132_/Y
 _133_/X
 _134_/Y
 _135_/Y
 _136_/X
 _137_/Y
 _138_/Y
 _139_/X
 _140_/X
 _141_/X
 _142_/Y
 _143_/X
 _144_/Y
 _145_/X
 _146_/X
 _147_/Y
 _148_/X
 _149_/Y
 _150_/Y
 _151_/X
 _152_/X
 _153_/X
 _154_/X
 _155_/Y
 _156_/Y
 _157_/Y
 _158_/Y
 _159_/X
 _160_/Y
 _161_/X
 _162_/Y
 _163_/Y
 _164_/X
 _165_/X
 _166_/X
 _167_/X
 _168_/Y
 _169_/X
 _170_/X
 _171_/X
 _172_/X
 _173_/X
 _174_/X
 _175_/X
 _176_/X
 _177_/Y
 _178_/Y
 _179_/X
 _180_/X
 _181_/X
 _182_/X
 _183_/Y
 _184_/X
 _185_/X
 _186_/X
 _187_/X
 _188_/Y
 _189_/X
 _190_/Y
 _191_/Y
 _192_/X
 _193_/X
 _194_/X
 _195_/X
 _196_/Y
 _197_/X
 _198_/X
 _199_/X
 _200_/X
 _201_/X
 _202_/Y
 _203_/X
 _204_/Y
 _205_/Y
 _206_/X
 _207_/X
 _208_/X
 _209_/X
 _210_/Y
 _211_/X
 _212_/X
 _213_/X
 _214_/X
 _215_/X
 _216_/Y
 _217_/X
 _218_/Y
 _219_/X
 _220_/X
 _221_/X
 _222_/X
 _223_/X
 _224_/X
 _225_/X
 _226_/X
Found 0 partially unannotated drivers.

===========================================================================
max slew violation count 0
max fanout violation count 0
max cap violation count 0
============================================================================

===========================================================================
check_setup -verbose -unconstrained_endpoints -multiple_clock -no_clock -no_input_delay -loops -generated_clocks
===========================================================================
checks_report_end
power_report

===========================================================================
 report_power
============================================================================
======================= Typical Corner ===================================

Group                  Internal  Switching    Leakage      Total
                          Power      Power      Power      Power (Watts)
----------------------------------------------------------------
Sequential             0.00e+00   0.00e+00   0.00e+00   0.00e+00   0.0%
Combinational          2.16e-05   2.02e-05   3.98e-10   4.18e-05 100.0%
Clock                  0.00e+00   0.00e+00   0.00e+00   0.00e+00   0.0%
Macro                  0.00e+00   0.00e+00   0.00e+00   0.00e+00   0.0%
Pad                    0.00e+00   0.00e+00   0.00e+00   0.00e+00   0.0%
----------------------------------------------------------------
Total                  2.16e-05   2.02e-05   3.98e-10   4.18e-05 100.0%
                          51.7%      48.3%       0.0%

power_report_end
summary_report

===========================================================================
report_tns
============================================================================
tns 0.00

===========================================================================
report_wns
============================================================================
wns 0.00

===========================================================================
report_worst_slack -max (Setup)
============================================================================
worst slack 0.34

===========================================================================
report_worst_slack -min (Hold)
============================================================================
worst slack 4.11
summary_report_end
check_nonpropagated_clocks
__VIRTUAL_CLK__
check_nonpropagated_clocks_end
[WARNING] Did not save OpenROAD database!
Writing SDF to '/openlane/designs/alu_8bit/runs/RUN_2025.05.07_16.15.44/results/synthesis/alu_8bit.sdf'…
