OpenROAD b16bda7e82721d10566ff7e2b68f1ff0be9f9e38 
Features included (+) or not (-): +Charts +GPU +GUI +Python
This program is licensed under the BSD-3 license. See the LICENSE file for details.
Components of this program may be licensed under more restrictive licenses which must be honored.
[INFO ODB-0227] LEF file: /openlane/designs/alu_8bit/runs/RUN_2025.05.07_17.19.58/tmp/merged.min.lef, created 13 layers, 25 vias, 441 library cells
[INFO ODB-0127] Reading DEF file: /openlane/designs/alu_8bit/runs/RUN_2025.05.07_17.19.58/results/routing/alu_8bit.def
[INFO ODB-0128] Design: alu_8bit
[INFO ODB-0130]     Created 31 pins.
[INFO ODB-0131]     Created 377 components and 1982 component-terminals.
[INFO ODB-0132]     Created 2 special nets and 1452 connections.
[INFO ODB-0133]     Created 184 nets and 530 connections.
[INFO ODB-0134] Finished DEF file: /openlane/designs/alu_8bit/runs/RUN_2025.05.07_17.19.58/results/routing/alu_8bit.def
define_corners Typical
read_liberty -corner Typical /home/amit/.volare/volare/sky130/versions/bdc9412b3e468c102d01b7cf6337be06ec6e9c9a/sky130A/libs.ref/sky130_fd_sc_hd/lib/sky130_fd_sc_hd__tt_025C_1v80.lib
Using 1e-12 for capacitance...
Using 1e+03 for resistance...
Using 1e-09 for time...
Using 1e+00 for voltage...
Using 1e-03 for current...
Using 1e-09 for power...
Using 1e-06 for distance...
Using RCX ruleset '/home/amit/.volare/volare/sky130/versions/bdc9412b3e468c102d01b7cf6337be06ec6e9c9a/sky130A/libs.tech/openlane/rules.openrcx.sky130A.min.calibre'...
[INFO RCX-0431] Defined process_corner X with ext_model_index 0
[INFO RCX-0029] Defined extraction corner X
[INFO RCX-0008] extracting parasitics of alu_8bit ...
[INFO RCX-0435] Reading extraction model file /home/amit/.volare/volare/sky130/versions/bdc9412b3e468c102d01b7cf6337be06ec6e9c9a/sky130A/libs.tech/openlane/rules.openrcx.sky130A.min.calibre ...
[INFO RCX-0436] RC segment generation alu_8bit (max_merge_res 50.0) ...
[INFO RCX-0040] Final 565 rc segments
[INFO RCX-0439] Coupling Cap extraction alu_8bit ...
[INFO RCX-0440] Coupling threshhold is 0.1000 fF, coupling capacitance less than 0.1000 fF will be grounded.
[INFO RCX-0043] 1217 wires to be extracted
[INFO RCX-0442] 57% completion -- 694 wires have been extracted
[INFO RCX-0442] 100% completion -- 1217 wires have been extracted
[INFO RCX-0045] Extract 184 nets, 749 rsegs, 749 caps, 920 ccs
[INFO RCX-0015] Finished extracting alu_8bit.
Writing result to /openlane/designs/alu_8bit/runs/RUN_2025.05.07_17.19.58/results/routing/mca/process_corner_min/alu_8bit.spef...
Setting global connections for newly added cells…
[WARNING] Did not save OpenROAD database!
Writing extracted parasitics to '/openlane/designs/alu_8bit/runs/RUN_2025.05.07_17.19.58/results/routing/mca/process_corner_min/alu_8bit.spef'…
[INFO RCX-0016] Writing SPEF ...
[INFO RCX-0443] 184 nets finished
[INFO RCX-0017] Finished writing SPEF ...
