
===========================================================================
report_checks -unconstrained
===========================================================================
======================= Fastest Corner ===================================

Startpoint: a[0] (input port clocked by __VIRTUAL_CLK__)
Endpoint: result[7] (output port clocked by __VIRTUAL_CLK__)
Path Group: __VIRTUAL_CLK__
Path Type: max
Corner: Fastest

Fanout     Cap    Slew   Delay    Time   Description
-----------------------------------------------------------------------------
                  0.00    0.00    0.00   clock __VIRTUAL_CLK__ (rise edge)
                          0.00    0.00   clock network delay (ideal)
                          2.00    2.00 ^ input external delay
     1    0.01    0.03    0.02    2.02 ^ a[0] (in)
                                         a[0] (net)
                  0.03    0.00    2.02 ^ input1/A (sky130_fd_sc_hd__buf_1)
     5    0.02    0.16    0.14    2.16 ^ input1/X (sky130_fd_sc_hd__buf_1)
                                         net1 (net)
                  0.16    0.00    2.17 ^ _107_/A (sky130_fd_sc_hd__or2_1)
     3    0.01    0.10    0.14    2.30 ^ _107_/X (sky130_fd_sc_hd__or2_1)
                                         _041_ (net)
                  0.10    0.00    2.30 ^ _108_/A2 (sky130_fd_sc_hd__a21oi_2)
     2    0.01    0.05    0.05    2.35 v _108_/Y (sky130_fd_sc_hd__a21oi_2)
                                         _042_ (net)
                  0.05    0.00    2.35 v _115_/A1 (sky130_fd_sc_hd__o32a_4)
     3    0.03    0.06    0.28    2.63 v _115_/X (sky130_fd_sc_hd__o32a_4)
                                         _049_ (net)
                  0.06    0.00    2.63 v _130_/A1 (sky130_fd_sc_hd__a21oi_2)
     1    0.01    0.10    0.12    2.75 ^ _130_/Y (sky130_fd_sc_hd__a21oi_2)
                                         _063_ (net)
                  0.10    0.00    2.75 ^ _131_/A (sky130_fd_sc_hd__nand2_2)
     4    0.02    0.06    0.06    2.82 v _131_/Y (sky130_fd_sc_hd__nand2_2)
                                         _064_ (net)
                  0.06    0.00    2.82 v _143_/A3 (sky130_fd_sc_hd__a31o_1)
     1    0.00    0.03    0.16    2.98 v _143_/X (sky130_fd_sc_hd__a31o_1)
                                         _075_ (net)
                  0.03    0.00    2.98 v _146_/A2 (sky130_fd_sc_hd__o22a_4)
     3    0.02    0.04    0.16    3.14 v _146_/X (sky130_fd_sc_hd__o22a_4)
                                         _078_ (net)
                  0.04    0.00    3.14 v _157_/A2 (sky130_fd_sc_hd__a21oi_2)
     1    0.00    0.07    0.10    3.24 ^ _157_/Y (sky130_fd_sc_hd__a21oi_2)
                                         _088_ (net)
                  0.07    0.00    3.24 ^ _158_/A (sky130_fd_sc_hd__nand2_1)
     2    0.01    0.05    0.05    3.29 v _158_/Y (sky130_fd_sc_hd__nand2_1)
                                         _089_ (net)
                  0.05    0.00    3.29 v rebuffer1/A (sky130_fd_sc_hd__clkbuf_2)
     3    0.01    0.03    0.09    3.38 v rebuffer1/X (sky130_fd_sc_hd__clkbuf_2)
                                         net30 (net)
                  0.03    0.00    3.38 v _169_/A2 (sky130_fd_sc_hd__a21o_1)
     1    0.00    0.02    0.11    3.49 v _169_/X (sky130_fd_sc_hd__a21o_1)
                                         _099_ (net)
                  0.02    0.00    3.49 v _170_/A1 (sky130_fd_sc_hd__a211o_1)
     3    0.01    0.05    0.18    3.67 v _170_/X (sky130_fd_sc_hd__a211o_1)
                                         _100_ (net)
                  0.05    0.00    3.67 v _185_/B (sky130_fd_sc_hd__and3_1)
     1    0.00    0.03    0.11    3.78 v _185_/X (sky130_fd_sc_hd__and3_1)
                                         _009_ (net)
                  0.03    0.00    3.78 v _186_/B (sky130_fd_sc_hd__or3b_4)
     4    0.01    0.06    0.25    4.04 v _186_/X (sky130_fd_sc_hd__or3b_4)
                                         _010_ (net)
                  0.06    0.00    4.04 v _199_/A (sky130_fd_sc_hd__and3_1)
     1    0.00    0.03    0.11    4.14 v _199_/X (sky130_fd_sc_hd__and3_1)
                                         _022_ (net)
                  0.03    0.00    4.15 v _200_/B (sky130_fd_sc_hd__or3b_4)
     3    0.01    0.05    0.24    4.39 v _200_/X (sky130_fd_sc_hd__or3b_4)
                                         _023_ (net)
                  0.05    0.00    4.39 v _201_/A (sky130_fd_sc_hd__and3_1)
     3    0.01    0.05    0.12    4.51 v _201_/X (sky130_fd_sc_hd__and3_1)
                                         _024_ (net)
                  0.05    0.00    4.51 v _203_/C (sky130_fd_sc_hd__or3_4)
     2    0.01    0.05    0.21    4.72 v _203_/X (sky130_fd_sc_hd__or3_4)
                                         _026_ (net)
                  0.05    0.00    4.72 v _209_/A1 (sky130_fd_sc_hd__a31o_1)
     1    0.00    0.03    0.12    4.84 v _209_/X (sky130_fd_sc_hd__a31o_1)
                                         alu7.result (net)
                  0.03    0.00    4.84 v _226_/A (sky130_fd_sc_hd__clkbuf_1)
     1    0.01    0.04    0.08    4.91 v _226_/X (sky130_fd_sc_hd__clkbuf_1)
                                         net29 (net)
                  0.04    0.00    4.92 v output29/A (sky130_fd_sc_hd__buf_6)
     1    0.03    0.03    0.10    5.01 v output29/X (sky130_fd_sc_hd__buf_6)
                                         result[7] (net)
                  0.03    0.00    5.01 v result[7] (out)
                                  5.01   data arrival time

                  0.00   10.00   10.00   clock __VIRTUAL_CLK__ (rise edge)
                          0.00   10.00   clock network delay (ideal)
                         -0.25    9.75   clock uncertainty
                          0.00    9.75   clock reconvergence pessimism
                         -2.00    7.75   output external delay
                                  7.75   data required time
-----------------------------------------------------------------------------
                                  7.75   data required time
                                 -5.01   data arrival time
-----------------------------------------------------------------------------
                                  2.74   slack (MET)



======================= Slowest Corner ===================================

Startpoint: a[0] (input port clocked by __VIRTUAL_CLK__)
Endpoint: result[7] (output port clocked by __VIRTUAL_CLK__)
Path Group: __VIRTUAL_CLK__
Path Type: max
Corner: Slowest

Fanout     Cap    Slew   Delay    Time   Description
-----------------------------------------------------------------------------
                  0.00    0.00    0.00   clock __VIRTUAL_CLK__ (rise edge)
                          0.00    0.00   clock network delay (ideal)
                          2.00    2.00 ^ input external delay
     1    0.01    0.06    0.04    2.04 ^ a[0] (in)
                                         a[0] (net)
                  0.06    0.00    2.04 ^ input1/A (sky130_fd_sc_hd__buf_1)
     5    0.02    0.33    0.35    2.39 ^ input1/X (sky130_fd_sc_hd__buf_1)
                                         net1 (net)
                  0.33    0.00    2.39 ^ _107_/A (sky130_fd_sc_hd__or2_1)
     3    0.01    0.21    0.40    2.79 ^ _107_/X (sky130_fd_sc_hd__or2_1)
                                         _041_ (net)
                  0.21    0.00    2.79 ^ _108_/A2 (sky130_fd_sc_hd__a21oi_2)
     2    0.01    0.12    0.20    2.99 v _108_/Y (sky130_fd_sc_hd__a21oi_2)
                                         _042_ (net)
                  0.12    0.00    2.99 v _115_/A1 (sky130_fd_sc_hd__o32a_4)
     3    0.03    0.18    0.83    3.81 v _115_/X (sky130_fd_sc_hd__o32a_4)
                                         _049_ (net)
                  0.18    0.00    3.82 v _130_/A1 (sky130_fd_sc_hd__a21oi_2)
     1    0.01    0.21    0.32    4.13 ^ _130_/Y (sky130_fd_sc_hd__a21oi_2)
                                         _063_ (net)
                  0.21    0.00    4.13 ^ _131_/A (sky130_fd_sc_hd__nand2_2)
     4    0.02    0.16    0.23    4.36 v _131_/Y (sky130_fd_sc_hd__nand2_2)
                                         _064_ (net)
                  0.16    0.00    4.37 v _145_/A3 (sky130_fd_sc_hd__a32o_1)
     1    0.00    0.09    0.54    4.91 v _145_/X (sky130_fd_sc_hd__a32o_1)
                                         _077_ (net)
                  0.09    0.00    4.91 v _146_/B2 (sky130_fd_sc_hd__o22a_4)
     3    0.02    0.12    0.44    5.35 v _146_/X (sky130_fd_sc_hd__o22a_4)
                                         _078_ (net)
                  0.12    0.00    5.35 v _157_/A2 (sky130_fd_sc_hd__a21oi_2)
     1    0.00    0.15    0.26    5.61 ^ _157_/Y (sky130_fd_sc_hd__a21oi_2)
                                         _088_ (net)
                  0.15    0.00    5.61 ^ _158_/A (sky130_fd_sc_hd__nand2_1)
     2    0.01    0.15    0.20    5.81 v _158_/Y (sky130_fd_sc_hd__nand2_1)
                                         _089_ (net)
                  0.15    0.00    5.81 v rebuffer1/A (sky130_fd_sc_hd__clkbuf_2)
     3    0.01    0.07    0.25    6.07 v rebuffer1/X (sky130_fd_sc_hd__clkbuf_2)
                                         net30 (net)
                  0.07    0.00    6.07 v _159_/C (sky130_fd_sc_hd__and3_1)
     3    0.01    0.12    0.43    6.50 v _159_/X (sky130_fd_sc_hd__and3_1)
                                         _090_ (net)
                  0.12    0.00    6.50 v _170_/C1 (sky130_fd_sc_hd__a211o_1)
     3    0.01    0.13    0.52    7.03 v _170_/X (sky130_fd_sc_hd__a211o_1)
                                         _100_ (net)
                  0.13    0.00    7.03 v _185_/B (sky130_fd_sc_hd__and3_1)
     1    0.00    0.07    0.38    7.40 v _185_/X (sky130_fd_sc_hd__and3_1)
                                         _009_ (net)
                  0.07    0.00    7.40 v _186_/B (sky130_fd_sc_hd__or3b_4)
     4    0.01    0.15    0.81    8.21 v _186_/X (sky130_fd_sc_hd__or3b_4)
                                         _010_ (net)
                  0.15    0.00    8.22 v _199_/A (sky130_fd_sc_hd__and3_1)
     1    0.00    0.08    0.36    8.58 v _199_/X (sky130_fd_sc_hd__and3_1)
                                         _022_ (net)
                  0.08    0.00    8.58 v _200_/B (sky130_fd_sc_hd__or3b_4)
     3    0.01    0.13    0.78    9.36 v _200_/X (sky130_fd_sc_hd__or3b_4)
                                         _023_ (net)
                  0.13    0.00    9.36 v _201_/A (sky130_fd_sc_hd__and3_1)
     3    0.01    0.12    0.40    9.75 v _201_/X (sky130_fd_sc_hd__and3_1)
                                         _024_ (net)
                  0.12    0.00    9.75 v _203_/C (sky130_fd_sc_hd__or3_4)
     2    0.01    0.12    0.71   10.46 v _203_/X (sky130_fd_sc_hd__or3_4)
                                         _026_ (net)
                  0.12    0.00   10.46 v _209_/A1 (sky130_fd_sc_hd__a31o_1)
     1    0.00    0.07    0.36   10.83 v _209_/X (sky130_fd_sc_hd__a31o_1)
                                         alu7.result (net)
                  0.07    0.00   10.83 v _226_/A (sky130_fd_sc_hd__clkbuf_1)
     1    0.01    0.10    0.21   11.04 v _226_/X (sky130_fd_sc_hd__clkbuf_1)
                                         net29 (net)
                  0.10    0.00   11.04 v output29/A (sky130_fd_sc_hd__buf_6)
     1    0.03    0.08    0.27   11.32 v output29/X (sky130_fd_sc_hd__buf_6)
                                         result[7] (net)
                  0.08    0.00   11.32 v result[7] (out)
                                 11.32   data arrival time

                  0.00   10.00   10.00   clock __VIRTUAL_CLK__ (rise edge)
                          0.00   10.00   clock network delay (ideal)
                         -0.25    9.75   clock uncertainty
                          0.00    9.75   clock reconvergence pessimism
                         -2.00    7.75   output external delay
                                  7.75   data required time
-----------------------------------------------------------------------------
                                  7.75   data required time
                                -11.32   data arrival time
-----------------------------------------------------------------------------
                                 -3.57   slack (VIOLATED)



======================= Typical Corner ===================================

Startpoint: a[0] (input port clocked by __VIRTUAL_CLK__)
Endpoint: result[7] (output port clocked by __VIRTUAL_CLK__)
Path Group: __VIRTUAL_CLK__
Path Type: max
Corner: Typical

Fanout     Cap    Slew   Delay    Time   Description
-----------------------------------------------------------------------------
                  0.00    0.00    0.00   clock __VIRTUAL_CLK__ (rise edge)
                          0.00    0.00   clock network delay (ideal)
                          2.00    2.00 ^ input external delay
     1    0.01    0.04    0.03    2.03 ^ a[0] (in)
                                         a[0] (net)
                  0.04    0.00    2.03 ^ input1/A (sky130_fd_sc_hd__buf_1)
     5    0.02    0.21    0.20    2.23 ^ input1/X (sky130_fd_sc_hd__buf_1)
                                         net1 (net)
                  0.21    0.00    2.23 ^ _107_/A (sky130_fd_sc_hd__or2_1)
     3    0.01    0.13    0.21    2.44 ^ _107_/X (sky130_fd_sc_hd__or2_1)
                                         _041_ (net)
                  0.13    0.00    2.45 ^ _108_/A2 (sky130_fd_sc_hd__a21oi_2)
     2    0.01    0.07    0.09    2.54 v _108_/Y (sky130_fd_sc_hd__a21oi_2)
                                         _042_ (net)
                  0.07    0.00    2.54 v _115_/A1 (sky130_fd_sc_hd__o32a_4)
     3    0.03    0.09    0.45    2.99 v _115_/X (sky130_fd_sc_hd__o32a_4)
                                         _049_ (net)
                  0.09    0.00    2.99 v _130_/A1 (sky130_fd_sc_hd__a21oi_2)
     1    0.01    0.13    0.17    3.17 ^ _130_/Y (sky130_fd_sc_hd__a21oi_2)
                                         _063_ (net)
                  0.13    0.00    3.17 ^ _131_/A (sky130_fd_sc_hd__nand2_2)
     4    0.02    0.08    0.11    3.28 v _131_/Y (sky130_fd_sc_hd__nand2_2)
                                         _064_ (net)
                  0.08    0.00    3.28 v _145_/A3 (sky130_fd_sc_hd__a32o_1)
     1    0.00    0.05    0.29    3.57 v _145_/X (sky130_fd_sc_hd__a32o_1)
                                         _077_ (net)
                  0.05    0.00    3.57 v _146_/B2 (sky130_fd_sc_hd__o22a_4)
     3    0.02    0.06    0.22    3.79 v _146_/X (sky130_fd_sc_hd__o22a_4)
                                         _078_ (net)
                  0.06    0.00    3.79 v _157_/A2 (sky130_fd_sc_hd__a21oi_2)
     1    0.00    0.09    0.15    3.94 ^ _157_/Y (sky130_fd_sc_hd__a21oi_2)
                                         _088_ (net)
                  0.09    0.00    3.94 ^ _158_/A (sky130_fd_sc_hd__nand2_1)
     2    0.01    0.07    0.09    4.03 v _158_/Y (sky130_fd_sc_hd__nand2_1)
                                         _089_ (net)
                  0.07    0.00    4.03 v rebuffer1/A (sky130_fd_sc_hd__clkbuf_2)
     3    0.01    0.04    0.13    4.16 v rebuffer1/X (sky130_fd_sc_hd__clkbuf_2)
                                         net30 (net)
                  0.04    0.00    4.16 v _159_/C (sky130_fd_sc_hd__and3_1)
     3    0.01    0.06    0.21    4.37 v _159_/X (sky130_fd_sc_hd__and3_1)
                                         _090_ (net)
                  0.06    0.00    4.37 v _170_/C1 (sky130_fd_sc_hd__a211o_1)
     3    0.01    0.07    0.27    4.64 v _170_/X (sky130_fd_sc_hd__a211o_1)
                                         _100_ (net)
                  0.07    0.00    4.64 v _185_/B (sky130_fd_sc_hd__and3_1)
     1    0.00    0.04    0.18    4.82 v _185_/X (sky130_fd_sc_hd__and3_1)
                                         _009_ (net)
                  0.04    0.00    4.82 v _186_/B (sky130_fd_sc_hd__or3b_4)
     4    0.01    0.08    0.41    5.24 v _186_/X (sky130_fd_sc_hd__or3b_4)
                                         _010_ (net)
                  0.08    0.00    5.24 v _199_/A (sky130_fd_sc_hd__and3_1)
     1    0.00    0.04    0.17    5.41 v _199_/X (sky130_fd_sc_hd__and3_1)
                                         _022_ (net)
                  0.04    0.00    5.41 v _200_/B (sky130_fd_sc_hd__or3b_4)
     3    0.01    0.07    0.39    5.80 v _200_/X (sky130_fd_sc_hd__or3b_4)
                                         _023_ (net)
                  0.07    0.00    5.80 v _201_/A (sky130_fd_sc_hd__and3_1)
     3    0.01    0.06    0.19    6.00 v _201_/X (sky130_fd_sc_hd__and3_1)
                                         _024_ (net)
                  0.06    0.00    6.00 v _203_/C (sky130_fd_sc_hd__or3_4)
     2    0.01    0.07    0.35    6.35 v _203_/X (sky130_fd_sc_hd__or3_4)
                                         _026_ (net)
                  0.07    0.00    6.35 v _209_/A1 (sky130_fd_sc_hd__a31o_1)
     1    0.00    0.04    0.19    6.54 v _209_/X (sky130_fd_sc_hd__a31o_1)
                                         alu7.result (net)
                  0.04    0.00    6.54 v _226_/A (sky130_fd_sc_hd__clkbuf_1)
     1    0.01    0.05    0.11    6.65 v _226_/X (sky130_fd_sc_hd__clkbuf_1)
                                         net29 (net)
                  0.05    0.00    6.65 v output29/A (sky130_fd_sc_hd__buf_6)
     1    0.03    0.04    0.15    6.80 v output29/X (sky130_fd_sc_hd__buf_6)
                                         result[7] (net)
                  0.04    0.00    6.80 v result[7] (out)
                                  6.80   data arrival time

                  0.00   10.00   10.00   clock __VIRTUAL_CLK__ (rise edge)
                          0.00   10.00   clock network delay (ideal)
                         -0.25    9.75   clock uncertainty
                          0.00    9.75   clock reconvergence pessimism
                         -2.00    7.75   output external delay
                                  7.75   data required time
-----------------------------------------------------------------------------
                                  7.75   data required time
                                 -6.80   data arrival time
-----------------------------------------------------------------------------
                                  0.95   slack (MET)




===========================================================================
report_checks --slack_max -0.01
============================================================================
======================= Fastest Corner ===================================

No paths found.

======================= Slowest Corner ===================================

Startpoint: a[0] (input port clocked by __VIRTUAL_CLK__)
Endpoint: result[7] (output port clocked by __VIRTUAL_CLK__)
Path Group: __VIRTUAL_CLK__
Path Type: max
Corner: Slowest

Fanout     Cap    Slew   Delay    Time   Description
-----------------------------------------------------------------------------
                  0.00    0.00    0.00   clock __VIRTUAL_CLK__ (rise edge)
                          0.00    0.00   clock network delay (ideal)
                          2.00    2.00 ^ input external delay
     1    0.01    0.06    0.04    2.04 ^ a[0] (in)
                                         a[0] (net)
                  0.06    0.00    2.04 ^ input1/A (sky130_fd_sc_hd__buf_1)
     5    0.02    0.33    0.35    2.39 ^ input1/X (sky130_fd_sc_hd__buf_1)
                                         net1 (net)
                  0.33    0.00    2.39 ^ _107_/A (sky130_fd_sc_hd__or2_1)
     3    0.01    0.21    0.40    2.79 ^ _107_/X (sky130_fd_sc_hd__or2_1)
                                         _041_ (net)
                  0.21    0.00    2.79 ^ _108_/A2 (sky130_fd_sc_hd__a21oi_2)
     2    0.01    0.12    0.20    2.99 v _108_/Y (sky130_fd_sc_hd__a21oi_2)
                                         _042_ (net)
                  0.12    0.00    2.99 v _115_/A1 (sky130_fd_sc_hd__o32a_4)
     3    0.03    0.18    0.83    3.81 v _115_/X (sky130_fd_sc_hd__o32a_4)
                                         _049_ (net)
                  0.18    0.00    3.82 v _130_/A1 (sky130_fd_sc_hd__a21oi_2)
     1    0.01    0.21    0.32    4.13 ^ _130_/Y (sky130_fd_sc_hd__a21oi_2)
                                         _063_ (net)
                  0.21    0.00    4.13 ^ _131_/A (sky130_fd_sc_hd__nand2_2)
     4    0.02    0.16    0.23    4.36 v _131_/Y (sky130_fd_sc_hd__nand2_2)
                                         _064_ (net)
                  0.16    0.00    4.37 v _145_/A3 (sky130_fd_sc_hd__a32o_1)
     1    0.00    0.09    0.54    4.91 v _145_/X (sky130_fd_sc_hd__a32o_1)
                                         _077_ (net)
                  0.09    0.00    4.91 v _146_/B2 (sky130_fd_sc_hd__o22a_4)
     3    0.02    0.12    0.44    5.35 v _146_/X (sky130_fd_sc_hd__o22a_4)
                                         _078_ (net)
                  0.12    0.00    5.35 v _157_/A2 (sky130_fd_sc_hd__a21oi_2)
     1    0.00    0.15    0.26    5.61 ^ _157_/Y (sky130_fd_sc_hd__a21oi_2)
                                         _088_ (net)
                  0.15    0.00    5.61 ^ _158_/A (sky130_fd_sc_hd__nand2_1)
     2    0.01    0.15    0.20    5.81 v _158_/Y (sky130_fd_sc_hd__nand2_1)
                                         _089_ (net)
                  0.15    0.00    5.81 v rebuffer1/A (sky130_fd_sc_hd__clkbuf_2)
     3    0.01    0.07    0.25    6.07 v rebuffer1/X (sky130_fd_sc_hd__clkbuf_2)
                                         net30 (net)
                  0.07    0.00    6.07 v _159_/C (sky130_fd_sc_hd__and3_1)
     3    0.01    0.12    0.43    6.50 v _159_/X (sky130_fd_sc_hd__and3_1)
                                         _090_ (net)
                  0.12    0.00    6.50 v _170_/C1 (sky130_fd_sc_hd__a211o_1)
     3    0.01    0.13    0.52    7.03 v _170_/X (sky130_fd_sc_hd__a211o_1)
                                         _100_ (net)
                  0.13    0.00    7.03 v _185_/B (sky130_fd_sc_hd__and3_1)
     1    0.00    0.07    0.38    7.40 v _185_/X (sky130_fd_sc_hd__and3_1)
                                         _009_ (net)
                  0.07    0.00    7.40 v _186_/B (sky130_fd_sc_hd__or3b_4)
     4    0.01    0.15    0.81    8.21 v _186_/X (sky130_fd_sc_hd__or3b_4)
                                         _010_ (net)
                  0.15    0.00    8.22 v _199_/A (sky130_fd_sc_hd__and3_1)
     1    0.00    0.08    0.36    8.58 v _199_/X (sky130_fd_sc_hd__and3_1)
                                         _022_ (net)
                  0.08    0.00    8.58 v _200_/B (sky130_fd_sc_hd__or3b_4)
     3    0.01    0.13    0.78    9.36 v _200_/X (sky130_fd_sc_hd__or3b_4)
                                         _023_ (net)
                  0.13    0.00    9.36 v _201_/A (sky130_fd_sc_hd__and3_1)
     3    0.01    0.12    0.40    9.75 v _201_/X (sky130_fd_sc_hd__and3_1)
                                         _024_ (net)
                  0.12    0.00    9.75 v _203_/C (sky130_fd_sc_hd__or3_4)
     2    0.01    0.12    0.71   10.46 v _203_/X (sky130_fd_sc_hd__or3_4)
                                         _026_ (net)
                  0.12    0.00   10.46 v _209_/A1 (sky130_fd_sc_hd__a31o_1)
     1    0.00    0.07    0.36   10.83 v _209_/X (sky130_fd_sc_hd__a31o_1)
                                         alu7.result (net)
                  0.07    0.00   10.83 v _226_/A (sky130_fd_sc_hd__clkbuf_1)
     1    0.01    0.10    0.21   11.04 v _226_/X (sky130_fd_sc_hd__clkbuf_1)
                                         net29 (net)
                  0.10    0.00   11.04 v output29/A (sky130_fd_sc_hd__buf_6)
     1    0.03    0.08    0.27   11.32 v output29/X (sky130_fd_sc_hd__buf_6)
                                         result[7] (net)
                  0.08    0.00   11.32 v result[7] (out)
                                 11.32   data arrival time

                  0.00   10.00   10.00   clock __VIRTUAL_CLK__ (rise edge)
                          0.00   10.00   clock network delay (ideal)
                         -0.25    9.75   clock uncertainty
                          0.00    9.75   clock reconvergence pessimism
                         -2.00    7.75   output external delay
                                  7.75   data required time
-----------------------------------------------------------------------------
                                  7.75   data required time
                                -11.32   data arrival time
-----------------------------------------------------------------------------
                                 -3.57   slack (VIOLATED)



======================= Typical Corner ===================================

No paths found.


===========================================================================
 report_check_types -max_slew -max_cap -max_fanout -violators
============================================================================
======================= Fastest Corner ===================================


max slew violations count Fastest: 0
max fanout violations count Fastest: 0
max cap violations count Fastest: 0
======================= Slowest Corner ===================================


max slew violations count Slowest: 0
max fanout violations count Slowest: 0
max cap violations count Slowest: 0
======================= Typical Corner ===================================


max slew violations count Typical: 0
max fanout violations count Typical: 0
max cap violations count Typical: 0

===========================================================================
report_parasitic_annotation -report_unannotated
============================================================================
Found 0 unannotated drivers.
Found 0 partially unannotated drivers.

===========================================================================
max slew violation count 0
max fanout violation count 0
max cap violation count 0
============================================================================

===========================================================================
check_setup -verbose -unconstrained_endpoints -multiple_clock -no_clock -no_input_delay -loops -generated_clocks
===========================================================================
