
===========================================================================
 report_power
============================================================================
======================= Fastest Corner ===================================

Group                  Internal  Switching    Leakage      Total
                          Power      Power      Power      Power (Watts)
----------------------------------------------------------------
Sequential             0.00e+00   0.00e+00   0.00e+00   0.00e+00   0.0%
Combinational          2.84e-05   3.86e-05   8.71e-10   6.70e-05 100.0%
Clock                  0.00e+00   0.00e+00   1.24e-10   1.24e-10   0.0%
Macro                  0.00e+00   0.00e+00   0.00e+00   0.00e+00   0.0%
Pad                    0.00e+00   0.00e+00   0.00e+00   0.00e+00   0.0%
----------------------------------------------------------------
Total                  2.84e-05   3.86e-05   9.95e-10   6.70e-05 100.0%
                          42.4%      57.6%       0.0%

======================= Slowest Corner ===================================

Group                  Internal  Switching    Leakage      Total
                          Power      Power      Power      Power (Watts)
----------------------------------------------------------------
Sequential             0.00e+00   0.00e+00   0.00e+00   0.00e+00   0.0%
Combinational          2.07e-05   2.56e-05   8.14e-07   4.72e-05 100.0%
Clock                  0.00e+00   0.00e+00   1.24e-10   1.24e-10   0.0%
Macro                  0.00e+00   0.00e+00   0.00e+00   0.00e+00   0.0%
Pad                    0.00e+00   0.00e+00   0.00e+00   0.00e+00   0.0%
----------------------------------------------------------------
Total                  2.07e-05   2.56e-05   8.14e-07   4.72e-05 100.0%
                          44.0%      54.3%       1.7%

======================= Typical Corner ===================================

Group                  Internal  Switching    Leakage      Total
                          Power      Power      Power      Power (Watts)
----------------------------------------------------------------
Sequential             0.00e+00   0.00e+00   0.00e+00   0.00e+00   0.0%
Combinational          2.57e-05   3.26e-05   5.08e-10   5.83e-05 100.0%
Clock                  0.00e+00   0.00e+00   1.24e-10   1.24e-10   0.0%
Macro                  0.00e+00   0.00e+00   0.00e+00   0.00e+00   0.0%
Pad                    0.00e+00   0.00e+00   0.00e+00   0.00e+00   0.0%
----------------------------------------------------------------
Total                  2.57e-05   3.26e-05   6.32e-10   5.83e-05 100.0%
                          44.1%      55.9%       0.0%

