
===========================================================================
report_checks -path_delay min (Hold)
============================================================================
======================= Fastest Corner ===================================

Startpoint: b[7] (input port clocked by __VIRTUAL_CLK__)
Endpoint: cout (output port clocked by __VIRTUAL_CLK__)
Path Group: __VIRTUAL_CLK__
Path Type: min
Corner: Fastest

Fanout     Cap    Slew   Delay    Time   Description
-----------------------------------------------------------------------------
                  0.00    0.00    0.00   clock __VIRTUAL_CLK__ (rise edge)
                          0.00    0.00   clock network delay (ideal)
                          2.00    2.00 ^ input external delay
     1    0.00    0.02    0.01    2.01 ^ b[7] (in)
                                         b[7] (net)
                  0.02    0.00    2.01 ^ input16/A (sky130_fd_sc_hd__buf_1)
     4    0.01    0.12    0.10    2.12 ^ input16/X (sky130_fd_sc_hd__buf_1)
                                         net16 (net)
                  0.12    0.00    2.12 ^ _203_/A (sky130_fd_sc_hd__or3_4)
     2    0.01    0.03    0.09    2.21 ^ _203_/X (sky130_fd_sc_hd__or3_4)
                                         _026_ (net)
                  0.03    0.00    2.21 ^ _213_/A1 (sky130_fd_sc_hd__a21bo_1)
     1    0.01    0.04    0.07    2.28 ^ _213_/X (sky130_fd_sc_hd__a21bo_1)
                                         net21 (net)
                  0.04    0.00    2.28 ^ output21/A (sky130_fd_sc_hd__buf_6)
     1    0.03    0.06    0.08    2.36 ^ output21/X (sky130_fd_sc_hd__buf_6)
                                         cout (net)
                  0.06    0.00    2.36 ^ cout (out)
                                  2.36   data arrival time

                  0.00    0.00    0.00   clock __VIRTUAL_CLK__ (rise edge)
                          0.00    0.00   clock network delay (ideal)
                          0.25    0.25   clock uncertainty
                          0.00    0.25   clock reconvergence pessimism
                         -2.00   -1.75   output external delay
                                 -1.75   data required time
-----------------------------------------------------------------------------
                                 -1.75   data required time
                                 -2.36   data arrival time
-----------------------------------------------------------------------------
                                  4.11   slack (MET)


Startpoint: op[1] (input port clocked by __VIRTUAL_CLK__)
Endpoint: result[6] (output port clocked by __VIRTUAL_CLK__)
Path Group: __VIRTUAL_CLK__
Path Type: min
Corner: Fastest

Fanout     Cap    Slew   Delay    Time   Description
-----------------------------------------------------------------------------
                  0.00    0.00    0.00   clock __VIRTUAL_CLK__ (rise edge)
                          0.00    0.00   clock network delay (ideal)
                          2.00    2.00 ^ input external delay
     1    0.01    0.02    0.01    2.01 ^ op[1] (in)
                                         op[1] (net)
                  0.02    0.00    2.01 ^ input19/A (sky130_fd_sc_hd__buf_6)
     4    0.02    0.04    0.06    2.08 ^ input19/X (sky130_fd_sc_hd__buf_6)
                                         net19 (net)
                  0.04    0.00    2.08 ^ _105_/B (sky130_fd_sc_hd__nor2_4)
     7    0.04    0.04    0.04    2.12 v _105_/Y (sky130_fd_sc_hd__nor2_4)
                                         _039_ (net)
                  0.04    0.00    2.12 v _195_/A1 (sky130_fd_sc_hd__a32o_1)
     1    0.00    0.02    0.11    2.22 v _195_/X (sky130_fd_sc_hd__a32o_1)
                                         alu6.result (net)
                  0.02    0.00    2.22 v _225_/A (sky130_fd_sc_hd__clkbuf_1)
     1    0.00    0.02    0.05    2.27 v _225_/X (sky130_fd_sc_hd__clkbuf_1)
                                         net28 (net)
                  0.02    0.00    2.27 v output28/A (sky130_fd_sc_hd__buf_2)
     1    0.03    0.06    0.11    2.38 v output28/X (sky130_fd_sc_hd__buf_2)
                                         result[6] (net)
                  0.06    0.00    2.38 v result[6] (out)
                                  2.38   data arrival time

                  0.00    0.00    0.00   clock __VIRTUAL_CLK__ (rise edge)
                          0.00    0.00   clock network delay (ideal)
                          0.25    0.25   clock uncertainty
                          0.00    0.25   clock reconvergence pessimism
                         -2.00   -1.75   output external delay
                                 -1.75   data required time
-----------------------------------------------------------------------------
                                 -1.75   data required time
                                 -2.38   data arrival time
-----------------------------------------------------------------------------
                                  4.13   slack (MET)


Startpoint: op[1] (input port clocked by __VIRTUAL_CLK__)
Endpoint: result[5] (output port clocked by __VIRTUAL_CLK__)
Path Group: __VIRTUAL_CLK__
Path Type: min
Corner: Fastest

Fanout     Cap    Slew   Delay    Time   Description
-----------------------------------------------------------------------------
                  0.00    0.00    0.00   clock __VIRTUAL_CLK__ (rise edge)
                          0.00    0.00   clock network delay (ideal)
                          2.00    2.00 ^ input external delay
     1    0.01    0.02    0.01    2.01 ^ op[1] (in)
                                         op[1] (net)
                  0.02    0.00    2.01 ^ input19/A (sky130_fd_sc_hd__buf_6)
     4    0.02    0.04    0.06    2.08 ^ input19/X (sky130_fd_sc_hd__buf_6)
                                         net19 (net)
                  0.04    0.00    2.08 ^ _105_/B (sky130_fd_sc_hd__nor2_4)
     7    0.04    0.04    0.04    2.12 v _105_/Y (sky130_fd_sc_hd__nor2_4)
                                         _039_ (net)
                  0.04    0.00    2.12 v _182_/A1 (sky130_fd_sc_hd__a32o_1)
     1    0.00    0.02    0.11    2.23 v _182_/X (sky130_fd_sc_hd__a32o_1)
                                         alu5.result (net)
                  0.02    0.00    2.23 v _224_/A (sky130_fd_sc_hd__clkbuf_1)
     1    0.00    0.02    0.05    2.27 v _224_/X (sky130_fd_sc_hd__clkbuf_1)
                                         net27 (net)
                  0.02    0.00    2.27 v output27/A (sky130_fd_sc_hd__buf_2)
     1    0.03    0.06    0.11    2.38 v output27/X (sky130_fd_sc_hd__buf_2)
                                         result[5] (net)
                  0.06    0.00    2.38 v result[5] (out)
                                  2.38   data arrival time

                  0.00    0.00    0.00   clock __VIRTUAL_CLK__ (rise edge)
                          0.00    0.00   clock network delay (ideal)
                          0.25    0.25   clock uncertainty
                          0.00    0.25   clock reconvergence pessimism
                         -2.00   -1.75   output external delay
                                 -1.75   data required time
-----------------------------------------------------------------------------
                                 -1.75   data required time
                                 -2.38   data arrival time
-----------------------------------------------------------------------------
                                  4.13   slack (MET)


Startpoint: op[1] (input port clocked by __VIRTUAL_CLK__)
Endpoint: result[3] (output port clocked by __VIRTUAL_CLK__)
Path Group: __VIRTUAL_CLK__
Path Type: min
Corner: Fastest

Fanout     Cap    Slew   Delay    Time   Description
-----------------------------------------------------------------------------
                  0.00    0.00    0.00   clock __VIRTUAL_CLK__ (rise edge)
                          0.00    0.00   clock network delay (ideal)
                          2.00    2.00 ^ input external delay
     1    0.01    0.02    0.01    2.01 ^ op[1] (in)
                                         op[1] (net)
                  0.02    0.00    2.01 ^ input19/A (sky130_fd_sc_hd__buf_6)
     4    0.02    0.04    0.06    2.08 ^ input19/X (sky130_fd_sc_hd__buf_6)
                                         net19 (net)
                  0.04    0.00    2.08 ^ _105_/B (sky130_fd_sc_hd__nor2_4)
     7    0.04    0.04    0.04    2.12 v _105_/Y (sky130_fd_sc_hd__nor2_4)
                                         _039_ (net)
                  0.04    0.00    2.12 v _154_/A1 (sky130_fd_sc_hd__a32o_1)
     1    0.00    0.02    0.10    2.22 v _154_/X (sky130_fd_sc_hd__a32o_1)
                                         alu3.result (net)
                  0.02    0.00    2.22 v _222_/A (sky130_fd_sc_hd__clkbuf_1)
     1    0.00    0.02    0.05    2.27 v _222_/X (sky130_fd_sc_hd__clkbuf_1)
                                         net25 (net)
                  0.02    0.00    2.27 v output25/A (sky130_fd_sc_hd__clkbuf_4)
     1    0.03    0.06    0.11    2.38 v output25/X (sky130_fd_sc_hd__clkbuf_4)
                                         result[3] (net)
                  0.06    0.00    2.39 v result[3] (out)
                                  2.39   data arrival time

                  0.00    0.00    0.00   clock __VIRTUAL_CLK__ (rise edge)
                          0.00    0.00   clock network delay (ideal)
                          0.25    0.25   clock uncertainty
                          0.00    0.25   clock reconvergence pessimism
                         -2.00   -1.75   output external delay
                                 -1.75   data required time
-----------------------------------------------------------------------------
                                 -1.75   data required time
                                 -2.39   data arrival time
-----------------------------------------------------------------------------
                                  4.14   slack (MET)


Startpoint: b[7] (input port clocked by __VIRTUAL_CLK__)
Endpoint: result[7] (output port clocked by __VIRTUAL_CLK__)
Path Group: __VIRTUAL_CLK__
Path Type: min
Corner: Fastest

Fanout     Cap    Slew   Delay    Time   Description
-----------------------------------------------------------------------------
                  0.00    0.00    0.00   clock __VIRTUAL_CLK__ (rise edge)
                          0.00    0.00   clock network delay (ideal)
                          2.00    2.00 v input external delay
     1    0.00    0.01    0.00    2.00 v b[7] (in)
                                         b[7] (net)
                  0.01    0.00    2.00 v input16/A (sky130_fd_sc_hd__buf_1)
     4    0.01    0.05    0.07    2.08 v input16/X (sky130_fd_sc_hd__buf_1)
                                         net16 (net)
                  0.05    0.00    2.08 v _204_/B1 (sky130_fd_sc_hd__o21ai_1)
     1    0.00    0.05    0.06    2.13 ^ _204_/Y (sky130_fd_sc_hd__o21ai_1)
                                         _027_ (net)
                  0.05    0.00    2.13 ^ _209_/A3 (sky130_fd_sc_hd__a31o_1)
     1    0.00    0.03    0.08    2.22 ^ _209_/X (sky130_fd_sc_hd__a31o_1)
                                         alu7.result (net)
                  0.03    0.00    2.22 ^ _226_/A (sky130_fd_sc_hd__clkbuf_1)
     1    0.01    0.08    0.08    2.30 ^ _226_/X (sky130_fd_sc_hd__clkbuf_1)
                                         net29 (net)
                  0.08    0.00    2.30 ^ output29/A (sky130_fd_sc_hd__buf_6)
     1    0.03    0.06    0.09    2.39 ^ output29/X (sky130_fd_sc_hd__buf_6)
                                         result[7] (net)
                  0.06    0.00    2.39 ^ result[7] (out)
                                  2.39   data arrival time

                  0.00    0.00    0.00   clock __VIRTUAL_CLK__ (rise edge)
                          0.00    0.00   clock network delay (ideal)
                          0.25    0.25   clock uncertainty
                          0.00    0.25   clock reconvergence pessimism
                         -2.00   -1.75   output external delay
                                 -1.75   data required time
-----------------------------------------------------------------------------
                                 -1.75   data required time
                                 -2.39   data arrival time
-----------------------------------------------------------------------------
                                  4.14   slack (MET)


Startpoint: op[1] (input port clocked by __VIRTUAL_CLK__)
Endpoint: result[4] (output port clocked by __VIRTUAL_CLK__)
Path Group: __VIRTUAL_CLK__
Path Type: min
Corner: Fastest

Fanout     Cap    Slew   Delay    Time   Description
-----------------------------------------------------------------------------
                  0.00    0.00    0.00   clock __VIRTUAL_CLK__ (rise edge)
                          0.00    0.00   clock network delay (ideal)
                          2.00    2.00 ^ input external delay
     1    0.01    0.02    0.01    2.01 ^ op[1] (in)
                                         op[1] (net)
                  0.02    0.00    2.01 ^ input19/A (sky130_fd_sc_hd__buf_6)
     4    0.02    0.04    0.06    2.08 ^ input19/X (sky130_fd_sc_hd__buf_6)
                                         net19 (net)
                  0.04    0.00    2.08 ^ _105_/B (sky130_fd_sc_hd__nor2_4)
     7    0.04    0.04    0.04    2.12 v _105_/Y (sky130_fd_sc_hd__nor2_4)
                                         _039_ (net)
                  0.04    0.00    2.12 v _167_/A1 (sky130_fd_sc_hd__a32o_1)
     1    0.00    0.03    0.11    2.23 v _167_/X (sky130_fd_sc_hd__a32o_1)
                                         alu4.result (net)
                  0.03    0.00    2.23 v _223_/A (sky130_fd_sc_hd__clkbuf_1)
     1    0.00    0.02    0.05    2.28 v _223_/X (sky130_fd_sc_hd__clkbuf_1)
                                         net26 (net)
                  0.02    0.00    2.28 v output26/A (sky130_fd_sc_hd__buf_2)
     1    0.03    0.06    0.11    2.39 v output26/X (sky130_fd_sc_hd__buf_2)
                                         result[4] (net)
                  0.06    0.00    2.39 v result[4] (out)
                                  2.39   data arrival time

                  0.00    0.00    0.00   clock __VIRTUAL_CLK__ (rise edge)
                          0.00    0.00   clock network delay (ideal)
                          0.25    0.25   clock uncertainty
                          0.00    0.25   clock reconvergence pessimism
                         -2.00   -1.75   output external delay
                                 -1.75   data required time
-----------------------------------------------------------------------------
                                 -1.75   data required time
                                 -2.39   data arrival time
-----------------------------------------------------------------------------
                                  4.14   slack (MET)


Startpoint: op[1] (input port clocked by __VIRTUAL_CLK__)
Endpoint: result[1] (output port clocked by __VIRTUAL_CLK__)
Path Group: __VIRTUAL_CLK__
Path Type: min
Corner: Fastest

Fanout     Cap    Slew   Delay    Time   Description
-----------------------------------------------------------------------------
                  0.00    0.00    0.00   clock __VIRTUAL_CLK__ (rise edge)
                          0.00    0.00   clock network delay (ideal)
                          2.00    2.00 ^ input external delay
     1    0.01    0.02    0.01    2.01 ^ op[1] (in)
                                         op[1] (net)
                  0.02    0.00    2.01 ^ input19/A (sky130_fd_sc_hd__buf_6)
     4    0.02    0.04    0.06    2.08 ^ input19/X (sky130_fd_sc_hd__buf_6)
                                         net19 (net)
                  0.04    0.00    2.08 ^ _105_/B (sky130_fd_sc_hd__nor2_4)
     7    0.04    0.04    0.04    2.12 v _105_/Y (sky130_fd_sc_hd__nor2_4)
                                         _039_ (net)
                  0.04    0.00    2.12 v _127_/A1 (sky130_fd_sc_hd__a32o_1)
     1    0.00    0.02    0.10    2.22 v _127_/X (sky130_fd_sc_hd__a32o_1)
                                         alu1.result (net)
                  0.02    0.00    2.22 v _220_/A (sky130_fd_sc_hd__clkbuf_1)
     1    0.01    0.03    0.06    2.28 v _220_/X (sky130_fd_sc_hd__clkbuf_1)
                                         net23 (net)
                  0.03    0.00    2.28 v output23/A (sky130_fd_sc_hd__buf_2)
     1    0.03    0.06    0.11    2.39 v output23/X (sky130_fd_sc_hd__buf_2)
                                         result[1] (net)
                  0.06    0.00    2.39 v result[1] (out)
                                  2.39   data arrival time

                  0.00    0.00    0.00   clock __VIRTUAL_CLK__ (rise edge)
                          0.00    0.00   clock network delay (ideal)
                          0.25    0.25   clock uncertainty
                          0.00    0.25   clock reconvergence pessimism
                         -2.00   -1.75   output external delay
                                 -1.75   data required time
-----------------------------------------------------------------------------
                                 -1.75   data required time
                                 -2.39   data arrival time
-----------------------------------------------------------------------------
                                  4.14   slack (MET)


Startpoint: op[2] (input port clocked by __VIRTUAL_CLK__)
Endpoint: result[2] (output port clocked by __VIRTUAL_CLK__)
Path Group: __VIRTUAL_CLK__
Path Type: min
Corner: Fastest

Fanout     Cap    Slew   Delay    Time   Description
-----------------------------------------------------------------------------
                  0.00    0.00    0.00   clock __VIRTUAL_CLK__ (rise edge)
                          0.00    0.00   clock network delay (ideal)
                          2.00    2.00 ^ input external delay
     1    0.01    0.03    0.01    2.01 ^ op[2] (in)
                                         op[2] (net)
                  0.03    0.00    2.01 ^ input20/A (sky130_fd_sc_hd__buf_6)
     6    0.03    0.05    0.07    2.09 ^ input20/X (sky130_fd_sc_hd__buf_6)
                                         net20 (net)
                  0.05    0.00    2.09 ^ _141_/A1_N (sky130_fd_sc_hd__o2bb2a_1)
     1    0.00    0.03    0.13    2.21 v _141_/X (sky130_fd_sc_hd__o2bb2a_1)
                                         alu2.result (net)
                  0.03    0.00    2.21 v _221_/A (sky130_fd_sc_hd__clkbuf_1)
     1    0.01    0.03    0.07    2.28 v _221_/X (sky130_fd_sc_hd__clkbuf_1)
                                         net24 (net)
                  0.03    0.00    2.28 v output24/A (sky130_fd_sc_hd__buf_2)
     1    0.03    0.06    0.11    2.39 v output24/X (sky130_fd_sc_hd__buf_2)
                                         result[2] (net)
                  0.06    0.00    2.40 v result[2] (out)
                                  2.40   data arrival time

                  0.00    0.00    0.00   clock __VIRTUAL_CLK__ (rise edge)
                          0.00    0.00   clock network delay (ideal)
                          0.25    0.25   clock uncertainty
                          0.00    0.25   clock reconvergence pessimism
                         -2.00   -1.75   output external delay
                                 -1.75   data required time
-----------------------------------------------------------------------------
                                 -1.75   data required time
                                 -2.40   data arrival time
-----------------------------------------------------------------------------
                                  4.15   slack (MET)


Startpoint: b[0] (input port clocked by __VIRTUAL_CLK__)
Endpoint: result[0] (output port clocked by __VIRTUAL_CLK__)
Path Group: __VIRTUAL_CLK__
Path Type: min
Corner: Fastest

Fanout     Cap    Slew   Delay    Time   Description
-----------------------------------------------------------------------------
                  0.00    0.00    0.00   clock __VIRTUAL_CLK__ (rise edge)
                          0.00    0.00   clock network delay (ideal)
                          2.00    2.00 v input external delay
     1    0.01    0.01    0.01    2.01 v b[0] (in)
                                         b[0] (net)
                  0.01    0.00    2.01 v input9/A (sky130_fd_sc_hd__buf_1)
     5    0.02    0.09    0.10    2.10 v input9/X (sky130_fd_sc_hd__buf_1)
                                         net9 (net)
                  0.09    0.00    2.11 v _108_/B1 (sky130_fd_sc_hd__a21oi_2)
     2    0.01    0.07    0.09    2.19 ^ _108_/Y (sky130_fd_sc_hd__a21oi_2)
                                         _042_ (net)
                  0.07    0.00    2.19 ^ _218_/A1 (sky130_fd_sc_hd__o21bai_1)
     1    0.00    0.03    0.05    2.24 v _218_/Y (sky130_fd_sc_hd__o21bai_1)
                                         alu0.result (net)
                  0.03    0.00    2.24 v _219_/A (sky130_fd_sc_hd__clkbuf_1)
     1    0.00    0.02    0.06    2.29 v _219_/X (sky130_fd_sc_hd__clkbuf_1)
                                         net22 (net)
                  0.02    0.00    2.30 v output22/A (sky130_fd_sc_hd__buf_2)
     1    0.04    0.06    0.11    2.40 v output22/X (sky130_fd_sc_hd__buf_2)
                                         result[0] (net)
                  0.06    0.00    2.41 v result[0] (out)
                                  2.41   data arrival time

                  0.00    0.00    0.00   clock __VIRTUAL_CLK__ (rise edge)
                          0.00    0.00   clock network delay (ideal)
                          0.25    0.25   clock uncertainty
                          0.00    0.25   clock reconvergence pessimism
                         -2.00   -1.75   output external delay
                                 -1.75   data required time
-----------------------------------------------------------------------------
                                 -1.75   data required time
                                 -2.41   data arrival time
-----------------------------------------------------------------------------
                                  4.16   slack (MET)



worst slack corner Fastest: 4.1104
======================= Slowest Corner ===================================

Startpoint: b[7] (input port clocked by __VIRTUAL_CLK__)
Endpoint: cout (output port clocked by __VIRTUAL_CLK__)
Path Group: __VIRTUAL_CLK__
Path Type: min
Corner: Slowest

Fanout     Cap    Slew   Delay    Time   Description
-----------------------------------------------------------------------------
                  0.00    0.00    0.00   clock __VIRTUAL_CLK__ (rise edge)
                          0.00    0.00   clock network delay (ideal)
                          2.00    2.00 ^ input external delay
     1    0.00    0.04    0.02    2.02 ^ b[7] (in)
                                         b[7] (net)
                  0.04    0.00    2.02 ^ input16/A (sky130_fd_sc_hd__buf_1)
     4    0.01    0.25    0.25    2.28 ^ input16/X (sky130_fd_sc_hd__buf_1)
                                         net16 (net)
                  0.25    0.00    2.28 ^ _203_/A (sky130_fd_sc_hd__or3_4)
     2    0.01    0.06    0.28    2.56 ^ _203_/X (sky130_fd_sc_hd__or3_4)
                                         _026_ (net)
                  0.06    0.00    2.56 ^ _213_/A1 (sky130_fd_sc_hd__a21bo_1)
     1    0.01    0.09    0.21    2.77 ^ _213_/X (sky130_fd_sc_hd__a21bo_1)
                                         net21 (net)
                  0.09    0.00    2.77 ^ output21/A (sky130_fd_sc_hd__buf_6)
     1    0.03    0.12    0.22    2.99 ^ output21/X (sky130_fd_sc_hd__buf_6)
                                         cout (net)
                  0.12    0.00    2.99 ^ cout (out)
                                  2.99   data arrival time

                  0.00    0.00    0.00   clock __VIRTUAL_CLK__ (rise edge)
                          0.00    0.00   clock network delay (ideal)
                          0.25    0.25   clock uncertainty
                          0.00    0.25   clock reconvergence pessimism
                         -2.00   -1.75   output external delay
                                 -1.75   data required time
-----------------------------------------------------------------------------
                                 -1.75   data required time
                                 -2.99   data arrival time
-----------------------------------------------------------------------------
                                  4.74   slack (MET)


Startpoint: op[1] (input port clocked by __VIRTUAL_CLK__)
Endpoint: result[7] (output port clocked by __VIRTUAL_CLK__)
Path Group: __VIRTUAL_CLK__
Path Type: min
Corner: Slowest

Fanout     Cap    Slew   Delay    Time   Description
-----------------------------------------------------------------------------
                  0.00    0.00    0.00   clock __VIRTUAL_CLK__ (rise edge)
                          0.00    0.00   clock network delay (ideal)
                          2.00    2.00 ^ input external delay
     1    0.01    0.05    0.03    2.03 ^ op[1] (in)
                                         op[1] (net)
                  0.05    0.00    2.03 ^ input19/A (sky130_fd_sc_hd__buf_6)
     4    0.02    0.08    0.17    2.20 ^ input19/X (sky130_fd_sc_hd__buf_6)
                                         net19 (net)
                  0.08    0.00    2.20 ^ _105_/B (sky130_fd_sc_hd__nor2_4)
     7    0.04    0.08    0.10    2.30 v _105_/Y (sky130_fd_sc_hd__nor2_4)
                                         _039_ (net)
                  0.08    0.00    2.31 v _209_/A2 (sky130_fd_sc_hd__a31o_1)
     1    0.00    0.07    0.36    2.66 v _209_/X (sky130_fd_sc_hd__a31o_1)
                                         alu7.result (net)
                  0.07    0.00    2.66 v _226_/A (sky130_fd_sc_hd__clkbuf_1)
     1    0.01    0.10    0.19    2.86 v _226_/X (sky130_fd_sc_hd__clkbuf_1)
                                         net29 (net)
                  0.10    0.00    2.86 v output29/A (sky130_fd_sc_hd__buf_6)
     1    0.03    0.08    0.25    3.11 v output29/X (sky130_fd_sc_hd__buf_6)
                                         result[7] (net)
                  0.08    0.00    3.11 v result[7] (out)
                                  3.11   data arrival time

                  0.00    0.00    0.00   clock __VIRTUAL_CLK__ (rise edge)
                          0.00    0.00   clock network delay (ideal)
                          0.25    0.25   clock uncertainty
                          0.00    0.25   clock reconvergence pessimism
                         -2.00   -1.75   output external delay
                                 -1.75   data required time
-----------------------------------------------------------------------------
                                 -1.75   data required time
                                 -3.11   data arrival time
-----------------------------------------------------------------------------
                                  4.86   slack (MET)


Startpoint: op[1] (input port clocked by __VIRTUAL_CLK__)
Endpoint: result[3] (output port clocked by __VIRTUAL_CLK__)
Path Group: __VIRTUAL_CLK__
Path Type: min
Corner: Slowest

Fanout     Cap    Slew   Delay    Time   Description
-----------------------------------------------------------------------------
                  0.00    0.00    0.00   clock __VIRTUAL_CLK__ (rise edge)
                          0.00    0.00   clock network delay (ideal)
                          2.00    2.00 ^ input external delay
     1    0.01    0.05    0.03    2.03 ^ op[1] (in)
                                         op[1] (net)
                  0.05    0.00    2.03 ^ input19/A (sky130_fd_sc_hd__buf_6)
     4    0.02    0.08    0.17    2.20 ^ input19/X (sky130_fd_sc_hd__buf_6)
                                         net19 (net)
                  0.08    0.00    2.20 ^ _105_/B (sky130_fd_sc_hd__nor2_4)
     7    0.04    0.08    0.10    2.30 v _105_/Y (sky130_fd_sc_hd__nor2_4)
                                         _039_ (net)
                  0.08    0.00    2.31 v _154_/A1 (sky130_fd_sc_hd__a32o_1)
     1    0.00    0.06    0.37    2.68 v _154_/X (sky130_fd_sc_hd__a32o_1)
                                         alu3.result (net)
                  0.06    0.00    2.68 v _222_/A (sky130_fd_sc_hd__clkbuf_1)
     1    0.00    0.06    0.15    2.83 v _222_/X (sky130_fd_sc_hd__clkbuf_1)
                                         net25 (net)
                  0.06    0.00    2.83 v output25/A (sky130_fd_sc_hd__clkbuf_4)
     1    0.03    0.14    0.30    3.13 v output25/X (sky130_fd_sc_hd__clkbuf_4)
                                         result[3] (net)
                  0.14    0.00    3.14 v result[3] (out)
                                  3.14   data arrival time

                  0.00    0.00    0.00   clock __VIRTUAL_CLK__ (rise edge)
                          0.00    0.00   clock network delay (ideal)
                          0.25    0.25   clock uncertainty
                          0.00    0.25   clock reconvergence pessimism
                         -2.00   -1.75   output external delay
                                 -1.75   data required time
-----------------------------------------------------------------------------
                                 -1.75   data required time
                                 -3.14   data arrival time
-----------------------------------------------------------------------------
                                  4.89   slack (MET)


Startpoint: op[1] (input port clocked by __VIRTUAL_CLK__)
Endpoint: result[6] (output port clocked by __VIRTUAL_CLK__)
Path Group: __VIRTUAL_CLK__
Path Type: min
Corner: Slowest

Fanout     Cap    Slew   Delay    Time   Description
-----------------------------------------------------------------------------
                  0.00    0.00    0.00   clock __VIRTUAL_CLK__ (rise edge)
                          0.00    0.00   clock network delay (ideal)
                          2.00    2.00 ^ input external delay
     1    0.01    0.05    0.03    2.03 ^ op[1] (in)
                                         op[1] (net)
                  0.05    0.00    2.03 ^ input19/A (sky130_fd_sc_hd__buf_6)
     4    0.02    0.08    0.17    2.20 ^ input19/X (sky130_fd_sc_hd__buf_6)
                                         net19 (net)
                  0.08    0.00    2.20 ^ _105_/B (sky130_fd_sc_hd__nor2_4)
     7    0.04    0.08    0.10    2.30 v _105_/Y (sky130_fd_sc_hd__nor2_4)
                                         _039_ (net)
                  0.08    0.00    2.31 v _195_/A1 (sky130_fd_sc_hd__a32o_1)
     1    0.00    0.07    0.38    2.68 v _195_/X (sky130_fd_sc_hd__a32o_1)
                                         alu6.result (net)
                  0.07    0.00    2.68 v _225_/A (sky130_fd_sc_hd__clkbuf_1)
     1    0.00    0.04    0.14    2.83 v _225_/X (sky130_fd_sc_hd__clkbuf_1)
                                         net28 (net)
                  0.04    0.00    2.83 v output28/A (sky130_fd_sc_hd__buf_2)
     1    0.03    0.17    0.31    3.14 v output28/X (sky130_fd_sc_hd__buf_2)
                                         result[6] (net)
                  0.17    0.00    3.15 v result[6] (out)
                                  3.15   data arrival time

                  0.00    0.00    0.00   clock __VIRTUAL_CLK__ (rise edge)
                          0.00    0.00   clock network delay (ideal)
                          0.25    0.25   clock uncertainty
                          0.00    0.25   clock reconvergence pessimism
                         -2.00   -1.75   output external delay
                                 -1.75   data required time
-----------------------------------------------------------------------------
                                 -1.75   data required time
                                 -3.15   data arrival time
-----------------------------------------------------------------------------
                                  4.90   slack (MET)


Startpoint: op[1] (input port clocked by __VIRTUAL_CLK__)
Endpoint: result[5] (output port clocked by __VIRTUAL_CLK__)
Path Group: __VIRTUAL_CLK__
Path Type: min
Corner: Slowest

Fanout     Cap    Slew   Delay    Time   Description
-----------------------------------------------------------------------------
                  0.00    0.00    0.00   clock __VIRTUAL_CLK__ (rise edge)
                          0.00    0.00   clock network delay (ideal)
                          2.00    2.00 ^ input external delay
     1    0.01    0.05    0.03    2.03 ^ op[1] (in)
                                         op[1] (net)
                  0.05    0.00    2.03 ^ input19/A (sky130_fd_sc_hd__buf_6)
     4    0.02    0.08    0.17    2.20 ^ input19/X (sky130_fd_sc_hd__buf_6)
                                         net19 (net)
                  0.08    0.00    2.20 ^ _105_/B (sky130_fd_sc_hd__nor2_4)
     7    0.04    0.08    0.10    2.30 v _105_/Y (sky130_fd_sc_hd__nor2_4)
                                         _039_ (net)
                  0.08    0.00    2.31 v _182_/A1 (sky130_fd_sc_hd__a32o_1)
     1    0.00    0.07    0.38    2.69 v _182_/X (sky130_fd_sc_hd__a32o_1)
                                         alu5.result (net)
                  0.07    0.00    2.69 v _224_/A (sky130_fd_sc_hd__clkbuf_1)
     1    0.00    0.04    0.14    2.83 v _224_/X (sky130_fd_sc_hd__clkbuf_1)
                                         net27 (net)
                  0.04    0.00    2.83 v output27/A (sky130_fd_sc_hd__buf_2)
     1    0.03    0.17    0.31    3.15 v output27/X (sky130_fd_sc_hd__buf_2)
                                         result[5] (net)
                  0.17    0.00    3.15 v result[5] (out)
                                  3.15   data arrival time

                  0.00    0.00    0.00   clock __VIRTUAL_CLK__ (rise edge)
                          0.00    0.00   clock network delay (ideal)
                          0.25    0.25   clock uncertainty
                          0.00    0.25   clock reconvergence pessimism
                         -2.00   -1.75   output external delay
                                 -1.75   data required time
-----------------------------------------------------------------------------
                                 -1.75   data required time
                                 -3.15   data arrival time
-----------------------------------------------------------------------------
                                  4.90   slack (MET)


Startpoint: op[1] (input port clocked by __VIRTUAL_CLK__)
Endpoint: result[4] (output port clocked by __VIRTUAL_CLK__)
Path Group: __VIRTUAL_CLK__
Path Type: min
Corner: Slowest

Fanout     Cap    Slew   Delay    Time   Description
-----------------------------------------------------------------------------
                  0.00    0.00    0.00   clock __VIRTUAL_CLK__ (rise edge)
                          0.00    0.00   clock network delay (ideal)
                          2.00    2.00 ^ input external delay
     1    0.01    0.05    0.03    2.03 ^ op[1] (in)
                                         op[1] (net)
                  0.05    0.00    2.03 ^ input19/A (sky130_fd_sc_hd__buf_6)
     4    0.02    0.08    0.17    2.20 ^ input19/X (sky130_fd_sc_hd__buf_6)
                                         net19 (net)
                  0.08    0.00    2.20 ^ _105_/B (sky130_fd_sc_hd__nor2_4)
     7    0.04    0.08    0.10    2.30 v _105_/Y (sky130_fd_sc_hd__nor2_4)
                                         _039_ (net)
                  0.08    0.00    2.31 v _167_/A1 (sky130_fd_sc_hd__a32o_1)
     1    0.00    0.08    0.39    2.70 v _167_/X (sky130_fd_sc_hd__a32o_1)
                                         alu4.result (net)
                  0.08    0.00    2.70 v _223_/A (sky130_fd_sc_hd__clkbuf_1)
     1    0.00    0.05    0.15    2.85 v _223_/X (sky130_fd_sc_hd__clkbuf_1)
                                         net26 (net)
                  0.05    0.00    2.85 v output26/A (sky130_fd_sc_hd__buf_2)
     1    0.03    0.17    0.32    3.17 v output26/X (sky130_fd_sc_hd__buf_2)
                                         result[4] (net)
                  0.17    0.00    3.17 v result[4] (out)
                                  3.17   data arrival time

                  0.00    0.00    0.00   clock __VIRTUAL_CLK__ (rise edge)
                          0.00    0.00   clock network delay (ideal)
                          0.25    0.25   clock uncertainty
                          0.00    0.25   clock reconvergence pessimism
                         -2.00   -1.75   output external delay
                                 -1.75   data required time
-----------------------------------------------------------------------------
                                 -1.75   data required time
                                 -3.17   data arrival time
-----------------------------------------------------------------------------
                                  4.92   slack (MET)


Startpoint: op[1] (input port clocked by __VIRTUAL_CLK__)
Endpoint: result[1] (output port clocked by __VIRTUAL_CLK__)
Path Group: __VIRTUAL_CLK__
Path Type: min
Corner: Slowest

Fanout     Cap    Slew   Delay    Time   Description
-----------------------------------------------------------------------------
                  0.00    0.00    0.00   clock __VIRTUAL_CLK__ (rise edge)
                          0.00    0.00   clock network delay (ideal)
                          2.00    2.00 ^ input external delay
     1    0.01    0.05    0.03    2.03 ^ op[1] (in)
                                         op[1] (net)
                  0.05    0.00    2.03 ^ input19/A (sky130_fd_sc_hd__buf_6)
     4    0.02    0.08    0.17    2.20 ^ input19/X (sky130_fd_sc_hd__buf_6)
                                         net19 (net)
                  0.08    0.00    2.20 ^ _105_/B (sky130_fd_sc_hd__nor2_4)
     7    0.04    0.08    0.10    2.30 v _105_/Y (sky130_fd_sc_hd__nor2_4)
                                         _039_ (net)
                  0.08    0.00    2.31 v _127_/A1 (sky130_fd_sc_hd__a32o_1)
     1    0.00    0.06    0.37    2.68 v _127_/X (sky130_fd_sc_hd__a32o_1)
                                         alu1.result (net)
                  0.06    0.00    2.68 v _220_/A (sky130_fd_sc_hd__clkbuf_1)
     1    0.01    0.08    0.17    2.85 v _220_/X (sky130_fd_sc_hd__clkbuf_1)
                                         net23 (net)
                  0.08    0.00    2.85 v output23/A (sky130_fd_sc_hd__buf_2)
     1    0.03    0.17    0.33    3.18 v output23/X (sky130_fd_sc_hd__buf_2)
                                         result[1] (net)
                  0.17    0.00    3.18 v result[1] (out)
                                  3.18   data arrival time

                  0.00    0.00    0.00   clock __VIRTUAL_CLK__ (rise edge)
                          0.00    0.00   clock network delay (ideal)
                          0.25    0.25   clock uncertainty
                          0.00    0.25   clock reconvergence pessimism
                         -2.00   -1.75   output external delay
                                 -1.75   data required time
-----------------------------------------------------------------------------
                                 -1.75   data required time
                                 -3.18   data arrival time
-----------------------------------------------------------------------------
                                  4.93   slack (MET)


Startpoint: op[2] (input port clocked by __VIRTUAL_CLK__)
Endpoint: result[2] (output port clocked by __VIRTUAL_CLK__)
Path Group: __VIRTUAL_CLK__
Path Type: min
Corner: Slowest

Fanout     Cap    Slew   Delay    Time   Description
-----------------------------------------------------------------------------
                  0.00    0.00    0.00   clock __VIRTUAL_CLK__ (rise edge)
                          0.00    0.00   clock network delay (ideal)
                          2.00    2.00 ^ input external delay
     1    0.01    0.05    0.03    2.03 ^ op[2] (in)
                                         op[2] (net)
                  0.05    0.00    2.03 ^ input20/A (sky130_fd_sc_hd__buf_6)
     6    0.03    0.10    0.18    2.22 ^ input20/X (sky130_fd_sc_hd__buf_6)
                                         net20 (net)
                  0.10    0.00    2.22 ^ _141_/A1_N (sky130_fd_sc_hd__o2bb2a_1)
     1    0.00    0.10    0.45    2.67 v _141_/X (sky130_fd_sc_hd__o2bb2a_1)
                                         alu2.result (net)
                  0.10    0.00    2.67 v _221_/A (sky130_fd_sc_hd__clkbuf_1)
     1    0.01    0.10    0.20    2.87 v _221_/X (sky130_fd_sc_hd__clkbuf_1)
                                         net24 (net)
                  0.10    0.00    2.87 v output24/A (sky130_fd_sc_hd__buf_2)
     1    0.03    0.17    0.34    3.21 v output24/X (sky130_fd_sc_hd__buf_2)
                                         result[2] (net)
                  0.17    0.00    3.21 v result[2] (out)
                                  3.21   data arrival time

                  0.00    0.00    0.00   clock __VIRTUAL_CLK__ (rise edge)
                          0.00    0.00   clock network delay (ideal)
                          0.25    0.25   clock uncertainty
                          0.00    0.25   clock reconvergence pessimism
                         -2.00   -1.75   output external delay
                                 -1.75   data required time
-----------------------------------------------------------------------------
                                 -1.75   data required time
                                 -3.21   data arrival time
-----------------------------------------------------------------------------
                                  4.96   slack (MET)


Startpoint: op[1] (input port clocked by __VIRTUAL_CLK__)
Endpoint: result[0] (output port clocked by __VIRTUAL_CLK__)
Path Group: __VIRTUAL_CLK__
Path Type: min
Corner: Slowest

Fanout     Cap    Slew   Delay    Time   Description
-----------------------------------------------------------------------------
                  0.00    0.00    0.00   clock __VIRTUAL_CLK__ (rise edge)
                          0.00    0.00   clock network delay (ideal)
                          2.00    2.00 ^ input external delay
     1    0.01    0.05    0.03    2.03 ^ op[1] (in)
                                         op[1] (net)
                  0.05    0.00    2.03 ^ input19/A (sky130_fd_sc_hd__buf_6)
     4    0.02    0.08    0.17    2.20 ^ input19/X (sky130_fd_sc_hd__buf_6)
                                         net19 (net)
                  0.08    0.00    2.20 ^ _113_/A (sky130_fd_sc_hd__or2_4)
     3    0.02    0.10    0.23    2.43 ^ _113_/X (sky130_fd_sc_hd__or2_4)
                                         _047_ (net)
                  0.10    0.00    2.44 ^ _214_/B1 (sky130_fd_sc_hd__a31o_1)
     1    0.00    0.07    0.17    2.60 ^ _214_/X (sky130_fd_sc_hd__a31o_1)
                                         _035_ (net)
                  0.07    0.00    2.60 ^ _218_/A2 (sky130_fd_sc_hd__o21bai_1)
     1    0.00    0.09    0.13    2.73 v _218_/Y (sky130_fd_sc_hd__o21bai_1)
                                         alu0.result (net)
                  0.09    0.00    2.73 v _219_/A (sky130_fd_sc_hd__clkbuf_1)
     1    0.00    0.06    0.17    2.90 v _219_/X (sky130_fd_sc_hd__clkbuf_1)
                                         net22 (net)
                  0.06    0.00    2.90 v output22/A (sky130_fd_sc_hd__buf_2)
     1    0.04    0.17    0.33    3.23 v output22/X (sky130_fd_sc_hd__buf_2)
                                         result[0] (net)
                  0.17    0.00    3.23 v result[0] (out)
                                  3.23   data arrival time

                  0.00    0.00    0.00   clock __VIRTUAL_CLK__ (rise edge)
                          0.00    0.00   clock network delay (ideal)
                          0.25    0.25   clock uncertainty
                          0.00    0.25   clock reconvergence pessimism
                         -2.00   -1.75   output external delay
                                 -1.75   data required time
-----------------------------------------------------------------------------
                                 -1.75   data required time
                                 -3.23   data arrival time
-----------------------------------------------------------------------------
                                  4.98   slack (MET)



worst slack corner Slowest: 4.7421
======================= Typical Corner ===================================

Startpoint: b[7] (input port clocked by __VIRTUAL_CLK__)
Endpoint: cout (output port clocked by __VIRTUAL_CLK__)
Path Group: __VIRTUAL_CLK__
Path Type: min
Corner: Typical

Fanout     Cap    Slew   Delay    Time   Description
-----------------------------------------------------------------------------
                  0.00    0.00    0.00   clock __VIRTUAL_CLK__ (rise edge)
                          0.00    0.00   clock network delay (ideal)
                          2.00    2.00 ^ input external delay
     1    0.00    0.03    0.02    2.02 ^ b[7] (in)
                                         b[7] (net)
                  0.03    0.00    2.02 ^ input16/A (sky130_fd_sc_hd__buf_1)
     4    0.01    0.16    0.15    2.16 ^ input16/X (sky130_fd_sc_hd__buf_1)
                                         net16 (net)
                  0.16    0.00    2.16 ^ _203_/A (sky130_fd_sc_hd__or3_4)
     2    0.01    0.04    0.14    2.31 ^ _203_/X (sky130_fd_sc_hd__or3_4)
                                         _026_ (net)
                  0.04    0.00    2.31 ^ _213_/A1 (sky130_fd_sc_hd__a21bo_1)
     1    0.01    0.06    0.10    2.41 ^ _213_/X (sky130_fd_sc_hd__a21bo_1)
                                         net21 (net)
                  0.06    0.00    2.41 ^ output21/A (sky130_fd_sc_hd__buf_6)
     1    0.03    0.08    0.12    2.53 ^ output21/X (sky130_fd_sc_hd__buf_6)
                                         cout (net)
                  0.08    0.00    2.54 ^ cout (out)
                                  2.54   data arrival time

                  0.00    0.00    0.00   clock __VIRTUAL_CLK__ (rise edge)
                          0.00    0.00   clock network delay (ideal)
                          0.25    0.25   clock uncertainty
                          0.00    0.25   clock reconvergence pessimism
                         -2.00   -1.75   output external delay
                                 -1.75   data required time
-----------------------------------------------------------------------------
                                 -1.75   data required time
                                 -2.54   data arrival time
-----------------------------------------------------------------------------
                                  4.29   slack (MET)


Startpoint: op[1] (input port clocked by __VIRTUAL_CLK__)
Endpoint: result[7] (output port clocked by __VIRTUAL_CLK__)
Path Group: __VIRTUAL_CLK__
Path Type: min
Corner: Typical

Fanout     Cap    Slew   Delay    Time   Description
-----------------------------------------------------------------------------
                  0.00    0.00    0.00   clock __VIRTUAL_CLK__ (rise edge)
                          0.00    0.00   clock network delay (ideal)
                          2.00    2.00 ^ input external delay
     1    0.01    0.03    0.02    2.02 ^ op[1] (in)
                                         op[1] (net)
                  0.03    0.00    2.02 ^ input19/A (sky130_fd_sc_hd__buf_6)
     4    0.02    0.05    0.10    2.11 ^ input19/X (sky130_fd_sc_hd__buf_6)
                                         net19 (net)
                  0.05    0.00    2.12 ^ _105_/B (sky130_fd_sc_hd__nor2_4)
     7    0.03    0.05    0.05    2.17 v _105_/Y (sky130_fd_sc_hd__nor2_4)
                                         _039_ (net)
                  0.05    0.00    2.17 v _209_/A2 (sky130_fd_sc_hd__a31o_1)
     1    0.00    0.04    0.19    2.37 v _209_/X (sky130_fd_sc_hd__a31o_1)
                                         alu7.result (net)
                  0.04    0.00    2.37 v _226_/A (sky130_fd_sc_hd__clkbuf_1)
     1    0.01    0.05    0.10    2.47 v _226_/X (sky130_fd_sc_hd__clkbuf_1)
                                         net29 (net)
                  0.05    0.00    2.47 v output29/A (sky130_fd_sc_hd__buf_6)
     1    0.03    0.04    0.13    2.60 v output29/X (sky130_fd_sc_hd__buf_6)
                                         result[7] (net)
                  0.04    0.00    2.60 v result[7] (out)
                                  2.60   data arrival time

                  0.00    0.00    0.00   clock __VIRTUAL_CLK__ (rise edge)
                          0.00    0.00   clock network delay (ideal)
                          0.25    0.25   clock uncertainty
                          0.00    0.25   clock reconvergence pessimism
                         -2.00   -1.75   output external delay
                                 -1.75   data required time
-----------------------------------------------------------------------------
                                 -1.75   data required time
                                 -2.60   data arrival time
-----------------------------------------------------------------------------
                                  4.35   slack (MET)


Startpoint: b[5] (input port clocked by __VIRTUAL_CLK__)
Endpoint: result[5] (output port clocked by __VIRTUAL_CLK__)
Path Group: __VIRTUAL_CLK__
Path Type: min
Corner: Typical

Fanout     Cap    Slew   Delay    Time   Description
-----------------------------------------------------------------------------
                  0.00    0.00    0.00   clock __VIRTUAL_CLK__ (rise edge)
                          0.00    0.00   clock network delay (ideal)
                          2.00    2.00 v input external delay
     1    0.00    0.01    0.00    2.00 v b[5] (in)
                                         b[5] (net)
                  0.01    0.00    2.00 v input14/A (sky130_fd_sc_hd__buf_1)
     5    0.02    0.10    0.12    2.13 v input14/X (sky130_fd_sc_hd__buf_1)
                                         net14 (net)
                  0.10    0.00    2.13 v _177_/A (sky130_fd_sc_hd__nand2_1)
     1    0.00    0.05    0.07    2.20 ^ _177_/Y (sky130_fd_sc_hd__nand2_1)
                                         _002_ (net)
                  0.05    0.00    2.20 ^ _182_/A3 (sky130_fd_sc_hd__a32o_1)
     1    0.00    0.06    0.15    2.35 ^ _182_/X (sky130_fd_sc_hd__a32o_1)
                                         alu5.result (net)
                  0.06    0.00    2.35 ^ _224_/A (sky130_fd_sc_hd__clkbuf_1)
     1    0.00    0.04    0.07    2.43 ^ _224_/X (sky130_fd_sc_hd__clkbuf_1)
                                         net27 (net)
                  0.04    0.00    2.43 ^ output27/A (sky130_fd_sc_hd__buf_2)
     1    0.03    0.17    0.18    2.61 ^ output27/X (sky130_fd_sc_hd__buf_2)
                                         result[5] (net)
                  0.17    0.00    2.61 ^ result[5] (out)
                                  2.61   data arrival time

                  0.00    0.00    0.00   clock __VIRTUAL_CLK__ (rise edge)
                          0.00    0.00   clock network delay (ideal)
                          0.25    0.25   clock uncertainty
                          0.00    0.25   clock reconvergence pessimism
                         -2.00   -1.75   output external delay
                                 -1.75   data required time
-----------------------------------------------------------------------------
                                 -1.75   data required time
                                 -2.61   data arrival time
-----------------------------------------------------------------------------
                                  4.36   slack (MET)


Startpoint: op[2] (input port clocked by __VIRTUAL_CLK__)
Endpoint: result[2] (output port clocked by __VIRTUAL_CLK__)
Path Group: __VIRTUAL_CLK__
Path Type: min
Corner: Typical

Fanout     Cap    Slew   Delay    Time   Description
-----------------------------------------------------------------------------
                  0.00    0.00    0.00   clock __VIRTUAL_CLK__ (rise edge)
                          0.00    0.00   clock network delay (ideal)
                          2.00    2.00 ^ input external delay
     1    0.01    0.03    0.02    2.02 ^ op[2] (in)
                                         op[2] (net)
                  0.03    0.00    2.02 ^ input20/A (sky130_fd_sc_hd__buf_6)
     6    0.03    0.06    0.10    2.12 ^ input20/X (sky130_fd_sc_hd__buf_6)
                                         net20 (net)
                  0.06    0.00    2.12 ^ _141_/A1_N (sky130_fd_sc_hd__o2bb2a_1)
     1    0.00    0.05    0.21    2.33 v _141_/X (sky130_fd_sc_hd__o2bb2a_1)
                                         alu2.result (net)
                  0.05    0.00    2.33 v _221_/A (sky130_fd_sc_hd__clkbuf_1)
     1    0.01    0.05    0.10    2.44 v _221_/X (sky130_fd_sc_hd__clkbuf_1)
                                         net24 (net)
                  0.05    0.00    2.44 v output24/A (sky130_fd_sc_hd__buf_2)
     1    0.03    0.09    0.17    2.61 v output24/X (sky130_fd_sc_hd__buf_2)
                                         result[2] (net)
                  0.09    0.00    2.61 v result[2] (out)
                                  2.61   data arrival time

                  0.00    0.00    0.00   clock __VIRTUAL_CLK__ (rise edge)
                          0.00    0.00   clock network delay (ideal)
                          0.25    0.25   clock uncertainty
                          0.00    0.25   clock reconvergence pessimism
                         -2.00   -1.75   output external delay
                                 -1.75   data required time
-----------------------------------------------------------------------------
                                 -1.75   data required time
                                 -2.61   data arrival time
-----------------------------------------------------------------------------
                                  4.36   slack (MET)


Startpoint: b[3] (input port clocked by __VIRTUAL_CLK__)
Endpoint: result[3] (output port clocked by __VIRTUAL_CLK__)
Path Group: __VIRTUAL_CLK__
Path Type: min
Corner: Typical

Fanout     Cap    Slew   Delay    Time   Description
-----------------------------------------------------------------------------
                  0.00    0.00    0.00   clock __VIRTUAL_CLK__ (rise edge)
                          0.00    0.00   clock network delay (ideal)
                          2.00    2.00 v input external delay
     1    0.00    0.01    0.01    2.01 v b[3] (in)
                                         b[3] (net)
                  0.01    0.00    2.01 v input12/A (sky130_fd_sc_hd__buf_1)
     5    0.02    0.09    0.12    2.13 v input12/X (sky130_fd_sc_hd__buf_1)
                                         net12 (net)
                  0.09    0.00    2.13 v _149_/A (sky130_fd_sc_hd__nand2_1)
     1    0.00    0.05    0.08    2.20 ^ _149_/Y (sky130_fd_sc_hd__nand2_1)
                                         _081_ (net)
                  0.05    0.00    2.21 ^ _154_/A3 (sky130_fd_sc_hd__a32o_1)
     1    0.00    0.05    0.14    2.35 ^ _154_/X (sky130_fd_sc_hd__a32o_1)
                                         alu3.result (net)
                  0.05    0.00    2.35 ^ _222_/A (sky130_fd_sc_hd__clkbuf_1)
     1    0.00    0.05    0.08    2.43 ^ _222_/X (sky130_fd_sc_hd__clkbuf_1)
                                         net25 (net)
                  0.05    0.00    2.43 ^ output25/A (sky130_fd_sc_hd__clkbuf_4)
     1    0.03    0.11    0.18    2.61 ^ output25/X (sky130_fd_sc_hd__clkbuf_4)
                                         result[3] (net)
                  0.11    0.00    2.61 ^ result[3] (out)
                                  2.61   data arrival time

                  0.00    0.00    0.00   clock __VIRTUAL_CLK__ (rise edge)
                          0.00    0.00   clock network delay (ideal)
                          0.25    0.25   clock uncertainty
                          0.00    0.25   clock reconvergence pessimism
                         -2.00   -1.75   output external delay
                                 -1.75   data required time
-----------------------------------------------------------------------------
                                 -1.75   data required time
                                 -2.61   data arrival time
-----------------------------------------------------------------------------
                                  4.36   slack (MET)


Startpoint: op[1] (input port clocked by __VIRTUAL_CLK__)
Endpoint: result[6] (output port clocked by __VIRTUAL_CLK__)
Path Group: __VIRTUAL_CLK__
Path Type: min
Corner: Typical

Fanout     Cap    Slew   Delay    Time   Description
-----------------------------------------------------------------------------
                  0.00    0.00    0.00   clock __VIRTUAL_CLK__ (rise edge)
                          0.00    0.00   clock network delay (ideal)
                          2.00    2.00 ^ input external delay
     1    0.01    0.03    0.02    2.02 ^ op[1] (in)
                                         op[1] (net)
                  0.03    0.00    2.02 ^ input19/A (sky130_fd_sc_hd__buf_6)
     4    0.02    0.05    0.10    2.11 ^ input19/X (sky130_fd_sc_hd__buf_6)
                                         net19 (net)
                  0.05    0.00    2.12 ^ _105_/B (sky130_fd_sc_hd__nor2_4)
     7    0.03    0.05    0.05    2.17 v _105_/Y (sky130_fd_sc_hd__nor2_4)
                                         _039_ (net)
                  0.05    0.00    2.17 v _195_/A1 (sky130_fd_sc_hd__a32o_1)
     1    0.00    0.04    0.20    2.38 v _195_/X (sky130_fd_sc_hd__a32o_1)
                                         alu6.result (net)
                  0.04    0.00    2.38 v _225_/A (sky130_fd_sc_hd__clkbuf_1)
     1    0.00    0.02    0.08    2.45 v _225_/X (sky130_fd_sc_hd__clkbuf_1)
                                         net28 (net)
                  0.02    0.00    2.45 v output28/A (sky130_fd_sc_hd__buf_2)
     1    0.03    0.09    0.16    2.61 v output28/X (sky130_fd_sc_hd__buf_2)
                                         result[6] (net)
                  0.09    0.00    2.62 v result[6] (out)
                                  2.62   data arrival time

                  0.00    0.00    0.00   clock __VIRTUAL_CLK__ (rise edge)
                          0.00    0.00   clock network delay (ideal)
                          0.25    0.25   clock uncertainty
                          0.00    0.25   clock reconvergence pessimism
                         -2.00   -1.75   output external delay
                                 -1.75   data required time
-----------------------------------------------------------------------------
                                 -1.75   data required time
                                 -2.62   data arrival time
-----------------------------------------------------------------------------
                                  4.37   slack (MET)


Startpoint: op[1] (input port clocked by __VIRTUAL_CLK__)
Endpoint: result[4] (output port clocked by __VIRTUAL_CLK__)
Path Group: __VIRTUAL_CLK__
Path Type: min
Corner: Typical

Fanout     Cap    Slew   Delay    Time   Description
-----------------------------------------------------------------------------
                  0.00    0.00    0.00   clock __VIRTUAL_CLK__ (rise edge)
                          0.00    0.00   clock network delay (ideal)
                          2.00    2.00 ^ input external delay
     1    0.01    0.03    0.02    2.02 ^ op[1] (in)
                                         op[1] (net)
                  0.03    0.00    2.02 ^ input19/A (sky130_fd_sc_hd__buf_6)
     4    0.02    0.05    0.10    2.11 ^ input19/X (sky130_fd_sc_hd__buf_6)
                                         net19 (net)
                  0.05    0.00    2.12 ^ _105_/B (sky130_fd_sc_hd__nor2_4)
     7    0.03    0.05    0.05    2.17 v _105_/Y (sky130_fd_sc_hd__nor2_4)
                                         _039_ (net)
                  0.05    0.00    2.17 v _167_/A1 (sky130_fd_sc_hd__a32o_1)
     1    0.00    0.05    0.21    2.38 v _167_/X (sky130_fd_sc_hd__a32o_1)
                                         alu4.result (net)
                  0.05    0.00    2.38 v _223_/A (sky130_fd_sc_hd__clkbuf_1)
     1    0.00    0.02    0.08    2.47 v _223_/X (sky130_fd_sc_hd__clkbuf_1)
                                         net26 (net)
                  0.02    0.00    2.47 v output26/A (sky130_fd_sc_hd__buf_2)
     1    0.03    0.09    0.16    2.63 v output26/X (sky130_fd_sc_hd__buf_2)
                                         result[4] (net)
                  0.09    0.00    2.63 v result[4] (out)
                                  2.63   data arrival time

                  0.00    0.00    0.00   clock __VIRTUAL_CLK__ (rise edge)
                          0.00    0.00   clock network delay (ideal)
                          0.25    0.25   clock uncertainty
                          0.00    0.25   clock reconvergence pessimism
                         -2.00   -1.75   output external delay
                                 -1.75   data required time
-----------------------------------------------------------------------------
                                 -1.75   data required time
                                 -2.63   data arrival time
-----------------------------------------------------------------------------
                                  4.38   slack (MET)


Startpoint: op[1] (input port clocked by __VIRTUAL_CLK__)
Endpoint: result[1] (output port clocked by __VIRTUAL_CLK__)
Path Group: __VIRTUAL_CLK__
Path Type: min
Corner: Typical

Fanout     Cap    Slew   Delay    Time   Description
-----------------------------------------------------------------------------
                  0.00    0.00    0.00   clock __VIRTUAL_CLK__ (rise edge)
                          0.00    0.00   clock network delay (ideal)
                          2.00    2.00 ^ input external delay
     1    0.01    0.03    0.02    2.02 ^ op[1] (in)
                                         op[1] (net)
                  0.03    0.00    2.02 ^ input19/A (sky130_fd_sc_hd__buf_6)
     4    0.02    0.05    0.10    2.11 ^ input19/X (sky130_fd_sc_hd__buf_6)
                                         net19 (net)
                  0.05    0.00    2.12 ^ _105_/B (sky130_fd_sc_hd__nor2_4)
     7    0.03    0.05    0.05    2.17 v _105_/Y (sky130_fd_sc_hd__nor2_4)
                                         _039_ (net)
                  0.05    0.00    2.17 v _127_/A1 (sky130_fd_sc_hd__a32o_1)
     1    0.00    0.04    0.20    2.37 v _127_/X (sky130_fd_sc_hd__a32o_1)
                                         alu1.result (net)
                  0.04    0.00    2.37 v _220_/A (sky130_fd_sc_hd__clkbuf_1)
     1    0.01    0.04    0.09    2.46 v _220_/X (sky130_fd_sc_hd__clkbuf_1)
                                         net23 (net)
                  0.04    0.00    2.46 v output23/A (sky130_fd_sc_hd__buf_2)
     1    0.03    0.09    0.17    2.63 v output23/X (sky130_fd_sc_hd__buf_2)
                                         result[1] (net)
                  0.09    0.00    2.64 v result[1] (out)
                                  2.64   data arrival time

                  0.00    0.00    0.00   clock __VIRTUAL_CLK__ (rise edge)
                          0.00    0.00   clock network delay (ideal)
                          0.25    0.25   clock uncertainty
                          0.00    0.25   clock reconvergence pessimism
                         -2.00   -1.75   output external delay
                                 -1.75   data required time
-----------------------------------------------------------------------------
                                 -1.75   data required time
                                 -2.64   data arrival time
-----------------------------------------------------------------------------
                                  4.39   slack (MET)


Startpoint: op[1] (input port clocked by __VIRTUAL_CLK__)
Endpoint: result[0] (output port clocked by __VIRTUAL_CLK__)
Path Group: __VIRTUAL_CLK__
Path Type: min
Corner: Typical

Fanout     Cap    Slew   Delay    Time   Description
-----------------------------------------------------------------------------
                  0.00    0.00    0.00   clock __VIRTUAL_CLK__ (rise edge)
                          0.00    0.00   clock network delay (ideal)
                          2.00    2.00 ^ input external delay
     1    0.01    0.03    0.02    2.02 ^ op[1] (in)
                                         op[1] (net)
                  0.03    0.00    2.02 ^ input19/A (sky130_fd_sc_hd__buf_6)
     4    0.02    0.05    0.10    2.11 ^ input19/X (sky130_fd_sc_hd__buf_6)
                                         net19 (net)
                  0.05    0.00    2.12 ^ _113_/A (sky130_fd_sc_hd__or2_4)
     3    0.02    0.06    0.13    2.24 ^ _113_/X (sky130_fd_sc_hd__or2_4)
                                         _047_ (net)
                  0.06    0.00    2.24 ^ _214_/B1 (sky130_fd_sc_hd__a31o_1)
     1    0.00    0.04    0.09    2.33 ^ _214_/X (sky130_fd_sc_hd__a31o_1)
                                         _035_ (net)
                  0.04    0.00    2.33 ^ _218_/A2 (sky130_fd_sc_hd__o21bai_1)
     1    0.00    0.04    0.06    2.39 v _218_/Y (sky130_fd_sc_hd__o21bai_1)
                                         alu0.result (net)
                  0.04    0.00    2.39 v _219_/A (sky130_fd_sc_hd__clkbuf_1)
     1    0.00    0.03    0.09    2.48 v _219_/X (sky130_fd_sc_hd__clkbuf_1)
                                         net22 (net)
                  0.03    0.00    2.48 v output22/A (sky130_fd_sc_hd__buf_2)
     1    0.04    0.09    0.17    2.64 v output22/X (sky130_fd_sc_hd__buf_2)
                                         result[0] (net)
                  0.09    0.00    2.65 v result[0] (out)
                                  2.65   data arrival time

                  0.00    0.00    0.00   clock __VIRTUAL_CLK__ (rise edge)
                          0.00    0.00   clock network delay (ideal)
                          0.25    0.25   clock uncertainty
                          0.00    0.25   clock reconvergence pessimism
                         -2.00   -1.75   output external delay
                                 -1.75   data required time
-----------------------------------------------------------------------------
                                 -1.75   data required time
                                 -2.65   data arrival time
-----------------------------------------------------------------------------
                                  4.40   slack (MET)



worst slack corner Typical: 4.2855
