
===========================================================================
report_checks -path_delay max (Setup)
============================================================================
======================= Typical Corner ===================================

Startpoint: op[2] (input port clocked by __VIRTUAL_CLK__)
Endpoint: result[7] (output port clocked by __VIRTUAL_CLK__)
Path Group: __VIRTUAL_CLK__
Path Type: max

Fanout     Cap    Slew   Delay    Time   Description
-----------------------------------------------------------------------------
                  0.00    0.00    0.00   clock __VIRTUAL_CLK__ (rise edge)
                          0.00    0.00   clock network delay (ideal)
                          2.00    2.00 v input external delay
     1    0.01    0.02    0.01    2.01 v op[2] (in)
                                         op[2] (net)
                  0.02    0.00    2.01 v input20/A (sky130_fd_sc_hd__buf_6)
     6    0.02    0.04    0.12    2.14 v input20/X (sky130_fd_sc_hd__buf_6)
                                         net20 (net)
                  0.04    0.00    2.14 v _105_/A (sky130_fd_sc_hd__nor2_4)
     7    0.03    0.21    0.22    2.35 ^ _105_/Y (sky130_fd_sc_hd__nor2_4)
                                         _039_ (net)
                  0.21    0.00    2.35 ^ _109_/B (sky130_fd_sc_hd__nand2_4)
     8    0.03    0.10    0.13    2.49 v _109_/Y (sky130_fd_sc_hd__nand2_4)
                                         _043_ (net)
                  0.10    0.00    2.49 v _115_/A2 (sky130_fd_sc_hd__o32a_4)
     3    0.03    0.08    0.44    2.92 v _115_/X (sky130_fd_sc_hd__o32a_4)
                                         _049_ (net)
                  0.08    0.00    2.92 v _116_/A (sky130_fd_sc_hd__xnor2_4)
     2    0.01    0.14    0.19    3.12 ^ _116_/Y (sky130_fd_sc_hd__xnor2_4)
                                         _050_ (net)
                  0.14    0.00    3.12 ^ _129_/A1 (sky130_fd_sc_hd__o21ai_2)
     4    0.01    0.07    0.11    3.22 v _129_/Y (sky130_fd_sc_hd__o21ai_2)
                                         _062_ (net)
                  0.07    0.00    3.23 v _145_/A1 (sky130_fd_sc_hd__a32o_1)
     1    0.00    0.05    0.24    3.47 v _145_/X (sky130_fd_sc_hd__a32o_1)
                                         _077_ (net)
                  0.05    0.00    3.47 v _146_/B2 (sky130_fd_sc_hd__o22a_4)
     3    0.02    0.06    0.22    3.69 v _146_/X (sky130_fd_sc_hd__o22a_4)
                                         _078_ (net)
                  0.06    0.00    3.69 v _157_/A2 (sky130_fd_sc_hd__a21oi_2)
     1    0.00    0.09    0.14    3.83 ^ _157_/Y (sky130_fd_sc_hd__a21oi_2)
                                         _088_ (net)
                  0.09    0.00    3.83 ^ _158_/A (sky130_fd_sc_hd__nand2_1)
     2    0.01    0.05    0.08    3.91 v _158_/Y (sky130_fd_sc_hd__nand2_1)
                                         _089_ (net)
                  0.05    0.00    3.91 v rebuffer1/A (sky130_fd_sc_hd__clkbuf_2)
     3    0.01    0.04    0.12    4.03 v rebuffer1/X (sky130_fd_sc_hd__clkbuf_2)
                                         net30 (net)
                  0.04    0.00    4.03 v _169_/A2 (sky130_fd_sc_hd__a21o_1)
     1    0.00    0.04    0.18    4.21 v _169_/X (sky130_fd_sc_hd__a21o_1)
                                         _099_ (net)
                  0.04    0.00    4.21 v _170_/A1 (sky130_fd_sc_hd__a211o_1)
     3    0.01    0.08    0.29    4.50 v _170_/X (sky130_fd_sc_hd__a211o_1)
                                         _100_ (net)
                  0.08    0.00    4.50 v _185_/B (sky130_fd_sc_hd__and3_1)
     1    0.00    0.04    0.18    4.69 v _185_/X (sky130_fd_sc_hd__and3_1)
                                         _009_ (net)
                  0.04    0.00    4.69 v _186_/B (sky130_fd_sc_hd__or3b_4)
     4    0.01    0.08    0.41    5.09 v _186_/X (sky130_fd_sc_hd__or3b_4)
                                         _010_ (net)
                  0.08    0.00    5.09 v _199_/A (sky130_fd_sc_hd__and3_1)
     1    0.00    0.04    0.17    5.26 v _199_/X (sky130_fd_sc_hd__and3_1)
                                         _022_ (net)
                  0.04    0.00    5.26 v _200_/B (sky130_fd_sc_hd__or3b_4)
     3    0.01    0.07    0.39    5.65 v _200_/X (sky130_fd_sc_hd__or3b_4)
                                         _023_ (net)
                  0.07    0.00    5.66 v _201_/A (sky130_fd_sc_hd__and3_1)
     3    0.01    0.06    0.19    5.85 v _201_/X (sky130_fd_sc_hd__and3_1)
                                         _024_ (net)
                  0.06    0.00    5.85 v _203_/C (sky130_fd_sc_hd__or3_4)
     2    0.01    0.07    0.35    6.20 v _203_/X (sky130_fd_sc_hd__or3_4)
                                         _026_ (net)
                  0.07    0.00    6.20 v _209_/A1 (sky130_fd_sc_hd__a31o_1)
     1    0.00    0.04    0.19    6.39 v _209_/X (sky130_fd_sc_hd__a31o_1)
                                         alu7.result (net)
                  0.04    0.00    6.39 v _226_/A (sky130_fd_sc_hd__clkbuf_1)
     1    0.00    0.04    0.10    6.48 v _226_/X (sky130_fd_sc_hd__clkbuf_1)
                                         net29 (net)
                  0.04    0.00    6.48 v output29/A (sky130_fd_sc_hd__buf_6)
     1    0.03    0.04    0.14    6.62 v output29/X (sky130_fd_sc_hd__buf_6)
                                         result[7] (net)
                  0.04    0.00    6.62 v result[7] (out)
                                  6.62   data arrival time

                  0.00   10.00   10.00   clock __VIRTUAL_CLK__ (rise edge)
                          0.00   10.00   clock network delay (ideal)
                         -0.25    9.75   clock uncertainty
                          0.00    9.75   clock reconvergence pessimism
                         -2.00    7.75   output external delay
                                  7.75   data required time
-----------------------------------------------------------------------------
                                  7.75   data required time
                                 -6.62   data arrival time
-----------------------------------------------------------------------------
                                  1.13   slack (MET)


Startpoint: op[2] (input port clocked by __VIRTUAL_CLK__)
Endpoint: cout (output port clocked by __VIRTUAL_CLK__)
Path Group: __VIRTUAL_CLK__
Path Type: max

Fanout     Cap    Slew   Delay    Time   Description
-----------------------------------------------------------------------------
                  0.00    0.00    0.00   clock __VIRTUAL_CLK__ (rise edge)
                          0.00    0.00   clock network delay (ideal)
                          2.00    2.00 v input external delay
     1    0.01    0.02    0.01    2.01 v op[2] (in)
                                         op[2] (net)
                  0.02    0.00    2.01 v input20/A (sky130_fd_sc_hd__buf_6)
     6    0.02    0.04    0.12    2.14 v input20/X (sky130_fd_sc_hd__buf_6)
                                         net20 (net)
                  0.04    0.00    2.14 v _105_/A (sky130_fd_sc_hd__nor2_4)
     7    0.03    0.21    0.22    2.35 ^ _105_/Y (sky130_fd_sc_hd__nor2_4)
                                         _039_ (net)
                  0.21    0.00    2.35 ^ _109_/B (sky130_fd_sc_hd__nand2_4)
     8    0.03    0.10    0.13    2.49 v _109_/Y (sky130_fd_sc_hd__nand2_4)
                                         _043_ (net)
                  0.10    0.00    2.49 v _115_/A2 (sky130_fd_sc_hd__o32a_4)
     3    0.03    0.08    0.44    2.92 v _115_/X (sky130_fd_sc_hd__o32a_4)
                                         _049_ (net)
                  0.08    0.00    2.92 v _116_/A (sky130_fd_sc_hd__xnor2_4)
     2    0.01    0.14    0.19    3.12 ^ _116_/Y (sky130_fd_sc_hd__xnor2_4)
                                         _050_ (net)
                  0.14    0.00    3.12 ^ _129_/A1 (sky130_fd_sc_hd__o21ai_2)
     4    0.01    0.07    0.11    3.22 v _129_/Y (sky130_fd_sc_hd__o21ai_2)
                                         _062_ (net)
                  0.07    0.00    3.23 v _145_/A1 (sky130_fd_sc_hd__a32o_1)
     1    0.00    0.05    0.24    3.47 v _145_/X (sky130_fd_sc_hd__a32o_1)
                                         _077_ (net)
                  0.05    0.00    3.47 v _146_/B2 (sky130_fd_sc_hd__o22a_4)
     3    0.02    0.06    0.22    3.69 v _146_/X (sky130_fd_sc_hd__o22a_4)
                                         _078_ (net)
                  0.06    0.00    3.69 v _157_/A2 (sky130_fd_sc_hd__a21oi_2)
     1    0.00    0.09    0.14    3.83 ^ _157_/Y (sky130_fd_sc_hd__a21oi_2)
                                         _088_ (net)
                  0.09    0.00    3.83 ^ _158_/A (sky130_fd_sc_hd__nand2_1)
     2    0.01    0.05    0.08    3.91 v _158_/Y (sky130_fd_sc_hd__nand2_1)
                                         _089_ (net)
                  0.05    0.00    3.91 v rebuffer1/A (sky130_fd_sc_hd__clkbuf_2)
     3    0.01    0.04    0.12    4.03 v rebuffer1/X (sky130_fd_sc_hd__clkbuf_2)
                                         net30 (net)
                  0.04    0.00    4.03 v _169_/A2 (sky130_fd_sc_hd__a21o_1)
     1    0.00    0.04    0.18    4.21 v _169_/X (sky130_fd_sc_hd__a21o_1)
                                         _099_ (net)
                  0.04    0.00    4.21 v _170_/A1 (sky130_fd_sc_hd__a211o_1)
     3    0.01    0.08    0.29    4.50 v _170_/X (sky130_fd_sc_hd__a211o_1)
                                         _100_ (net)
                  0.08    0.00    4.50 v _185_/B (sky130_fd_sc_hd__and3_1)
     1    0.00    0.04    0.18    4.69 v _185_/X (sky130_fd_sc_hd__and3_1)
                                         _009_ (net)
                  0.04    0.00    4.69 v _186_/B (sky130_fd_sc_hd__or3b_4)
     4    0.01    0.08    0.41    5.09 v _186_/X (sky130_fd_sc_hd__or3b_4)
                                         _010_ (net)
                  0.08    0.00    5.09 v _199_/A (sky130_fd_sc_hd__and3_1)
     1    0.00    0.04    0.17    5.26 v _199_/X (sky130_fd_sc_hd__and3_1)
                                         _022_ (net)
                  0.04    0.00    5.26 v _200_/B (sky130_fd_sc_hd__or3b_4)
     3    0.01    0.07    0.39    5.65 v _200_/X (sky130_fd_sc_hd__or3b_4)
                                         _023_ (net)
                  0.07    0.00    5.66 v _201_/A (sky130_fd_sc_hd__and3_1)
     3    0.01    0.06    0.19    5.85 v _201_/X (sky130_fd_sc_hd__and3_1)
                                         _024_ (net)
                  0.06    0.00    5.85 v _203_/C (sky130_fd_sc_hd__or3_4)
     2    0.01    0.07    0.35    6.20 v _203_/X (sky130_fd_sc_hd__or3_4)
                                         _026_ (net)
                  0.07    0.00    6.20 v _213_/A1 (sky130_fd_sc_hd__a21bo_1)
     1    0.01    0.05    0.20    6.39 v _213_/X (sky130_fd_sc_hd__a21bo_1)
                                         net21 (net)
                  0.05    0.00    6.39 v output21/A (sky130_fd_sc_hd__buf_6)
     1    0.03    0.04    0.15    6.54 v output21/X (sky130_fd_sc_hd__buf_6)
                                         cout (net)
                  0.04    0.00    6.54 v cout (out)
                                  6.54   data arrival time

                  0.00   10.00   10.00   clock __VIRTUAL_CLK__ (rise edge)
                          0.00   10.00   clock network delay (ideal)
                         -0.25    9.75   clock uncertainty
                          0.00    9.75   clock reconvergence pessimism
                         -2.00    7.75   output external delay
                                  7.75   data required time
-----------------------------------------------------------------------------
                                  7.75   data required time
                                 -6.54   data arrival time
-----------------------------------------------------------------------------
                                  1.21   slack (MET)


Startpoint: op[2] (input port clocked by __VIRTUAL_CLK__)
Endpoint: result[6] (output port clocked by __VIRTUAL_CLK__)
Path Group: __VIRTUAL_CLK__
Path Type: max

Fanout     Cap    Slew   Delay    Time   Description
-----------------------------------------------------------------------------
                  0.00    0.00    0.00   clock __VIRTUAL_CLK__ (rise edge)
                          0.00    0.00   clock network delay (ideal)
                          2.00    2.00 v input external delay
     1    0.01    0.02    0.01    2.01 v op[2] (in)
                                         op[2] (net)
                  0.02    0.00    2.01 v input20/A (sky130_fd_sc_hd__buf_6)
     6    0.02    0.04    0.12    2.14 v input20/X (sky130_fd_sc_hd__buf_6)
                                         net20 (net)
                  0.04    0.00    2.14 v _105_/A (sky130_fd_sc_hd__nor2_4)
     7    0.03    0.21    0.22    2.35 ^ _105_/Y (sky130_fd_sc_hd__nor2_4)
                                         _039_ (net)
                  0.21    0.00    2.35 ^ _109_/B (sky130_fd_sc_hd__nand2_4)
     8    0.03    0.10    0.13    2.49 v _109_/Y (sky130_fd_sc_hd__nand2_4)
                                         _043_ (net)
                  0.10    0.00    2.49 v _115_/A2 (sky130_fd_sc_hd__o32a_4)
     3    0.03    0.08    0.44    2.92 v _115_/X (sky130_fd_sc_hd__o32a_4)
                                         _049_ (net)
                  0.08    0.00    2.92 v _116_/A (sky130_fd_sc_hd__xnor2_4)
     2    0.01    0.14    0.19    3.12 ^ _116_/Y (sky130_fd_sc_hd__xnor2_4)
                                         _050_ (net)
                  0.14    0.00    3.12 ^ _129_/A1 (sky130_fd_sc_hd__o21ai_2)
     4    0.01    0.07    0.11    3.22 v _129_/Y (sky130_fd_sc_hd__o21ai_2)
                                         _062_ (net)
                  0.07    0.00    3.23 v _145_/A1 (sky130_fd_sc_hd__a32o_1)
     1    0.00    0.05    0.24    3.47 v _145_/X (sky130_fd_sc_hd__a32o_1)
                                         _077_ (net)
                  0.05    0.00    3.47 v _146_/B2 (sky130_fd_sc_hd__o22a_4)
     3    0.02    0.06    0.22    3.69 v _146_/X (sky130_fd_sc_hd__o22a_4)
                                         _078_ (net)
                  0.06    0.00    3.69 v _157_/A2 (sky130_fd_sc_hd__a21oi_2)
     1    0.00    0.09    0.14    3.83 ^ _157_/Y (sky130_fd_sc_hd__a21oi_2)
                                         _088_ (net)
                  0.09    0.00    3.83 ^ _158_/A (sky130_fd_sc_hd__nand2_1)
     2    0.01    0.05    0.08    3.91 v _158_/Y (sky130_fd_sc_hd__nand2_1)
                                         _089_ (net)
                  0.05    0.00    3.91 v rebuffer1/A (sky130_fd_sc_hd__clkbuf_2)
     3    0.01    0.04    0.12    4.03 v rebuffer1/X (sky130_fd_sc_hd__clkbuf_2)
                                         net30 (net)
                  0.04    0.00    4.03 v _169_/A2 (sky130_fd_sc_hd__a21o_1)
     1    0.00    0.04    0.18    4.21 v _169_/X (sky130_fd_sc_hd__a21o_1)
                                         _099_ (net)
                  0.04    0.00    4.21 v _170_/A1 (sky130_fd_sc_hd__a211o_1)
     3    0.01    0.08    0.29    4.50 v _170_/X (sky130_fd_sc_hd__a211o_1)
                                         _100_ (net)
                  0.08    0.00    4.50 v _185_/B (sky130_fd_sc_hd__and3_1)
     1    0.00    0.04    0.18    4.69 v _185_/X (sky130_fd_sc_hd__and3_1)
                                         _009_ (net)
                  0.04    0.00    4.69 v _186_/B (sky130_fd_sc_hd__or3b_4)
     4    0.01    0.08    0.41    5.09 v _186_/X (sky130_fd_sc_hd__or3b_4)
                                         _010_ (net)
                  0.08    0.00    5.09 v _187_/C (sky130_fd_sc_hd__and3_1)
     3    0.01    0.06    0.22    5.32 v _187_/X (sky130_fd_sc_hd__and3_1)
                                         _011_ (net)
                  0.06    0.00    5.32 v _189_/B (sky130_fd_sc_hd__or3_1)
     1    0.00    0.07    0.36    5.68 v _189_/X (sky130_fd_sc_hd__or3_1)
                                         _013_ (net)
                  0.07    0.00    5.68 v _195_/A2 (sky130_fd_sc_hd__a32o_1)
     1    0.00    0.04    0.26    5.94 v _195_/X (sky130_fd_sc_hd__a32o_1)
                                         alu6.result (net)
                  0.04    0.00    5.94 v _225_/A (sky130_fd_sc_hd__clkbuf_1)
     1    0.00    0.02    0.09    6.03 v _225_/X (sky130_fd_sc_hd__clkbuf_1)
                                         net28 (net)
                  0.02    0.00    6.03 v output28/A (sky130_fd_sc_hd__buf_2)
     1    0.03    0.09    0.18    6.21 v output28/X (sky130_fd_sc_hd__buf_2)
                                         result[6] (net)
                  0.09    0.00    6.21 v result[6] (out)
                                  6.21   data arrival time

                  0.00   10.00   10.00   clock __VIRTUAL_CLK__ (rise edge)
                          0.00   10.00   clock network delay (ideal)
                         -0.25    9.75   clock uncertainty
                          0.00    9.75   clock reconvergence pessimism
                         -2.00    7.75   output external delay
                                  7.75   data required time
-----------------------------------------------------------------------------
                                  7.75   data required time
                                 -6.21   data arrival time
-----------------------------------------------------------------------------
                                  1.54   slack (MET)


Startpoint: op[2] (input port clocked by __VIRTUAL_CLK__)
Endpoint: result[5] (output port clocked by __VIRTUAL_CLK__)
Path Group: __VIRTUAL_CLK__
Path Type: max

Fanout     Cap    Slew   Delay    Time   Description
-----------------------------------------------------------------------------
                  0.00    0.00    0.00   clock __VIRTUAL_CLK__ (rise edge)
                          0.00    0.00   clock network delay (ideal)
                          2.00    2.00 v input external delay
     1    0.01    0.02    0.01    2.01 v op[2] (in)
                                         op[2] (net)
                  0.02    0.00    2.01 v input20/A (sky130_fd_sc_hd__buf_6)
     6    0.02    0.04    0.12    2.14 v input20/X (sky130_fd_sc_hd__buf_6)
                                         net20 (net)
                  0.04    0.00    2.14 v _105_/A (sky130_fd_sc_hd__nor2_4)
     7    0.03    0.21    0.22    2.35 ^ _105_/Y (sky130_fd_sc_hd__nor2_4)
                                         _039_ (net)
                  0.21    0.00    2.35 ^ _109_/B (sky130_fd_sc_hd__nand2_4)
     8    0.03    0.10    0.13    2.49 v _109_/Y (sky130_fd_sc_hd__nand2_4)
                                         _043_ (net)
                  0.10    0.00    2.49 v _115_/A2 (sky130_fd_sc_hd__o32a_4)
     3    0.03    0.08    0.44    2.92 v _115_/X (sky130_fd_sc_hd__o32a_4)
                                         _049_ (net)
                  0.08    0.00    2.92 v _116_/A (sky130_fd_sc_hd__xnor2_4)
     2    0.01    0.14    0.19    3.12 ^ _116_/Y (sky130_fd_sc_hd__xnor2_4)
                                         _050_ (net)
                  0.14    0.00    3.12 ^ _129_/A1 (sky130_fd_sc_hd__o21ai_2)
     4    0.01    0.07    0.11    3.22 v _129_/Y (sky130_fd_sc_hd__o21ai_2)
                                         _062_ (net)
                  0.07    0.00    3.23 v _145_/A1 (sky130_fd_sc_hd__a32o_1)
     1    0.00    0.05    0.24    3.47 v _145_/X (sky130_fd_sc_hd__a32o_1)
                                         _077_ (net)
                  0.05    0.00    3.47 v _146_/B2 (sky130_fd_sc_hd__o22a_4)
     3    0.02    0.06    0.22    3.69 v _146_/X (sky130_fd_sc_hd__o22a_4)
                                         _078_ (net)
                  0.06    0.00    3.69 v _147_/B (sky130_fd_sc_hd__xnor2_2)
     2    0.01    0.16    0.17    3.86 ^ _147_/Y (sky130_fd_sc_hd__xnor2_2)
                                         _079_ (net)
                  0.16    0.00    3.86 ^ _156_/A1 (sky130_fd_sc_hd__o21ai_2)
     4    0.01    0.06    0.11    3.97 v _156_/Y (sky130_fd_sc_hd__o21ai_2)
                                         _087_ (net)
                  0.06    0.00    3.97 v _171_/A (sky130_fd_sc_hd__and3_1)
     1    0.00    0.04    0.16    4.13 v _171_/X (sky130_fd_sc_hd__and3_1)
                                         _101_ (net)
                  0.04    0.00    4.13 v _172_/B (sky130_fd_sc_hd__or3b_4)
     3    0.01    0.07    0.39    4.52 v _172_/X (sky130_fd_sc_hd__or3b_4)
                                         _102_ (net)
                  0.07    0.00    4.52 v _173_/C (sky130_fd_sc_hd__and3_1)
     2    0.01    0.05    0.21    4.73 v _173_/X (sky130_fd_sc_hd__and3_1)
                                         _103_ (net)
                  0.05    0.00    4.73 v _175_/A (sky130_fd_sc_hd__or2b_1)
     2    0.01    0.06    0.25    4.97 v _175_/X (sky130_fd_sc_hd__or2b_1)
                                         _000_ (net)
                  0.06    0.00    4.97 v _176_/B (sky130_fd_sc_hd__or2_1)
     1    0.00    0.05    0.22    5.19 v _176_/X (sky130_fd_sc_hd__or2_1)
                                         _001_ (net)
                  0.05    0.00    5.19 v _182_/A2 (sky130_fd_sc_hd__a32o_1)
     1    0.00    0.04    0.25    5.44 v _182_/X (sky130_fd_sc_hd__a32o_1)
                                         alu5.result (net)
                  0.04    0.00    5.44 v _224_/A (sky130_fd_sc_hd__clkbuf_1)
     1    0.00    0.02    0.09    5.53 v _224_/X (sky130_fd_sc_hd__clkbuf_1)
                                         net27 (net)
                  0.02    0.00    5.53 v output27/A (sky130_fd_sc_hd__buf_2)
     1    0.03    0.09    0.18    5.71 v output27/X (sky130_fd_sc_hd__buf_2)
                                         result[5] (net)
                  0.09    0.00    5.71 v result[5] (out)
                                  5.71   data arrival time

                  0.00   10.00   10.00   clock __VIRTUAL_CLK__ (rise edge)
                          0.00   10.00   clock network delay (ideal)
                         -0.25    9.75   clock uncertainty
                          0.00    9.75   clock reconvergence pessimism
                         -2.00    7.75   output external delay
                                  7.75   data required time
-----------------------------------------------------------------------------
                                  7.75   data required time
                                 -5.71   data arrival time
-----------------------------------------------------------------------------
                                  2.04   slack (MET)


Startpoint: op[2] (input port clocked by __VIRTUAL_CLK__)
Endpoint: result[4] (output port clocked by __VIRTUAL_CLK__)
Path Group: __VIRTUAL_CLK__
Path Type: max

Fanout     Cap    Slew   Delay    Time   Description
-----------------------------------------------------------------------------
                  0.00    0.00    0.00   clock __VIRTUAL_CLK__ (rise edge)
                          0.00    0.00   clock network delay (ideal)
                          2.00    2.00 v input external delay
     1    0.01    0.02    0.01    2.01 v op[2] (in)
                                         op[2] (net)
                  0.02    0.00    2.01 v input20/A (sky130_fd_sc_hd__buf_6)
     6    0.02    0.04    0.12    2.14 v input20/X (sky130_fd_sc_hd__buf_6)
                                         net20 (net)
                  0.04    0.00    2.14 v _105_/A (sky130_fd_sc_hd__nor2_4)
     7    0.03    0.21    0.22    2.35 ^ _105_/Y (sky130_fd_sc_hd__nor2_4)
                                         _039_ (net)
                  0.21    0.00    2.35 ^ _109_/B (sky130_fd_sc_hd__nand2_4)
     8    0.03    0.10    0.13    2.49 v _109_/Y (sky130_fd_sc_hd__nand2_4)
                                         _043_ (net)
                  0.10    0.00    2.49 v _115_/A2 (sky130_fd_sc_hd__o32a_4)
     3    0.03    0.08    0.44    2.92 v _115_/X (sky130_fd_sc_hd__o32a_4)
                                         _049_ (net)
                  0.08    0.00    2.92 v _116_/A (sky130_fd_sc_hd__xnor2_4)
     2    0.01    0.14    0.19    3.12 ^ _116_/Y (sky130_fd_sc_hd__xnor2_4)
                                         _050_ (net)
                  0.14    0.00    3.12 ^ _129_/A1 (sky130_fd_sc_hd__o21ai_2)
     4    0.01    0.07    0.11    3.22 v _129_/Y (sky130_fd_sc_hd__o21ai_2)
                                         _062_ (net)
                  0.07    0.00    3.23 v _145_/A1 (sky130_fd_sc_hd__a32o_1)
     1    0.00    0.05    0.24    3.47 v _145_/X (sky130_fd_sc_hd__a32o_1)
                                         _077_ (net)
                  0.05    0.00    3.47 v _146_/B2 (sky130_fd_sc_hd__o22a_4)
     3    0.02    0.06    0.22    3.69 v _146_/X (sky130_fd_sc_hd__o22a_4)
                                         _078_ (net)
                  0.06    0.00    3.69 v _157_/A2 (sky130_fd_sc_hd__a21oi_2)
     1    0.00    0.09    0.14    3.83 ^ _157_/Y (sky130_fd_sc_hd__a21oi_2)
                                         _088_ (net)
                  0.09    0.00    3.83 ^ _158_/A (sky130_fd_sc_hd__nand2_1)
     2    0.01    0.05    0.08    3.91 v _158_/Y (sky130_fd_sc_hd__nand2_1)
                                         _089_ (net)
                  0.05    0.00    3.91 v rebuffer1/A (sky130_fd_sc_hd__clkbuf_2)
     3    0.01    0.04    0.12    4.03 v rebuffer1/X (sky130_fd_sc_hd__clkbuf_2)
                                         net30 (net)
                  0.04    0.00    4.03 v _159_/C (sky130_fd_sc_hd__and3_1)
     3    0.01    0.06    0.20    4.23 v _159_/X (sky130_fd_sc_hd__and3_1)
                                         _090_ (net)
                  0.06    0.00    4.23 v _161_/B (sky130_fd_sc_hd__or3_1)
     1    0.00    0.07    0.36    4.59 v _161_/X (sky130_fd_sc_hd__or3_1)
                                         _092_ (net)
                  0.07    0.00    4.59 v _167_/A2 (sky130_fd_sc_hd__a32o_1)
     1    0.00    0.04    0.26    4.85 v _167_/X (sky130_fd_sc_hd__a32o_1)
                                         alu4.result (net)
                  0.04    0.00    4.85 v _223_/A (sky130_fd_sc_hd__clkbuf_1)
     1    0.00    0.02    0.09    4.94 v _223_/X (sky130_fd_sc_hd__clkbuf_1)
                                         net26 (net)
                  0.02    0.00    4.94 v output26/A (sky130_fd_sc_hd__buf_2)
     1    0.03    0.09    0.18    5.12 v output26/X (sky130_fd_sc_hd__buf_2)
                                         result[4] (net)
                  0.09    0.00    5.12 v result[4] (out)
                                  5.12   data arrival time

                  0.00   10.00   10.00   clock __VIRTUAL_CLK__ (rise edge)
                          0.00   10.00   clock network delay (ideal)
                         -0.25    9.75   clock uncertainty
                          0.00    9.75   clock reconvergence pessimism
                         -2.00    7.75   output external delay
                                  7.75   data required time
-----------------------------------------------------------------------------
                                  7.75   data required time
                                 -5.12   data arrival time
-----------------------------------------------------------------------------
                                  2.63   slack (MET)


Startpoint: op[2] (input port clocked by __VIRTUAL_CLK__)
Endpoint: result[3] (output port clocked by __VIRTUAL_CLK__)
Path Group: __VIRTUAL_CLK__
Path Type: max

Fanout     Cap    Slew   Delay    Time   Description
-----------------------------------------------------------------------------
                  0.00    0.00    0.00   clock __VIRTUAL_CLK__ (rise edge)
                          0.00    0.00   clock network delay (ideal)
                          2.00    2.00 v input external delay
     1    0.01    0.02    0.01    2.01 v op[2] (in)
                                         op[2] (net)
                  0.02    0.00    2.01 v input20/A (sky130_fd_sc_hd__buf_6)
     6    0.02    0.04    0.12    2.14 v input20/X (sky130_fd_sc_hd__buf_6)
                                         net20 (net)
                  0.04    0.00    2.14 v _105_/A (sky130_fd_sc_hd__nor2_4)
     7    0.03    0.21    0.22    2.35 ^ _105_/Y (sky130_fd_sc_hd__nor2_4)
                                         _039_ (net)
                  0.21    0.00    2.35 ^ _109_/B (sky130_fd_sc_hd__nand2_4)
     8    0.03    0.10    0.13    2.49 v _109_/Y (sky130_fd_sc_hd__nand2_4)
                                         _043_ (net)
                  0.10    0.00    2.49 v _115_/A2 (sky130_fd_sc_hd__o32a_4)
     3    0.03    0.08    0.44    2.92 v _115_/X (sky130_fd_sc_hd__o32a_4)
                                         _049_ (net)
                  0.08    0.00    2.92 v _116_/A (sky130_fd_sc_hd__xnor2_4)
     2    0.01    0.14    0.19    3.12 ^ _116_/Y (sky130_fd_sc_hd__xnor2_4)
                                         _050_ (net)
                  0.14    0.00    3.12 ^ _129_/A1 (sky130_fd_sc_hd__o21ai_2)
     4    0.01    0.07    0.11    3.22 v _129_/Y (sky130_fd_sc_hd__o21ai_2)
                                         _062_ (net)
                  0.07    0.00    3.23 v _145_/A1 (sky130_fd_sc_hd__a32o_1)
     1    0.00    0.05    0.24    3.47 v _145_/X (sky130_fd_sc_hd__a32o_1)
                                         _077_ (net)
                  0.05    0.00    3.47 v _146_/B2 (sky130_fd_sc_hd__o22a_4)
     3    0.02    0.06    0.22    3.69 v _146_/X (sky130_fd_sc_hd__o22a_4)
                                         _078_ (net)
                  0.06    0.00    3.69 v _147_/B (sky130_fd_sc_hd__xnor2_2)
     2    0.01    0.07    0.15    3.84 v _147_/Y (sky130_fd_sc_hd__xnor2_2)
                                         _079_ (net)
                  0.07    0.00    3.84 v rebuffer3/A (sky130_fd_sc_hd__dlygate4sd1_1)
     2    0.00    0.04    0.26    4.10 v rebuffer3/X (sky130_fd_sc_hd__dlygate4sd1_1)
                                         net32 (net)
                  0.04    0.00    4.10 v _148_/B (sky130_fd_sc_hd__or2_1)
     1    0.00    0.05    0.21    4.31 v _148_/X (sky130_fd_sc_hd__or2_1)
                                         _080_ (net)
                  0.05    0.00    4.31 v _154_/A2 (sky130_fd_sc_hd__a32o_1)
     1    0.00    0.04    0.25    4.57 v _154_/X (sky130_fd_sc_hd__a32o_1)
                                         alu3.result (net)
                  0.04    0.00    4.57 v _222_/A (sky130_fd_sc_hd__clkbuf_1)
     1    0.00    0.02    0.09    4.65 v _222_/X (sky130_fd_sc_hd__clkbuf_1)
                                         net25 (net)
                  0.02    0.00    4.65 v output25/A (sky130_fd_sc_hd__clkbuf_4)
     1    0.04    0.08    0.18    4.84 v output25/X (sky130_fd_sc_hd__clkbuf_4)
                                         result[3] (net)
                  0.08    0.00    4.84 v result[3] (out)
                                  4.84   data arrival time

                  0.00   10.00   10.00   clock __VIRTUAL_CLK__ (rise edge)
                          0.00   10.00   clock network delay (ideal)
                         -0.25    9.75   clock uncertainty
                          0.00    9.75   clock reconvergence pessimism
                         -2.00    7.75   output external delay
                                  7.75   data required time
-----------------------------------------------------------------------------
                                  7.75   data required time
                                 -4.84   data arrival time
-----------------------------------------------------------------------------
                                  2.91   slack (MET)


Startpoint: op[2] (input port clocked by __VIRTUAL_CLK__)
Endpoint: result[2] (output port clocked by __VIRTUAL_CLK__)
Path Group: __VIRTUAL_CLK__
Path Type: max

Fanout     Cap    Slew   Delay    Time   Description
-----------------------------------------------------------------------------
                  0.00    0.00    0.00   clock __VIRTUAL_CLK__ (rise edge)
                          0.00    0.00   clock network delay (ideal)
                          2.00    2.00 v input external delay
     1    0.01    0.02    0.01    2.01 v op[2] (in)
                                         op[2] (net)
                  0.02    0.00    2.01 v input20/A (sky130_fd_sc_hd__buf_6)
     6    0.02    0.04    0.12    2.14 v input20/X (sky130_fd_sc_hd__buf_6)
                                         net20 (net)
                  0.04    0.00    2.14 v _105_/A (sky130_fd_sc_hd__nor2_4)
     7    0.03    0.21    0.22    2.35 ^ _105_/Y (sky130_fd_sc_hd__nor2_4)
                                         _039_ (net)
                  0.21    0.00    2.35 ^ _109_/B (sky130_fd_sc_hd__nand2_4)
     8    0.03    0.10    0.13    2.49 v _109_/Y (sky130_fd_sc_hd__nand2_4)
                                         _043_ (net)
                  0.10    0.00    2.49 v _115_/A2 (sky130_fd_sc_hd__o32a_4)
     3    0.03    0.08    0.44    2.92 v _115_/X (sky130_fd_sc_hd__o32a_4)
                                         _049_ (net)
                  0.08    0.00    2.92 v _116_/A (sky130_fd_sc_hd__xnor2_4)
     2    0.01    0.06    0.16    3.09 v _116_/Y (sky130_fd_sc_hd__xnor2_4)
                                         _050_ (net)
                  0.06    0.00    3.09 v _129_/A1 (sky130_fd_sc_hd__o21ai_2)
     4    0.01    0.18    0.21    3.30 ^ _129_/Y (sky130_fd_sc_hd__o21ai_2)
                                         _062_ (net)
                  0.18    0.00    3.30 ^ rebuffer5/A (sky130_fd_sc_hd__dlygate4sd1_1)
     1    0.00    0.04    0.23    3.54 ^ rebuffer5/X (sky130_fd_sc_hd__dlygate4sd1_1)
                                         net34 (net)
                  0.04    0.00    3.54 ^ _136_/A2 (sky130_fd_sc_hd__a31o_1)
     1    0.00    0.05    0.14    3.68 ^ _136_/X (sky130_fd_sc_hd__a31o_1)
                                         _069_ (net)
                  0.05    0.00    3.68 ^ _137_/B (sky130_fd_sc_hd__nor2_1)
     1    0.00    0.04    0.04    3.72 v _137_/Y (sky130_fd_sc_hd__nor2_1)
                                         _070_ (net)
                  0.04    0.00    3.72 v _141_/B1 (sky130_fd_sc_hd__o2bb2a_1)
     1    0.00    0.06    0.30    4.02 v _141_/X (sky130_fd_sc_hd__o2bb2a_1)
                                         alu2.result (net)
                  0.06    0.00    4.02 v _221_/A (sky130_fd_sc_hd__clkbuf_1)
     1    0.00    0.04    0.11    4.12 v _221_/X (sky130_fd_sc_hd__clkbuf_1)
                                         net24 (net)
                  0.04    0.00    4.12 v output24/A (sky130_fd_sc_hd__buf_2)
     1    0.03    0.09    0.18    4.31 v output24/X (sky130_fd_sc_hd__buf_2)
                                         result[2] (net)
                  0.09    0.00    4.31 v result[2] (out)
                                  4.31   data arrival time

                  0.00   10.00   10.00   clock __VIRTUAL_CLK__ (rise edge)
                          0.00   10.00   clock network delay (ideal)
                         -0.25    9.75   clock uncertainty
                          0.00    9.75   clock reconvergence pessimism
                         -2.00    7.75   output external delay
                                  7.75   data required time
-----------------------------------------------------------------------------
                                  7.75   data required time
                                 -4.31   data arrival time
-----------------------------------------------------------------------------
                                  3.44   slack (MET)


Startpoint: op[2] (input port clocked by __VIRTUAL_CLK__)
Endpoint: result[1] (output port clocked by __VIRTUAL_CLK__)
Path Group: __VIRTUAL_CLK__
Path Type: max

Fanout     Cap    Slew   Delay    Time   Description
-----------------------------------------------------------------------------
                  0.00    0.00    0.00   clock __VIRTUAL_CLK__ (rise edge)
                          0.00    0.00   clock network delay (ideal)
                          2.00    2.00 v input external delay
     1    0.01    0.02    0.01    2.01 v op[2] (in)
                                         op[2] (net)
                  0.02    0.00    2.01 v input20/A (sky130_fd_sc_hd__buf_6)
     6    0.02    0.04    0.12    2.14 v input20/X (sky130_fd_sc_hd__buf_6)
                                         net20 (net)
                  0.04    0.00    2.14 v _105_/A (sky130_fd_sc_hd__nor2_4)
     7    0.03    0.21    0.22    2.35 ^ _105_/Y (sky130_fd_sc_hd__nor2_4)
                                         _039_ (net)
                  0.21    0.00    2.35 ^ _109_/B (sky130_fd_sc_hd__nand2_4)
     8    0.03    0.10    0.13    2.49 v _109_/Y (sky130_fd_sc_hd__nand2_4)
                                         _043_ (net)
                  0.10    0.00    2.49 v _115_/A2 (sky130_fd_sc_hd__o32a_4)
     3    0.03    0.08    0.44    2.92 v _115_/X (sky130_fd_sc_hd__o32a_4)
                                         _049_ (net)
                  0.08    0.00    2.92 v _116_/A (sky130_fd_sc_hd__xnor2_4)
     2    0.01    0.06    0.16    3.09 v _116_/Y (sky130_fd_sc_hd__xnor2_4)
                                         _050_ (net)
                  0.06    0.00    3.09 v rebuffer9/A (sky130_fd_sc_hd__dlygate4sd1_1)
     2    0.01    0.04    0.26    3.35 v rebuffer9/X (sky130_fd_sc_hd__dlygate4sd1_1)
                                         net38 (net)
                  0.04    0.00    3.35 v rebuffer10/A (sky130_fd_sc_hd__dlymetal6s4s_1)
     1    0.00    0.04    0.26    3.61 v rebuffer10/X (sky130_fd_sc_hd__dlymetal6s4s_1)
                                         net39 (net)
                  0.04    0.00    3.61 v _117_/B (sky130_fd_sc_hd__nand2_1)
     1    0.00    0.05    0.06    3.67 ^ _117_/Y (sky130_fd_sc_hd__nand2_1)
                                         _051_ (net)
                  0.05    0.00    3.67 ^ _127_/A2 (sky130_fd_sc_hd__a32o_1)
     1    0.00    0.05    0.16    3.83 ^ _127_/X (sky130_fd_sc_hd__a32o_1)
                                         alu1.result (net)
                  0.05    0.00    3.83 ^ _220_/A (sky130_fd_sc_hd__clkbuf_1)
     1    0.01    0.07    0.11    3.93 ^ _220_/X (sky130_fd_sc_hd__clkbuf_1)
                                         net23 (net)
                  0.07    0.00    3.93 ^ output23/A (sky130_fd_sc_hd__buf_2)
     1    0.04    0.18    0.23    4.16 ^ output23/X (sky130_fd_sc_hd__buf_2)
                                         result[1] (net)
                  0.18    0.00    4.16 ^ result[1] (out)
                                  4.16   data arrival time

                  0.00   10.00   10.00   clock __VIRTUAL_CLK__ (rise edge)
                          0.00   10.00   clock network delay (ideal)
                         -0.25    9.75   clock uncertainty
                          0.00    9.75   clock reconvergence pessimism
                         -2.00    7.75   output external delay
                                  7.75   data required time
-----------------------------------------------------------------------------
                                  7.75   data required time
                                 -4.16   data arrival time
-----------------------------------------------------------------------------
                                  3.59   slack (MET)


Startpoint: op[0] (input port clocked by __VIRTUAL_CLK__)
Endpoint: result[0] (output port clocked by __VIRTUAL_CLK__)
Path Group: __VIRTUAL_CLK__
Path Type: max

Fanout     Cap    Slew   Delay    Time   Description
-----------------------------------------------------------------------------
                  0.00    0.00    0.00   clock __VIRTUAL_CLK__ (rise edge)
                          0.00    0.00   clock network delay (ideal)
                          2.00    2.00 ^ input external delay
     1    0.00    0.02    0.01    2.01 ^ op[0] (in)
                                         op[0] (net)
                  0.02    0.00    2.01 ^ input18/A (sky130_fd_sc_hd__buf_1)
     2    0.01    0.16    0.16    2.18 ^ input18/X (sky130_fd_sc_hd__buf_1)
                                         net18 (net)
                  0.16    0.00    2.18 ^ _112_/A (sky130_fd_sc_hd__clkbuf_2)
    10    0.03    0.14    0.22    2.40 ^ _112_/X (sky130_fd_sc_hd__clkbuf_2)
                                         _046_ (net)
                  0.14    0.00    2.40 ^ _123_/B (sky130_fd_sc_hd__or2_1)
     2    0.01    0.09    0.16    2.56 ^ _123_/X (sky130_fd_sc_hd__or2_1)
                                         _057_ (net)
                  0.09    0.00    2.56 ^ _124_/A (sky130_fd_sc_hd__inv_2)
     1    0.00    0.02    0.03    2.60 v _124_/Y (sky130_fd_sc_hd__inv_2)
                                         _058_ (net)
                  0.02    0.00    2.60 v _125_/A2 (sky130_fd_sc_hd__a22o_1)
     7    0.01    0.08    0.27    2.87 v _125_/X (sky130_fd_sc_hd__a22o_1)
                                         _059_ (net)
                  0.08    0.00    2.87 v _215_/B1 (sky130_fd_sc_hd__o21a_1)
     1    0.00    0.03    0.12    2.98 v _215_/X (sky130_fd_sc_hd__o21a_1)
                                         _036_ (net)
                  0.03    0.00    2.98 v _217_/A1 (sky130_fd_sc_hd__mux2_1)
     1    0.00    0.06    0.30    3.29 v _217_/X (sky130_fd_sc_hd__mux2_1)
                                         _038_ (net)
                  0.06    0.00    3.29 v _218_/B1_N (sky130_fd_sc_hd__o21bai_1)
     1    0.00    0.05    0.15    3.44 v _218_/Y (sky130_fd_sc_hd__o21bai_1)
                                         alu0.result (net)
                  0.05    0.00    3.44 v _219_/A (sky130_fd_sc_hd__clkbuf_1)
     1    0.00    0.02    0.09    3.53 v _219_/X (sky130_fd_sc_hd__clkbuf_1)
                                         net22 (net)
                  0.02    0.00    3.53 v output22/A (sky130_fd_sc_hd__buf_2)
     1    0.03    0.09    0.18    3.71 v output22/X (sky130_fd_sc_hd__buf_2)
                                         result[0] (net)
                  0.09    0.00    3.71 v result[0] (out)
                                  3.71   data arrival time

                  0.00   10.00   10.00   clock __VIRTUAL_CLK__ (rise edge)
                          0.00   10.00   clock network delay (ideal)
                         -0.25    9.75   clock uncertainty
                          0.00    9.75   clock reconvergence pessimism
                         -2.00    7.75   output external delay
                                  7.75   data required time
-----------------------------------------------------------------------------
                                  7.75   data required time
                                 -3.71   data arrival time
-----------------------------------------------------------------------------
                                  4.04   slack (MET)



worst slack corner Typical: 1.1274
