
===========================================================================
report_checks -unconstrained
===========================================================================
======================= Typical Corner ===================================

Startpoint: a[0] (input port clocked by __VIRTUAL_CLK__)
Endpoint: result[7] (output port clocked by __VIRTUAL_CLK__)
Path Group: __VIRTUAL_CLK__
Path Type: max

Fanout     Cap    Slew   Delay    Time   Description
-----------------------------------------------------------------------------
                  0.00    0.00    0.00   clock __VIRTUAL_CLK__ (rise edge)
                          0.00    0.00   clock network delay (ideal)
                          2.00    2.00 ^ input external delay
     1    0.00    0.02    0.01    2.01 ^ a[0] (in)
                                         a[0] (net)
                  0.02    0.00    2.01 ^ input1/A (sky130_fd_sc_hd__buf_1)
     5    0.01    0.17    0.17    2.19 ^ input1/X (sky130_fd_sc_hd__buf_1)
                                         net1 (net)
                  0.17    0.00    2.19 ^ _107_/A (sky130_fd_sc_hd__or2_1)
     3    0.01    0.12    0.19    2.38 ^ _107_/X (sky130_fd_sc_hd__or2_1)
                                         _041_ (net)
                  0.12    0.00    2.38 ^ _108_/A2 (sky130_fd_sc_hd__a21oi_2)
     2    0.01    0.05    0.08    2.46 v _108_/Y (sky130_fd_sc_hd__a21oi_2)
                                         _042_ (net)
                  0.05    0.00    2.46 v _115_/A1 (sky130_fd_sc_hd__o32a_4)
     3    0.03    0.09    0.45    2.91 v _115_/X (sky130_fd_sc_hd__o32a_4)
                                         _049_ (net)
                  0.09    0.00    2.92 v _130_/A2 (sky130_fd_sc_hd__a21oi_2)
     1    0.01    0.11    0.17    3.09 ^ _130_/Y (sky130_fd_sc_hd__a21oi_2)
                                         _063_ (net)
                  0.11    0.00    3.09 ^ _131_/A (sky130_fd_sc_hd__nand2_2)
     4    0.01    0.06    0.09    3.18 v _131_/Y (sky130_fd_sc_hd__nand2_2)
                                         _064_ (net)
                  0.06    0.00    3.18 v _143_/A3 (sky130_fd_sc_hd__a31o_1)
     1    0.01    0.05    0.25    3.42 v _143_/X (sky130_fd_sc_hd__a31o_1)
                                         _075_ (net)
                  0.05    0.00    3.42 v _146_/A2 (sky130_fd_sc_hd__o22a_4)
     3    0.02    0.06    0.26    3.68 v _146_/X (sky130_fd_sc_hd__o22a_4)
                                         _078_ (net)
                  0.06    0.00    3.68 v _147_/B (sky130_fd_sc_hd__xnor2_2)
     2    0.01    0.16    0.17    3.85 ^ _147_/Y (sky130_fd_sc_hd__xnor2_2)
                                         _079_ (net)
                  0.16    0.00    3.85 ^ _156_/A2 (sky130_fd_sc_hd__o21ai_2)
     4    0.01    0.07    0.09    3.94 v _156_/Y (sky130_fd_sc_hd__o21ai_2)
                                         _087_ (net)
                  0.07    0.00    3.95 v _171_/A (sky130_fd_sc_hd__and3_1)
     1    0.00    0.04    0.16    4.10 v _171_/X (sky130_fd_sc_hd__and3_1)
                                         _101_ (net)
                  0.04    0.00    4.10 v _172_/B (sky130_fd_sc_hd__or3b_4)
     3    0.01    0.07    0.39    4.49 v _172_/X (sky130_fd_sc_hd__or3b_4)
                                         _102_ (net)
                  0.07    0.00    4.49 v _174_/A2 (sky130_fd_sc_hd__a21o_1)
     2    0.01    0.05    0.21    4.70 v _174_/X (sky130_fd_sc_hd__a21o_1)
                                         _104_ (net)
                  0.05    0.00    4.70 v _184_/A2 (sky130_fd_sc_hd__a211o_1)
     4    0.01    0.09    0.35    5.06 v _184_/X (sky130_fd_sc_hd__a211o_1)
                                         _008_ (net)
                  0.09    0.00    5.06 v _199_/B (sky130_fd_sc_hd__and3_1)
     1    0.00    0.04    0.19    5.25 v _199_/X (sky130_fd_sc_hd__and3_1)
                                         _022_ (net)
                  0.04    0.00    5.25 v _200_/B (sky130_fd_sc_hd__or3b_4)
     3    0.01    0.07    0.39    5.64 v _200_/X (sky130_fd_sc_hd__or3b_4)
                                         _023_ (net)
                  0.07    0.00    5.64 v _201_/A (sky130_fd_sc_hd__and3_1)
     3    0.01    0.06    0.19    5.82 v _201_/X (sky130_fd_sc_hd__and3_1)
                                         _024_ (net)
                  0.06    0.00    5.82 v _203_/C (sky130_fd_sc_hd__or3_4)
     2    0.01    0.07    0.35    6.17 v _203_/X (sky130_fd_sc_hd__or3_4)
                                         _026_ (net)
                  0.07    0.00    6.17 v _209_/A1 (sky130_fd_sc_hd__a31o_1)
     1    0.00    0.04    0.19    6.36 v _209_/X (sky130_fd_sc_hd__a31o_1)
                                         alu7.result (net)
                  0.04    0.00    6.36 v _226_/A (sky130_fd_sc_hd__clkbuf_1)
     1    0.00    0.04    0.10    6.46 v _226_/X (sky130_fd_sc_hd__clkbuf_1)
                                         net29 (net)
                  0.04    0.00    6.46 v output29/A (sky130_fd_sc_hd__buf_6)
     1    0.03    0.04    0.14    6.60 v output29/X (sky130_fd_sc_hd__buf_6)
                                         result[7] (net)
                  0.04    0.00    6.60 v result[7] (out)
                                  6.60   data arrival time

                  0.00   10.00   10.00   clock __VIRTUAL_CLK__ (rise edge)
                          0.00   10.00   clock network delay (ideal)
                         -0.25    9.75   clock uncertainty
                          0.00    9.75   clock reconvergence pessimism
                         -2.00    7.75   output external delay
                                  7.75   data required time
-----------------------------------------------------------------------------
                                  7.75   data required time
                                 -6.60   data arrival time
-----------------------------------------------------------------------------
                                  1.15   slack (MET)




===========================================================================
report_checks --slack_max -0.01
============================================================================
======================= Typical Corner ===================================

No paths found.


===========================================================================
 report_check_types -max_slew -max_cap -max_fanout -violators
============================================================================
======================= Typical Corner ===================================


max slew violations count Typical: 0
max fanout violations count Typical: 0
max cap violations count Typical: 0

===========================================================================
report_parasitic_annotation -report_unannotated
============================================================================
Found 3 unannotated drivers.
 rebuffer15/X
 rebuffer16/X
 rebuffer17/X
Found 36 partially unannotated drivers.
 a[1]
 a[3]
 b[0]
 b[4]
 b[5]
 b[6]
 op[1]
 op[2]
 _109_/Y
 _113_/X
 _119_/X
 _120_/Y
 _124_/Y
 _127_/X
 _129_/Y
 _132_/Y
 _135_/Y
 _138_/Y
 _141_/X
 _148_/X
 _170_/X
 _215_/X
 _221_/X
 _222_/X
 _226_/X
 input10/X
 input17/X
 input18/X
 input19/X
 input2/X
 input4/X
 input9/X
 output24/X
 output25/X
 output27/X
 rebuffer5/X

===========================================================================
max slew violation count 0
max fanout violation count 0
max cap violation count 0
============================================================================

===========================================================================
check_setup -verbose -unconstrained_endpoints -multiple_clock -no_clock -no_input_delay -loops -generated_clocks
===========================================================================
