Wed May 07 15:24:51 +0000 2025 - Executing "{openroad -exit -no_init -python /openlane/scripts/odbpy/lefutil.py get_metal_layers -o /openlane/designs/alu_8bit/runs/RUN_2025.05.07_15.24.49/tmp/layers.list /home/amit/.volare/volare/sky130/versions/bdc9412b3e468c102d01b7cf6337be06ec6e9c9a/sky130A/libs.ref/sky130_fd_sc_hd/techlef/sky130_fd_sc_hd__nom.tlef}"

Wed May 07 15:24:54 +0000 2025 - Executing "{/openlane/scripts/mergeLef.py -o /openlane/designs/alu_8bit/runs/RUN_2025.05.07_15.24.49/tmp/merged.nom.lef -i /home/amit/.volare/volare/sky130/versions/bdc9412b3e468c102d01b7cf6337be06ec6e9c9a/sky130A/libs.ref/sky130_fd_sc_hd/techlef/sky130_fd_sc_hd__nom.tlef {/home/amit/.volare/volare/sky130/versions/bdc9412b3e468c102d01b7cf6337be06ec6e9c9a/sky130A/libs.ref/sky130_fd_sc_hd/lef/sky130_ef_sc_hd.lef /home/amit/.volare/volare/sky130/versions/bdc9412b3e468c102d01b7cf6337be06ec6e9c9a/sky130A/libs.ref/sky130_fd_sc_hd/lef/sky130_fd_sc_hd.lef} |& tee /dev/null}"

Wed May 07 15:24:54 +0000 2025 - Executing "{/openlane/scripts/mergeLef.py -o /openlane/designs/alu_8bit/runs/RUN_2025.05.07_15.24.49/tmp/merged.min.lef -i /home/amit/.volare/volare/sky130/versions/bdc9412b3e468c102d01b7cf6337be06ec6e9c9a/sky130A/libs.ref/sky130_fd_sc_hd/techlef/sky130_fd_sc_hd__min.tlef {/home/amit/.volare/volare/sky130/versions/bdc9412b3e468c102d01b7cf6337be06ec6e9c9a/sky130A/libs.ref/sky130_fd_sc_hd/lef/sky130_ef_sc_hd.lef /home/amit/.volare/volare/sky130/versions/bdc9412b3e468c102d01b7cf6337be06ec6e9c9a/sky130A/libs.ref/sky130_fd_sc_hd/lef/sky130_fd_sc_hd.lef} |& tee /dev/null}"

Wed May 07 15:24:55 +0000 2025 - Executing "{/openlane/scripts/mergeLef.py -o /openlane/designs/alu_8bit/runs/RUN_2025.05.07_15.24.49/tmp/merged.max.lef -i /home/amit/.volare/volare/sky130/versions/bdc9412b3e468c102d01b7cf6337be06ec6e9c9a/sky130A/libs.ref/sky130_fd_sc_hd/techlef/sky130_fd_sc_hd__max.tlef {/home/amit/.volare/volare/sky130/versions/bdc9412b3e468c102d01b7cf6337be06ec6e9c9a/sky130A/libs.ref/sky130_fd_sc_hd/lef/sky130_ef_sc_hd.lef /home/amit/.volare/volare/sky130/versions/bdc9412b3e468c102d01b7cf6337be06ec6e9c9a/sky130A/libs.ref/sky130_fd_sc_hd/lef/sky130_fd_sc_hd.lef} |& tee /dev/null}"

Wed May 07 15:24:55 +0000 2025 - Executing "{python3 /openlane/scripts/mergeLib.py --output /openlane/designs/alu_8bit/runs/RUN_2025.05.07_15.24.49/tmp/synthesis/merged.lib --name sky130A_merged /home/amit/.volare/volare/sky130/versions/bdc9412b3e468c102d01b7cf6337be06ec6e9c9a/sky130A/libs.ref/sky130_fd_sc_hd/lib/sky130_fd_sc_hd__tt_025C_1v80.lib}"

Wed May 07 15:24:57 +0000 2025 - Executing "{python3 /openlane/scripts/libtrim.py --cell-file /openlane/designs/alu_8bit/runs/RUN_2025.05.07_15.24.49/tmp/synthesis/trimmed.lib.exclude.list --output /openlane/designs/alu_8bit/runs/RUN_2025.05.07_15.24.49/tmp/synthesis/trimmed.lib /openlane/designs/alu_8bit/runs/RUN_2025.05.07_15.24.49/tmp/synthesis/merged.lib}"

Wed May 07 15:24:58 +0000 2025 - Executing "{python3 /openlane/scripts/libtrim.py --cell-file /openlane/designs/alu_8bit/runs/RUN_2025.05.07_15.24.49/tmp/cts/cts.lib.exclude.list --output /openlane/designs/alu_8bit/runs/RUN_2025.05.07_15.24.49/tmp/cts/cts.lib /home/amit/.volare/volare/sky130/versions/bdc9412b3e468c102d01b7cf6337be06ec6e9c9a/sky130A/libs.ref/sky130_fd_sc_hd/lib/sky130_fd_sc_hd__tt_025C_1v80.lib}"

Wed May 07 15:24:58 +0000 2025 - Executing "{python3 /openlane/scripts/libtrim.py --cell-file /openlane/designs/alu_8bit/runs/RUN_2025.05.07_15.24.49/tmp/cts/cts-fastest.lib.exclude.list --output /openlane/designs/alu_8bit/runs/RUN_2025.05.07_15.24.49/tmp/cts/cts-fastest.lib /home/amit/.volare/volare/sky130/versions/bdc9412b3e468c102d01b7cf6337be06ec6e9c9a/sky130A/libs.ref/sky130_fd_sc_hd/lib/sky130_fd_sc_hd__ff_n40C_1v95.lib}"

Wed May 07 15:25:02 +0000 2025 - Executing "{python3 /openlane/scripts/libtrim.py --cell-file /openlane/designs/alu_8bit/runs/RUN_2025.05.07_15.24.49/tmp/cts/cts-slowest.lib.exclude.list --output /openlane/designs/alu_8bit/runs/RUN_2025.05.07_15.24.49/tmp/cts/cts-slowest.lib /home/amit/.volare/volare/sky130/versions/bdc9412b3e468c102d01b7cf6337be06ec6e9c9a/sky130A/libs.ref/sky130_fd_sc_hd/lib/sky130_fd_sc_hd__ss_100C_1v60.lib}"

Wed May 07 15:25:03 +0000 2025 - Executing "{python3 /openlane/scripts/new_tracks.py -i /home/amit/.volare/volare/sky130/versions/bdc9412b3e468c102d01b7cf6337be06ec6e9c9a/sky130A/libs.tech/openlane/sky130_fd_sc_hd/tracks.info -o /openlane/designs/alu_8bit/runs/RUN_2025.05.07_15.24.49/tmp/routing/config.tracks}"

Wed May 07 15:25:03 +0000 2025 - Executing "{echo {OpenLane e73fb3c57e687a0023fcd4dcfd1566ecd478362a} > /openlane/designs/alu_8bit/runs/RUN_2025.05.07_15.24.49/OPENLANE_COMMIT}"

Wed May 07 15:25:03 +0000 2025 - Executing "{yosys -c /openlane/scripts/yosys/blackbox.tcl}"

Wed May 07 15:25:04 +0000 2025 - Executing "{verilator -Wall --lint-only --Wno-DECLFILENAME --top-module alu_8bit /openlane/designs/alu_8bit/runs/RUN_2025.05.07_15.24.49/tmp/synthesis/blackbox/sky130_fd_sc_hd__blackbox.v /openlane/designs/alu_8bit/src/alu_8bit.v /openlane/designs/alu_8bit/src/alu_1bit.v /openlane/designs/alu_8bit/src/alu_8bit_tb.v -Wno-fatal --relative-includes |& tee /openlane/designs/alu_8bit/runs/RUN_2025.05.07_15.24.49/logs/synthesis/linter.log /dev/null}"

Wed May 07 15:25:05 +0000 2025 - Executing "{sed -E {s/^([[:space:]]+)pg_pin(.*)/\1pin\2\n\1    direction : "inout";/g} /home/amit/.volare/volare/sky130/versions/bdc9412b3e468c102d01b7cf6337be06ec6e9c9a/sky130A/libs.ref/sky130_fd_sc_hd/lib/sky130_fd_sc_hd__tt_025C_1v80.lib > /openlane/designs/alu_8bit/runs/RUN_2025.05.07_15.24.49/tmp/synthesis/1-sky130_fd_sc_hd__tt_025C_1v80.no_pg.lib}"

Wed May 07 15:25:05 +0000 2025 - Executing "{sed -E {s/^([[:space:]]+)pg_pin(.*)/\1pin\2\n\1    direction : "inout";/g} /openlane/designs/alu_8bit/runs/RUN_2025.05.07_15.24.49/tmp/synthesis/trimmed.lib > /openlane/designs/alu_8bit/runs/RUN_2025.05.07_15.24.49/tmp/synthesis/1-trimmed.no_pg.lib}"

Wed May 07 15:25:05 +0000 2025 - Executing "yosys -c /openlane/scripts/yosys/synth.tcl |& tee /dev/null /openlane/designs/alu_8bit/runs/RUN_2025.05.07_15.24.49/logs/synthesis/1-synthesis.log"

Wed May 07 15:25:05 +0000 2025 - Executing "{yosys -c /openlane/scripts/yosys/synth.tcl |& tee /dev/null /openlane/designs/alu_8bit/runs/RUN_2025.05.07_15.24.49/logs/synthesis/1-synthesis.log}"

Wed May 07 15:25:08 +0000 2025 - Executing "{sed -i.bak -e {s/\(set ::env(CURRENT_NETLIST)\).*/\1 \/openlane\/designs\/alu_8bit\/runs\/RUN_2025.05.07_15.24.49\/results\/synthesis\/alu_8bit.v/} /openlane/designs/alu_8bit/runs/RUN_2025.05.07_15.24.49/config.tcl}"

Wed May 07 15:25:08 +0000 2025 - Executing "{sed -i.bak /defparam/d /openlane/designs/alu_8bit/runs/RUN_2025.05.07_15.24.49/results/synthesis/alu_8bit.v}"

Wed May 07 15:25:09 +0000 2025 - Executing "sta -exit -no_init /openlane/scripts/openroad/sta/multi_corner.tcl |& tee /dev/null /openlane/designs/alu_8bit/runs/RUN_2025.05.07_15.24.49/logs/synthesis/2-sta.log"

Wed May 07 15:25:09 +0000 2025 - Executing "{sta -exit -no_init /openlane/scripts/openroad/sta/multi_corner.tcl |& tee /dev/null /openlane/designs/alu_8bit/runs/RUN_2025.05.07_15.24.49/logs/synthesis/2-sta.log}"

Wed May 07 15:25:12 +0000 2025 - Executing "openroad -exit /openlane/scripts/openroad/floorplan.tcl |& tee /dev/null /openlane/designs/alu_8bit/runs/RUN_2025.05.07_15.24.49/logs/floorplan/3-initial_fp.log"

Wed May 07 15:25:12 +0000 2025 - Executing "{openroad -exit /openlane/scripts/openroad/floorplan.tcl |& tee /dev/null /openlane/designs/alu_8bit/runs/RUN_2025.05.07_15.24.49/logs/floorplan/3-initial_fp.log}"

Wed May 07 15:25:15 +0000 2025 - Executing "{openroad -exit -no_init -python /openlane/scripts/odbpy/snap_to_grid.py --output /openlane/designs/alu_8bit/runs/RUN_2025.05.07_15.24.49/tmp/floorplan/3-minimized_pdn.txt --input-lef /openlane/designs/alu_8bit/runs/RUN_2025.05.07_15.24.49/tmp/merged.nom.lef 5.4625 5.4399999999999995 10.925 10.879999999999999}"

Wed May 07 15:25:18 +0000 2025 - Executing "{openroad -exit -no_init -python /openlane/scripts/odbpy/defutil.py extract_core_dims --output-data /openlane/designs/alu_8bit/runs/RUN_2025.05.07_15.24.49/tmp/dimensions.txt --input-lef /openlane/designs/alu_8bit/runs/RUN_2025.05.07_15.24.49/tmp/merged.nom.lef /openlane/designs/alu_8bit/runs/RUN_2025.05.07_15.24.49/tmp/floorplan/3-initial_fp.def}"

Wed May 07 15:25:23 +0000 2025 - Executing "openroad -exit /openlane/scripts/openroad/ioplacer.tcl |& tee /dev/null /openlane/designs/alu_8bit/runs/RUN_2025.05.07_15.24.49/logs/floorplan/4-io.log"

Wed May 07 15:25:23 +0000 2025 - Executing "{openroad -exit /openlane/scripts/openroad/ioplacer.tcl |& tee /dev/null /openlane/designs/alu_8bit/runs/RUN_2025.05.07_15.24.49/logs/floorplan/4-io.log}"

Wed May 07 15:25:25 +0000 2025 - Executing "openroad -exit /openlane/scripts/openroad/tapcell.tcl |& tee /dev/null /openlane/designs/alu_8bit/runs/RUN_2025.05.07_15.24.49/logs/floorplan/5-tap.log"

Wed May 07 15:25:25 +0000 2025 - Executing "{openroad -exit /openlane/scripts/openroad/tapcell.tcl |& tee /dev/null /openlane/designs/alu_8bit/runs/RUN_2025.05.07_15.24.49/logs/floorplan/5-tap.log}"

Wed May 07 15:25:27 +0000 2025 - Executing "openroad -exit /openlane/scripts/openroad/pdn.tcl |& tee /dev/null /openlane/designs/alu_8bit/runs/RUN_2025.05.07_15.24.49/logs/floorplan/6-pdn.log"

Wed May 07 15:25:27 +0000 2025 - Executing "{openroad -exit /openlane/scripts/openroad/pdn.tcl |& tee /dev/null /openlane/designs/alu_8bit/runs/RUN_2025.05.07_15.24.49/logs/floorplan/6-pdn.log}"

Wed May 07 15:25:29 +0000 2025 - Executing "openroad -exit /openlane/scripts/openroad/gpl.tcl |& tee /dev/null /openlane/designs/alu_8bit/runs/RUN_2025.05.07_15.24.49/logs/placement/6-global_skip_io.log"

Wed May 07 15:25:29 +0000 2025 - Executing "{openroad -exit /openlane/scripts/openroad/gpl.tcl |& tee /dev/null /openlane/designs/alu_8bit/runs/RUN_2025.05.07_15.24.49/logs/placement/6-global_skip_io.log}"

Wed May 07 15:25:32 +0000 2025 - Executing "{sed -i.bak -e {s/\(set ::env(CURRENT_NETLIST)\).*/\1 \/openlane\/designs\/alu_8bit\/runs\/RUN_2025.05.07_15.24.49\/tmp\/placement\/7-global_skip_io.nl.v/} /openlane/designs/alu_8bit/runs/RUN_2025.05.07_15.24.49/config.tcl}"

Wed May 07 15:25:32 +0000 2025 - Executing "openroad -exit /openlane/scripts/openroad/sta/multi_corner.tcl |& tee /dev/null /openlane/designs/alu_8bit/runs/RUN_2025.05.07_15.24.49/logs/placement/8-gpl_sta.log"

Wed May 07 15:25:32 +0000 2025 - Executing "{openroad -exit /openlane/scripts/openroad/sta/multi_corner.tcl |& tee /dev/null /openlane/designs/alu_8bit/runs/RUN_2025.05.07_15.24.49/logs/placement/8-gpl_sta.log}"

Wed May 07 15:25:34 +0000 2025 - Executing "openroad -exit /openlane/scripts/openroad/ioplacer.tcl |& tee /dev/null /openlane/designs/alu_8bit/runs/RUN_2025.05.07_15.24.49/logs/placement/9-io.log"

Wed May 07 15:25:34 +0000 2025 - Executing "{openroad -exit /openlane/scripts/openroad/ioplacer.tcl |& tee /dev/null /openlane/designs/alu_8bit/runs/RUN_2025.05.07_15.24.49/logs/placement/9-io.log}"

Wed May 07 15:25:36 +0000 2025 - Executing "openroad -exit /openlane/scripts/openroad/gpl.tcl |& tee /dev/null /openlane/designs/alu_8bit/runs/RUN_2025.05.07_15.24.49/logs/placement/9-global.log"

Wed May 07 15:25:36 +0000 2025 - Executing "{openroad -exit /openlane/scripts/openroad/gpl.tcl |& tee /dev/null /openlane/designs/alu_8bit/runs/RUN_2025.05.07_15.24.49/logs/placement/9-global.log}"

Wed May 07 15:25:38 +0000 2025 - Executing "{sed -i.bak -e {s/\(set ::env(CURRENT_NETLIST)\).*/\1 \/openlane\/designs\/alu_8bit\/runs\/RUN_2025.05.07_15.24.49\/tmp\/placement\/10-global.nl.v/} /openlane/designs/alu_8bit/runs/RUN_2025.05.07_15.24.49/config.tcl}"

Wed May 07 15:25:38 +0000 2025 - Executing "openroad -exit /openlane/scripts/openroad/sta/multi_corner.tcl |& tee /dev/null /openlane/designs/alu_8bit/runs/RUN_2025.05.07_15.24.49/logs/placement/11-gpl_sta.log"

Wed May 07 15:25:38 +0000 2025 - Executing "{openroad -exit /openlane/scripts/openroad/sta/multi_corner.tcl |& tee /dev/null /openlane/designs/alu_8bit/runs/RUN_2025.05.07_15.24.49/logs/placement/11-gpl_sta.log}"

Wed May 07 15:25:40 +0000 2025 - Executing "openroad -exit /openlane/scripts/openroad/resizer.tcl |& tee /dev/null /openlane/designs/alu_8bit/runs/RUN_2025.05.07_15.24.49/logs/placement/12-resizer.log"

Wed May 07 15:25:40 +0000 2025 - Executing "{openroad -exit /openlane/scripts/openroad/resizer.tcl |& tee /dev/null /openlane/designs/alu_8bit/runs/RUN_2025.05.07_15.24.49/logs/placement/12-resizer.log}"

Wed May 07 15:25:45 +0000 2025 - Executing "{sed -i.bak -e {s/\(set ::env(CURRENT_NETLIST)\).*/\1 \/openlane\/designs\/alu_8bit\/runs\/RUN_2025.05.07_15.24.49\/tmp\/placement\/12-resizer.nl.v/} /openlane/designs/alu_8bit/runs/RUN_2025.05.07_15.24.49/config.tcl}"

Wed May 07 15:25:45 +0000 2025 - Executing "openroad -exit /openlane/scripts/openroad/dpl.tcl |& tee /dev/null /openlane/designs/alu_8bit/runs/RUN_2025.05.07_15.24.49/logs/placement/13-detailed.log"

Wed May 07 15:25:45 +0000 2025 - Executing "{openroad -exit /openlane/scripts/openroad/dpl.tcl |& tee /dev/null /openlane/designs/alu_8bit/runs/RUN_2025.05.07_15.24.49/logs/placement/13-detailed.log}"

Wed May 07 15:25:47 +0000 2025 - Executing "{sed -i.bak -e {s/\(set ::env(CURRENT_NETLIST)\).*/\1 \/openlane\/designs\/alu_8bit\/runs\/RUN_2025.05.07_15.24.49\/results\/placement\/alu_8bit.nl.v/} /openlane/designs/alu_8bit/runs/RUN_2025.05.07_15.24.49/config.tcl}"

Wed May 07 15:25:47 +0000 2025 - Executing "openroad -exit /openlane/scripts/openroad/sta/multi_corner.tcl |& tee /dev/null /openlane/designs/alu_8bit/runs/RUN_2025.05.07_15.24.49/logs/placement/14-dpl_sta.log"

Wed May 07 15:25:47 +0000 2025 - Executing "{openroad -exit /openlane/scripts/openroad/sta/multi_corner.tcl |& tee /dev/null /openlane/designs/alu_8bit/runs/RUN_2025.05.07_15.24.49/logs/placement/14-dpl_sta.log}"

Wed May 07 15:25:49 +0000 2025 - Executing "openroad -exit /openlane/scripts/openroad/cts.tcl |& tee /dev/null /openlane/designs/alu_8bit/runs/RUN_2025.05.07_15.24.49/logs/cts/15-cts.log"

Wed May 07 15:25:49 +0000 2025 - Executing "{openroad -exit /openlane/scripts/openroad/cts.tcl |& tee /dev/null /openlane/designs/alu_8bit/runs/RUN_2025.05.07_15.24.49/logs/cts/15-cts.log}"

Wed May 07 15:26:03 +0000 2025 - Executing "openroad -exit /openlane/scripts/openroad/sta/multi_corner.tcl |& tee /dev/null /openlane/designs/alu_8bit/runs/RUN_2025.05.07_15.24.49/logs/cts/16-cts_sta.log"

Wed May 07 15:26:03 +0000 2025 - Executing "{openroad -exit /openlane/scripts/openroad/sta/multi_corner.tcl |& tee /dev/null /openlane/designs/alu_8bit/runs/RUN_2025.05.07_15.24.49/logs/cts/16-cts_sta.log}"

Wed May 07 15:26:06 +0000 2025 - Executing "openroad -exit /openlane/scripts/openroad/resizer_timing.tcl |& tee /dev/null /openlane/designs/alu_8bit/runs/RUN_2025.05.07_15.24.49/logs/cts/17-resizer.log"

Wed May 07 15:26:06 +0000 2025 - Executing "{openroad -exit /openlane/scripts/openroad/resizer_timing.tcl |& tee /dev/null /openlane/designs/alu_8bit/runs/RUN_2025.05.07_15.24.49/logs/cts/17-resizer.log}"

Wed May 07 15:26:12 +0000 2025 - Executing "{sed -i.bak -e {s/\(set ::env(CURRENT_NETLIST)\).*/\1 \/openlane\/designs\/alu_8bit\/runs\/RUN_2025.05.07_15.24.49\/tmp\/cts\/17-alu_8bit.resized.nl.v/} /openlane/designs/alu_8bit/runs/RUN_2025.05.07_15.24.49/config.tcl}"

Wed May 07 15:26:12 +0000 2025 - Executing "openroad -exit /openlane/scripts/openroad/resizer_routing_design.tcl |& tee /dev/null /openlane/designs/alu_8bit/runs/RUN_2025.05.07_15.24.49/logs/routing/18-resizer_design.log"

Wed May 07 15:26:12 +0000 2025 - Executing "{openroad -exit /openlane/scripts/openroad/resizer_routing_design.tcl |& tee /dev/null /openlane/designs/alu_8bit/runs/RUN_2025.05.07_15.24.49/logs/routing/18-resizer_design.log}"

Wed May 07 15:26:17 +0000 2025 - Executing "{sed -i.bak -e {s/\(set ::env(CURRENT_NETLIST)\).*/\1 \/openlane\/designs\/alu_8bit\/runs\/RUN_2025.05.07_15.24.49\/tmp\/18-alu_8bit.nl.v/} /openlane/designs/alu_8bit/runs/RUN_2025.05.07_15.24.49/config.tcl}"

Wed May 07 15:26:17 +0000 2025 - Executing "openroad -exit /openlane/scripts/openroad/sta/multi_corner.tcl |& tee /dev/null /openlane/designs/alu_8bit/runs/RUN_2025.05.07_15.24.49/logs/routing/19-rsz_design_sta.log"

Wed May 07 15:26:17 +0000 2025 - Executing "{openroad -exit /openlane/scripts/openroad/sta/multi_corner.tcl |& tee /dev/null /openlane/designs/alu_8bit/runs/RUN_2025.05.07_15.24.49/logs/routing/19-rsz_design_sta.log}"

Wed May 07 15:26:19 +0000 2025 - Executing "openroad -exit /openlane/scripts/openroad/resizer_routing_timing.tcl |& tee /dev/null /openlane/designs/alu_8bit/runs/RUN_2025.05.07_15.24.49/logs/routing/20-resizer_timing.log"

Wed May 07 15:26:19 +0000 2025 - Executing "{openroad -exit /openlane/scripts/openroad/resizer_routing_timing.tcl |& tee /dev/null /openlane/designs/alu_8bit/runs/RUN_2025.05.07_15.24.49/logs/routing/20-resizer_timing.log}"

Wed May 07 15:26:24 +0000 2025 - Executing "{sed -i.bak -e {s/\(set ::env(CURRENT_NETLIST)\).*/\1 \/openlane\/designs\/alu_8bit\/runs\/RUN_2025.05.07_15.24.49\/tmp\/20-alu_8bit.nl.v/} /openlane/designs/alu_8bit/runs/RUN_2025.05.07_15.24.49/config.tcl}"

Wed May 07 15:26:24 +0000 2025 - Executing "openroad -exit /openlane/scripts/openroad/sta/multi_corner.tcl |& tee /dev/null /openlane/designs/alu_8bit/runs/RUN_2025.05.07_15.24.49/logs/routing/21-rsz_timing_sta.log"

Wed May 07 15:26:24 +0000 2025 - Executing "{openroad -exit /openlane/scripts/openroad/sta/multi_corner.tcl |& tee /dev/null /openlane/designs/alu_8bit/runs/RUN_2025.05.07_15.24.49/logs/routing/21-rsz_timing_sta.log}"

Wed May 07 15:26:26 +0000 2025 - Executing "openroad -exit /openlane/scripts/openroad/repair_antennas.tcl |& tee /dev/null /openlane/designs/alu_8bit/runs/RUN_2025.05.07_15.24.49/logs/routing/22-global.log"

Wed May 07 15:26:26 +0000 2025 - Executing "{openroad -exit /openlane/scripts/openroad/repair_antennas.tcl |& tee /dev/null /openlane/designs/alu_8bit/runs/RUN_2025.05.07_15.24.49/logs/routing/22-global.log}"

Wed May 07 15:26:29 +0000 2025 - Executing "openroad -exit /openlane/scripts/openroad/write_views.tcl |& tee /dev/null /openlane/designs/alu_8bit/runs/RUN_2025.05.07_15.24.49/logs/routing/22-global_write_netlist.log"

Wed May 07 15:26:29 +0000 2025 - Executing "{openroad -exit /openlane/scripts/openroad/write_views.tcl |& tee /dev/null /openlane/designs/alu_8bit/runs/RUN_2025.05.07_15.24.49/logs/routing/22-global_write_netlist.log}"

Wed May 07 15:26:30 +0000 2025 - Executing "{sed -i.bak -e {s/\(set ::env(CURRENT_NETLIST)\).*/\1 \/openlane\/designs\/alu_8bit\/runs\/RUN_2025.05.07_15.24.49\/tmp\/routing\/global.nl.v/} /openlane/designs/alu_8bit/runs/RUN_2025.05.07_15.24.49/config.tcl}"

Wed May 07 15:26:30 +0000 2025 - Executing "openroad -exit /openlane/scripts/openroad/sta/multi_corner.tcl |& tee /dev/null /openlane/designs/alu_8bit/runs/RUN_2025.05.07_15.24.49/logs/routing/24-grt_sta.log"

Wed May 07 15:26:30 +0000 2025 - Executing "{openroad -exit /openlane/scripts/openroad/sta/multi_corner.tcl |& tee /dev/null /openlane/designs/alu_8bit/runs/RUN_2025.05.07_15.24.49/logs/routing/24-grt_sta.log}"

Wed May 07 15:26:32 +0000 2025 - Executing "openroad -exit /openlane/scripts/openroad/fill.tcl |& tee /dev/null /openlane/designs/alu_8bit/runs/RUN_2025.05.07_15.24.49/logs/routing/25-fill.log"

Wed May 07 15:26:32 +0000 2025 - Executing "{openroad -exit /openlane/scripts/openroad/fill.tcl |& tee /dev/null /openlane/designs/alu_8bit/runs/RUN_2025.05.07_15.24.49/logs/routing/25-fill.log}"

Wed May 07 15:26:34 +0000 2025 - Executing "{sed -i.bak -e {s/\(set ::env(CURRENT_NETLIST)\).*/\1 \/openlane\/designs\/alu_8bit\/runs\/RUN_2025.05.07_15.24.49\/tmp\/routing\/25-fill.nl.v/} /openlane/designs/alu_8bit/runs/RUN_2025.05.07_15.24.49/config.tcl}"

Wed May 07 15:26:34 +0000 2025 - Executing "openroad -exit -metrics /openlane/designs/alu_8bit/runs/RUN_2025.05.07_15.24.49/reports/routing/26-drt_metrics.json /openlane/scripts/openroad/droute.tcl |& tee /dev/null /openlane/designs/alu_8bit/runs/RUN_2025.05.07_15.24.49/logs/routing/26-detailed.log"

Wed May 07 15:26:34 +0000 2025 - Executing "{openroad -exit -metrics /openlane/designs/alu_8bit/runs/RUN_2025.05.07_15.24.49/reports/routing/26-drt_metrics.json /openlane/scripts/openroad/droute.tcl |& tee /dev/null /openlane/designs/alu_8bit/runs/RUN_2025.05.07_15.24.49/logs/routing/26-detailed.log}"

Wed May 07 15:26:59 +0000 2025 - Executing "{sed -i.bak -e {s/\(set ::env(CURRENT_NETLIST)\).*/\1 \/openlane\/designs\/alu_8bit\/runs\/RUN_2025.05.07_15.24.49\/results\/routing\/alu_8bit.nl.v/} /openlane/designs/alu_8bit/runs/RUN_2025.05.07_15.24.49/config.tcl}"

Wed May 07 15:26:59 +0000 2025 - Executing "{python3 /openlane/scripts/drc_rosetta.py tr to_klayout -o /openlane/designs/alu_8bit/runs/RUN_2025.05.07_15.24.49/reports/routing/drt.klayout.xml --design-name alu_8bit /openlane/designs/alu_8bit/runs/RUN_2025.05.07_15.24.49/reports/routing/drt.drc}"

Wed May 07 15:27:00 +0000 2025 - Executing "{openroad -exit -no_init -python /openlane/scripts/odbpy/wire_lengths.py --report-out /openlane/designs/alu_8bit/runs/RUN_2025.05.07_15.24.49/reports/routing/27-wire_lengths.csv --input-lef /openlane/designs/alu_8bit/runs/RUN_2025.05.07_15.24.49/tmp/merged.nom.lef --output-def /openlane/designs/alu_8bit/runs/RUN_2025.05.07_15.24.49/results/routing/alu_8bit.def --output /openlane/designs/alu_8bit/runs/RUN_2025.05.07_15.24.49/results/routing/alu_8bit.odb /openlane/designs/alu_8bit/runs/RUN_2025.05.07_15.24.49/results/routing/alu_8bit.odb |& tee /dev/null /openlane/designs/alu_8bit/runs/RUN_2025.05.07_15.24.49/logs/routing/27-wire_lengths.log}"

Wed May 07 15:27:02 +0000 2025 - Executing "openroad -exit /openlane/scripts/openroad/rcx.tcl |& tee /dev/null /openlane/designs/alu_8bit/runs/RUN_2025.05.07_15.24.49/logs/signoff/28-parasitics_extraction.min.log"

Wed May 07 15:27:02 +0000 2025 - Executing "{openroad -exit /openlane/scripts/openroad/rcx.tcl |& tee /dev/null /openlane/designs/alu_8bit/runs/RUN_2025.05.07_15.24.49/logs/signoff/28-parasitics_extraction.min.log}"

Wed May 07 15:27:03 +0000 2025 - Executing "sta -exit -no_init /openlane/scripts/openroad/sta/multi_corner.tcl |& tee /dev/null /openlane/designs/alu_8bit/runs/RUN_2025.05.07_15.24.49/logs/signoff/29-rcx_mcsta.min.log"

Wed May 07 15:27:04 +0000 2025 - Executing "{sta -exit -no_init /openlane/scripts/openroad/sta/multi_corner.tcl |& tee /dev/null /openlane/designs/alu_8bit/runs/RUN_2025.05.07_15.24.49/logs/signoff/29-rcx_mcsta.min.log}"

Wed May 07 15:27:10 +0000 2025 - Executing "openroad -exit /openlane/scripts/openroad/rcx.tcl |& tee /dev/null /openlane/designs/alu_8bit/runs/RUN_2025.05.07_15.24.49/logs/signoff/30-parasitics_extraction.max.log"

Wed May 07 15:27:10 +0000 2025 - Executing "{openroad -exit /openlane/scripts/openroad/rcx.tcl |& tee /dev/null /openlane/designs/alu_8bit/runs/RUN_2025.05.07_15.24.49/logs/signoff/30-parasitics_extraction.max.log}"

Wed May 07 15:27:11 +0000 2025 - Executing "sta -exit -no_init /openlane/scripts/openroad/sta/multi_corner.tcl |& tee /dev/null /openlane/designs/alu_8bit/runs/RUN_2025.05.07_15.24.49/logs/signoff/31-rcx_mcsta.max.log"

Wed May 07 15:27:11 +0000 2025 - Executing "{sta -exit -no_init /openlane/scripts/openroad/sta/multi_corner.tcl |& tee /dev/null /openlane/designs/alu_8bit/runs/RUN_2025.05.07_15.24.49/logs/signoff/31-rcx_mcsta.max.log}"

Wed May 07 15:27:18 +0000 2025 - Executing "openroad -exit /openlane/scripts/openroad/rcx.tcl |& tee /dev/null /openlane/designs/alu_8bit/runs/RUN_2025.05.07_15.24.49/logs/signoff/32-parasitics_extraction.nom.log"

Wed May 07 15:27:18 +0000 2025 - Executing "{openroad -exit /openlane/scripts/openroad/rcx.tcl |& tee /dev/null /openlane/designs/alu_8bit/runs/RUN_2025.05.07_15.24.49/logs/signoff/32-parasitics_extraction.nom.log}"

Wed May 07 15:27:19 +0000 2025 - Executing "sta -exit -no_init /openlane/scripts/openroad/sta/multi_corner.tcl |& tee /dev/null /openlane/designs/alu_8bit/runs/RUN_2025.05.07_15.24.49/logs/signoff/33-rcx_mcsta.nom.log"

Wed May 07 15:27:19 +0000 2025 - Executing "{sta -exit -no_init /openlane/scripts/openroad/sta/multi_corner.tcl |& tee /dev/null /openlane/designs/alu_8bit/runs/RUN_2025.05.07_15.24.49/logs/signoff/33-rcx_mcsta.nom.log}"

Wed May 07 15:27:26 +0000 2025 - Executing "openroad -exit /openlane/scripts/openroad/irdrop.tcl |& tee /dev/null /openlane/designs/alu_8bit/runs/RUN_2025.05.07_15.24.49/logs/signoff/34-irdrop.log"

Wed May 07 15:27:26 +0000 2025 - Executing "{openroad -exit /openlane/scripts/openroad/irdrop.tcl |& tee /dev/null /openlane/designs/alu_8bit/runs/RUN_2025.05.07_15.24.49/logs/signoff/34-irdrop.log}"

Wed May 07 15:27:29 +0000 2025 - Executing "magic -noconsole -dnull -rcfile /home/amit/.volare/volare/sky130/versions/bdc9412b3e468c102d01b7cf6337be06ec6e9c9a/sky130A/libs.tech/magic/sky130A.magicrc < /openlane/scripts/magic/wrapper.tcl |& tee /dev/null /openlane/designs/alu_8bit/runs/RUN_2025.05.07_15.24.49/logs/signoff/35-gdsii.log"

Wed May 07 15:27:29 +0000 2025 - Executing "{magic -noconsole -dnull -rcfile /home/amit/.volare/volare/sky130/versions/bdc9412b3e468c102d01b7cf6337be06ec6e9c9a/sky130A/libs.tech/magic/sky130A.magicrc < /openlane/scripts/magic/wrapper.tcl |& tee /dev/null /openlane/designs/alu_8bit/runs/RUN_2025.05.07_15.24.49/logs/signoff/35-gdsii.log}"

Wed May 07 15:27:30 +0000 2025 - Executing "magic -noconsole -dnull -rcfile /home/amit/.volare/volare/sky130/versions/bdc9412b3e468c102d01b7cf6337be06ec6e9c9a/sky130A/libs.tech/magic/sky130A.magicrc < /openlane/scripts/magic/wrapper.tcl |& tee /dev/null /openlane/designs/alu_8bit/runs/RUN_2025.05.07_15.24.49/logs/signoff/35-gds_ptrs.log"

Wed May 07 15:27:30 +0000 2025 - Executing "{magic -noconsole -dnull -rcfile /home/amit/.volare/volare/sky130/versions/bdc9412b3e468c102d01b7cf6337be06ec6e9c9a/sky130A/libs.tech/magic/sky130A.magicrc < /openlane/scripts/magic/wrapper.tcl |& tee /dev/null /openlane/designs/alu_8bit/runs/RUN_2025.05.07_15.24.49/logs/signoff/35-gds_ptrs.log}"

Wed May 07 15:27:31 +0000 2025 - Executing "{sed -i.bak -n {/^<< properties >>/,/^<< end >>/p} /openlane/designs/alu_8bit/runs/RUN_2025.05.07_15.24.49/tmp/signoff/gds_ptrs.mag}"

Wed May 07 15:27:31 +0000 2025 - Executing "magic -noconsole -dnull -rcfile /home/amit/.volare/volare/sky130/versions/bdc9412b3e468c102d01b7cf6337be06ec6e9c9a/sky130A/libs.tech/magic/sky130A.magicrc < /openlane/scripts/magic/wrapper.tcl |& tee /dev/null /openlane/designs/alu_8bit/runs/RUN_2025.05.07_15.24.49/logs/signoff/35-lef.log"

Wed May 07 15:27:31 +0000 2025 - Executing "{magic -noconsole -dnull -rcfile /home/amit/.volare/volare/sky130/versions/bdc9412b3e468c102d01b7cf6337be06ec6e9c9a/sky130A/libs.tech/magic/sky130A.magicrc < /openlane/scripts/magic/wrapper.tcl |& tee /dev/null /openlane/designs/alu_8bit/runs/RUN_2025.05.07_15.24.49/logs/signoff/35-lef.log}"

Wed May 07 15:27:32 +0000 2025 - Executing "magic -noconsole -dnull -rcfile /home/amit/.volare/volare/sky130/versions/bdc9412b3e468c102d01b7cf6337be06ec6e9c9a/sky130A/libs.tech/magic/sky130A.magicrc < /openlane/scripts/magic/wrapper.tcl |& tee /dev/null /openlane/designs/alu_8bit/runs/RUN_2025.05.07_15.24.49/logs/signoff/35-maglef.log"

Wed May 07 15:27:32 +0000 2025 - Executing "{magic -noconsole -dnull -rcfile /home/amit/.volare/volare/sky130/versions/bdc9412b3e468c102d01b7cf6337be06ec6e9c9a/sky130A/libs.tech/magic/sky130A.magicrc < /openlane/scripts/magic/wrapper.tcl |& tee /dev/null /openlane/designs/alu_8bit/runs/RUN_2025.05.07_15.24.49/logs/signoff/35-maglef.log}"

Wed May 07 15:27:34 +0000 2025 - Executing "{python3 /openlane/scripts/klayout/stream_out.py --output /openlane/designs/alu_8bit/runs/RUN_2025.05.07_15.24.49/results/signoff/alu_8bit.klayout.gds --lyt /home/amit/.volare/volare/sky130/versions/bdc9412b3e468c102d01b7cf6337be06ec6e9c9a/sky130A/libs.tech/klayout/tech/sky130A.lyt --lym /home/amit/.volare/volare/sky130/versions/bdc9412b3e468c102d01b7cf6337be06ec6e9c9a/sky130A/libs.tech/klayout/tech/sky130A.map --lyp /home/amit/.volare/volare/sky130/versions/bdc9412b3e468c102d01b7cf6337be06ec6e9c9a/sky130A/libs.tech/klayout/tech/sky130A.lyp --top alu_8bit --with-gds-file /home/amit/.volare/volare/sky130/versions/bdc9412b3e468c102d01b7cf6337be06ec6e9c9a/sky130A/libs.ref/sky130_fd_sc_hd/gds/sky130_fd_sc_hd.gds --input-lef /openlane/designs/alu_8bit/runs/RUN_2025.05.07_15.24.49/tmp/merged.nom.lef /openlane/designs/alu_8bit/runs/RUN_2025.05.07_15.24.49/results/routing/alu_8bit.def |& tee /dev/null /openlane/designs/alu_8bit/runs/RUN_2025.05.07_15.24.49/logs/signoff/36-gdsii-klayout.log}"

Wed May 07 15:27:35 +0000 2025 - Executing "{klayout -b -r /openlane/scripts/klayout/xor.drc -rd a=/openlane/designs/alu_8bit/runs/RUN_2025.05.07_15.24.49/results/signoff/alu_8bit.gds -rd b=/openlane/designs/alu_8bit/runs/RUN_2025.05.07_15.24.49/results/signoff/alu_8bit.klayout.gds -rd jobs=1 -rd rdb_out=/openlane/designs/alu_8bit/runs/RUN_2025.05.07_15.24.49/reports/signoff/37-xor.xml -rd ignore=81/14 -rd rpt_out=/openlane/designs/alu_8bit/runs/RUN_2025.05.07_15.24.49/reports/signoff/37-xor.rpt |& tee /dev/null /openlane/designs/alu_8bit/runs/RUN_2025.05.07_15.24.49/logs/signoff/37-xor.log}"

Wed May 07 15:27:38 +0000 2025 - Executing "magic -noconsole -dnull -rcfile /home/amit/.volare/volare/sky130/versions/bdc9412b3e468c102d01b7cf6337be06ec6e9c9a/sky130A/libs.tech/magic/sky130A.magicrc < /openlane/scripts/magic/wrapper.tcl |& tee /dev/null /openlane/designs/alu_8bit/runs/RUN_2025.05.07_15.24.49/logs/signoff/38-spice.log"

Wed May 07 15:27:38 +0000 2025 - Executing "{magic -noconsole -dnull -rcfile /home/amit/.volare/volare/sky130/versions/bdc9412b3e468c102d01b7cf6337be06ec6e9c9a/sky130A/libs.tech/magic/sky130A.magicrc < /openlane/scripts/magic/wrapper.tcl |& tee /dev/null /openlane/designs/alu_8bit/runs/RUN_2025.05.07_15.24.49/logs/signoff/38-spice.log}"

Wed May 07 15:27:40 +0000 2025 - Executing "{openroad -exit -no_init -python /openlane/scripts/odbpy/power_utils.py write_powered_def --output /openlane/designs/alu_8bit/runs/RUN_2025.05.07_15.24.49/tmp/signoff/38-alu_8bit.p.def --input-lef /openlane/designs/alu_8bit/runs/RUN_2025.05.07_15.24.49/tmp/merged.nom.lef --power-port VPWR --ground-port VGND --powered-netlist {} /openlane/designs/alu_8bit/runs/RUN_2025.05.07_15.24.49/results/routing/alu_8bit.def |& tee /dev/null /openlane/designs/alu_8bit/runs/RUN_2025.05.07_15.24.49/logs/signoff/39-write_powered_def.log}"

Wed May 07 15:27:41 +0000 2025 - Executing "openroad -exit /openlane/scripts/openroad/write_views.tcl |& tee /dev/null /openlane/designs/alu_8bit/runs/RUN_2025.05.07_15.24.49/logs/signoff/39-write_powered_verilog.log"

Wed May 07 15:27:41 +0000 2025 - Executing "{openroad -exit /openlane/scripts/openroad/write_views.tcl |& tee /dev/null /openlane/designs/alu_8bit/runs/RUN_2025.05.07_15.24.49/logs/signoff/39-write_powered_verilog.log}"

Wed May 07 15:27:42 +0000 2025 - Executing "{sed -i.bak -e {s/\(set ::env(CURRENT_NETLIST)\).*/\1 \/openlane\/designs\/alu_8bit\/runs\/RUN_2025.05.07_15.24.49\/tmp\/signoff\/38-alu_8bit.nl.v/} /openlane/designs/alu_8bit/runs/RUN_2025.05.07_15.24.49/config.tcl}"

Wed May 07 15:27:43 +0000 2025 - Executing "{netgen -batch source /openlane/designs/alu_8bit/runs/RUN_2025.05.07_15.24.49/tmp/signoff/41-setup_file.lef.lvs |& tee /dev/null /openlane/designs/alu_8bit/runs/RUN_2025.05.07_15.24.49/logs/signoff/41-lvs.lef.log}"

Wed May 07 15:27:45 +0000 2025 - Executing "magic -noconsole -dnull -rcfile /home/amit/.volare/volare/sky130/versions/bdc9412b3e468c102d01b7cf6337be06ec6e9c9a/sky130A/libs.tech/magic/sky130A.magicrc < /openlane/scripts/magic/wrapper.tcl |& tee /dev/null /openlane/designs/alu_8bit/runs/RUN_2025.05.07_15.24.49/logs/signoff/42-drc.log"

Wed May 07 15:27:45 +0000 2025 - Executing "{magic -noconsole -dnull -rcfile /home/amit/.volare/volare/sky130/versions/bdc9412b3e468c102d01b7cf6337be06ec6e9c9a/sky130A/libs.tech/magic/sky130A.magicrc < /openlane/scripts/magic/wrapper.tcl |& tee /dev/null /openlane/designs/alu_8bit/runs/RUN_2025.05.07_15.24.49/logs/signoff/42-drc.log}"

Wed May 07 15:27:46 +0000 2025 - Executing "{python3 /openlane/scripts/drc_rosetta.py magic to_tcl -o /openlane/designs/alu_8bit/runs/RUN_2025.05.07_15.24.49/reports/signoff/drc.tcl /openlane/designs/alu_8bit/runs/RUN_2025.05.07_15.24.49/reports/signoff/drc.rpt}"

Wed May 07 15:27:46 +0000 2025 - Executing "{python3 /openlane/scripts/drc_rosetta.py magic to_tr -o /openlane/designs/alu_8bit/runs/RUN_2025.05.07_15.24.49/reports/signoff/drc.tr /openlane/designs/alu_8bit/runs/RUN_2025.05.07_15.24.49/reports/signoff/drc.rpt}"

Wed May 07 15:27:47 +0000 2025 - Executing "{python3 /openlane/scripts/drc_rosetta.py tr to_klayout -o /openlane/designs/alu_8bit/runs/RUN_2025.05.07_15.24.49/reports/signoff/drc.klayout.xml --design-name alu_8bit /openlane/designs/alu_8bit/runs/RUN_2025.05.07_15.24.49/reports/signoff/drc.tr}"

Wed May 07 15:27:47 +0000 2025 - Executing "{python3 /openlane/scripts/drc_rosetta.py magic to_rdb -o /openlane/designs/alu_8bit/runs/RUN_2025.05.07_15.24.49/reports/signoff/drc.rdb /openlane/designs/alu_8bit/runs/RUN_2025.05.07_15.24.49/reports/signoff/drc.rpt}"

Wed May 07 15:27:48 +0000 2025 - Executing "{klayout -b -zz -r /home/amit/.volare/volare/sky130/versions/bdc9412b3e468c102d01b7cf6337be06ec6e9c9a/sky130A/libs.tech/klayout/drc/sky130A_mr.drc -rd topcell=alu_8bit -rd input=/openlane/designs/alu_8bit/runs/RUN_2025.05.07_15.24.49/results/signoff/alu_8bit.gds -rd report=/openlane/designs/alu_8bit/runs/RUN_2025.05.07_15.24.49/reports/signoff/violations.xml -rd feol=true -rd beol=true -rd floating_metal=false -rd seal=true -rd thread=1 |& tee /dev/null /openlane/designs/alu_8bit/runs/RUN_2025.05.07_15.24.49/logs/signoff/43-drc-klayout.log}"

Wed May 07 15:27:54 +0000 2025 - Executing "{python3 /openlane/scripts/klayout/xml_drc_report_to_json.py --xml-file /openlane/designs/alu_8bit/runs/RUN_2025.05.07_15.24.49/reports/signoff/violations.xml --json-file /openlane/designs/alu_8bit/runs/RUN_2025.05.07_15.24.49/reports/signoff/violations.json}"

Wed May 07 15:27:54 +0000 2025 - Executing "openroad -exit /openlane/scripts/openroad/antenna_check.tcl |& tee /dev/null /openlane/designs/alu_8bit/runs/RUN_2025.05.07_15.24.49/logs/signoff/44-arc.log"

Wed May 07 15:27:54 +0000 2025 - Executing "{openroad -exit /openlane/scripts/openroad/antenna_check.tcl |& tee /dev/null /openlane/designs/alu_8bit/runs/RUN_2025.05.07_15.24.49/logs/signoff/44-arc.log}"

Wed May 07 15:27:55 +0000 2025 - Executing "{python3 /openlane/scripts/extract_antenna_violators.py --output /openlane/designs/alu_8bit/runs/RUN_2025.05.07_15.24.49/reports/signoff/44-antenna_violators.rpt --plain-out /openlane/designs/alu_8bit/runs/RUN_2025.05.07_15.24.49/reports/signoff/44-antenna_violators_pins.txt /openlane/designs/alu_8bit/runs/RUN_2025.05.07_15.24.49/logs/signoff/44-arc.log}"

Wed May 07 15:27:56 +0000 2025 - Executing "{python3 /openlane/scripts/write_runtime.py --conclude --seconds --time-in 1746631676 {flow completed}}"

Wed May 07 15:27:57 +0000 2025 - Executing "{python3 /openlane/scripts/generate_reports.py -d /openlane/designs/alu_8bit --design_name alu_8bit --tag RUN_2025.05.07_15.24.49 --output_file /openlane/designs/alu_8bit/runs/RUN_2025.05.07_15.24.49/reports/metrics.csv --man_report /openlane/designs/alu_8bit/runs/RUN_2025.05.07_15.24.49/reports/manufacturability.rpt --run_path /openlane/designs/alu_8bit/runs/RUN_2025.05.07_15.24.49}"

