
65. Printing statistics.

=== alu_8bit ===

   Number of wires:                119
   Number of wire bits:            142
   Number of public wires:          14
   Number of public wire bits:      37
   Number of memories:               0
   Number of memory bits:            0
   Number of processes:              0
   Number of cells:                122
     sky130_fd_sc_hd__a211o_2        3
     sky130_fd_sc_hd__a21bo_2        1
     sky130_fd_sc_hd__a21boi_2       1
     sky130_fd_sc_hd__a21o_2         3
     sky130_fd_sc_hd__a21oi_2        9
     sky130_fd_sc_hd__a22o_2         1
     sky130_fd_sc_hd__a2bb2o_2       6
     sky130_fd_sc_hd__a31o_2         5
     sky130_fd_sc_hd__a32o_2         6
     sky130_fd_sc_hd__and2b_2        2
     sky130_fd_sc_hd__and3_2         8
     sky130_fd_sc_hd__buf_1          1
     sky130_fd_sc_hd__buf_2          8
     sky130_fd_sc_hd__inv_2          6
     sky130_fd_sc_hd__mux2_2         1
     sky130_fd_sc_hd__nand2_2       16
     sky130_fd_sc_hd__nor2_2         4
     sky130_fd_sc_hd__o211a_2        1
     sky130_fd_sc_hd__o21a_2         2
     sky130_fd_sc_hd__o21ai_2        5
     sky130_fd_sc_hd__o21bai_2       1
     sky130_fd_sc_hd__o22a_2         1
     sky130_fd_sc_hd__o2bb2a_2       1
     sky130_fd_sc_hd__o32a_2         1
     sky130_fd_sc_hd__or2_2         19
     sky130_fd_sc_hd__or2b_2         1
     sky130_fd_sc_hd__or3_2          3
     sky130_fd_sc_hd__or3b_2         4
     sky130_fd_sc_hd__xnor2_2        2

   Chip area for module '\alu_8bit': 958.419200

