
===========================================================================
report_checks -unconstrained
===========================================================================
======================= Typical Corner ===================================

Startpoint: op[2] (input port clocked by __VIRTUAL_CLK__)
Endpoint: result[7] (output port clocked by __VIRTUAL_CLK__)
Path Group: __VIRTUAL_CLK__
Path Type: max

Fanout     Cap    Slew   Delay    Time   Description
-----------------------------------------------------------------------------
                  0.00    0.00    0.00   clock __VIRTUAL_CLK__ (rise edge)
                          0.00    0.00   clock network delay (ideal)
                          2.00    2.00 v input external delay
     1    0.00    0.01    0.00    2.00 v op[2] (in)
                                         op[2] (net)
                  0.01    0.00    2.00 v input20/A (sky130_fd_sc_hd__dlymetal6s2s_1)
     6    0.02    0.09    0.18    2.18 v input20/X (sky130_fd_sc_hd__dlymetal6s2s_1)
                                         net20 (net)
                  0.09    0.00    2.18 v _105_/A (sky130_fd_sc_hd__nor2_2)
     7    0.03    0.30    0.30    2.49 ^ _105_/Y (sky130_fd_sc_hd__nor2_2)
                                         _039_ (net)
                  0.30    0.00    2.49 ^ _109_/B (sky130_fd_sc_hd__nand2_2)
     8    0.02    0.13    0.18    2.67 v _109_/Y (sky130_fd_sc_hd__nand2_2)
                                         _043_ (net)
                  0.13    0.00    2.67 v _115_/A2 (sky130_fd_sc_hd__o32a_1)
     3    0.01    0.08    0.42    3.08 v _115_/X (sky130_fd_sc_hd__o32a_1)
                                         _049_ (net)
                  0.08    0.00    3.08 v _116_/B (sky130_fd_sc_hd__xnor2_1)
     3    0.01    0.26    0.26    3.34 ^ _116_/Y (sky130_fd_sc_hd__xnor2_1)
                                         _050_ (net)
                  0.26    0.00    3.34 ^ _129_/A2 (sky130_fd_sc_hd__o21ai_2)
     4    0.01    0.07    0.11    3.45 v _129_/Y (sky130_fd_sc_hd__o21ai_2)
                                         _062_ (net)
                  0.07    0.00    3.45 v _145_/A2 (sky130_fd_sc_hd__a32o_1)
     1    0.00    0.04    0.26    3.72 v _145_/X (sky130_fd_sc_hd__a32o_1)
                                         _077_ (net)
                  0.04    0.00    3.72 v _146_/B1 (sky130_fd_sc_hd__o22a_1)
     3    0.01    0.08    0.22    3.94 v _146_/X (sky130_fd_sc_hd__o22a_1)
                                         _078_ (net)
                  0.08    0.00    3.94 v _147_/B (sky130_fd_sc_hd__xnor2_1)
     3    0.01    0.21    0.22    4.16 ^ _147_/Y (sky130_fd_sc_hd__xnor2_1)
                                         _079_ (net)
                  0.21    0.00    4.16 ^ _156_/A2 (sky130_fd_sc_hd__o21ai_1)
     4    0.01    0.09    0.13    4.29 v _156_/Y (sky130_fd_sc_hd__o21ai_1)
                                         _087_ (net)
                  0.09    0.00    4.29 v _171_/B (sky130_fd_sc_hd__and3_1)
     1    0.00    0.03    0.18    4.47 v _171_/X (sky130_fd_sc_hd__and3_1)
                                         _101_ (net)
                  0.03    0.00    4.47 v _172_/A (sky130_fd_sc_hd__or3b_1)
     3    0.01    0.09    0.41    4.88 v _172_/X (sky130_fd_sc_hd__or3b_1)
                                         _102_ (net)
                  0.09    0.00    4.88 v _185_/C (sky130_fd_sc_hd__and3_1)
     1    0.00    0.03    0.20    5.08 v _185_/X (sky130_fd_sc_hd__and3_1)
                                         _009_ (net)
                  0.03    0.00    5.08 v _186_/A (sky130_fd_sc_hd__or3b_1)
     4    0.01    0.10    0.43    5.51 v _186_/X (sky130_fd_sc_hd__or3b_1)
                                         _010_ (net)
                  0.10    0.00    5.51 v _199_/C (sky130_fd_sc_hd__and3_1)
     1    0.00    0.03    0.20    5.71 v _199_/X (sky130_fd_sc_hd__and3_1)
                                         _022_ (net)
                  0.03    0.00    5.71 v _200_/A (sky130_fd_sc_hd__or3b_1)
     3    0.01    0.09    0.41    6.12 v _200_/X (sky130_fd_sc_hd__or3b_1)
                                         _023_ (net)
                  0.09    0.00    6.12 v _201_/C (sky130_fd_sc_hd__and3_1)
     3    0.01    0.06    0.22    6.35 v _201_/X (sky130_fd_sc_hd__and3_1)
                                         _024_ (net)
                  0.06    0.00    6.35 v _203_/B (sky130_fd_sc_hd__or3_1)
     2    0.01    0.08    0.39    6.73 v _203_/X (sky130_fd_sc_hd__or3_1)
                                         _026_ (net)
                  0.08    0.00    6.74 v _209_/A2 (sky130_fd_sc_hd__a31o_1)
     1    0.00    0.03    0.22    6.95 v _209_/X (sky130_fd_sc_hd__a31o_1)
                                         alu7.result (net)
                  0.03    0.00    6.95 v _226_/A (sky130_fd_sc_hd__clkbuf_1)
     1    0.00    0.02    0.08    7.03 v _226_/X (sky130_fd_sc_hd__clkbuf_1)
                                         net29 (net)
                  0.02    0.00    7.03 v output29/A (sky130_fd_sc_hd__buf_2)
     1    0.03    0.09    0.18    7.21 v output29/X (sky130_fd_sc_hd__buf_2)
                                         result[7] (net)
                  0.09    0.00    7.21 v result[7] (out)
                                  7.21   data arrival time

                  0.00   10.00   10.00   clock __VIRTUAL_CLK__ (rise edge)
                          0.00   10.00   clock network delay (ideal)
                         -0.25    9.75   clock uncertainty
                          0.00    9.75   clock reconvergence pessimism
                         -2.00    7.75   output external delay
                                  7.75   data required time
-----------------------------------------------------------------------------
                                  7.75   data required time
                                 -7.21   data arrival time
-----------------------------------------------------------------------------
                                  0.54   slack (MET)




===========================================================================
report_checks --slack_max -0.01
============================================================================
======================= Typical Corner ===================================

No paths found.


===========================================================================
 report_check_types -max_slew -max_cap -max_fanout -violators
============================================================================
======================= Typical Corner ===================================


max slew violations count Typical: 0
max fanout violations count Typical: 0
max cap violations count Typical: 0

===========================================================================
report_parasitic_annotation -report_unannotated
============================================================================
Found 0 unannotated drivers.
Found 0 partially unannotated drivers.

===========================================================================
max slew violation count 0
max fanout violation count 0
max cap violation count 0
============================================================================

===========================================================================
check_setup -verbose -unconstrained_endpoints -multiple_clock -no_clock -no_input_delay -loops -generated_clocks
===========================================================================
