Instance,Terminal,Layer,X location,Y location,Voltage
FILLER_0_15_91,VPWR,li1,47.6100,51.6800,1.799997
FILLER_0_15_83,VPWR,li1,43.9300,51.6800,1.799997
FILLER_0_15_70,VPWR,li1,37.9500,51.6800,1.799997
FILLER_0_15_66,VPWR,li1,36.8000,51.6800,1.799997
FILLER_0_15_15,VPWR,li1,14.2600,51.6800,1.799998
FILLER_0_15_3,VPWR,li1,9.6600,51.6800,1.799998
FILLER_0_14_88,VPWR,li1,46.9200,51.6800,1.799997
FILLER_0_14_83,VPWR,li1,43.9300,51.6800,1.799997
FILLER_0_14_79,VPWR,li1,42.0900,51.6800,1.799997
FILLER_0_14_62,VPWR,li1,34.7300,51.6800,1.799997
FILLER_0_14_29,VPWR,li1,19.5500,51.6800,1.799998
FILLER_0_14_18,VPWR,li1,14.4900,51.6800,1.799998
FILLER_0_14_6,VPWR,li1,11.0400,51.6800,1.799998
FILLER_0_13_67,VPWR,li1,37.2600,46.2400,1.799998
FILLER_0_13_28,VPWR,li1,18.6300,46.2400,1.799998
FILLER_0_13_23,VPWR,li1,16.3300,46.2400,1.799997
FILLER_0_13_11,VPWR,li1,11.2700,46.2400,1.799997
FILLER_0_13_3,VPWR,li1,8.7400,46.2400,1.799997
FILLER_0_12_91,VPWR,li1,47.6100,46.2400,1.799997
FILLER_0_12_82,VPWR,li1,43.7000,46.2400,1.799998
FILLER_0_12_74,VPWR,li1,39.7900,46.2400,1.799997
FILLER_0_12_68,VPWR,li1,38.1800,46.2400,1.799997
FILLER_0_12_56,VPWR,li1,34.0400,46.2400,1.799998
FILLER_0_12_42,VPWR,li1,25.7600,46.2400,1.799998
FILLER_0_12_34,VPWR,li1,21.6200,46.2400,1.799998
FILLER_0_12_24,VPWR,li1,16.7900,46.2400,1.799997
FILLER_0_12_18,VPWR,li1,15.1800,46.2400,1.799997
FILLER_0_11_81,VPWR,li1,43.2400,40.8000,1.799998
FILLER_0_11_68,VPWR,li1,37.0300,40.8000,1.799998
FILLER_0_11_62,VPWR,li1,34.2700,40.8000,1.799998
FILLER_0_11_53,VPWR,li1,30.5900,40.8000,1.799998
FILLER_0_11_42,VPWR,li1,25.0700,40.8000,1.799998
FILLER_0_11_38,VPWR,li1,23.9200,40.8000,1.799998
FILLER_0_11_28,VPWR,li1,18.6300,40.8000,1.799999
FILLER_0_11_20,VPWR,li1,16.5600,40.8000,1.799999
FILLER_0_11_3,VPWR,li1,7.8200,40.8000,1.799999
FILLER_0_10_52,VPWR,li1,29.9000,40.8000,1.799998
FILLER_0_10_37,VPWR,li1,22.7700,40.8000,1.799998
FILLER_0_10_29,VPWR,li1,20.7000,40.8000,1.799998
FILLER_0_10_26,VPWR,li1,17.9400,40.8000,1.799999
FILLER_0_10_18,VPWR,li1,15.6400,40.8000,1.799999
FILLER_0_10_6,VPWR,li1,11.0400,40.8000,1.799999
FILLER_0_9_75,VPWR,li1,40.2500,35.3600,1.799996
FILLER_0_9_67,VPWR,li1,36.5700,35.3600,1.799996
FILLER_0_9_57,VPWR,li1,32.4300,35.3600,1.799997
FILLER_0_9_50,VPWR,li1,29.9000,35.3600,1.799997
FILLER_0_9_41,VPWR,li1,24.6100,35.3600,1.799997
FILLER_0_9_37,VPWR,li1,23.4600,35.3600,1.799997
FILLER_0_9_20,VPWR,li1,14.9500,35.3600,1.799997
FILLER_0_9_16,VPWR,li1,13.8000,35.3600,1.799997
FILLER_0_9_10,VPWR,li1,10.3500,35.3600,1.799996
FILLER_0_8_78,VPWR,li1,41.6300,35.3600,1.799996
FILLER_0_8_66,VPWR,li1,36.1100,35.3600,1.799996
FILLER_0_8_60,VPWR,li1,34.5000,35.3600,1.799996
FILLER_0_8_48,VPWR,li1,30.3600,35.3600,1.799997
FILLER_0_8_39,VPWR,li1,23.9200,35.3600,1.799997
FILLER_0_8_26,VPWR,li1,17.9400,35.3600,1.799997
FILLER_0_8_3,VPWR,li1,7.3600,35.3600,1.799995
FILLER_0_7_78,VPWR,li1,41.6300,29.9200,1.799998
FILLER_0_7_55,VPWR,li1,31.0500,29.9200,1.799998
FILLER_0_7_36,VPWR,li1,23.4600,29.9200,1.799998
FILLER_0_7_22,VPWR,li1,16.1000,29.9200,1.799998
FILLER_0_7_14,VPWR,li1,13.8000,29.9200,1.799998
FILLER_0_6_90,VPWR,li1,47.3800,29.9200,1.799998
FILLER_0_6_68,VPWR,li1,37.2600,29.9200,1.799998
FILLER_0_6_41,VPWR,li1,25.7600,29.9200,1.799998
FILLER_0_6_33,VPWR,li1,20.9300,29.9200,1.799998
FILLER_0_6_29,VPWR,li1,19.7800,29.9200,1.799998
FILLER_0_6_27,VPWR,li1,18.1700,29.9200,1.799998
FILLER_0_6_21,VPWR,li1,16.5600,29.9200,1.799998
FILLER_0_6_9,VPWR,li1,12.4200,29.9200,1.799998
FILLER_0_5_62,VPWR,li1,34.5000,24.4800,1.799997
FILLER_0_5_54,VPWR,li1,30.8200,24.4800,1.799997
FILLER_0_5_35,VPWR,li1,21.8500,24.4800,1.799997
FILLER_0_5_27,VPWR,li1,18.4000,24.4800,1.799997
FILLER_0_5_19,VPWR,li1,14.9500,24.4800,1.799997
FILLER_0_4_57,VPWR,li1,32.2000,24.4800,1.799997
FILLER_0_4_45,VPWR,li1,28.9800,24.4800,1.799997
FILLER_0_4_38,VPWR,li1,23.2300,24.4800,1.799997
FILLER_0_4_27,VPWR,li1,18.1700,24.4800,1.799997
FILLER_0_4_18,VPWR,li1,14.0300,24.4800,1.799997
FILLER_0_4_12,VPWR,li1,12.4200,24.4800,1.799997
FILLER_0_3_91,VPWR,li1,47.6100,19.0400,1.799997
FILLER_0_3_66,VPWR,li1,36.3400,19.0400,1.799997
FILLER_0_3_53,VPWR,li1,30.5900,19.0400,1.799998
FILLER_0_3_45,VPWR,li1,28.0600,19.0400,1.799998
FILLER_0_3_30,VPWR,li1,21.1600,19.0400,1.799998
FILLER_0_3_18,VPWR,li1,16.5600,19.0400,1.799998
FILLER_0_3_6,VPWR,li1,11.0400,19.0400,1.799999
FILLER_0_2_59,VPWR,li1,32.8900,19.0400,1.799998
FILLER_0_2_55,VPWR,li1,31.7400,19.0400,1.799998
FILLER_0_2_47,VPWR,li1,27.3700,19.0400,1.799998
FILLER_0_2_35,VPWR,li1,22.0800,19.0400,1.799998
FILLER_0_2_3,VPWR,li1,7.8200,19.0400,1.799998
FILLER_0_1_91,VPWR,li1,47.6100,13.6000,1.799997
FILLER_0_1_84,VPWR,li1,44.3900,13.6000,1.799997
FILLER_0_1_65,VPWR,li1,35.6500,13.6000,1.799995
FILLER_0_1_51,VPWR,li1,29.4400,13.6000,1.799996
FILLER_0_1_25,VPWR,li1,18.8600,13.6000,1.799997
FILLER_0_1_21,VPWR,li1,15.4100,13.6000,1.799997
FILLER_0_1_15,VPWR,li1,12.8800,13.6000,1.799998
FILLER_0_1_3,VPWR,li1,9.6600,13.6000,1.799998
FILLER_0_0_91,VPWR,li1,47.6100,13.6000,1.799997
FILLER_0_0_85,VPWR,li1,46.0000,13.6000,1.799997
FILLER_0_0_83,VPWR,li1,43.9300,13.6000,1.799997
FILLER_0_0_79,VPWR,li1,42.0900,13.6000,1.799997
FILLER_0_0_50,VPWR,li1,29.9000,13.6000,1.799996
FILLER_0_0_34,VPWR,li1,22.0800,13.6000,1.799997
FILLER_0_0_29,VPWR,li1,19.3200,13.6000,1.799997
FILLER_0_0_27,VPWR,li1,18.1700,13.6000,1.799997
FILLER_0_0_23,VPWR,li1,16.3300,13.6000,1.799997
FILLER_0_0_15,VPWR,li1,14.2600,13.6000,1.799998
FILLER_0_0_3,VPWR,li1,9.6600,13.6000,1.799998
rebuffer17,VPWR,li1,33.3500,29.9200,1.799998
rebuffer16,VPWR,li1,25.0700,51.6800,1.799997
rebuffer15,VPWR,li1,25.9900,35.3600,1.799997
rebuffer14,VPWR,li1,16.7900,51.6800,1.799998
rebuffer13,VPWR,li1,46.2300,19.0400,1.799997
rebuffer12,VPWR,li1,46.2300,40.8000,1.799998
rebuffer11,VPWR,li1,42.5500,29.9200,1.799998
rebuffer10,VPWR,li1,42.0900,35.3600,1.799997
rebuffer9,VPWR,li1,39.7900,51.6800,1.799997
rebuffer8,VPWR,li1,39.7900,35.3600,1.799996
rebuffer7,VPWR,li1,21.8500,35.3600,1.799997
rebuffer6,VPWR,li1,39.7900,29.9200,1.799998
rebuffer5,VPWR,li1,43.7000,19.0400,1.799997
rebuffer4,VPWR,li1,28.9800,46.2400,1.799998
rebuffer3,VPWR,li1,28.2900,51.6800,1.799997
rebuffer2,VPWR,li1,21.8500,46.2400,1.799998
rebuffer1,VPWR,li1,22.5400,51.6800,1.799997
output29,VPWR,li1,25.0700,13.6000,1.799996
output28,VPWR,li1,7.8200,24.4800,1.799995
output27,VPWR,li1,7.8200,35.3600,1.799995
output26,VPWR,li1,7.8200,46.2400,1.799996
output25,VPWR,li1,33.1200,51.6800,1.799997
output24,VPWR,li1,37.2600,35.3600,1.799996
output23,VPWR,li1,37.2600,29.9200,1.799998
output22,VPWR,li1,36.8000,13.6000,1.799995
output21,VPWR,li1,33.8100,13.6000,1.799996
input20,VPWR,li1,45.7700,40.8000,1.799998
input19,VPWR,li1,45.7700,35.3600,1.799996
input18,VPWR,li1,7.5900,29.9200,1.799998
input17,VPWR,li1,41.1700,13.6000,1.799996
input16,VPWR,li1,27.8300,13.6000,1.799996
input15,VPWR,li1,7.5900,19.0400,1.799998
input14,VPWR,li1,7.5900,29.9200,1.799998
input13,VPWR,li1,7.5900,51.6800,1.799998
input12,VPWR,li1,30.5900,51.6800,1.799997
input11,VPWR,li1,45.3100,51.6800,1.799997
input10,VPWR,li1,35.6500,24.4800,1.799997
input9,VPWR,li1,33.3500,24.4800,1.799997
input8,VPWR,li1,20.4700,13.6000,1.799997
input7,VPWR,li1,17.2500,13.6000,1.799997
input6,VPWR,li1,7.5900,40.8000,1.799999
input5,VPWR,li1,22.7700,51.6800,1.799997
input4,VPWR,li1,35.1900,51.6800,1.799997
input3,VPWR,li1,46.6900,51.6800,1.799997
input2,VPWR,li1,46.6900,19.0400,1.799997
input1,VPWR,li1,43.0100,13.6000,1.799997
TAP_TAPCELL_ROW_15_58,VPWR,li1,44.3900,51.9860,1.799997
TAP_TAPCELL_ROW_15_57,VPWR,li1,31.5100,51.9860,1.799997
TAP_TAPCELL_ROW_15_56,VPWR,li1,18.6300,51.9860,1.799998
TAP_TAPCELL_ROW_14_55,VPWR,li1,44.3900,51.3730,1.799997
TAP_TAPCELL_ROW_14_54,VPWR,li1,18.6300,51.3730,1.799998
TAP_TAPCELL_ROW_13_53,VPWR,li1,31.5100,46.5460,1.799998
TAP_TAPCELL_ROW_12_52,VPWR,li1,44.3900,45.9330,1.799998
TAP_TAPCELL_ROW_12_51,VPWR,li1,18.6300,45.9330,1.799998
TAP_TAPCELL_ROW_11_50,VPWR,li1,31.5100,41.1060,1.799998
TAP_TAPCELL_ROW_10_49,VPWR,li1,44.3900,40.4930,1.799998
TAP_TAPCELL_ROW_10_48,VPWR,li1,18.6300,40.4930,1.799999
TAP_TAPCELL_ROW_9_47,VPWR,li1,31.5100,35.6660,1.799997
TAP_TAPCELL_ROW_8_46,VPWR,li1,44.3900,35.0530,1.799996
TAP_TAPCELL_ROW_8_45,VPWR,li1,18.6300,35.0530,1.799997
TAP_TAPCELL_ROW_7_44,VPWR,li1,31.5100,30.2260,1.799998
TAP_TAPCELL_ROW_6_43,VPWR,li1,44.3900,29.6130,1.799998
TAP_TAPCELL_ROW_6_42,VPWR,li1,18.6300,29.6130,1.799998
TAP_TAPCELL_ROW_5_41,VPWR,li1,31.5100,24.7860,1.799997
TAP_TAPCELL_ROW_4_40,VPWR,li1,44.3900,24.1730,1.799997
TAP_TAPCELL_ROW_4_39,VPWR,li1,18.6300,24.1730,1.799997
TAP_TAPCELL_ROW_3_38,VPWR,li1,31.5100,19.3460,1.799998
TAP_TAPCELL_ROW_2_37,VPWR,li1,44.3900,18.7330,1.799997
TAP_TAPCELL_ROW_2_36,VPWR,li1,18.6300,18.7330,1.799998
TAP_TAPCELL_ROW_1_35,VPWR,li1,31.5100,13.9060,1.799996
TAP_TAPCELL_ROW_0_34,VPWR,li1,44.3900,13.2930,1.799997
TAP_TAPCELL_ROW_0_33,VPWR,li1,31.5100,13.2930,1.799996
TAP_TAPCELL_ROW_0_32,VPWR,li1,18.6300,13.2930,1.799997
PHY_EDGE_ROW_15_Left_31,VPWR,li1,6.2100,51.6800,1.799998
PHY_EDGE_ROW_14_Left_30,VPWR,li1,6.2100,51.6800,1.799998
PHY_EDGE_ROW_13_Left_29,VPWR,li1,6.2100,46.2400,1.799996
PHY_EDGE_ROW_12_Left_28,VPWR,li1,6.2100,46.2400,1.799996
PHY_EDGE_ROW_11_Left_27,VPWR,li1,6.2100,40.8000,1.799999
PHY_EDGE_ROW_10_Left_26,VPWR,li1,6.2100,40.8000,1.799999
PHY_EDGE_ROW_9_Left_25,VPWR,li1,6.2100,35.3600,1.799995
PHY_EDGE_ROW_8_Left_24,VPWR,li1,6.2100,35.3600,1.799995
PHY_EDGE_ROW_7_Left_23,VPWR,li1,6.2100,29.9200,1.799998
PHY_EDGE_ROW_6_Left_22,VPWR,li1,6.2100,29.9200,1.799998
PHY_EDGE_ROW_5_Left_21,VPWR,li1,6.2100,24.4800,1.799995
PHY_EDGE_ROW_4_Left_20,VPWR,li1,6.2100,24.4800,1.799995
PHY_EDGE_ROW_3_Left_19,VPWR,li1,6.2100,19.0400,1.799998
PHY_EDGE_ROW_2_Left_18,VPWR,li1,6.2100,19.0400,1.799998
PHY_EDGE_ROW_1_Left_17,VPWR,li1,6.2100,13.6000,1.799998
PHY_EDGE_ROW_0_Left_16,VPWR,li1,6.2100,13.6000,1.799998
PHY_EDGE_ROW_15_Right_15,VPWR,li1,48.5300,51.6800,1.799997
PHY_EDGE_ROW_14_Right_14,VPWR,li1,48.5300,51.6800,1.799997
PHY_EDGE_ROW_13_Right_13,VPWR,li1,48.5300,46.2400,1.799997
PHY_EDGE_ROW_12_Right_12,VPWR,li1,48.5300,46.2400,1.799997
PHY_EDGE_ROW_11_Right_11,VPWR,li1,48.5300,40.8000,1.799998
PHY_EDGE_ROW_10_Right_10,VPWR,li1,48.5300,40.8000,1.799998
PHY_EDGE_ROW_9_Right_9,VPWR,li1,48.5300,35.3600,1.799996
PHY_EDGE_ROW_8_Right_8,VPWR,li1,48.5300,35.3600,1.799996
PHY_EDGE_ROW_7_Right_7,VPWR,li1,48.5300,29.9200,1.799998
PHY_EDGE_ROW_6_Right_6,VPWR,li1,48.5300,29.9200,1.799998
PHY_EDGE_ROW_5_Right_5,VPWR,li1,48.5300,24.4800,1.799997
PHY_EDGE_ROW_4_Right_4,VPWR,li1,48.5300,24.4800,1.799997
PHY_EDGE_ROW_3_Right_3,VPWR,li1,48.5300,19.0400,1.799997
PHY_EDGE_ROW_2_Right_2,VPWR,li1,48.5300,19.0400,1.799997
PHY_EDGE_ROW_1_Right_1,VPWR,li1,48.5300,13.6000,1.799997
PHY_EDGE_ROW_0_Right_0,VPWR,li1,48.5300,13.6000,1.799997
_226_,VPWR,li1,22.7700,24.4800,1.799997
_225_,VPWR,li1,8.9700,29.9200,1.799998
_224_,VPWR,li1,9.4300,35.3600,1.799996
_223_,VPWR,li1,13.1100,46.2400,1.799997
_222_,VPWR,li1,23.6900,40.8000,1.799998
_221_,VPWR,li1,46.6900,46.2400,1.799997
_220_,VPWR,li1,35.6500,29.9200,1.799998
_219_,VPWR,li1,38.4100,13.6000,1.799996
_218_,VPWR,li1,34.5000,19.0400,1.799997
_217_,VPWR,li1,33.8100,19.0400,1.799997
_216_,VPWR,li1,34.7300,24.4800,1.799997
_215_,VPWR,li1,36.8000,24.4800,1.799997
_214_,VPWR,li1,39.7900,19.0400,1.799997
_213_,VPWR,li1,33.5800,13.6000,1.799996
_212_,VPWR,li1,29.2100,19.0400,1.799998
_211_,VPWR,li1,23.6900,19.0400,1.799998
_210_,VPWR,li1,30.5900,13.6000,1.799996
_209_,VPWR,li1,28.7500,24.4800,1.799997
_208_,VPWR,li1,24.8400,24.4800,1.799997
_207_,VPWR,li1,25.3000,24.4800,1.799997
_206_,VPWR,li1,25.9900,19.0400,1.799998
_205_,VPWR,li1,25.5300,19.0400,1.799998
_204_,VPWR,li1,23.9200,19.0400,1.799998
_203_,VPWR,li1,26.9100,13.6000,1.799996
_202_,VPWR,li1,21.6200,13.6000,1.799997
_201_,VPWR,li1,23.6900,13.6000,1.799996
_200_,VPWR,li1,20.9300,24.4800,1.799997
_199_,VPWR,li1,16.7900,24.4800,1.799997
_198_,VPWR,li1,16.7900,19.0400,1.799998
_197_,VPWR,li1,20.2400,19.0400,1.799998
_196_,VPWR,li1,16.3300,13.6000,1.799997
_195_,VPWR,li1,8.7400,24.4800,1.799996
_194_,VPWR,li1,9.8900,24.4800,1.799996
_193_,VPWR,li1,12.4200,24.4800,1.799997
_192_,VPWR,li1,15.4100,24.4800,1.799997
_191_,VPWR,li1,17.2500,24.4800,1.799997
_190_,VPWR,li1,9.6600,19.0400,1.799999
_189_,VPWR,li1,11.7300,19.0400,1.799998
_188_,VPWR,li1,14.2600,13.6000,1.799998
_187_,VPWR,li1,14.0300,19.0400,1.799998
_186_,VPWR,li1,20.0100,29.9200,1.799998
_185_,VPWR,li1,16.3300,35.3600,1.799997
_184_,VPWR,li1,22.7700,29.9200,1.799998
_183_,VPWR,li1,17.2500,29.9200,1.799998
_182_,VPWR,li1,10.1200,29.9200,1.799998
_181_,VPWR,li1,8.9700,35.3600,1.799996
_180_,VPWR,li1,11.9600,35.3600,1.799997
_179_,VPWR,li1,16.3300,35.3600,1.799997
_178_,VPWR,li1,19.5500,35.3600,1.799997
_177_,VPWR,li1,14.4900,35.3600,1.799997
_176_,VPWR,li1,11.7300,35.3600,1.799997
_175_,VPWR,li1,20.2400,24.4800,1.799997
_174_,VPWR,li1,18.8600,35.3600,1.799997
_173_,VPWR,li1,21.3900,35.3600,1.799997
_172_,VPWR,li1,20.9300,40.8000,1.799998
_171_,VPWR,li1,24.6100,46.2400,1.799998
_170_,VPWR,li1,20.4700,51.6800,1.799998
_169_,VPWR,li1,23.4600,46.2400,1.799998
_168_,VPWR,li1,19.5500,46.2400,1.799998
_167_,VPWR,li1,10.5800,46.2400,1.799997
_166_,VPWR,li1,9.8900,40.8000,1.799999
_165_,VPWR,li1,12.8800,40.8000,1.799999
_164_,VPWR,li1,20.0100,46.2400,1.799998
_163_,VPWR,li1,17.7100,46.2400,1.799998
_162_,VPWR,li1,15.1800,46.2400,1.799997
_161_,VPWR,li1,13.1100,46.2400,1.799997
_160_,VPWR,li1,17.4800,46.2400,1.799998
_159_,VPWR,li1,17.2500,51.6800,1.799998
_158_,VPWR,li1,26.4500,40.8000,1.799998
_157_,VPWR,li1,33.3500,46.2400,1.799998
_156_,VPWR,li1,27.3700,46.2400,1.799998
_155_,VPWR,li1,32.4300,51.6800,1.799997
_154_,VPWR,li1,26.6800,35.3600,1.799997
_153_,VPWR,li1,32.8900,40.8000,1.799998
_152_,VPWR,li1,27.6000,40.8000,1.799998
_151_,VPWR,li1,30.1300,46.2400,1.799998
_150_,VPWR,li1,35.6500,46.2400,1.799998
_149_,VPWR,li1,25.0700,40.8000,1.799998
_148_,VPWR,li1,28.7500,40.8000,1.799998
_147_,VPWR,li1,27.8300,51.6800,1.799997
_146_,VPWR,li1,38.6400,51.6800,1.799997
_145_,VPWR,li1,40.0200,46.2400,1.799997
_144_,VPWR,li1,45.3100,51.6800,1.799997
_143_,VPWR,li1,43.4700,46.2400,1.799998
_142_,VPWR,li1,45.7700,46.2400,1.799997
_141_,VPWR,li1,40.9400,40.8000,1.799998
_140_,VPWR,li1,41.6300,46.2400,1.799997
_139_,VPWR,li1,40.9400,40.8000,1.799998
_138_,VPWR,li1,38.4100,40.8000,1.799998
_137_,VPWR,li1,45.3100,46.2400,1.799997
_136_,VPWR,li1,46.2300,35.3600,1.799996
_135_,VPWR,li1,38.1800,40.8000,1.799998
_134_,VPWR,li1,47.1500,46.2400,1.799997
_133_,VPWR,li1,42.5500,51.6800,1.799997
_132_,VPWR,li1,43.0100,51.6800,1.799997
_131_,VPWR,li1,43.0100,35.3600,1.799997
_130_,VPWR,li1,39.3300,29.9200,1.799998
_129_,VPWR,li1,41.1700,24.4800,1.799997
_128_,VPWR,li1,44.8500,29.9200,1.799998
_127_,VPWR,li1,28.9800,29.9200,1.799997
_126_,VPWR,li1,32.6600,29.9200,1.799998
_125_,VPWR,li1,31.9700,40.8000,1.799998
_124_,VPWR,li1,43.4700,40.8000,1.799998
_123_,VPWR,li1,35.6500,40.8000,1.799998
_122_,VPWR,li1,45.7700,29.9200,1.799998
_121_,VPWR,li1,32.8900,24.4800,1.799997
_120_,VPWR,li1,37.4900,19.0400,1.799997
_119_,VPWR,li1,34.7300,35.3600,1.799996
_118_,VPWR,li1,35.6500,29.9200,1.799998
_117_,VPWR,li1,37.0300,24.4800,1.799997
_116_,VPWR,li1,42.7800,24.4800,1.799997
_115_,VPWR,li1,40.0200,19.0400,1.799997
_114_,VPWR,li1,46.2300,24.4800,1.799997
_113_,VPWR,li1,38.4100,35.3600,1.799996
_112_,VPWR,li1,29.9000,29.9200,1.799997
_111_,VPWR,li1,46.0000,13.6000,1.799997
_110_,VPWR,li1,40.4800,13.6000,1.799996
_109_,VPWR,li1,26.9100,29.9200,1.799998
_108_,VPWR,li1,37.4900,13.6000,1.799996
_107_,VPWR,li1,43.0100,13.6000,1.799997
_106_,VPWR,li1,39.7900,13.6000,1.799996
_105_,VPWR,li1,35.6500,40.8000,1.799998
