Instance,Terminal,Layer,X location,Y location,Voltage
FILLER_0_15_91,VGND,li1,47.6100,54.4000,0.000002
FILLER_0_15_83,VGND,li1,43.9300,54.4000,0.000002
FILLER_0_15_70,VGND,li1,37.9500,54.4000,0.000002
FILLER_0_15_66,VGND,li1,36.8000,54.4000,0.000002
FILLER_0_15_15,VGND,li1,14.2600,54.4000,0.000001
FILLER_0_15_3,VGND,li1,9.6600,54.4000,0.000001
FILLER_0_14_88,VGND,li1,46.9200,48.9600,0.000002
FILLER_0_14_83,VGND,li1,43.9300,48.9600,0.000002
FILLER_0_14_79,VGND,li1,42.0900,48.9600,0.000002
FILLER_0_14_62,VGND,li1,34.7300,48.9600,0.000002
FILLER_0_14_29,VGND,li1,19.5500,48.9600,0.000002
FILLER_0_14_18,VGND,li1,14.4900,48.9600,0.000002
FILLER_0_14_6,VGND,li1,11.0400,48.9600,0.000002
FILLER_0_13_67,VGND,li1,37.2600,48.9600,0.000002
FILLER_0_13_28,VGND,li1,18.6300,48.9600,0.000002
FILLER_0_13_23,VGND,li1,16.3300,48.9600,0.000002
FILLER_0_13_11,VGND,li1,11.2700,48.9600,0.000002
FILLER_0_13_3,VGND,li1,8.7400,48.9600,0.000002
FILLER_0_12_91,VGND,li1,47.6100,43.5200,0.000002
FILLER_0_12_82,VGND,li1,43.7000,43.5200,0.000002
FILLER_0_12_74,VGND,li1,39.7900,43.5200,0.000002
FILLER_0_12_68,VGND,li1,38.1800,43.5200,0.000002
FILLER_0_12_56,VGND,li1,34.0400,43.5200,0.000002
FILLER_0_12_42,VGND,li1,25.7600,43.5200,0.000002
FILLER_0_12_34,VGND,li1,21.6200,43.5200,0.000003
FILLER_0_12_24,VGND,li1,16.7900,43.5200,0.000003
FILLER_0_12_18,VGND,li1,15.1800,43.5200,0.000003
FILLER_0_11_81,VGND,li1,43.2400,43.5200,0.000002
FILLER_0_11_68,VGND,li1,37.0300,43.5200,0.000002
FILLER_0_11_62,VGND,li1,34.2700,43.5200,0.000002
FILLER_0_11_53,VGND,li1,30.5900,43.5200,0.000002
FILLER_0_11_42,VGND,li1,25.0700,43.5200,0.000002
FILLER_0_11_38,VGND,li1,23.9200,43.5200,0.000002
FILLER_0_11_28,VGND,li1,18.6300,43.5200,0.000003
FILLER_0_11_20,VGND,li1,16.5600,43.5200,0.000003
FILLER_0_11_3,VGND,li1,7.8200,43.5200,0.000005
FILLER_0_10_52,VGND,li1,29.9000,38.0800,0.000003
FILLER_0_10_37,VGND,li1,22.7700,38.0800,0.000003
FILLER_0_10_29,VGND,li1,20.7000,38.0800,0.000003
FILLER_0_10_26,VGND,li1,17.9400,38.0800,0.000003
FILLER_0_10_18,VGND,li1,15.6400,38.0800,0.000003
FILLER_0_10_6,VGND,li1,11.0400,38.0800,0.000005
FILLER_0_9_75,VGND,li1,40.2500,38.0800,0.000003
FILLER_0_9_67,VGND,li1,36.5700,38.0800,0.000003
FILLER_0_9_57,VGND,li1,32.4300,38.0800,0.000003
FILLER_0_9_50,VGND,li1,29.9000,38.0800,0.000003
FILLER_0_9_41,VGND,li1,24.6100,38.0800,0.000003
FILLER_0_9_37,VGND,li1,23.4600,38.0800,0.000003
FILLER_0_9_20,VGND,li1,14.9500,38.0800,0.000003
FILLER_0_9_16,VGND,li1,13.8000,38.0800,0.000003
FILLER_0_9_10,VGND,li1,10.3500,38.0800,0.000005
FILLER_0_8_78,VGND,li1,41.6300,32.6400,0.000003
FILLER_0_8_66,VGND,li1,36.1100,32.6400,0.000003
FILLER_0_8_60,VGND,li1,34.5000,32.6400,0.000003
FILLER_0_8_48,VGND,li1,30.3600,32.6400,0.000003
FILLER_0_8_39,VGND,li1,23.9200,32.6400,0.000003
FILLER_0_8_26,VGND,li1,17.9400,32.6400,0.000003
FILLER_0_8_3,VGND,li1,7.3600,32.6400,0.000003
FILLER_0_7_78,VGND,li1,41.6300,32.6400,0.000003
FILLER_0_7_55,VGND,li1,31.0500,32.6400,0.000003
FILLER_0_7_36,VGND,li1,23.4600,32.6400,0.000003
FILLER_0_7_22,VGND,li1,16.1000,32.6400,0.000003
FILLER_0_7_14,VGND,li1,13.8000,32.6400,0.000003
FILLER_0_6_90,VGND,li1,47.3800,27.2000,0.000002
FILLER_0_6_68,VGND,li1,37.2600,27.2000,0.000002
FILLER_0_6_41,VGND,li1,25.7600,27.2000,0.000002
FILLER_0_6_33,VGND,li1,20.9300,27.2000,0.000002
FILLER_0_6_29,VGND,li1,19.7800,27.2000,0.000002
FILLER_0_6_27,VGND,li1,18.1700,27.2000,0.000002
FILLER_0_6_21,VGND,li1,16.5600,27.2000,0.000002
FILLER_0_6_9,VGND,li1,12.4200,27.2000,0.000002
FILLER_0_5_62,VGND,li1,34.5000,27.2000,0.000002
FILLER_0_5_54,VGND,li1,30.8200,27.2000,0.000002
FILLER_0_5_35,VGND,li1,21.8500,27.2000,0.000002
FILLER_0_5_27,VGND,li1,18.4000,27.2000,0.000002
FILLER_0_5_19,VGND,li1,14.9500,27.2000,0.000002
FILLER_0_4_57,VGND,li1,32.2000,21.7600,0.000002
FILLER_0_4_45,VGND,li1,28.9800,21.7600,0.000002
FILLER_0_4_38,VGND,li1,23.2300,21.7600,0.000002
FILLER_0_4_27,VGND,li1,18.1700,21.7600,0.000003
FILLER_0_4_18,VGND,li1,14.0300,21.7600,0.000003
FILLER_0_4_12,VGND,li1,12.4200,21.7600,0.000003
FILLER_0_3_91,VGND,li1,47.6100,21.7600,0.000002
FILLER_0_3_66,VGND,li1,36.3400,21.7600,0.000002
FILLER_0_3_53,VGND,li1,30.5900,21.7600,0.000002
FILLER_0_3_45,VGND,li1,28.0600,21.7600,0.000002
FILLER_0_3_30,VGND,li1,21.1600,21.7600,0.000003
FILLER_0_3_18,VGND,li1,16.5600,21.7600,0.000003
FILLER_0_3_6,VGND,li1,11.0400,21.7600,0.000004
FILLER_0_2_59,VGND,li1,32.8900,16.3200,0.000002
FILLER_0_2_55,VGND,li1,31.7400,16.3200,0.000002
FILLER_0_2_47,VGND,li1,27.3700,16.3200,0.000002
FILLER_0_2_35,VGND,li1,22.0800,16.3200,0.000002
FILLER_0_2_3,VGND,li1,7.8200,16.3200,0.000002
FILLER_0_1_91,VGND,li1,47.6100,16.3200,0.000002
FILLER_0_1_84,VGND,li1,44.3900,16.3200,0.000002
FILLER_0_1_65,VGND,li1,35.6500,16.3200,0.000002
FILLER_0_1_51,VGND,li1,29.4400,16.3200,0.000002
FILLER_0_1_25,VGND,li1,18.8600,16.3200,0.000002
FILLER_0_1_21,VGND,li1,15.4100,16.3200,0.000001
FILLER_0_1_15,VGND,li1,12.8800,16.3200,0.000002
FILLER_0_1_3,VGND,li1,9.6600,16.3200,0.000002
FILLER_0_0_91,VGND,li1,47.6100,10.8800,0.000002
FILLER_0_0_85,VGND,li1,46.0000,10.8800,0.000002
FILLER_0_0_83,VGND,li1,43.9300,10.8800,0.000002
FILLER_0_0_79,VGND,li1,42.0900,10.8800,0.000003
FILLER_0_0_50,VGND,li1,29.9000,10.8800,0.000003
FILLER_0_0_34,VGND,li1,22.0800,10.8800,0.000003
FILLER_0_0_29,VGND,li1,19.3200,10.8800,0.000002
FILLER_0_0_27,VGND,li1,18.1700,10.8800,0.000002
FILLER_0_0_23,VGND,li1,16.3300,10.8800,0.000002
FILLER_0_0_15,VGND,li1,14.2600,10.8800,0.000002
FILLER_0_0_3,VGND,li1,9.6600,10.8800,0.000002
rebuffer17,VGND,li1,33.3500,32.6400,0.000003
rebuffer16,VGND,li1,25.0700,54.4000,0.000002
rebuffer15,VGND,li1,25.9900,32.6400,0.000003
rebuffer14,VGND,li1,16.7900,48.9600,0.000002
rebuffer13,VGND,li1,46.2300,16.3200,0.000002
rebuffer12,VGND,li1,46.2300,38.0800,0.000002
rebuffer11,VGND,li1,42.5500,27.2000,0.000003
rebuffer10,VGND,li1,42.0900,38.0800,0.000003
rebuffer9,VGND,li1,39.7900,54.4000,0.000002
rebuffer8,VGND,li1,39.7900,32.6400,0.000003
rebuffer7,VGND,li1,21.8500,32.6400,0.000003
rebuffer6,VGND,li1,39.7900,32.6400,0.000003
rebuffer5,VGND,li1,43.7000,21.7600,0.000002
rebuffer4,VGND,li1,28.9800,43.5200,0.000002
rebuffer3,VGND,li1,28.2900,54.4000,0.000002
rebuffer2,VGND,li1,21.8500,48.9600,0.000002
rebuffer1,VGND,li1,22.5400,48.9600,0.000002
output29,VGND,li1,25.0700,10.8800,0.000003
output28,VGND,li1,7.8200,21.7600,0.000005
output27,VGND,li1,7.8200,38.0800,0.000006
output26,VGND,li1,7.8200,43.5200,0.000005
output25,VGND,li1,33.1200,54.4000,0.000003
output24,VGND,li1,37.2600,32.6400,0.000003
output23,VGND,li1,37.2600,32.6400,0.000003
output22,VGND,li1,36.8000,10.8800,0.000003
output21,VGND,li1,33.8100,10.8800,0.000003
input20,VGND,li1,45.7700,43.5200,0.000002
input19,VGND,li1,45.7700,38.0800,0.000003
input18,VGND,li1,7.5900,32.6400,0.000003
input17,VGND,li1,41.1700,10.8800,0.000003
input16,VGND,li1,27.8300,10.8800,0.000003
input15,VGND,li1,7.5900,21.7600,0.000005
input14,VGND,li1,7.5900,27.2000,0.000003
input13,VGND,li1,7.5900,48.9600,0.000002
input12,VGND,li1,30.5900,54.4000,0.000003
input11,VGND,li1,45.3100,48.9600,0.000002
input10,VGND,li1,35.6500,27.2000,0.000002
input9,VGND,li1,33.3500,21.7600,0.000002
input8,VGND,li1,20.4700,10.8800,0.000003
input7,VGND,li1,17.2500,10.8800,0.000002
input6,VGND,li1,7.5900,38.0800,0.000006
input5,VGND,li1,22.7700,54.4000,0.000002
input4,VGND,li1,35.1900,54.4000,0.000002
input3,VGND,li1,46.6900,54.4000,0.000002
input2,VGND,li1,46.6900,21.7600,0.000002
input1,VGND,li1,43.0100,10.8800,0.000002
TAP_TAPCELL_ROW_15_58,VGND,li1,44.3900,54.1080,0.000002
TAP_TAPCELL_ROW_15_57,VGND,li1,31.5100,54.1080,0.000003
TAP_TAPCELL_ROW_15_56,VGND,li1,18.6300,54.1080,0.000001
TAP_TAPCELL_ROW_14_55,VGND,li1,44.3900,49.2510,0.000002
TAP_TAPCELL_ROW_14_54,VGND,li1,18.6300,49.2510,0.000002
TAP_TAPCELL_ROW_13_53,VGND,li1,31.5100,48.6680,0.000002
TAP_TAPCELL_ROW_12_52,VGND,li1,44.3900,43.8110,0.000002
TAP_TAPCELL_ROW_12_51,VGND,li1,18.6300,43.8110,0.000003
TAP_TAPCELL_ROW_11_50,VGND,li1,31.5100,43.2280,0.000002
TAP_TAPCELL_ROW_10_49,VGND,li1,44.3900,38.3710,0.000003
TAP_TAPCELL_ROW_10_48,VGND,li1,18.6300,38.3710,0.000003
TAP_TAPCELL_ROW_9_47,VGND,li1,31.5100,37.7880,0.000003
TAP_TAPCELL_ROW_8_46,VGND,li1,44.3900,32.9310,0.000002
TAP_TAPCELL_ROW_8_45,VGND,li1,18.6300,32.9310,0.000003
TAP_TAPCELL_ROW_7_44,VGND,li1,31.5100,32.3480,0.000003
TAP_TAPCELL_ROW_6_43,VGND,li1,44.3900,27.4910,0.000002
TAP_TAPCELL_ROW_6_42,VGND,li1,18.6300,27.4910,0.000002
TAP_TAPCELL_ROW_5_41,VGND,li1,31.5100,26.9080,0.000002
TAP_TAPCELL_ROW_4_40,VGND,li1,44.3900,22.0510,0.000002
TAP_TAPCELL_ROW_4_39,VGND,li1,18.6300,22.0510,0.000003
TAP_TAPCELL_ROW_3_38,VGND,li1,31.5100,21.4680,0.000002
TAP_TAPCELL_ROW_2_37,VGND,li1,44.3900,16.6110,0.000002
TAP_TAPCELL_ROW_2_36,VGND,li1,18.6300,16.6110,0.000002
TAP_TAPCELL_ROW_1_35,VGND,li1,31.5100,16.0280,0.000002
TAP_TAPCELL_ROW_0_34,VGND,li1,44.3900,11.1710,0.000002
TAP_TAPCELL_ROW_0_33,VGND,li1,31.5100,11.1710,0.000003
TAP_TAPCELL_ROW_0_32,VGND,li1,18.6300,11.1710,0.000002
PHY_EDGE_ROW_15_Left_31,VGND,li1,6.2100,54.4000,0.000001
PHY_EDGE_ROW_14_Left_30,VGND,li1,6.2100,48.9600,0.000002
PHY_EDGE_ROW_13_Left_29,VGND,li1,6.2100,48.9600,0.000002
PHY_EDGE_ROW_12_Left_28,VGND,li1,6.2100,43.5200,0.000005
PHY_EDGE_ROW_11_Left_27,VGND,li1,6.2100,43.5200,0.000005
PHY_EDGE_ROW_10_Left_26,VGND,li1,6.2100,38.0800,0.000006
PHY_EDGE_ROW_9_Left_25,VGND,li1,6.2100,38.0800,0.000006
PHY_EDGE_ROW_8_Left_24,VGND,li1,6.2100,32.6400,0.000003
PHY_EDGE_ROW_7_Left_23,VGND,li1,6.2100,32.6400,0.000003
PHY_EDGE_ROW_6_Left_22,VGND,li1,6.2100,27.2000,0.000003
PHY_EDGE_ROW_5_Left_21,VGND,li1,6.2100,27.2000,0.000003
PHY_EDGE_ROW_4_Left_20,VGND,li1,6.2100,21.7600,0.000005
PHY_EDGE_ROW_3_Left_19,VGND,li1,6.2100,21.7600,0.000005
PHY_EDGE_ROW_2_Left_18,VGND,li1,6.2100,16.3200,0.000002
PHY_EDGE_ROW_1_Left_17,VGND,li1,6.2100,16.3200,0.000002
PHY_EDGE_ROW_0_Left_16,VGND,li1,6.2100,10.8800,0.000002
PHY_EDGE_ROW_15_Right_15,VGND,li1,48.5300,54.4000,0.000002
PHY_EDGE_ROW_14_Right_14,VGND,li1,48.5300,48.9600,0.000002
PHY_EDGE_ROW_13_Right_13,VGND,li1,48.5300,48.9600,0.000002
PHY_EDGE_ROW_12_Right_12,VGND,li1,48.5300,43.5200,0.000002
PHY_EDGE_ROW_11_Right_11,VGND,li1,48.5300,43.5200,0.000002
PHY_EDGE_ROW_10_Right_10,VGND,li1,48.5300,38.0800,0.000002
PHY_EDGE_ROW_9_Right_9,VGND,li1,48.5300,38.0800,0.000002
PHY_EDGE_ROW_8_Right_8,VGND,li1,48.5300,32.6400,0.000002
PHY_EDGE_ROW_7_Right_7,VGND,li1,48.5300,32.6400,0.000002
PHY_EDGE_ROW_6_Right_6,VGND,li1,48.5300,27.2000,0.000002
PHY_EDGE_ROW_5_Right_5,VGND,li1,48.5300,27.2000,0.000002
PHY_EDGE_ROW_4_Right_4,VGND,li1,48.5300,21.7600,0.000002
PHY_EDGE_ROW_3_Right_3,VGND,li1,48.5300,21.7600,0.000002
PHY_EDGE_ROW_2_Right_2,VGND,li1,48.5300,16.3200,0.000002
PHY_EDGE_ROW_1_Right_1,VGND,li1,48.5300,16.3200,0.000002
PHY_EDGE_ROW_0_Right_0,VGND,li1,48.5300,10.8800,0.000002
_226_,VGND,li1,22.7700,27.2000,0.000002
_225_,VGND,li1,8.9700,27.2000,0.000003
_224_,VGND,li1,9.4300,38.0800,0.000005
_223_,VGND,li1,13.1100,43.5200,0.000003
_222_,VGND,li1,23.6900,38.0800,0.000003
_221_,VGND,li1,46.6900,43.5200,0.000002
_220_,VGND,li1,35.6500,32.6400,0.000003
_219_,VGND,li1,38.4100,10.8800,0.000003
_218_,VGND,li1,34.5000,16.3200,0.000002
_217_,VGND,li1,33.8100,21.7600,0.000002
_216_,VGND,li1,34.7300,21.7600,0.000002
_215_,VGND,li1,36.8000,21.7600,0.000002
_214_,VGND,li1,39.7900,21.7600,0.000002
_213_,VGND,li1,33.5800,16.3200,0.000002
_212_,VGND,li1,29.2100,16.3200,0.000002
_211_,VGND,li1,23.6900,16.3200,0.000002
_210_,VGND,li1,30.5900,16.3200,0.000002
_209_,VGND,li1,28.7500,27.2000,0.000002
_208_,VGND,li1,24.8400,21.7600,0.000002
_207_,VGND,li1,25.3000,27.2000,0.000002
_206_,VGND,li1,25.9900,16.3200,0.000002
_205_,VGND,li1,25.5300,21.7600,0.000002
_204_,VGND,li1,23.9200,21.7600,0.000002
_203_,VGND,li1,26.9100,16.3200,0.000002
_202_,VGND,li1,21.6200,16.3200,0.000002
_201_,VGND,li1,23.6900,16.3200,0.000002
_200_,VGND,li1,20.9300,21.7600,0.000003
_199_,VGND,li1,16.7900,27.2000,0.000002
_198_,VGND,li1,16.7900,16.3200,0.000002
_197_,VGND,li1,20.2400,16.3200,0.000002
_196_,VGND,li1,16.3300,16.3200,0.000002
_195_,VGND,li1,8.7400,27.2000,0.000003
_194_,VGND,li1,9.8900,21.7600,0.000004
_193_,VGND,li1,12.4200,27.2000,0.000002
_192_,VGND,li1,15.4100,21.7600,0.000003
_191_,VGND,li1,17.2500,21.7600,0.000003
_190_,VGND,li1,9.6600,16.3200,0.000002
_189_,VGND,li1,11.7300,16.3200,0.000002
_188_,VGND,li1,14.2600,16.3200,0.000001
_187_,VGND,li1,14.0300,16.3200,0.000001
_186_,VGND,li1,20.0100,32.6400,0.000003
_185_,VGND,li1,16.3300,38.0800,0.000003
_184_,VGND,li1,22.7700,27.2000,0.000002
_183_,VGND,li1,17.2500,32.6400,0.000003
_182_,VGND,li1,10.1200,32.6400,0.000003
_181_,VGND,li1,8.9700,32.6400,0.000003
_180_,VGND,li1,11.9600,32.6400,0.000003
_179_,VGND,li1,16.3300,32.6400,0.000003
_178_,VGND,li1,19.5500,32.6400,0.000003
_177_,VGND,li1,14.4900,32.6400,0.000003
_176_,VGND,li1,11.7300,38.0800,0.000004
_175_,VGND,li1,20.2400,27.2000,0.000002
_174_,VGND,li1,18.8600,38.0800,0.000003
_173_,VGND,li1,21.3900,38.0800,0.000003
_172_,VGND,li1,20.9300,43.5200,0.000003
_171_,VGND,li1,24.6100,48.9600,0.000002
_170_,VGND,li1,20.4700,54.4000,0.000002
_169_,VGND,li1,23.4600,43.5200,0.000002
_168_,VGND,li1,19.5500,48.9600,0.000002
_167_,VGND,li1,10.5800,43.5200,0.000004
_166_,VGND,li1,9.8900,43.5200,0.000004
_165_,VGND,li1,12.8800,43.5200,0.000003
_164_,VGND,li1,20.0100,43.5200,0.000003
_163_,VGND,li1,17.7100,43.5200,0.000003
_162_,VGND,li1,15.1800,48.9600,0.000002
_161_,VGND,li1,13.1100,48.9600,0.000002
_160_,VGND,li1,17.4800,48.9600,0.000002
_159_,VGND,li1,17.2500,54.4000,0.000001
_158_,VGND,li1,26.4500,43.5200,0.000002
_157_,VGND,li1,33.3500,48.9600,0.000002
_156_,VGND,li1,27.3700,48.9600,0.000002
_155_,VGND,li1,32.4300,48.9600,0.000002
_154_,VGND,li1,26.6800,38.0800,0.000003
_153_,VGND,li1,32.8900,43.5200,0.000002
_152_,VGND,li1,27.6000,38.0800,0.000003
_151_,VGND,li1,30.1300,48.9600,0.000002
_150_,VGND,li1,35.6500,48.9600,0.000002
_149_,VGND,li1,25.0700,38.0800,0.000003
_148_,VGND,li1,28.7500,43.5200,0.000002
_147_,VGND,li1,27.8300,48.9600,0.000002
_146_,VGND,li1,38.6400,48.9600,0.000002
_145_,VGND,li1,40.0200,48.9600,0.000002
_144_,VGND,li1,45.3100,54.4000,0.000002
_143_,VGND,li1,43.4700,48.9600,0.000002
_142_,VGND,li1,45.7700,48.9600,0.000002
_141_,VGND,li1,40.9400,38.0800,0.000003
_140_,VGND,li1,41.6300,43.5200,0.000002
_139_,VGND,li1,40.9400,43.5200,0.000002
_138_,VGND,li1,38.4100,38.0800,0.000003
_137_,VGND,li1,45.3100,43.5200,0.000002
_136_,VGND,li1,46.2300,32.6400,0.000002
_135_,VGND,li1,38.1800,43.5200,0.000002
_134_,VGND,li1,47.1500,48.9600,0.000002
_133_,VGND,li1,42.5500,54.4000,0.000002
_132_,VGND,li1,43.0100,48.9600,0.000002
_131_,VGND,li1,43.0100,32.6400,0.000003
_130_,VGND,li1,39.3300,27.2000,0.000003
_129_,VGND,li1,41.1700,21.7600,0.000002
_128_,VGND,li1,44.8500,32.6400,0.000002
_127_,VGND,li1,28.9800,27.2000,0.000002
_126_,VGND,li1,32.6600,27.2000,0.000002
_125_,VGND,li1,31.9700,38.0800,0.000003
_124_,VGND,li1,43.4700,38.0800,0.000003
_123_,VGND,li1,35.6500,43.5200,0.000002
_122_,VGND,li1,45.7700,27.2000,0.000002
_121_,VGND,li1,32.8900,27.2000,0.000002
_120_,VGND,li1,37.4900,21.7600,0.000002
_119_,VGND,li1,34.7300,38.0800,0.000003
_118_,VGND,li1,35.6500,27.2000,0.000002
_117_,VGND,li1,37.0300,27.2000,0.000002
_116_,VGND,li1,42.7800,27.2000,0.000003
_115_,VGND,li1,40.0200,16.3200,0.000003
_114_,VGND,li1,46.2300,21.7600,0.000002
_113_,VGND,li1,38.4100,38.0800,0.000003
_112_,VGND,li1,29.9000,32.6400,0.000003
_111_,VGND,li1,46.0000,16.3200,0.000002
_110_,VGND,li1,40.4800,16.3200,0.000003
_109_,VGND,li1,26.9100,32.6400,0.000003
_108_,VGND,li1,37.4900,16.3200,0.000002
_107_,VGND,li1,43.0100,16.3200,0.000002
_106_,VGND,li1,39.7900,10.8800,0.000003
_105_,VGND,li1,35.6500,38.0800,0.000003
