Instance,Terminal,Layer,X location,Y location,Voltage
FILLER_0_13_78,VPWR,li1,41.8600,46.2400,1.799997
FILLER_0_13_67,VPWR,li1,36.8000,46.2400,1.799997
FILLER_0_13_55,VPWR,li1,31.0500,46.2400,1.799997
FILLER_0_13_29,VPWR,li1,19.5500,46.2400,1.799997
FILLER_0_13_13,VPWR,li1,13.3400,46.2400,1.799997
FILLER_0_13_6,VPWR,li1,8.5100,46.2400,1.799997
FILLER_0_12_82,VPWR,li1,43.4700,46.2400,1.799997
FILLER_0_12_59,VPWR,li1,32.8900,46.2400,1.799997
FILLER_0_12_14,VPWR,li1,12.4200,46.2400,1.799997
FILLER_0_12_3,VPWR,li1,7.3600,46.2400,1.799997
FILLER_0_11_82,VPWR,li1,43.4700,40.8000,1.799996
FILLER_0_11_74,VPWR,li1,39.7900,40.8000,1.799996
FILLER_0_11_67,VPWR,li1,36.8000,40.8000,1.799996
FILLER_0_11_41,VPWR,li1,24.6100,40.8000,1.799997
FILLER_0_11_36,VPWR,li1,22.5400,40.8000,1.799997
FILLER_0_11_28,VPWR,li1,18.6300,40.8000,1.799997
FILLER_0_11_16,VPWR,li1,13.1100,40.8000,1.799997
FILLER_0_11_7,VPWR,li1,9.2000,40.8000,1.799997
FILLER_0_10_77,VPWR,li1,41.4000,40.8000,1.799996
FILLER_0_10_62,VPWR,li1,34.5000,40.8000,1.799996
FILLER_0_10_54,VPWR,li1,32.2000,40.8000,1.799997
FILLER_0_10_27,VPWR,li1,18.1700,40.8000,1.799997
FILLER_0_10_21,VPWR,li1,16.5600,40.8000,1.799997
FILLER_0_10_3,VPWR,li1,7.3600,40.8000,1.799996
FILLER_0_9_73,VPWR,li1,39.3300,35.3600,1.799998
FILLER_0_9_57,VPWR,li1,31.9700,35.3600,1.799997
FILLER_0_9_54,VPWR,li1,30.8200,35.3600,1.799998
FILLER_0_9_42,VPWR,li1,25.5300,35.3600,1.799997
FILLER_0_9_25,VPWR,li1,19.7800,35.3600,1.799998
FILLER_0_9_13,VPWR,li1,14.2600,35.3600,1.799997
FILLER_0_9_3,VPWR,li1,7.3600,35.3600,1.799996
FILLER_0_8_69,VPWR,li1,37.7200,35.3600,1.799997
FILLER_0_8_40,VPWR,li1,24.3800,35.3600,1.799997
FILLER_0_8_22,VPWR,li1,15.8700,35.3600,1.799997
FILLER_0_8_16,VPWR,li1,14.2600,35.3600,1.799997
FILLER_0_8_10,VPWR,li1,10.3500,35.3600,1.799997
FILLER_0_7_55,VPWR,li1,31.0500,29.9200,1.799997
FILLER_0_7_35,VPWR,li1,21.8500,29.9200,1.799997
FILLER_0_7_3,VPWR,li1,7.3600,29.9200,1.799997
FILLER_0_6_72,VPWR,li1,38.8700,29.9200,1.799997
FILLER_0_6_55,VPWR,li1,31.2800,29.9200,1.799997
FILLER_0_6_26,VPWR,li1,17.9400,29.9200,1.799997
FILLER_0_6_17,VPWR,li1,14.7200,29.9200,1.799997
FILLER_0_5_60,VPWR,li1,33.3500,24.4800,1.799997
FILLER_0_5_55,VPWR,li1,31.0500,24.4800,1.799997
FILLER_0_5_42,VPWR,li1,25.3000,24.4800,1.799997
FILLER_0_5_29,VPWR,li1,19.3200,24.4800,1.799997
FILLER_0_5_21,VPWR,li1,15.4100,24.4800,1.799997
FILLER_0_5_13,VPWR,li1,13.3400,24.4800,1.799997
FILLER_0_4_82,VPWR,li1,43.4700,24.4800,1.799997
FILLER_0_4_38,VPWR,li1,24.3800,24.4800,1.799997
FILLER_0_4_26,VPWR,li1,17.9400,24.4800,1.799997
FILLER_0_4_18,VPWR,li1,15.6400,24.4800,1.799997
FILLER_0_4_3,VPWR,li1,7.3600,24.4800,1.799996
FILLER_0_3_28,VPWR,li1,18.6300,19.0400,1.799997
FILLER_0_3_22,VPWR,li1,17.0200,19.0400,1.799997
FILLER_0_3_13,VPWR,li1,12.4200,19.0400,1.799997
FILLER_0_3_3,VPWR,li1,7.3600,19.0400,1.799997
FILLER_0_2_60,VPWR,li1,33.5800,19.0400,1.799996
FILLER_0_2_29,VPWR,li1,19.3200,19.0400,1.799997
FILLER_0_2_13,VPWR,li1,11.7300,19.0400,1.799997
FILLER_0_1_82,VPWR,li1,43.4700,13.6000,1.799997
FILLER_0_1_57,VPWR,li1,31.9700,13.6000,1.799996
FILLER_0_1_51,VPWR,li1,29.2100,13.6000,1.799996
FILLER_0_1_28,VPWR,li1,18.6300,13.6000,1.799996
FILLER_0_1_3,VPWR,li1,7.3600,13.6000,1.799997
FILLER_0_0_69,VPWR,li1,37.7200,13.6000,1.799996
FILLER_0_0_49,VPWR,li1,28.5200,13.6000,1.799996
FILLER_0_0_29,VPWR,li1,19.3200,13.6000,1.799996
FILLER_0_0_13,VPWR,li1,11.9600,13.6000,1.799996
rebuffer13,VPWR,li1,22.3100,19.0400,1.799997
rebuffer12,VPWR,li1,27.3700,24.4800,1.799997
rebuffer11,VPWR,li1,38.4100,24.4800,1.799997
rebuffer10,VPWR,li1,34.5000,24.4800,1.799997
rebuffer9,VPWR,li1,37.0300,29.9200,1.799997
rebuffer8,VPWR,li1,41.6300,24.4800,1.799997
rebuffer7,VPWR,li1,34.7300,29.9200,1.799997
rebuffer6,VPWR,li1,39.7900,35.3600,1.799998
rebuffer5,VPWR,li1,37.9500,29.9200,1.799997
rebuffer4,VPWR,li1,34.0400,40.8000,1.799996
rebuffer3,VPWR,li1,29.2100,46.2400,1.799997
rebuffer2,VPWR,li1,16.7900,46.2400,1.799997
rebuffer1,VPWR,li1,17.4800,46.2400,1.799997
output29,VPWR,li1,21.8500,13.6000,1.799996
output28,VPWR,li1,7.8200,24.4800,1.799996
output27,VPWR,li1,7.8200,35.3600,1.799996
output26,VPWR,li1,7.8200,40.8000,1.799996
output25,VPWR,li1,23.0000,46.2400,1.799997
output24,VPWR,li1,42.7800,40.8000,1.799996
output23,VPWR,li1,42.7800,19.0400,1.799995
output22,VPWR,li1,30.3600,13.6000,1.799996
output21,VPWR,li1,25.9900,13.6000,1.799995
input20,VPWR,li1,41.6300,35.3600,1.799997
input19,VPWR,li1,41.6300,29.9200,1.799997
input18,VPWR,li1,7.5900,29.9200,1.799997
input17,VPWR,li1,8.9700,13.6000,1.799997
input16,VPWR,li1,17.7100,19.0400,1.799997
input15,VPWR,li1,7.5900,19.0400,1.799997
input14,VPWR,li1,9.4300,24.4800,1.799997
input13,VPWR,li1,7.5900,46.2400,1.799997
input12,VPWR,li1,20.9300,46.2400,1.799997
input11,VPWR,li1,35.6500,40.8000,1.799996
input10,VPWR,li1,30.5900,19.0400,1.799997
input9,VPWR,li1,27.8300,19.0400,1.799997
input8,VPWR,li1,16.3300,19.0400,1.799997
input7,VPWR,li1,7.5900,13.6000,1.799997
input6,VPWR,li1,14.4900,40.8000,1.799997
input5,VPWR,li1,10.8100,46.2400,1.799997
input4,VPWR,li1,35.6500,46.2400,1.799997
input3,VPWR,li1,43.0100,46.2400,1.799997
input2,VPWR,li1,34.7300,19.0400,1.799996
input1,VPWR,li1,14.4900,13.6000,1.799996
TAP_TAPCELL_ROW_13_43,VPWR,li1,31.5100,46.5460,1.799997
TAP_TAPCELL_ROW_13_42,VPWR,li1,18.6300,46.5460,1.799997
TAP_TAPCELL_ROW_12_41,VPWR,li1,18.6300,45.9330,1.799997
TAP_TAPCELL_ROW_11_40,VPWR,li1,31.5100,41.1060,1.799997
TAP_TAPCELL_ROW_10_39,VPWR,li1,18.6300,40.4930,1.799997
TAP_TAPCELL_ROW_9_38,VPWR,li1,31.5100,35.6660,1.799998
TAP_TAPCELL_ROW_8_37,VPWR,li1,18.6300,35.0530,1.799997
TAP_TAPCELL_ROW_7_36,VPWR,li1,31.5100,30.2260,1.799997
TAP_TAPCELL_ROW_6_35,VPWR,li1,18.6300,29.6130,1.799997
TAP_TAPCELL_ROW_5_34,VPWR,li1,31.5100,24.7860,1.799997
TAP_TAPCELL_ROW_4_33,VPWR,li1,18.6300,24.1730,1.799997
TAP_TAPCELL_ROW_3_32,VPWR,li1,31.5100,19.3460,1.799997
TAP_TAPCELL_ROW_2_31,VPWR,li1,18.6300,18.7330,1.799997
TAP_TAPCELL_ROW_1_30,VPWR,li1,31.5100,13.9060,1.799996
TAP_TAPCELL_ROW_0_29,VPWR,li1,31.5100,13.2930,1.799996
TAP_TAPCELL_ROW_0_28,VPWR,li1,18.6300,13.2930,1.799996
PHY_EDGE_ROW_13_Left_27,VPWR,li1,6.2100,46.2400,1.799997
PHY_EDGE_ROW_12_Left_26,VPWR,li1,6.2100,46.2400,1.799997
PHY_EDGE_ROW_11_Left_25,VPWR,li1,6.2100,40.8000,1.799996
PHY_EDGE_ROW_10_Left_24,VPWR,li1,6.2100,40.8000,1.799996
PHY_EDGE_ROW_9_Left_23,VPWR,li1,6.2100,35.3600,1.799996
PHY_EDGE_ROW_8_Left_22,VPWR,li1,6.2100,35.3600,1.799996
PHY_EDGE_ROW_7_Left_21,VPWR,li1,6.2100,29.9200,1.799997
PHY_EDGE_ROW_6_Left_20,VPWR,li1,6.2100,29.9200,1.799997
PHY_EDGE_ROW_5_Left_19,VPWR,li1,6.2100,24.4800,1.799996
PHY_EDGE_ROW_4_Left_18,VPWR,li1,6.2100,24.4800,1.799996
PHY_EDGE_ROW_3_Left_17,VPWR,li1,6.2100,19.0400,1.799997
PHY_EDGE_ROW_2_Left_16,VPWR,li1,6.2100,19.0400,1.799997
PHY_EDGE_ROW_1_Left_15,VPWR,li1,6.2100,13.6000,1.799997
PHY_EDGE_ROW_0_Left_14,VPWR,li1,6.2100,13.6000,1.799997
PHY_EDGE_ROW_13_Right_13,VPWR,li1,44.3900,46.2400,1.799997
PHY_EDGE_ROW_12_Right_12,VPWR,li1,44.3900,46.2400,1.799997
PHY_EDGE_ROW_11_Right_11,VPWR,li1,44.3900,40.8000,1.799996
PHY_EDGE_ROW_10_Right_10,VPWR,li1,44.3900,40.8000,1.799996
PHY_EDGE_ROW_9_Right_9,VPWR,li1,44.3900,35.3600,1.799997
PHY_EDGE_ROW_8_Right_8,VPWR,li1,44.3900,35.3600,1.799997
PHY_EDGE_ROW_7_Right_7,VPWR,li1,44.3900,29.9200,1.799997
PHY_EDGE_ROW_6_Right_6,VPWR,li1,44.3900,29.9200,1.799997
PHY_EDGE_ROW_5_Right_5,VPWR,li1,44.3900,24.4800,1.799997
PHY_EDGE_ROW_4_Right_4,VPWR,li1,44.3900,24.4800,1.799997
PHY_EDGE_ROW_3_Right_3,VPWR,li1,44.3900,19.0400,1.799995
PHY_EDGE_ROW_2_Right_2,VPWR,li1,44.3900,19.0400,1.799995
PHY_EDGE_ROW_1_Right_1,VPWR,li1,44.3900,13.6000,1.799997
PHY_EDGE_ROW_0_Right_0,VPWR,li1,44.3900,13.6000,1.799997
_226_,VPWR,li1,20.4700,24.4800,1.799997
_225_,VPWR,li1,10.8100,24.4800,1.799997
_224_,VPWR,li1,9.4300,35.3600,1.799997
_223_,VPWR,li1,9.4300,46.2400,1.799997
_222_,VPWR,li1,23.6900,40.8000,1.799997
_221_,VPWR,li1,26.9100,29.9200,1.799996
_220_,VPWR,li1,26.4500,24.4800,1.799997
_219_,VPWR,li1,42.5500,13.6000,1.799997
_218_,VPWR,li1,35.8800,13.6000,1.799996
_217_,VPWR,li1,31.0500,19.0400,1.799997
_216_,VPWR,li1,15.8700,13.6000,1.799996
_215_,VPWR,li1,33.1200,13.6000,1.799996
_214_,VPWR,li1,37.0300,13.6000,1.799996
_213_,VPWR,li1,27.1400,13.6000,1.799996
_212_,VPWR,li1,25.9900,19.0400,1.799997
_211_,VPWR,li1,20.9300,19.0400,1.799997
_210_,VPWR,li1,28.2900,19.0400,1.799997
_209_,VPWR,li1,25.5300,19.0400,1.799997
_208_,VPWR,li1,23.0000,29.9200,1.799996
_207_,VPWR,li1,23.0000,24.4800,1.799997
_206_,VPWR,li1,23.2300,19.0400,1.799997
_205_,VPWR,li1,13.1100,13.6000,1.799996
_204_,VPWR,li1,19.7800,19.0400,1.799997
_203_,VPWR,li1,23.2300,13.6000,1.799995
_202_,VPWR,li1,17.4800,13.6000,1.799996
_201_,VPWR,li1,20.0100,13.6000,1.799996
_200_,VPWR,li1,20.9300,24.4800,1.799997
_199_,VPWR,li1,14.4900,19.0400,1.799997
_198_,VPWR,li1,14.0300,13.6000,1.799996
_197_,VPWR,li1,17.0200,13.6000,1.799996
_196_,VPWR,li1,14.9500,19.0400,1.799997
_195_,VPWR,li1,9.6600,19.0400,1.799997
_194_,VPWR,li1,8.9700,24.4800,1.799997
_193_,VPWR,li1,11.9600,24.4800,1.799997
_192_,VPWR,li1,13.1100,19.0400,1.799997
_191_,VPWR,li1,10.8100,19.0400,1.799997
_190_,VPWR,li1,9.2000,19.0400,1.799997
_189_,VPWR,li1,8.9700,13.6000,1.799997
_188_,VPWR,li1,10.5800,13.6000,1.799997
_187_,VPWR,li1,11.2700,13.6000,1.799996
_186_,VPWR,li1,19.5500,29.9200,1.799997
_185_,VPWR,li1,22.7700,35.3600,1.799997
_184_,VPWR,li1,17.2500,24.4800,1.799997
_183_,VPWR,li1,16.7900,29.9200,1.799997
_182_,VPWR,li1,10.1200,29.9200,1.799997
_181_,VPWR,li1,8.9700,29.9200,1.799997
_180_,VPWR,li1,11.9600,29.9200,1.799997
_179_,VPWR,li1,16.3300,29.9200,1.799997
_178_,VPWR,li1,14.4900,29.9200,1.799997
_177_,VPWR,li1,12.6500,29.9200,1.799997
_176_,VPWR,li1,11.7300,35.3600,1.799997
_175_,VPWR,li1,20.2400,29.9200,1.799997
_174_,VPWR,li1,20.2400,35.3600,1.799998
_173_,VPWR,li1,17.2500,35.3600,1.799997
_172_,VPWR,li1,20.9300,40.8000,1.799997
_171_,VPWR,li1,14.4900,40.8000,1.799997
_170_,VPWR,li1,20.4700,40.8000,1.799997
_169_,VPWR,li1,17.0200,40.8000,1.799997
_168_,VPWR,li1,15.8700,46.2400,1.799997
_167_,VPWR,li1,9.6600,35.3600,1.799997
_166_,VPWR,li1,8.9700,40.8000,1.799997
_165_,VPWR,li1,11.9600,40.8000,1.799997
_164_,VPWR,li1,20.0100,46.2400,1.799997
_163_,VPWR,li1,10.3500,40.8000,1.799997
_162_,VPWR,li1,8.7400,46.2400,1.799997
_161_,VPWR,li1,10.8100,46.2400,1.799997
_160_,VPWR,li1,11.9600,40.8000,1.799997
_159_,VPWR,li1,14.0300,46.2400,1.799997
_158_,VPWR,li1,30.5900,40.8000,1.799997
_157_,VPWR,li1,22.7700,46.2400,1.799997
_156_,VPWR,li1,25.9900,46.2400,1.799997
_155_,VPWR,li1,33.3500,46.2400,1.799997
_154_,VPWR,li1,24.8400,40.8000,1.799997
_153_,VPWR,li1,23.6900,35.3600,1.799997
_152_,VPWR,li1,28.5200,40.8000,1.799997
_151_,VPWR,li1,31.5100,46.2400,1.799997
_150_,VPWR,li1,25.5300,40.8000,1.799997
_149_,VPWR,li1,29.2100,40.8000,1.799997
_148_,VPWR,li1,27.3700,40.8000,1.799997
_147_,VPWR,li1,27.3700,46.2400,1.799997
_146_,VPWR,li1,36.3400,46.2400,1.799997
_145_,VPWR,li1,41.4000,46.2400,1.799997
_144_,VPWR,li1,39.3300,46.2400,1.799997
_143_,VPWR,li1,41.6300,40.8000,1.799996
_142_,VPWR,li1,40.7100,46.2400,1.799997
_141_,VPWR,li1,35.4200,35.3600,1.799997
_140_,VPWR,li1,37.9500,40.8000,1.799996
_139_,VPWR,li1,37.2600,35.3600,1.799997
_138_,VPWR,li1,32.8900,35.3600,1.799997
_137_,VPWR,li1,43.0100,29.9200,1.799997
_136_,VPWR,li1,40.7100,29.9200,1.799997
_135_,VPWR,li1,34.5000,35.3600,1.799997
_134_,VPWR,li1,40.2500,40.8000,1.799996
_133_,VPWR,li1,38.4100,40.8000,1.799996
_132_,VPWR,li1,37.9500,46.2400,1.799997
_131_,VPWR,li1,42.5500,35.3600,1.799997
_130_,VPWR,li1,37.0300,19.0400,1.799996
_129_,VPWR,li1,40.2500,19.0400,1.799996
_128_,VPWR,li1,40.2500,13.6000,1.799997
_127_,VPWR,li1,28.9800,24.4800,1.799997
_126_,VPWR,li1,33.5800,29.9200,1.799997
_125_,VPWR,li1,29.2100,29.9200,1.799997
_124_,VPWR,li1,32.4300,29.9200,1.799997
_123_,VPWR,li1,25.9900,35.3600,1.799997
_122_,VPWR,li1,27.3700,29.9200,1.799997
_121_,VPWR,li1,29.6700,29.9200,1.799997
_120_,VPWR,li1,34.7300,19.0400,1.799996
_119_,VPWR,li1,28.7500,35.3600,1.799997
_118_,VPWR,li1,32.8900,19.0400,1.799996
_117_,VPWR,li1,32.4300,24.4800,1.799997
_116_,VPWR,li1,38.6400,24.4800,1.799997
_115_,VPWR,li1,39.5600,19.0400,1.799996
_114_,VPWR,li1,30.5900,24.4800,1.799997
_113_,VPWR,li1,31.9700,35.3600,1.799997
_112_,VPWR,li1,25.3000,29.9200,1.799996
_111_,VPWR,li1,42.3200,13.6000,1.799997
_110_,VPWR,li1,39.5600,13.6000,1.799997
_109_,VPWR,li1,24.1500,29.9200,1.799996
_108_,VPWR,li1,33.8100,13.6000,1.799996
_107_,VPWR,li1,30.1300,13.6000,1.799996
_106_,VPWR,li1,29.2100,19.0400,1.799997
_105_,VPWR,li1,28.2900,35.3600,1.799997
