Instance,Terminal,Layer,X location,Y location,Voltage
FILLER_0_13_78,VGND,li1,41.8600,48.9600,0.000001
FILLER_0_13_67,VGND,li1,36.8000,48.9600,0.000002
FILLER_0_13_55,VGND,li1,31.0500,48.9600,0.000002
FILLER_0_13_29,VGND,li1,19.5500,48.9600,0.000002
FILLER_0_13_13,VGND,li1,13.3400,48.9600,0.000002
FILLER_0_13_6,VGND,li1,8.5100,48.9600,0.000003
FILLER_0_12_82,VGND,li1,43.4700,43.5200,0.000002
FILLER_0_12_59,VGND,li1,32.8900,43.5200,0.000002
FILLER_0_12_14,VGND,li1,12.4200,43.5200,0.000004
FILLER_0_12_3,VGND,li1,7.3600,43.5200,0.000005
FILLER_0_11_82,VGND,li1,43.4700,43.5200,0.000002
FILLER_0_11_74,VGND,li1,39.7900,43.5200,0.000002
FILLER_0_11_67,VGND,li1,36.8000,43.5200,0.000002
FILLER_0_11_41,VGND,li1,24.6100,43.5200,0.000002
FILLER_0_11_36,VGND,li1,22.5400,43.5200,0.000002
FILLER_0_11_28,VGND,li1,18.6300,43.5200,0.000003
FILLER_0_11_16,VGND,li1,13.1100,43.5200,0.000003
FILLER_0_11_7,VGND,li1,9.2000,43.5200,0.000004
FILLER_0_10_77,VGND,li1,41.4000,38.0800,0.000004
FILLER_0_10_62,VGND,li1,34.5000,38.0800,0.000003
FILLER_0_10_54,VGND,li1,32.2000,38.0800,0.000003
FILLER_0_10_27,VGND,li1,18.1700,38.0800,0.000002
FILLER_0_10_21,VGND,li1,16.5600,38.0800,0.000002
FILLER_0_10_3,VGND,li1,7.3600,38.0800,0.000003
FILLER_0_9_73,VGND,li1,39.3300,38.0800,0.000003
FILLER_0_9_57,VGND,li1,31.9700,38.0800,0.000003
FILLER_0_9_54,VGND,li1,30.8200,38.0800,0.000003
FILLER_0_9_42,VGND,li1,25.5300,38.0800,0.000002
FILLER_0_9_25,VGND,li1,19.7800,38.0800,0.000002
FILLER_0_9_13,VGND,li1,14.2600,38.0800,0.000002
FILLER_0_9_3,VGND,li1,7.3600,38.0800,0.000003
FILLER_0_8_69,VGND,li1,37.7200,32.6400,0.000003
FILLER_0_8_40,VGND,li1,24.3800,32.6400,0.000004
FILLER_0_8_22,VGND,li1,15.8700,32.6400,0.000004
FILLER_0_8_16,VGND,li1,14.2600,32.6400,0.000004
FILLER_0_8_10,VGND,li1,10.3500,32.6400,0.000006
FILLER_0_7_55,VGND,li1,31.0500,32.6400,0.000004
FILLER_0_7_35,VGND,li1,21.8500,32.6400,0.000004
FILLER_0_7_3,VGND,li1,7.3600,32.6400,0.000006
FILLER_0_6_72,VGND,li1,38.8700,27.2000,0.000003
FILLER_0_6_55,VGND,li1,31.2800,27.2000,0.000003
FILLER_0_6_26,VGND,li1,17.9400,27.2000,0.000004
FILLER_0_6_17,VGND,li1,14.7200,27.2000,0.000004
FILLER_0_5_60,VGND,li1,33.3500,27.2000,0.000003
FILLER_0_5_55,VGND,li1,31.0500,27.2000,0.000003
FILLER_0_5_42,VGND,li1,25.3000,27.2000,0.000004
FILLER_0_5_29,VGND,li1,19.3200,27.2000,0.000004
FILLER_0_5_21,VGND,li1,15.4100,27.2000,0.000004
FILLER_0_5_13,VGND,li1,13.3400,27.2000,0.000004
FILLER_0_4_82,VGND,li1,43.4700,21.7600,0.000003
FILLER_0_4_38,VGND,li1,24.3800,21.7600,0.000003
FILLER_0_4_26,VGND,li1,17.9400,21.7600,0.000002
FILLER_0_4_18,VGND,li1,15.6400,21.7600,0.000002
FILLER_0_4_3,VGND,li1,7.3600,21.7600,0.000003
FILLER_0_3_28,VGND,li1,18.6300,21.7600,0.000002
FILLER_0_3_22,VGND,li1,17.0200,21.7600,0.000002
FILLER_0_3_13,VGND,li1,12.4200,21.7600,0.000002
FILLER_0_3_3,VGND,li1,7.3600,21.7600,0.000003
FILLER_0_2_60,VGND,li1,33.5800,16.3200,0.000003
FILLER_0_2_29,VGND,li1,19.3200,16.3200,0.000003
FILLER_0_2_13,VGND,li1,11.7300,16.3200,0.000003
FILLER_0_1_82,VGND,li1,43.4700,16.3200,0.000002
FILLER_0_1_57,VGND,li1,31.9700,16.3200,0.000003
FILLER_0_1_51,VGND,li1,29.2100,16.3200,0.000004
FILLER_0_1_28,VGND,li1,18.6300,16.3200,0.000003
FILLER_0_1_3,VGND,li1,7.3600,16.3200,0.000004
FILLER_0_0_69,VGND,li1,37.7200,10.8800,0.000002
FILLER_0_0_49,VGND,li1,28.5200,10.8800,0.000003
FILLER_0_0_29,VGND,li1,19.3200,10.8800,0.000003
FILLER_0_0_13,VGND,li1,11.9600,10.8800,0.000003
rebuffer13,VGND,li1,22.3100,21.7600,0.000002
rebuffer12,VGND,li1,27.3700,21.7600,0.000003
rebuffer11,VGND,li1,38.4100,21.7600,0.000003
rebuffer10,VGND,li1,34.5000,21.7600,0.000003
rebuffer9,VGND,li1,37.0300,27.2000,0.000003
rebuffer8,VGND,li1,41.6300,21.7600,0.000003
rebuffer7,VGND,li1,34.7300,32.6400,0.000003
rebuffer6,VGND,li1,39.7900,32.6400,0.000003
rebuffer5,VGND,li1,37.9500,32.6400,0.000003
rebuffer4,VGND,li1,34.0400,43.5200,0.000002
rebuffer3,VGND,li1,29.2100,48.9600,0.000002
rebuffer2,VGND,li1,16.7900,43.5200,0.000003
rebuffer1,VGND,li1,17.4800,48.9600,0.000002
output29,VGND,li1,21.8500,10.8800,0.000003
output28,VGND,li1,7.8200,27.2000,0.000006
output27,VGND,li1,7.8200,32.6400,0.000006
output26,VGND,li1,7.8200,43.5200,0.000005
output25,VGND,li1,23.0000,48.9600,0.000002
output24,VGND,li1,42.7800,38.0800,0.000003
output23,VGND,li1,42.7800,21.7600,0.000003
output22,VGND,li1,30.3600,16.3200,0.000004
output21,VGND,li1,25.9900,10.8800,0.000003
input20,VGND,li1,41.6300,38.0800,0.000004
input19,VGND,li1,41.6300,32.6400,0.000003
input18,VGND,li1,7.5900,27.2000,0.000006
input17,VGND,li1,8.9700,10.8800,0.000003
input16,VGND,li1,17.7100,16.3200,0.000003
input15,VGND,li1,7.5900,16.3200,0.000004
input14,VGND,li1,9.4300,27.2000,0.000006
input13,VGND,li1,7.5900,48.9600,0.000003
input12,VGND,li1,20.9300,48.9600,0.000002
input11,VGND,li1,35.6500,38.0800,0.000003
input10,VGND,li1,30.5900,21.7600,0.000003
input9,VGND,li1,27.8300,21.7600,0.000003
input8,VGND,li1,16.3300,16.3200,0.000003
input7,VGND,li1,7.5900,10.8800,0.000003
input6,VGND,li1,14.4900,38.0800,0.000002
input5,VGND,li1,10.8100,48.9600,0.000002
input4,VGND,li1,35.6500,48.9600,0.000002
input3,VGND,li1,43.0100,48.9600,0.000001
input2,VGND,li1,34.7300,16.3200,0.000003
input1,VGND,li1,14.4900,10.8800,0.000003
TAP_TAPCELL_ROW_13_43,VGND,li1,31.5100,48.6680,0.000002
TAP_TAPCELL_ROW_13_42,VGND,li1,18.6300,48.6680,0.000002
TAP_TAPCELL_ROW_12_41,VGND,li1,18.6300,43.8110,0.000003
TAP_TAPCELL_ROW_11_40,VGND,li1,31.5100,43.2280,0.000002
TAP_TAPCELL_ROW_10_39,VGND,li1,18.6300,38.3710,0.000002
TAP_TAPCELL_ROW_9_38,VGND,li1,31.5100,37.7880,0.000003
TAP_TAPCELL_ROW_8_37,VGND,li1,18.6300,32.9310,0.000004
TAP_TAPCELL_ROW_7_36,VGND,li1,31.5100,32.3480,0.000004
TAP_TAPCELL_ROW_6_35,VGND,li1,18.6300,27.4910,0.000004
TAP_TAPCELL_ROW_5_34,VGND,li1,31.5100,26.9080,0.000003
TAP_TAPCELL_ROW_4_33,VGND,li1,18.6300,22.0510,0.000002
TAP_TAPCELL_ROW_3_32,VGND,li1,31.5100,21.4680,0.000003
TAP_TAPCELL_ROW_2_31,VGND,li1,18.6300,16.6110,0.000003
TAP_TAPCELL_ROW_1_30,VGND,li1,31.5100,16.0280,0.000003
TAP_TAPCELL_ROW_0_29,VGND,li1,31.5100,11.1710,0.000002
TAP_TAPCELL_ROW_0_28,VGND,li1,18.6300,11.1710,0.000003
PHY_EDGE_ROW_13_Left_27,VGND,li1,6.2100,48.9600,0.000003
PHY_EDGE_ROW_12_Left_26,VGND,li1,6.2100,43.5200,0.000005
PHY_EDGE_ROW_11_Left_25,VGND,li1,6.2100,43.5200,0.000005
PHY_EDGE_ROW_10_Left_24,VGND,li1,6.2100,38.0800,0.000003
PHY_EDGE_ROW_9_Left_23,VGND,li1,6.2100,38.0800,0.000003
PHY_EDGE_ROW_8_Left_22,VGND,li1,6.2100,32.6400,0.000006
PHY_EDGE_ROW_7_Left_21,VGND,li1,6.2100,32.6400,0.000006
PHY_EDGE_ROW_6_Left_20,VGND,li1,6.2100,27.2000,0.000006
PHY_EDGE_ROW_5_Left_19,VGND,li1,6.2100,27.2000,0.000006
PHY_EDGE_ROW_4_Left_18,VGND,li1,6.2100,21.7600,0.000003
PHY_EDGE_ROW_3_Left_17,VGND,li1,6.2100,21.7600,0.000003
PHY_EDGE_ROW_2_Left_16,VGND,li1,6.2100,16.3200,0.000004
PHY_EDGE_ROW_1_Left_15,VGND,li1,6.2100,16.3200,0.000004
PHY_EDGE_ROW_0_Left_14,VGND,li1,6.2100,10.8800,0.000003
PHY_EDGE_ROW_13_Right_13,VGND,li1,44.3900,48.9600,0.000001
PHY_EDGE_ROW_12_Right_12,VGND,li1,44.3900,43.5200,0.000002
PHY_EDGE_ROW_11_Right_11,VGND,li1,44.3900,43.5200,0.000002
PHY_EDGE_ROW_10_Right_10,VGND,li1,44.3900,38.0800,0.000003
PHY_EDGE_ROW_9_Right_9,VGND,li1,44.3900,38.0800,0.000003
PHY_EDGE_ROW_8_Right_8,VGND,li1,44.3900,32.6400,0.000002
PHY_EDGE_ROW_7_Right_7,VGND,li1,44.3900,32.6400,0.000002
PHY_EDGE_ROW_6_Right_6,VGND,li1,44.3900,27.2000,0.000002
PHY_EDGE_ROW_5_Right_5,VGND,li1,44.3900,27.2000,0.000002
PHY_EDGE_ROW_4_Right_4,VGND,li1,44.3900,21.7600,0.000003
PHY_EDGE_ROW_3_Right_3,VGND,li1,44.3900,21.7600,0.000003
PHY_EDGE_ROW_2_Right_2,VGND,li1,44.3900,16.3200,0.000002
PHY_EDGE_ROW_1_Right_1,VGND,li1,44.3900,16.3200,0.000002
PHY_EDGE_ROW_0_Right_0,VGND,li1,44.3900,10.8800,0.000001
_226_,VGND,li1,20.4700,27.2000,0.000004
_225_,VGND,li1,10.8100,27.2000,0.000006
_224_,VGND,li1,9.4300,32.6400,0.000006
_223_,VGND,li1,9.4300,48.9600,0.000003
_222_,VGND,li1,23.6900,43.5200,0.000002
_221_,VGND,li1,26.9100,32.6400,0.000004
_220_,VGND,li1,26.4500,27.2000,0.000004
_219_,VGND,li1,42.5500,16.3200,0.000002
_218_,VGND,li1,35.8800,10.8800,0.000002
_217_,VGND,li1,31.0500,16.3200,0.000003
_216_,VGND,li1,15.8700,10.8800,0.000003
_215_,VGND,li1,33.1200,10.8800,0.000002
_214_,VGND,li1,37.0300,16.3200,0.000003
_213_,VGND,li1,27.1400,16.3200,0.000004
_212_,VGND,li1,25.9900,16.3200,0.000003
_211_,VGND,li1,20.9300,16.3200,0.000003
_210_,VGND,li1,28.2900,16.3200,0.000004
_209_,VGND,li1,25.5300,21.7600,0.000003
_208_,VGND,li1,23.0000,27.2000,0.000003
_207_,VGND,li1,23.0000,27.2000,0.000003
_206_,VGND,li1,23.2300,16.3200,0.000003
_205_,VGND,li1,13.1100,10.8800,0.000003
_204_,VGND,li1,19.7800,21.7600,0.000002
_203_,VGND,li1,23.2300,16.3200,0.000003
_202_,VGND,li1,17.4800,10.8800,0.000003
_201_,VGND,li1,20.0100,16.3200,0.000003
_200_,VGND,li1,20.9300,21.7600,0.000002
_199_,VGND,li1,14.4900,21.7600,0.000002
_198_,VGND,li1,14.0300,16.3200,0.000003
_197_,VGND,li1,17.0200,16.3200,0.000003
_196_,VGND,li1,14.9500,16.3200,0.000003
_195_,VGND,li1,9.6600,21.7600,0.000003
_194_,VGND,li1,8.9700,21.7600,0.000003
_193_,VGND,li1,11.9600,21.7600,0.000002
_192_,VGND,li1,13.1100,16.3200,0.000003
_191_,VGND,li1,10.8100,16.3200,0.000003
_190_,VGND,li1,9.2000,16.3200,0.000004
_189_,VGND,li1,8.9700,16.3200,0.000004
_188_,VGND,li1,10.5800,10.8800,0.000003
_187_,VGND,li1,11.2700,16.3200,0.000003
_186_,VGND,li1,19.5500,32.6400,0.000004
_185_,VGND,li1,22.7700,32.6400,0.000004
_184_,VGND,li1,17.2500,27.2000,0.000004
_183_,VGND,li1,16.7900,27.2000,0.000004
_182_,VGND,li1,10.1200,27.2000,0.000006
_181_,VGND,li1,8.9700,32.6400,0.000006
_180_,VGND,li1,11.9600,32.6400,0.000005
_179_,VGND,li1,16.3300,32.6400,0.000004
_178_,VGND,li1,14.4900,32.6400,0.000004
_177_,VGND,li1,12.6500,27.2000,0.000004
_176_,VGND,li1,11.7300,32.6400,0.000005
_175_,VGND,li1,20.2400,27.2000,0.000004
_174_,VGND,li1,20.2400,32.6400,0.000004
_173_,VGND,li1,17.2500,32.6400,0.000004
_172_,VGND,li1,20.9300,38.0800,0.000002
_171_,VGND,li1,14.4900,43.5200,0.000003
_170_,VGND,li1,20.4700,43.5200,0.000002
_169_,VGND,li1,17.0200,43.5200,0.000003
_168_,VGND,li1,15.8700,48.9600,0.000002
_167_,VGND,li1,9.6600,38.0800,0.000003
_166_,VGND,li1,8.9700,38.0800,0.000003
_165_,VGND,li1,11.9600,38.0800,0.000002
_164_,VGND,li1,20.0100,43.5200,0.000003
_163_,VGND,li1,10.3500,43.5200,0.000004
_162_,VGND,li1,8.7400,43.5200,0.000004
_161_,VGND,li1,10.8100,43.5200,0.000004
_160_,VGND,li1,11.9600,43.5200,0.000004
_159_,VGND,li1,14.0300,43.5200,0.000003
_158_,VGND,li1,30.5900,43.5200,0.000002
_157_,VGND,li1,22.7700,43.5200,0.000002
_156_,VGND,li1,25.9900,48.9600,0.000002
_155_,VGND,li1,33.3500,48.9600,0.000002
_154_,VGND,li1,24.8400,38.0800,0.000002
_153_,VGND,li1,23.6900,38.0800,0.000002
_152_,VGND,li1,28.5200,38.0800,0.000003
_151_,VGND,li1,31.5100,43.5200,0.000002
_150_,VGND,li1,25.5300,43.5200,0.000002
_149_,VGND,li1,29.2100,43.5200,0.000002
_148_,VGND,li1,27.3700,43.5200,0.000002
_147_,VGND,li1,27.3700,43.5200,0.000002
_146_,VGND,li1,36.3400,43.5200,0.000002
_145_,VGND,li1,41.4000,43.5200,0.000002
_144_,VGND,li1,39.3300,48.9600,0.000002
_143_,VGND,li1,41.6300,43.5200,0.000002
_142_,VGND,li1,40.7100,48.9600,0.000001
_141_,VGND,li1,35.4200,32.6400,0.000003
_140_,VGND,li1,37.9500,38.0800,0.000003
_139_,VGND,li1,37.2600,38.0800,0.000003
_138_,VGND,li1,32.8900,38.0800,0.000003
_137_,VGND,li1,43.0100,27.2000,0.000002
_136_,VGND,li1,40.7100,27.2000,0.000002
_135_,VGND,li1,34.5000,38.0800,0.000003
_134_,VGND,li1,40.2500,38.0800,0.000004
_133_,VGND,li1,38.4100,43.5200,0.000002
_132_,VGND,li1,37.9500,48.9600,0.000002
_131_,VGND,li1,42.5500,32.6400,0.000003
_130_,VGND,li1,37.0300,21.7600,0.000003
_129_,VGND,li1,40.2500,21.7600,0.000003
_128_,VGND,li1,40.2500,16.3200,0.000003
_127_,VGND,li1,28.9800,27.2000,0.000004
_126_,VGND,li1,33.5800,27.2000,0.000003
_125_,VGND,li1,29.2100,32.6400,0.000004
_124_,VGND,li1,32.4300,32.6400,0.000004
_123_,VGND,li1,25.9900,32.6400,0.000004
_122_,VGND,li1,27.3700,27.2000,0.000004
_121_,VGND,li1,29.6700,27.2000,0.000003
_120_,VGND,li1,34.7300,21.7600,0.000003
_119_,VGND,li1,28.7500,32.6400,0.000004
_118_,VGND,li1,32.8900,21.7600,0.000003
_117_,VGND,li1,32.4300,27.2000,0.000003
_116_,VGND,li1,38.6400,27.2000,0.000003
_115_,VGND,li1,39.5600,16.3200,0.000003
_114_,VGND,li1,30.5900,21.7600,0.000003
_113_,VGND,li1,31.9700,32.6400,0.000004
_112_,VGND,li1,25.3000,27.2000,0.000004
_111_,VGND,li1,42.3200,10.8800,0.000001
_110_,VGND,li1,39.5600,10.8800,0.000002
_109_,VGND,li1,24.1500,32.6400,0.000004
_108_,VGND,li1,33.8100,16.3200,0.000003
_107_,VGND,li1,30.1300,10.8800,0.000003
_106_,VGND,li1,29.2100,21.7600,0.000003
_105_,VGND,li1,28.2900,38.0800,0.000003
