
===========================================================================
 report_power
============================================================================
======================= Fastest Corner ===================================

Group                  Internal  Switching    Leakage      Total
                          Power      Power      Power      Power (Watts)
----------------------------------------------------------------
Sequential             0.00e+00   0.00e+00   0.00e+00   0.00e+00   0.0%
Combinational          2.84e-05   3.78e-05   8.71e-10   6.61e-05 100.0%
Clock                  0.00e+00   0.00e+00   1.24e-10   1.24e-10   0.0%
Macro                  0.00e+00   0.00e+00   0.00e+00   0.00e+00   0.0%
Pad                    0.00e+00   0.00e+00   0.00e+00   0.00e+00   0.0%
----------------------------------------------------------------
Total                  2.84e-05   3.78e-05   9.95e-10   6.61e-05 100.0%
                          42.9%      57.1%       0.0%

======================= Slowest Corner ===================================

Group                  Internal  Switching    Leakage      Total
                          Power      Power      Power      Power (Watts)
----------------------------------------------------------------
Sequential             0.00e+00   0.00e+00   0.00e+00   0.00e+00   0.0%
Combinational          2.07e-05   2.50e-05   8.14e-07   4.66e-05 100.0%
Clock                  0.00e+00   0.00e+00   1.24e-10   1.24e-10   0.0%
Macro                  0.00e+00   0.00e+00   0.00e+00   0.00e+00   0.0%
Pad                    0.00e+00   0.00e+00   0.00e+00   0.00e+00   0.0%
----------------------------------------------------------------
Total                  2.07e-05   2.50e-05   8.14e-07   4.66e-05 100.0%
                          44.5%      53.7%       1.7%

======================= Typical Corner ===================================

Group                  Internal  Switching    Leakage      Total
                          Power      Power      Power      Power (Watts)
----------------------------------------------------------------
Sequential             0.00e+00   0.00e+00   0.00e+00   0.00e+00   0.0%
Combinational          2.57e-05   3.19e-05   5.08e-10   5.76e-05 100.0%
Clock                  0.00e+00   0.00e+00   1.24e-10   1.24e-10   0.0%
Macro                  0.00e+00   0.00e+00   0.00e+00   0.00e+00   0.0%
Pad                    0.00e+00   0.00e+00   0.00e+00   0.00e+00   0.0%
----------------------------------------------------------------
Total                  2.57e-05   3.19e-05   6.32e-10   5.76e-05 100.0%
                          44.6%      55.4%       0.0%

