
===========================================================================
report_checks -path_delay max (Setup)
============================================================================
======================= Typical Corner ===================================

Startpoint: a[0] (input port clocked by __VIRTUAL_CLK__)
Endpoint: result[7] (output port clocked by __VIRTUAL_CLK__)
Path Group: __VIRTUAL_CLK__
Path Type: max

Fanout     Cap    Slew   Delay    Time   Description
-----------------------------------------------------------------------------
                  0.00    0.00    0.00   clock __VIRTUAL_CLK__ (rise edge)
                          0.00    0.00   clock network delay (ideal)
                          2.00    2.00 ^ input external delay
     1    0.00    0.02    0.01    2.01 ^ a[0] (in)
                                         a[0] (net)
                  0.02    0.00    2.01 ^ input1/A (sky130_fd_sc_hd__buf_1)
     5    0.01    0.17    0.17    2.19 ^ input1/X (sky130_fd_sc_hd__buf_1)
                                         net1 (net)
                  0.17    0.00    2.19 ^ _107_/A (sky130_fd_sc_hd__or2_1)
     3    0.01    0.12    0.19    2.38 ^ _107_/X (sky130_fd_sc_hd__or2_1)
                                         _041_ (net)
                  0.12    0.00    2.38 ^ _108_/A2 (sky130_fd_sc_hd__a21oi_2)
     2    0.01    0.05    0.08    2.46 v _108_/Y (sky130_fd_sc_hd__a21oi_2)
                                         _042_ (net)
                  0.05    0.00    2.46 v _115_/A1 (sky130_fd_sc_hd__o32a_4)
     3    0.03    0.09    0.45    2.91 v _115_/X (sky130_fd_sc_hd__o32a_4)
                                         _049_ (net)
                  0.09    0.00    2.92 v _130_/A2 (sky130_fd_sc_hd__a21oi_2)
     1    0.01    0.11    0.17    3.09 ^ _130_/Y (sky130_fd_sc_hd__a21oi_2)
                                         _063_ (net)
                  0.11    0.00    3.09 ^ _131_/A (sky130_fd_sc_hd__nand2_2)
     4    0.01    0.06    0.09    3.18 v _131_/Y (sky130_fd_sc_hd__nand2_2)
                                         _064_ (net)
                  0.06    0.00    3.18 v _143_/A3 (sky130_fd_sc_hd__a31o_1)
     1    0.01    0.05    0.25    3.42 v _143_/X (sky130_fd_sc_hd__a31o_1)
                                         _075_ (net)
                  0.05    0.00    3.42 v _146_/A2 (sky130_fd_sc_hd__o22a_4)
     3    0.02    0.06    0.26    3.68 v _146_/X (sky130_fd_sc_hd__o22a_4)
                                         _078_ (net)
                  0.06    0.00    3.68 v _147_/B (sky130_fd_sc_hd__xnor2_2)
     2    0.01    0.16    0.17    3.85 ^ _147_/Y (sky130_fd_sc_hd__xnor2_2)
                                         _079_ (net)
                  0.16    0.00    3.85 ^ _156_/A2 (sky130_fd_sc_hd__o21ai_2)
     4    0.01    0.07    0.09    3.94 v _156_/Y (sky130_fd_sc_hd__o21ai_2)
                                         _087_ (net)
                  0.07    0.00    3.95 v _171_/A (sky130_fd_sc_hd__and3_1)
     1    0.00    0.04    0.16    4.10 v _171_/X (sky130_fd_sc_hd__and3_1)
                                         _101_ (net)
                  0.04    0.00    4.10 v _172_/B (sky130_fd_sc_hd__or3b_4)
     3    0.01    0.07    0.39    4.49 v _172_/X (sky130_fd_sc_hd__or3b_4)
                                         _102_ (net)
                  0.07    0.00    4.49 v _174_/A2 (sky130_fd_sc_hd__a21o_1)
     2    0.01    0.05    0.21    4.70 v _174_/X (sky130_fd_sc_hd__a21o_1)
                                         _104_ (net)
                  0.05    0.00    4.70 v _184_/A2 (sky130_fd_sc_hd__a211o_1)
     4    0.01    0.09    0.35    5.06 v _184_/X (sky130_fd_sc_hd__a211o_1)
                                         _008_ (net)
                  0.09    0.00    5.06 v _199_/B (sky130_fd_sc_hd__and3_1)
     1    0.00    0.04    0.19    5.25 v _199_/X (sky130_fd_sc_hd__and3_1)
                                         _022_ (net)
                  0.04    0.00    5.25 v _200_/B (sky130_fd_sc_hd__or3b_4)
     3    0.01    0.07    0.39    5.64 v _200_/X (sky130_fd_sc_hd__or3b_4)
                                         _023_ (net)
                  0.07    0.00    5.64 v _201_/A (sky130_fd_sc_hd__and3_1)
     3    0.01    0.06    0.19    5.82 v _201_/X (sky130_fd_sc_hd__and3_1)
                                         _024_ (net)
                  0.06    0.00    5.82 v _203_/C (sky130_fd_sc_hd__or3_4)
     2    0.01    0.07    0.35    6.17 v _203_/X (sky130_fd_sc_hd__or3_4)
                                         _026_ (net)
                  0.07    0.00    6.17 v _209_/A1 (sky130_fd_sc_hd__a31o_1)
     1    0.00    0.04    0.19    6.36 v _209_/X (sky130_fd_sc_hd__a31o_1)
                                         alu7.result (net)
                  0.04    0.00    6.36 v _226_/A (sky130_fd_sc_hd__clkbuf_1)
     1    0.00    0.04    0.10    6.46 v _226_/X (sky130_fd_sc_hd__clkbuf_1)
                                         net29 (net)
                  0.04    0.00    6.46 v output29/A (sky130_fd_sc_hd__buf_6)
     1    0.03    0.04    0.14    6.60 v output29/X (sky130_fd_sc_hd__buf_6)
                                         result[7] (net)
                  0.04    0.00    6.60 v result[7] (out)
                                  6.60   data arrival time

                  0.00   10.00   10.00   clock __VIRTUAL_CLK__ (rise edge)
                          0.00   10.00   clock network delay (ideal)
                         -0.25    9.75   clock uncertainty
                          0.00    9.75   clock reconvergence pessimism
                         -2.00    7.75   output external delay
                                  7.75   data required time
-----------------------------------------------------------------------------
                                  7.75   data required time
                                 -6.60   data arrival time
-----------------------------------------------------------------------------
                                  1.15   slack (MET)


Startpoint: a[0] (input port clocked by __VIRTUAL_CLK__)
Endpoint: cout (output port clocked by __VIRTUAL_CLK__)
Path Group: __VIRTUAL_CLK__
Path Type: max

Fanout     Cap    Slew   Delay    Time   Description
-----------------------------------------------------------------------------
                  0.00    0.00    0.00   clock __VIRTUAL_CLK__ (rise edge)
                          0.00    0.00   clock network delay (ideal)
                          2.00    2.00 ^ input external delay
     1    0.00    0.02    0.01    2.01 ^ a[0] (in)
                                         a[0] (net)
                  0.02    0.00    2.01 ^ input1/A (sky130_fd_sc_hd__buf_1)
     5    0.01    0.17    0.17    2.19 ^ input1/X (sky130_fd_sc_hd__buf_1)
                                         net1 (net)
                  0.17    0.00    2.19 ^ _107_/A (sky130_fd_sc_hd__or2_1)
     3    0.01    0.12    0.19    2.38 ^ _107_/X (sky130_fd_sc_hd__or2_1)
                                         _041_ (net)
                  0.12    0.00    2.38 ^ _108_/A2 (sky130_fd_sc_hd__a21oi_2)
     2    0.01    0.05    0.08    2.46 v _108_/Y (sky130_fd_sc_hd__a21oi_2)
                                         _042_ (net)
                  0.05    0.00    2.46 v _115_/A1 (sky130_fd_sc_hd__o32a_4)
     3    0.03    0.09    0.45    2.91 v _115_/X (sky130_fd_sc_hd__o32a_4)
                                         _049_ (net)
                  0.09    0.00    2.92 v _130_/A2 (sky130_fd_sc_hd__a21oi_2)
     1    0.01    0.11    0.17    3.09 ^ _130_/Y (sky130_fd_sc_hd__a21oi_2)
                                         _063_ (net)
                  0.11    0.00    3.09 ^ _131_/A (sky130_fd_sc_hd__nand2_2)
     4    0.01    0.06    0.09    3.18 v _131_/Y (sky130_fd_sc_hd__nand2_2)
                                         _064_ (net)
                  0.06    0.00    3.18 v _143_/A3 (sky130_fd_sc_hd__a31o_1)
     1    0.01    0.05    0.25    3.42 v _143_/X (sky130_fd_sc_hd__a31o_1)
                                         _075_ (net)
                  0.05    0.00    3.42 v _146_/A2 (sky130_fd_sc_hd__o22a_4)
     3    0.02    0.06    0.26    3.68 v _146_/X (sky130_fd_sc_hd__o22a_4)
                                         _078_ (net)
                  0.06    0.00    3.68 v _147_/B (sky130_fd_sc_hd__xnor2_2)
     2    0.01    0.16    0.17    3.85 ^ _147_/Y (sky130_fd_sc_hd__xnor2_2)
                                         _079_ (net)
                  0.16    0.00    3.85 ^ _156_/A2 (sky130_fd_sc_hd__o21ai_2)
     4    0.01    0.07    0.09    3.94 v _156_/Y (sky130_fd_sc_hd__o21ai_2)
                                         _087_ (net)
                  0.07    0.00    3.95 v _171_/A (sky130_fd_sc_hd__and3_1)
     1    0.00    0.04    0.16    4.10 v _171_/X (sky130_fd_sc_hd__and3_1)
                                         _101_ (net)
                  0.04    0.00    4.10 v _172_/B (sky130_fd_sc_hd__or3b_4)
     3    0.01    0.07    0.39    4.49 v _172_/X (sky130_fd_sc_hd__or3b_4)
                                         _102_ (net)
                  0.07    0.00    4.49 v _174_/A2 (sky130_fd_sc_hd__a21o_1)
     2    0.01    0.05    0.21    4.70 v _174_/X (sky130_fd_sc_hd__a21o_1)
                                         _104_ (net)
                  0.05    0.00    4.70 v _184_/A2 (sky130_fd_sc_hd__a211o_1)
     4    0.01    0.09    0.35    5.06 v _184_/X (sky130_fd_sc_hd__a211o_1)
                                         _008_ (net)
                  0.09    0.00    5.06 v _199_/B (sky130_fd_sc_hd__and3_1)
     1    0.00    0.04    0.19    5.25 v _199_/X (sky130_fd_sc_hd__and3_1)
                                         _022_ (net)
                  0.04    0.00    5.25 v _200_/B (sky130_fd_sc_hd__or3b_4)
     3    0.01    0.07    0.39    5.64 v _200_/X (sky130_fd_sc_hd__or3b_4)
                                         _023_ (net)
                  0.07    0.00    5.64 v _211_/A (sky130_fd_sc_hd__and3_1)
     1    0.00    0.03    0.15    5.79 v _211_/X (sky130_fd_sc_hd__and3_1)
                                         _033_ (net)
                  0.03    0.00    5.79 v _212_/A (sky130_fd_sc_hd__or3b_1)
     1    0.00    0.07    0.38    6.17 v _212_/X (sky130_fd_sc_hd__or3b_1)
                                         _034_ (net)
                  0.07    0.00    6.17 v _213_/B1_N (sky130_fd_sc_hd__a21bo_1)
     1    0.01    0.06    0.21    6.38 ^ _213_/X (sky130_fd_sc_hd__a21bo_1)
                                         net21 (net)
                  0.06    0.00    6.38 ^ output21/A (sky130_fd_sc_hd__buf_6)
     1    0.03    0.08    0.14    6.52 ^ output21/X (sky130_fd_sc_hd__buf_6)
                                         cout (net)
                  0.08    0.00    6.52 ^ cout (out)
                                  6.52   data arrival time

                  0.00   10.00   10.00   clock __VIRTUAL_CLK__ (rise edge)
                          0.00   10.00   clock network delay (ideal)
                         -0.25    9.75   clock uncertainty
                          0.00    9.75   clock reconvergence pessimism
                         -2.00    7.75   output external delay
                                  7.75   data required time
-----------------------------------------------------------------------------
                                  7.75   data required time
                                 -6.52   data arrival time
-----------------------------------------------------------------------------
                                  1.23   slack (MET)


Startpoint: a[0] (input port clocked by __VIRTUAL_CLK__)
Endpoint: result[6] (output port clocked by __VIRTUAL_CLK__)
Path Group: __VIRTUAL_CLK__
Path Type: max

Fanout     Cap    Slew   Delay    Time   Description
-----------------------------------------------------------------------------
                  0.00    0.00    0.00   clock __VIRTUAL_CLK__ (rise edge)
                          0.00    0.00   clock network delay (ideal)
                          2.00    2.00 ^ input external delay
     1    0.00    0.02    0.01    2.01 ^ a[0] (in)
                                         a[0] (net)
                  0.02    0.00    2.01 ^ input1/A (sky130_fd_sc_hd__buf_1)
     5    0.01    0.17    0.17    2.19 ^ input1/X (sky130_fd_sc_hd__buf_1)
                                         net1 (net)
                  0.17    0.00    2.19 ^ _107_/A (sky130_fd_sc_hd__or2_1)
     3    0.01    0.12    0.19    2.38 ^ _107_/X (sky130_fd_sc_hd__or2_1)
                                         _041_ (net)
                  0.12    0.00    2.38 ^ _108_/A2 (sky130_fd_sc_hd__a21oi_2)
     2    0.01    0.05    0.08    2.46 v _108_/Y (sky130_fd_sc_hd__a21oi_2)
                                         _042_ (net)
                  0.05    0.00    2.46 v _115_/A1 (sky130_fd_sc_hd__o32a_4)
     3    0.03    0.09    0.45    2.91 v _115_/X (sky130_fd_sc_hd__o32a_4)
                                         _049_ (net)
                  0.09    0.00    2.92 v _130_/A2 (sky130_fd_sc_hd__a21oi_2)
     1    0.01    0.11    0.17    3.09 ^ _130_/Y (sky130_fd_sc_hd__a21oi_2)
                                         _063_ (net)
                  0.11    0.00    3.09 ^ _131_/A (sky130_fd_sc_hd__nand2_2)
     4    0.01    0.06    0.09    3.18 v _131_/Y (sky130_fd_sc_hd__nand2_2)
                                         _064_ (net)
                  0.06    0.00    3.18 v _143_/A3 (sky130_fd_sc_hd__a31o_1)
     1    0.01    0.05    0.25    3.42 v _143_/X (sky130_fd_sc_hd__a31o_1)
                                         _075_ (net)
                  0.05    0.00    3.42 v _146_/A2 (sky130_fd_sc_hd__o22a_4)
     3    0.02    0.06    0.26    3.68 v _146_/X (sky130_fd_sc_hd__o22a_4)
                                         _078_ (net)
                  0.06    0.00    3.68 v _147_/B (sky130_fd_sc_hd__xnor2_2)
     2    0.01    0.16    0.17    3.85 ^ _147_/Y (sky130_fd_sc_hd__xnor2_2)
                                         _079_ (net)
                  0.16    0.00    3.85 ^ _156_/A2 (sky130_fd_sc_hd__o21ai_2)
     4    0.01    0.07    0.09    3.94 v _156_/Y (sky130_fd_sc_hd__o21ai_2)
                                         _087_ (net)
                  0.07    0.00    3.95 v _171_/A (sky130_fd_sc_hd__and3_1)
     1    0.00    0.04    0.16    4.10 v _171_/X (sky130_fd_sc_hd__and3_1)
                                         _101_ (net)
                  0.04    0.00    4.10 v _172_/B (sky130_fd_sc_hd__or3b_4)
     3    0.01    0.07    0.39    4.49 v _172_/X (sky130_fd_sc_hd__or3b_4)
                                         _102_ (net)
                  0.07    0.00    4.49 v _185_/A (sky130_fd_sc_hd__and3_1)
     1    0.00    0.04    0.16    4.66 v _185_/X (sky130_fd_sc_hd__and3_1)
                                         _009_ (net)
                  0.04    0.00    4.66 v _186_/B (sky130_fd_sc_hd__or3b_4)
     4    0.01    0.08    0.40    5.06 v _186_/X (sky130_fd_sc_hd__or3b_4)
                                         _010_ (net)
                  0.08    0.00    5.06 v _187_/C (sky130_fd_sc_hd__and3_1)
     3    0.01    0.06    0.22    5.28 v _187_/X (sky130_fd_sc_hd__and3_1)
                                         _011_ (net)
                  0.06    0.00    5.28 v _189_/B (sky130_fd_sc_hd__or3_1)
     1    0.00    0.07    0.36    5.64 v _189_/X (sky130_fd_sc_hd__or3_1)
                                         _013_ (net)
                  0.07    0.00    5.64 v _195_/A2 (sky130_fd_sc_hd__a32o_1)
     1    0.00    0.04    0.26    5.91 v _195_/X (sky130_fd_sc_hd__a32o_1)
                                         alu6.result (net)
                  0.04    0.00    5.91 v _225_/A (sky130_fd_sc_hd__clkbuf_1)
     1    0.00    0.03    0.09    6.00 v _225_/X (sky130_fd_sc_hd__clkbuf_1)
                                         net28 (net)
                  0.03    0.00    6.00 v output28/A (sky130_fd_sc_hd__buf_2)
     1    0.03    0.09    0.18    6.18 v output28/X (sky130_fd_sc_hd__buf_2)
                                         result[6] (net)
                  0.09    0.00    6.18 v result[6] (out)
                                  6.18   data arrival time

                  0.00   10.00   10.00   clock __VIRTUAL_CLK__ (rise edge)
                          0.00   10.00   clock network delay (ideal)
                         -0.25    9.75   clock uncertainty
                          0.00    9.75   clock reconvergence pessimism
                         -2.00    7.75   output external delay
                                  7.75   data required time
-----------------------------------------------------------------------------
                                  7.75   data required time
                                 -6.18   data arrival time
-----------------------------------------------------------------------------
                                  1.57   slack (MET)


Startpoint: a[0] (input port clocked by __VIRTUAL_CLK__)
Endpoint: result[5] (output port clocked by __VIRTUAL_CLK__)
Path Group: __VIRTUAL_CLK__
Path Type: max

Fanout     Cap    Slew   Delay    Time   Description
-----------------------------------------------------------------------------
                  0.00    0.00    0.00   clock __VIRTUAL_CLK__ (rise edge)
                          0.00    0.00   clock network delay (ideal)
                          2.00    2.00 ^ input external delay
     1    0.00    0.02    0.01    2.01 ^ a[0] (in)
                                         a[0] (net)
                  0.02    0.00    2.01 ^ input1/A (sky130_fd_sc_hd__buf_1)
     5    0.01    0.17    0.17    2.19 ^ input1/X (sky130_fd_sc_hd__buf_1)
                                         net1 (net)
                  0.17    0.00    2.19 ^ _107_/A (sky130_fd_sc_hd__or2_1)
     3    0.01    0.12    0.19    2.38 ^ _107_/X (sky130_fd_sc_hd__or2_1)
                                         _041_ (net)
                  0.12    0.00    2.38 ^ _108_/A2 (sky130_fd_sc_hd__a21oi_2)
     2    0.01    0.05    0.08    2.46 v _108_/Y (sky130_fd_sc_hd__a21oi_2)
                                         _042_ (net)
                  0.05    0.00    2.46 v _115_/A1 (sky130_fd_sc_hd__o32a_4)
     3    0.03    0.09    0.45    2.91 v _115_/X (sky130_fd_sc_hd__o32a_4)
                                         _049_ (net)
                  0.09    0.00    2.92 v _130_/A2 (sky130_fd_sc_hd__a21oi_2)
     1    0.01    0.11    0.17    3.09 ^ _130_/Y (sky130_fd_sc_hd__a21oi_2)
                                         _063_ (net)
                  0.11    0.00    3.09 ^ _131_/A (sky130_fd_sc_hd__nand2_2)
     4    0.01    0.06    0.09    3.18 v _131_/Y (sky130_fd_sc_hd__nand2_2)
                                         _064_ (net)
                  0.06    0.00    3.18 v _143_/A3 (sky130_fd_sc_hd__a31o_1)
     1    0.01    0.05    0.25    3.42 v _143_/X (sky130_fd_sc_hd__a31o_1)
                                         _075_ (net)
                  0.05    0.00    3.42 v _146_/A2 (sky130_fd_sc_hd__o22a_4)
     3    0.02    0.06    0.26    3.68 v _146_/X (sky130_fd_sc_hd__o22a_4)
                                         _078_ (net)
                  0.06    0.00    3.68 v _147_/B (sky130_fd_sc_hd__xnor2_2)
     2    0.01    0.16    0.17    3.85 ^ _147_/Y (sky130_fd_sc_hd__xnor2_2)
                                         _079_ (net)
                  0.16    0.00    3.85 ^ _156_/A2 (sky130_fd_sc_hd__o21ai_2)
     4    0.01    0.07    0.09    3.94 v _156_/Y (sky130_fd_sc_hd__o21ai_2)
                                         _087_ (net)
                  0.07    0.00    3.95 v _171_/A (sky130_fd_sc_hd__and3_1)
     1    0.00    0.04    0.16    4.10 v _171_/X (sky130_fd_sc_hd__and3_1)
                                         _101_ (net)
                  0.04    0.00    4.10 v _172_/B (sky130_fd_sc_hd__or3b_4)
     3    0.01    0.07    0.39    4.49 v _172_/X (sky130_fd_sc_hd__or3b_4)
                                         _102_ (net)
                  0.07    0.00    4.49 v _173_/C (sky130_fd_sc_hd__and3_1)
     2    0.01    0.05    0.21    4.71 v _173_/X (sky130_fd_sc_hd__and3_1)
                                         _103_ (net)
                  0.05    0.00    4.71 v _175_/A (sky130_fd_sc_hd__or2b_1)
     2    0.01    0.06    0.25    4.96 v _175_/X (sky130_fd_sc_hd__or2b_1)
                                         _000_ (net)
                  0.06    0.00    4.96 v _176_/B (sky130_fd_sc_hd__or2_1)
     1    0.00    0.05    0.22    5.18 v _176_/X (sky130_fd_sc_hd__or2_1)
                                         _001_ (net)
                  0.05    0.00    5.18 v _182_/A2 (sky130_fd_sc_hd__a32o_1)
     1    0.00    0.04    0.25    5.43 v _182_/X (sky130_fd_sc_hd__a32o_1)
                                         alu5.result (net)
                  0.04    0.00    5.43 v _224_/A (sky130_fd_sc_hd__clkbuf_1)
     1    0.00    0.02    0.09    5.51 v _224_/X (sky130_fd_sc_hd__clkbuf_1)
                                         net27 (net)
                  0.02    0.00    5.51 v output27/A (sky130_fd_sc_hd__buf_2)
     1    0.03    0.09    0.18    5.69 v output27/X (sky130_fd_sc_hd__buf_2)
                                         result[5] (net)
                  0.09    0.00    5.69 v result[5] (out)
                                  5.69   data arrival time

                  0.00   10.00   10.00   clock __VIRTUAL_CLK__ (rise edge)
                          0.00   10.00   clock network delay (ideal)
                         -0.25    9.75   clock uncertainty
                          0.00    9.75   clock reconvergence pessimism
                         -2.00    7.75   output external delay
                                  7.75   data required time
-----------------------------------------------------------------------------
                                  7.75   data required time
                                 -5.69   data arrival time
-----------------------------------------------------------------------------
                                  2.06   slack (MET)


Startpoint: a[0] (input port clocked by __VIRTUAL_CLK__)
Endpoint: result[4] (output port clocked by __VIRTUAL_CLK__)
Path Group: __VIRTUAL_CLK__
Path Type: max

Fanout     Cap    Slew   Delay    Time   Description
-----------------------------------------------------------------------------
                  0.00    0.00    0.00   clock __VIRTUAL_CLK__ (rise edge)
                          0.00    0.00   clock network delay (ideal)
                          2.00    2.00 ^ input external delay
     1    0.00    0.02    0.01    2.01 ^ a[0] (in)
                                         a[0] (net)
                  0.02    0.00    2.01 ^ input1/A (sky130_fd_sc_hd__buf_1)
     5    0.01    0.17    0.17    2.19 ^ input1/X (sky130_fd_sc_hd__buf_1)
                                         net1 (net)
                  0.17    0.00    2.19 ^ _107_/A (sky130_fd_sc_hd__or2_1)
     3    0.01    0.12    0.19    2.38 ^ _107_/X (sky130_fd_sc_hd__or2_1)
                                         _041_ (net)
                  0.12    0.00    2.38 ^ _108_/A2 (sky130_fd_sc_hd__a21oi_2)
     2    0.01    0.05    0.08    2.46 v _108_/Y (sky130_fd_sc_hd__a21oi_2)
                                         _042_ (net)
                  0.05    0.00    2.46 v _115_/A1 (sky130_fd_sc_hd__o32a_4)
     3    0.03    0.09    0.45    2.91 v _115_/X (sky130_fd_sc_hd__o32a_4)
                                         _049_ (net)
                  0.09    0.00    2.92 v _130_/A2 (sky130_fd_sc_hd__a21oi_2)
     1    0.01    0.11    0.17    3.09 ^ _130_/Y (sky130_fd_sc_hd__a21oi_2)
                                         _063_ (net)
                  0.11    0.00    3.09 ^ _131_/A (sky130_fd_sc_hd__nand2_2)
     4    0.01    0.06    0.09    3.18 v _131_/Y (sky130_fd_sc_hd__nand2_2)
                                         _064_ (net)
                  0.06    0.00    3.18 v _143_/A3 (sky130_fd_sc_hd__a31o_1)
     1    0.01    0.05    0.25    3.42 v _143_/X (sky130_fd_sc_hd__a31o_1)
                                         _075_ (net)
                  0.05    0.00    3.42 v _146_/A2 (sky130_fd_sc_hd__o22a_4)
     3    0.02    0.06    0.26    3.68 v _146_/X (sky130_fd_sc_hd__o22a_4)
                                         _078_ (net)
                  0.06    0.00    3.68 v _157_/A1 (sky130_fd_sc_hd__a21oi_2)
     1    0.01    0.11    0.15    3.83 ^ _157_/Y (sky130_fd_sc_hd__a21oi_2)
                                         _088_ (net)
                  0.11    0.00    3.83 ^ _158_/A (sky130_fd_sc_hd__nand2_2)
     3    0.01    0.05    0.07    3.90 v _158_/Y (sky130_fd_sc_hd__nand2_2)
                                         _089_ (net)
                  0.05    0.00    3.90 v rebuffer1/A (sky130_fd_sc_hd__dlymetal6s2s_1)
     2    0.00    0.05    0.15    4.05 v rebuffer1/X (sky130_fd_sc_hd__dlymetal6s2s_1)
                                         net30 (net)
                  0.05    0.00    4.05 v _159_/A (sky130_fd_sc_hd__and3_1)
     2    0.00    0.04    0.16    4.21 v _159_/X (sky130_fd_sc_hd__and3_1)
                                         _090_ (net)
                  0.04    0.00    4.21 v rebuffer14/A (sky130_fd_sc_hd__dlygate4sd1_1)
     2    0.01    0.05    0.25    4.46 v rebuffer14/X (sky130_fd_sc_hd__dlygate4sd1_1)
                                         net43 (net)
                  0.05    0.00    4.46 v _161_/B (sky130_fd_sc_hd__or3_1)
     1    0.00    0.06    0.35    4.81 v _161_/X (sky130_fd_sc_hd__or3_1)
                                         _092_ (net)
                  0.06    0.00    4.81 v _167_/A2 (sky130_fd_sc_hd__a32o_1)
     1    0.00    0.04    0.26    5.07 v _167_/X (sky130_fd_sc_hd__a32o_1)
                                         alu4.result (net)
                  0.04    0.00    5.07 v _223_/A (sky130_fd_sc_hd__clkbuf_1)
     1    0.00    0.02    0.09    5.16 v _223_/X (sky130_fd_sc_hd__clkbuf_1)
                                         net26 (net)
                  0.02    0.00    5.16 v output26/A (sky130_fd_sc_hd__buf_2)
     1    0.03    0.09    0.18    5.33 v output26/X (sky130_fd_sc_hd__buf_2)
                                         result[4] (net)
                  0.09    0.00    5.34 v result[4] (out)
                                  5.34   data arrival time

                  0.00   10.00   10.00   clock __VIRTUAL_CLK__ (rise edge)
                          0.00   10.00   clock network delay (ideal)
                         -0.25    9.75   clock uncertainty
                          0.00    9.75   clock reconvergence pessimism
                         -2.00    7.75   output external delay
                                  7.75   data required time
-----------------------------------------------------------------------------
                                  7.75   data required time
                                 -5.34   data arrival time
-----------------------------------------------------------------------------
                                  2.41   slack (MET)


Startpoint: a[0] (input port clocked by __VIRTUAL_CLK__)
Endpoint: result[3] (output port clocked by __VIRTUAL_CLK__)
Path Group: __VIRTUAL_CLK__
Path Type: max

Fanout     Cap    Slew   Delay    Time   Description
-----------------------------------------------------------------------------
                  0.00    0.00    0.00   clock __VIRTUAL_CLK__ (rise edge)
                          0.00    0.00   clock network delay (ideal)
                          2.00    2.00 ^ input external delay
     1    0.00    0.02    0.01    2.01 ^ a[0] (in)
                                         a[0] (net)
                  0.02    0.00    2.01 ^ input1/A (sky130_fd_sc_hd__buf_1)
     5    0.01    0.17    0.17    2.19 ^ input1/X (sky130_fd_sc_hd__buf_1)
                                         net1 (net)
                  0.17    0.00    2.19 ^ _107_/A (sky130_fd_sc_hd__or2_1)
     3    0.01    0.12    0.19    2.38 ^ _107_/X (sky130_fd_sc_hd__or2_1)
                                         _041_ (net)
                  0.12    0.00    2.38 ^ _108_/A2 (sky130_fd_sc_hd__a21oi_2)
     2    0.01    0.05    0.08    2.46 v _108_/Y (sky130_fd_sc_hd__a21oi_2)
                                         _042_ (net)
                  0.05    0.00    2.46 v _115_/A1 (sky130_fd_sc_hd__o32a_4)
     3    0.03    0.09    0.45    2.91 v _115_/X (sky130_fd_sc_hd__o32a_4)
                                         _049_ (net)
                  0.09    0.00    2.92 v _130_/A2 (sky130_fd_sc_hd__a21oi_2)
     1    0.01    0.11    0.17    3.09 ^ _130_/Y (sky130_fd_sc_hd__a21oi_2)
                                         _063_ (net)
                  0.11    0.00    3.09 ^ _131_/A (sky130_fd_sc_hd__nand2_2)
     4    0.01    0.06    0.09    3.18 v _131_/Y (sky130_fd_sc_hd__nand2_2)
                                         _064_ (net)
                  0.06    0.00    3.18 v _143_/A3 (sky130_fd_sc_hd__a31o_1)
     1    0.01    0.05    0.25    3.42 v _143_/X (sky130_fd_sc_hd__a31o_1)
                                         _075_ (net)
                  0.05    0.00    3.42 v _146_/A2 (sky130_fd_sc_hd__o22a_4)
     3    0.02    0.06    0.26    3.68 v _146_/X (sky130_fd_sc_hd__o22a_4)
                                         _078_ (net)
                  0.06    0.00    3.68 v _147_/B (sky130_fd_sc_hd__xnor2_2)
     2    0.01    0.07    0.15    3.83 v _147_/Y (sky130_fd_sc_hd__xnor2_2)
                                         _079_ (net)
                  0.07    0.00    3.83 v rebuffer3/A (sky130_fd_sc_hd__dlygate4sd1_1)
     2    0.01    0.04    0.26    4.09 v rebuffer3/X (sky130_fd_sc_hd__dlygate4sd1_1)
                                         net32 (net)
                  0.04    0.00    4.09 v _148_/B (sky130_fd_sc_hd__or2_1)
     1    0.00    0.05    0.21    4.30 v _148_/X (sky130_fd_sc_hd__or2_1)
                                         _080_ (net)
                  0.05    0.00    4.30 v _154_/A2 (sky130_fd_sc_hd__a32o_1)
     1    0.00    0.04    0.25    4.55 v _154_/X (sky130_fd_sc_hd__a32o_1)
                                         alu3.result (net)
                  0.04    0.00    4.55 v _222_/A (sky130_fd_sc_hd__clkbuf_1)
     1    0.00    0.02    0.08    4.63 v _222_/X (sky130_fd_sc_hd__clkbuf_1)
                                         net25 (net)
                  0.02    0.00    4.63 v output25/A (sky130_fd_sc_hd__clkbuf_4)
     1    0.03    0.08    0.18    4.81 v output25/X (sky130_fd_sc_hd__clkbuf_4)
                                         result[3] (net)
                  0.08    0.00    4.81 v result[3] (out)
                                  4.81   data arrival time

                  0.00   10.00   10.00   clock __VIRTUAL_CLK__ (rise edge)
                          0.00   10.00   clock network delay (ideal)
                         -0.25    9.75   clock uncertainty
                          0.00    9.75   clock reconvergence pessimism
                         -2.00    7.75   output external delay
                                  7.75   data required time
-----------------------------------------------------------------------------
                                  7.75   data required time
                                 -4.81   data arrival time
-----------------------------------------------------------------------------
                                  2.94   slack (MET)


Startpoint: a[0] (input port clocked by __VIRTUAL_CLK__)
Endpoint: result[2] (output port clocked by __VIRTUAL_CLK__)
Path Group: __VIRTUAL_CLK__
Path Type: max

Fanout     Cap    Slew   Delay    Time   Description
-----------------------------------------------------------------------------
                  0.00    0.00    0.00   clock __VIRTUAL_CLK__ (rise edge)
                          0.00    0.00   clock network delay (ideal)
                          2.00    2.00 ^ input external delay
     1    0.00    0.02    0.01    2.01 ^ a[0] (in)
                                         a[0] (net)
                  0.02    0.00    2.01 ^ input1/A (sky130_fd_sc_hd__buf_1)
     5    0.01    0.17    0.17    2.19 ^ input1/X (sky130_fd_sc_hd__buf_1)
                                         net1 (net)
                  0.17    0.00    2.19 ^ _107_/A (sky130_fd_sc_hd__or2_1)
     3    0.01    0.12    0.19    2.38 ^ _107_/X (sky130_fd_sc_hd__or2_1)
                                         _041_ (net)
                  0.12    0.00    2.38 ^ _108_/A2 (sky130_fd_sc_hd__a21oi_2)
     2    0.01    0.05    0.08    2.46 v _108_/Y (sky130_fd_sc_hd__a21oi_2)
                                         _042_ (net)
                  0.05    0.00    2.46 v _115_/A1 (sky130_fd_sc_hd__o32a_4)
     3    0.03    0.09    0.45    2.91 v _115_/X (sky130_fd_sc_hd__o32a_4)
                                         _049_ (net)
                  0.09    0.00    2.92 v _116_/B (sky130_fd_sc_hd__xnor2_4)
     2    0.01    0.09    0.16    3.07 v _116_/Y (sky130_fd_sc_hd__xnor2_4)
                                         _050_ (net)
                  0.09    0.00    3.07 v _129_/A2 (sky130_fd_sc_hd__o21ai_4)
     4    0.01    0.13    0.16    3.24 ^ _129_/Y (sky130_fd_sc_hd__o21ai_4)
                                         _062_ (net)
                  0.13    0.00    3.24 ^ rebuffer10/A (sky130_fd_sc_hd__dlygate4sd1_1)
     1    0.00    0.05    0.23    3.47 ^ rebuffer10/X (sky130_fd_sc_hd__dlygate4sd1_1)
                                         net39 (net)
                  0.05    0.00    3.47 ^ _136_/A2 (sky130_fd_sc_hd__a31o_1)
     1    0.00    0.05    0.14    3.61 ^ _136_/X (sky130_fd_sc_hd__a31o_1)
                                         _069_ (net)
                  0.05    0.00    3.61 ^ _137_/B (sky130_fd_sc_hd__nor2_1)
     1    0.00    0.04    0.04    3.65 v _137_/Y (sky130_fd_sc_hd__nor2_1)
                                         _070_ (net)
                  0.04    0.00    3.65 v _141_/B1 (sky130_fd_sc_hd__o2bb2a_1)
     1    0.00    0.05    0.29    3.94 v _141_/X (sky130_fd_sc_hd__o2bb2a_1)
                                         alu2.result (net)
                  0.05    0.00    3.94 v _221_/A (sky130_fd_sc_hd__clkbuf_1)
     1    0.00    0.02    0.09    4.02 v _221_/X (sky130_fd_sc_hd__clkbuf_1)
                                         net24 (net)
                  0.02    0.00    4.02 v output24/A (sky130_fd_sc_hd__buf_2)
     1    0.03    0.09    0.18    4.20 v output24/X (sky130_fd_sc_hd__buf_2)
                                         result[2] (net)
                  0.09    0.00    4.20 v result[2] (out)
                                  4.20   data arrival time

                  0.00   10.00   10.00   clock __VIRTUAL_CLK__ (rise edge)
                          0.00   10.00   clock network delay (ideal)
                         -0.25    9.75   clock uncertainty
                          0.00    9.75   clock reconvergence pessimism
                         -2.00    7.75   output external delay
                                  7.75   data required time
-----------------------------------------------------------------------------
                                  7.75   data required time
                                 -4.20   data arrival time
-----------------------------------------------------------------------------
                                  3.55   slack (MET)


Startpoint: a[0] (input port clocked by __VIRTUAL_CLK__)
Endpoint: result[1] (output port clocked by __VIRTUAL_CLK__)
Path Group: __VIRTUAL_CLK__
Path Type: max

Fanout     Cap    Slew   Delay    Time   Description
-----------------------------------------------------------------------------
                  0.00    0.00    0.00   clock __VIRTUAL_CLK__ (rise edge)
                          0.00    0.00   clock network delay (ideal)
                          2.00    2.00 ^ input external delay
     1    0.00    0.02    0.01    2.01 ^ a[0] (in)
                                         a[0] (net)
                  0.02    0.00    2.01 ^ input1/A (sky130_fd_sc_hd__buf_1)
     5    0.01    0.17    0.17    2.19 ^ input1/X (sky130_fd_sc_hd__buf_1)
                                         net1 (net)
                  0.17    0.00    2.19 ^ _107_/A (sky130_fd_sc_hd__or2_1)
     3    0.01    0.12    0.19    2.38 ^ _107_/X (sky130_fd_sc_hd__or2_1)
                                         _041_ (net)
                  0.12    0.00    2.38 ^ _108_/A2 (sky130_fd_sc_hd__a21oi_2)
     2    0.01    0.05    0.08    2.46 v _108_/Y (sky130_fd_sc_hd__a21oi_2)
                                         _042_ (net)
                  0.05    0.00    2.46 v _115_/A1 (sky130_fd_sc_hd__o32a_4)
     3    0.03    0.09    0.45    2.91 v _115_/X (sky130_fd_sc_hd__o32a_4)
                                         _049_ (net)
                  0.09    0.00    2.92 v _116_/B (sky130_fd_sc_hd__xnor2_4)
     2    0.01    0.09    0.16    3.07 v _116_/Y (sky130_fd_sc_hd__xnor2_4)
                                         _050_ (net)
                  0.09    0.00    3.07 v rebuffer11/A (sky130_fd_sc_hd__dlygate4sd1_1)
     2    0.01    0.04    0.27    3.34 v rebuffer11/X (sky130_fd_sc_hd__dlygate4sd1_1)
                                         net40 (net)
                  0.04    0.00    3.34 v _118_/B (sky130_fd_sc_hd__or2_1)
     1    0.00    0.05    0.22    3.56 v _118_/X (sky130_fd_sc_hd__or2_1)
                                         _052_ (net)
                  0.05    0.00    3.56 v _127_/A3 (sky130_fd_sc_hd__a32o_1)
     1    0.00    0.04    0.26    3.82 v _127_/X (sky130_fd_sc_hd__a32o_1)
                                         alu1.result (net)
                  0.04    0.00    3.82 v _220_/A (sky130_fd_sc_hd__clkbuf_1)
     1    0.00    0.03    0.09    3.91 v _220_/X (sky130_fd_sc_hd__clkbuf_1)
                                         net23 (net)
                  0.03    0.00    3.91 v output23/A (sky130_fd_sc_hd__buf_2)
     1    0.03    0.09    0.18    4.09 v output23/X (sky130_fd_sc_hd__buf_2)
                                         result[1] (net)
                  0.09    0.00    4.09 v result[1] (out)
                                  4.09   data arrival time

                  0.00   10.00   10.00   clock __VIRTUAL_CLK__ (rise edge)
                          0.00   10.00   clock network delay (ideal)
                         -0.25    9.75   clock uncertainty
                          0.00    9.75   clock reconvergence pessimism
                         -2.00    7.75   output external delay
                                  7.75   data required time
-----------------------------------------------------------------------------
                                  7.75   data required time
                                 -4.09   data arrival time
-----------------------------------------------------------------------------
                                  3.66   slack (MET)


Startpoint: op[0] (input port clocked by __VIRTUAL_CLK__)
Endpoint: result[0] (output port clocked by __VIRTUAL_CLK__)
Path Group: __VIRTUAL_CLK__
Path Type: max

Fanout     Cap    Slew   Delay    Time   Description
-----------------------------------------------------------------------------
                  0.00    0.00    0.00   clock __VIRTUAL_CLK__ (rise edge)
                          0.00    0.00   clock network delay (ideal)
                          2.00    2.00 ^ input external delay
     1    0.00    0.02    0.01    2.01 ^ op[0] (in)
                                         op[0] (net)
                  0.02    0.00    2.01 ^ input18/A (sky130_fd_sc_hd__buf_1)
     2    0.01    0.15    0.15    2.16 ^ input18/X (sky130_fd_sc_hd__buf_1)
                                         net18 (net)
                  0.15    0.00    2.16 ^ _112_/A (sky130_fd_sc_hd__clkbuf_2)
    10    0.03    0.15    0.23    2.39 ^ _112_/X (sky130_fd_sc_hd__clkbuf_2)
                                         _046_ (net)
                  0.15    0.00    2.39 ^ _123_/B (sky130_fd_sc_hd__or2_1)
     2    0.01    0.09    0.16    2.55 ^ _123_/X (sky130_fd_sc_hd__or2_1)
                                         _057_ (net)
                  0.09    0.00    2.55 ^ _124_/A (sky130_fd_sc_hd__inv_2)
     1    0.00    0.02    0.03    2.59 v _124_/Y (sky130_fd_sc_hd__inv_2)
                                         _058_ (net)
                  0.02    0.00    2.59 v _125_/A2 (sky130_fd_sc_hd__a22o_1)
     7    0.02    0.12    0.31    2.89 v _125_/X (sky130_fd_sc_hd__a22o_1)
                                         _059_ (net)
                  0.12    0.00    2.89 v _215_/B1 (sky130_fd_sc_hd__o21a_1)
     1    0.00    0.03    0.13    3.03 v _215_/X (sky130_fd_sc_hd__o21a_1)
                                         _036_ (net)
                  0.03    0.00    3.03 v _217_/A1 (sky130_fd_sc_hd__mux2_1)
     1    0.00    0.05    0.29    3.32 v _217_/X (sky130_fd_sc_hd__mux2_1)
                                         _038_ (net)
                  0.05    0.00    3.32 v _218_/B1_N (sky130_fd_sc_hd__o21bai_1)
     1    0.00    0.05    0.16    3.48 v _218_/Y (sky130_fd_sc_hd__o21bai_1)
                                         alu0.result (net)
                  0.05    0.00    3.48 v _219_/A (sky130_fd_sc_hd__clkbuf_1)
     1    0.00    0.02    0.09    3.57 v _219_/X (sky130_fd_sc_hd__clkbuf_1)
                                         net22 (net)
                  0.02    0.00    3.57 v output22/A (sky130_fd_sc_hd__buf_2)
     1    0.03    0.09    0.18    3.75 v output22/X (sky130_fd_sc_hd__buf_2)
                                         result[0] (net)
                  0.09    0.00    3.75 v result[0] (out)
                                  3.75   data arrival time

                  0.00   10.00   10.00   clock __VIRTUAL_CLK__ (rise edge)
                          0.00   10.00   clock network delay (ideal)
                         -0.25    9.75   clock uncertainty
                          0.00    9.75   clock reconvergence pessimism
                         -2.00    7.75   output external delay
                                  7.75   data required time
-----------------------------------------------------------------------------
                                  7.75   data required time
                                 -3.75   data arrival time
-----------------------------------------------------------------------------
                                  4.00   slack (MET)



worst slack corner Typical: 1.1539
