
===========================================================================
report_checks -path_delay max (Setup)
============================================================================
======================= Typical Corner ===================================

Startpoint: op[2] (input port clocked by __VIRTUAL_CLK__)
Endpoint: result[7] (output port clocked by __VIRTUAL_CLK__)
Path Group: __VIRTUAL_CLK__
Path Type: max

Fanout     Cap    Slew   Delay    Time   Description
-----------------------------------------------------------------------------
                  0.00    0.00    0.00   clock __VIRTUAL_CLK__ (rise edge)
                          0.00    0.00   clock network delay (ideal)
                          2.00    2.00 v input external delay
     1    0.00    0.01    0.00    2.00 v op[2] (in)
                                         op[2] (net)
                  0.01    0.00    2.00 v input20/A (sky130_fd_sc_hd__dlymetal6s2s_1)
     6    0.01    0.09    0.17    2.18 v input20/X (sky130_fd_sc_hd__dlymetal6s2s_1)
                                         net20 (net)
                  0.09    0.00    2.18 v _105_/A (sky130_fd_sc_hd__nor2_2)
     7    0.02    0.27    0.28    2.46 ^ _105_/Y (sky130_fd_sc_hd__nor2_2)
                                         _039_ (net)
                  0.27    0.00    2.46 ^ _109_/B (sky130_fd_sc_hd__nand2_2)
     8    0.03    0.13    0.18    2.64 v _109_/Y (sky130_fd_sc_hd__nand2_2)
                                         _043_ (net)
                  0.13    0.00    2.64 v _115_/A2 (sky130_fd_sc_hd__o32a_1)
     3    0.01    0.09    0.42    3.05 v _115_/X (sky130_fd_sc_hd__o32a_1)
                                         _049_ (net)
                  0.09    0.00    3.05 v _116_/B (sky130_fd_sc_hd__xnor2_1)
     3    0.01    0.25    0.25    3.31 ^ _116_/Y (sky130_fd_sc_hd__xnor2_1)
                                         _050_ (net)
                  0.25    0.00    3.31 ^ _129_/A2 (sky130_fd_sc_hd__o21ai_2)
     4    0.01    0.07    0.12    3.43 v _129_/Y (sky130_fd_sc_hd__o21ai_2)
                                         _062_ (net)
                  0.07    0.00    3.43 v _145_/A2 (sky130_fd_sc_hd__a32o_1)
     1    0.00    0.04    0.26    3.69 v _145_/X (sky130_fd_sc_hd__a32o_1)
                                         _077_ (net)
                  0.04    0.00    3.69 v _146_/B1 (sky130_fd_sc_hd__o22a_1)
     3    0.01    0.08    0.22    3.91 v _146_/X (sky130_fd_sc_hd__o22a_1)
                                         _078_ (net)
                  0.08    0.00    3.91 v _147_/B (sky130_fd_sc_hd__xnor2_1)
     3    0.01    0.22    0.23    4.14 ^ _147_/Y (sky130_fd_sc_hd__xnor2_1)
                                         _079_ (net)
                  0.22    0.00    4.14 ^ _156_/A2 (sky130_fd_sc_hd__o21ai_1)
     4    0.01    0.09    0.13    4.27 v _156_/Y (sky130_fd_sc_hd__o21ai_1)
                                         _087_ (net)
                  0.09    0.00    4.27 v _171_/B (sky130_fd_sc_hd__and3_1)
     1    0.00    0.03    0.18    4.45 v _171_/X (sky130_fd_sc_hd__and3_1)
                                         _101_ (net)
                  0.03    0.00    4.45 v _172_/A (sky130_fd_sc_hd__or3b_1)
     3    0.01    0.08    0.41    4.86 v _172_/X (sky130_fd_sc_hd__or3b_1)
                                         _102_ (net)
                  0.08    0.00    4.86 v _185_/C (sky130_fd_sc_hd__and3_1)
     1    0.00    0.03    0.20    5.06 v _185_/X (sky130_fd_sc_hd__and3_1)
                                         _009_ (net)
                  0.03    0.00    5.06 v _186_/A (sky130_fd_sc_hd__or3b_1)
     4    0.01    0.10    0.44    5.49 v _186_/X (sky130_fd_sc_hd__or3b_1)
                                         _010_ (net)
                  0.10    0.00    5.49 v _199_/C (sky130_fd_sc_hd__and3_1)
     1    0.00    0.03    0.20    5.70 v _199_/X (sky130_fd_sc_hd__and3_1)
                                         _022_ (net)
                  0.03    0.00    5.70 v _200_/A (sky130_fd_sc_hd__or3b_1)
     3    0.01    0.08    0.41    6.10 v _200_/X (sky130_fd_sc_hd__or3b_1)
                                         _023_ (net)
                  0.08    0.00    6.10 v _201_/C (sky130_fd_sc_hd__and3_1)
     3    0.01    0.06    0.22    6.33 v _201_/X (sky130_fd_sc_hd__and3_1)
                                         _024_ (net)
                  0.06    0.00    6.33 v _203_/B (sky130_fd_sc_hd__or3_1)
     2    0.01    0.08    0.38    6.71 v _203_/X (sky130_fd_sc_hd__or3_1)
                                         _026_ (net)
                  0.08    0.00    6.71 v _209_/A2 (sky130_fd_sc_hd__a31o_1)
     1    0.00    0.04    0.22    6.93 v _209_/X (sky130_fd_sc_hd__a31o_1)
                                         alu7.result (net)
                  0.04    0.00    6.93 v _226_/A (sky130_fd_sc_hd__clkbuf_1)
     1    0.00    0.03    0.09    7.02 v _226_/X (sky130_fd_sc_hd__clkbuf_1)
                                         net29 (net)
                  0.03    0.00    7.02 v output29/A (sky130_fd_sc_hd__buf_2)
     1    0.03    0.09    0.18    7.20 v output29/X (sky130_fd_sc_hd__buf_2)
                                         result[7] (net)
                  0.09    0.00    7.20 v result[7] (out)
                                  7.20   data arrival time

                  0.00   10.00   10.00   clock __VIRTUAL_CLK__ (rise edge)
                          0.00   10.00   clock network delay (ideal)
                         -0.25    9.75   clock uncertainty
                          0.00    9.75   clock reconvergence pessimism
                         -2.00    7.75   output external delay
                                  7.75   data required time
-----------------------------------------------------------------------------
                                  7.75   data required time
                                 -7.20   data arrival time
-----------------------------------------------------------------------------
                                  0.55   slack (MET)


Startpoint: op[2] (input port clocked by __VIRTUAL_CLK__)
Endpoint: cout (output port clocked by __VIRTUAL_CLK__)
Path Group: __VIRTUAL_CLK__
Path Type: max

Fanout     Cap    Slew   Delay    Time   Description
-----------------------------------------------------------------------------
                  0.00    0.00    0.00   clock __VIRTUAL_CLK__ (rise edge)
                          0.00    0.00   clock network delay (ideal)
                          2.00    2.00 v input external delay
     1    0.00    0.01    0.00    2.00 v op[2] (in)
                                         op[2] (net)
                  0.01    0.00    2.00 v input20/A (sky130_fd_sc_hd__dlymetal6s2s_1)
     6    0.01    0.09    0.17    2.18 v input20/X (sky130_fd_sc_hd__dlymetal6s2s_1)
                                         net20 (net)
                  0.09    0.00    2.18 v _105_/A (sky130_fd_sc_hd__nor2_2)
     7    0.02    0.27    0.28    2.46 ^ _105_/Y (sky130_fd_sc_hd__nor2_2)
                                         _039_ (net)
                  0.27    0.00    2.46 ^ _109_/B (sky130_fd_sc_hd__nand2_2)
     8    0.03    0.13    0.18    2.64 v _109_/Y (sky130_fd_sc_hd__nand2_2)
                                         _043_ (net)
                  0.13    0.00    2.64 v _115_/A2 (sky130_fd_sc_hd__o32a_1)
     3    0.01    0.09    0.42    3.05 v _115_/X (sky130_fd_sc_hd__o32a_1)
                                         _049_ (net)
                  0.09    0.00    3.05 v _116_/B (sky130_fd_sc_hd__xnor2_1)
     3    0.01    0.25    0.25    3.31 ^ _116_/Y (sky130_fd_sc_hd__xnor2_1)
                                         _050_ (net)
                  0.25    0.00    3.31 ^ _129_/A2 (sky130_fd_sc_hd__o21ai_2)
     4    0.01    0.07    0.12    3.43 v _129_/Y (sky130_fd_sc_hd__o21ai_2)
                                         _062_ (net)
                  0.07    0.00    3.43 v _145_/A2 (sky130_fd_sc_hd__a32o_1)
     1    0.00    0.04    0.26    3.69 v _145_/X (sky130_fd_sc_hd__a32o_1)
                                         _077_ (net)
                  0.04    0.00    3.69 v _146_/B1 (sky130_fd_sc_hd__o22a_1)
     3    0.01    0.08    0.22    3.91 v _146_/X (sky130_fd_sc_hd__o22a_1)
                                         _078_ (net)
                  0.08    0.00    3.91 v _147_/B (sky130_fd_sc_hd__xnor2_1)
     3    0.01    0.22    0.23    4.14 ^ _147_/Y (sky130_fd_sc_hd__xnor2_1)
                                         _079_ (net)
                  0.22    0.00    4.14 ^ _156_/A2 (sky130_fd_sc_hd__o21ai_1)
     4    0.01    0.09    0.13    4.27 v _156_/Y (sky130_fd_sc_hd__o21ai_1)
                                         _087_ (net)
                  0.09    0.00    4.27 v _171_/B (sky130_fd_sc_hd__and3_1)
     1    0.00    0.03    0.18    4.45 v _171_/X (sky130_fd_sc_hd__and3_1)
                                         _101_ (net)
                  0.03    0.00    4.45 v _172_/A (sky130_fd_sc_hd__or3b_1)
     3    0.01    0.08    0.41    4.86 v _172_/X (sky130_fd_sc_hd__or3b_1)
                                         _102_ (net)
                  0.08    0.00    4.86 v _185_/C (sky130_fd_sc_hd__and3_1)
     1    0.00    0.03    0.20    5.06 v _185_/X (sky130_fd_sc_hd__and3_1)
                                         _009_ (net)
                  0.03    0.00    5.06 v _186_/A (sky130_fd_sc_hd__or3b_1)
     4    0.01    0.10    0.44    5.49 v _186_/X (sky130_fd_sc_hd__or3b_1)
                                         _010_ (net)
                  0.10    0.00    5.49 v _199_/C (sky130_fd_sc_hd__and3_1)
     1    0.00    0.03    0.20    5.70 v _199_/X (sky130_fd_sc_hd__and3_1)
                                         _022_ (net)
                  0.03    0.00    5.70 v _200_/A (sky130_fd_sc_hd__or3b_1)
     3    0.01    0.08    0.41    6.10 v _200_/X (sky130_fd_sc_hd__or3b_1)
                                         _023_ (net)
                  0.08    0.00    6.10 v _201_/C (sky130_fd_sc_hd__and3_1)
     3    0.01    0.06    0.22    6.33 v _201_/X (sky130_fd_sc_hd__and3_1)
                                         _024_ (net)
                  0.06    0.00    6.33 v _203_/B (sky130_fd_sc_hd__or3_1)
     2    0.01    0.08    0.38    6.71 v _203_/X (sky130_fd_sc_hd__or3_1)
                                         _026_ (net)
                  0.08    0.00    6.71 v _213_/A1 (sky130_fd_sc_hd__a21bo_1)
     1    0.00    0.03    0.18    6.89 v _213_/X (sky130_fd_sc_hd__a21bo_1)
                                         net21 (net)
                  0.03    0.00    6.89 v output21/A (sky130_fd_sc_hd__buf_2)
     1    0.03    0.09    0.18    7.07 v output21/X (sky130_fd_sc_hd__buf_2)
                                         cout (net)
                  0.09    0.00    7.07 v cout (out)
                                  7.07   data arrival time

                  0.00   10.00   10.00   clock __VIRTUAL_CLK__ (rise edge)
                          0.00   10.00   clock network delay (ideal)
                         -0.25    9.75   clock uncertainty
                          0.00    9.75   clock reconvergence pessimism
                         -2.00    7.75   output external delay
                                  7.75   data required time
-----------------------------------------------------------------------------
                                  7.75   data required time
                                 -7.07   data arrival time
-----------------------------------------------------------------------------
                                  0.68   slack (MET)


Startpoint: op[2] (input port clocked by __VIRTUAL_CLK__)
Endpoint: result[6] (output port clocked by __VIRTUAL_CLK__)
Path Group: __VIRTUAL_CLK__
Path Type: max

Fanout     Cap    Slew   Delay    Time   Description
-----------------------------------------------------------------------------
                  0.00    0.00    0.00   clock __VIRTUAL_CLK__ (rise edge)
                          0.00    0.00   clock network delay (ideal)
                          2.00    2.00 v input external delay
     1    0.00    0.01    0.00    2.00 v op[2] (in)
                                         op[2] (net)
                  0.01    0.00    2.00 v input20/A (sky130_fd_sc_hd__dlymetal6s2s_1)
     6    0.01    0.09    0.17    2.18 v input20/X (sky130_fd_sc_hd__dlymetal6s2s_1)
                                         net20 (net)
                  0.09    0.00    2.18 v _105_/A (sky130_fd_sc_hd__nor2_2)
     7    0.02    0.27    0.28    2.46 ^ _105_/Y (sky130_fd_sc_hd__nor2_2)
                                         _039_ (net)
                  0.27    0.00    2.46 ^ _109_/B (sky130_fd_sc_hd__nand2_2)
     8    0.03    0.13    0.18    2.64 v _109_/Y (sky130_fd_sc_hd__nand2_2)
                                         _043_ (net)
                  0.13    0.00    2.64 v _115_/A2 (sky130_fd_sc_hd__o32a_1)
     3    0.01    0.09    0.42    3.05 v _115_/X (sky130_fd_sc_hd__o32a_1)
                                         _049_ (net)
                  0.09    0.00    3.05 v _116_/B (sky130_fd_sc_hd__xnor2_1)
     3    0.01    0.25    0.25    3.31 ^ _116_/Y (sky130_fd_sc_hd__xnor2_1)
                                         _050_ (net)
                  0.25    0.00    3.31 ^ _129_/A2 (sky130_fd_sc_hd__o21ai_2)
     4    0.01    0.07    0.12    3.43 v _129_/Y (sky130_fd_sc_hd__o21ai_2)
                                         _062_ (net)
                  0.07    0.00    3.43 v _145_/A2 (sky130_fd_sc_hd__a32o_1)
     1    0.00    0.04    0.26    3.69 v _145_/X (sky130_fd_sc_hd__a32o_1)
                                         _077_ (net)
                  0.04    0.00    3.69 v _146_/B1 (sky130_fd_sc_hd__o22a_1)
     3    0.01    0.08    0.22    3.91 v _146_/X (sky130_fd_sc_hd__o22a_1)
                                         _078_ (net)
                  0.08    0.00    3.91 v _147_/B (sky130_fd_sc_hd__xnor2_1)
     3    0.01    0.22    0.23    4.14 ^ _147_/Y (sky130_fd_sc_hd__xnor2_1)
                                         _079_ (net)
                  0.22    0.00    4.14 ^ _156_/A2 (sky130_fd_sc_hd__o21ai_1)
     4    0.01    0.09    0.13    4.27 v _156_/Y (sky130_fd_sc_hd__o21ai_1)
                                         _087_ (net)
                  0.09    0.00    4.27 v _171_/B (sky130_fd_sc_hd__and3_1)
     1    0.00    0.03    0.18    4.45 v _171_/X (sky130_fd_sc_hd__and3_1)
                                         _101_ (net)
                  0.03    0.00    4.45 v _172_/A (sky130_fd_sc_hd__or3b_1)
     3    0.01    0.08    0.41    4.86 v _172_/X (sky130_fd_sc_hd__or3b_1)
                                         _102_ (net)
                  0.08    0.00    4.86 v _185_/C (sky130_fd_sc_hd__and3_1)
     1    0.00    0.03    0.20    5.06 v _185_/X (sky130_fd_sc_hd__and3_1)
                                         _009_ (net)
                  0.03    0.00    5.06 v _186_/A (sky130_fd_sc_hd__or3b_1)
     4    0.01    0.10    0.44    5.49 v _186_/X (sky130_fd_sc_hd__or3b_1)
                                         _010_ (net)
                  0.10    0.00    5.49 v _187_/C (sky130_fd_sc_hd__and3_1)
     3    0.01    0.05    0.23    5.72 v _187_/X (sky130_fd_sc_hd__and3_1)
                                         _011_ (net)
                  0.05    0.00    5.72 v _189_/B (sky130_fd_sc_hd__or3_1)
     1    0.00    0.07    0.36    6.08 v _189_/X (sky130_fd_sc_hd__or3_1)
                                         _013_ (net)
                  0.07    0.00    6.08 v _195_/A2 (sky130_fd_sc_hd__a32o_1)
     1    0.00    0.04    0.26    6.34 v _195_/X (sky130_fd_sc_hd__a32o_1)
                                         alu6.result (net)
                  0.04    0.00    6.34 v _225_/A (sky130_fd_sc_hd__clkbuf_1)
     1    0.00    0.02    0.09    6.42 v _225_/X (sky130_fd_sc_hd__clkbuf_1)
                                         net28 (net)
                  0.02    0.00    6.42 v output28/A (sky130_fd_sc_hd__buf_2)
     1    0.03    0.09    0.18    6.60 v output28/X (sky130_fd_sc_hd__buf_2)
                                         result[6] (net)
                  0.09    0.00    6.60 v result[6] (out)
                                  6.60   data arrival time

                  0.00   10.00   10.00   clock __VIRTUAL_CLK__ (rise edge)
                          0.00   10.00   clock network delay (ideal)
                         -0.25    9.75   clock uncertainty
                          0.00    9.75   clock reconvergence pessimism
                         -2.00    7.75   output external delay
                                  7.75   data required time
-----------------------------------------------------------------------------
                                  7.75   data required time
                                 -6.60   data arrival time
-----------------------------------------------------------------------------
                                  1.15   slack (MET)


Startpoint: op[2] (input port clocked by __VIRTUAL_CLK__)
Endpoint: result[5] (output port clocked by __VIRTUAL_CLK__)
Path Group: __VIRTUAL_CLK__
Path Type: max

Fanout     Cap    Slew   Delay    Time   Description
-----------------------------------------------------------------------------
                  0.00    0.00    0.00   clock __VIRTUAL_CLK__ (rise edge)
                          0.00    0.00   clock network delay (ideal)
                          2.00    2.00 v input external delay
     1    0.00    0.01    0.00    2.00 v op[2] (in)
                                         op[2] (net)
                  0.01    0.00    2.00 v input20/A (sky130_fd_sc_hd__dlymetal6s2s_1)
     6    0.01    0.09    0.17    2.18 v input20/X (sky130_fd_sc_hd__dlymetal6s2s_1)
                                         net20 (net)
                  0.09    0.00    2.18 v _105_/A (sky130_fd_sc_hd__nor2_2)
     7    0.02    0.27    0.28    2.46 ^ _105_/Y (sky130_fd_sc_hd__nor2_2)
                                         _039_ (net)
                  0.27    0.00    2.46 ^ _109_/B (sky130_fd_sc_hd__nand2_2)
     8    0.03    0.13    0.18    2.64 v _109_/Y (sky130_fd_sc_hd__nand2_2)
                                         _043_ (net)
                  0.13    0.00    2.64 v _115_/A2 (sky130_fd_sc_hd__o32a_1)
     3    0.01    0.09    0.42    3.05 v _115_/X (sky130_fd_sc_hd__o32a_1)
                                         _049_ (net)
                  0.09    0.00    3.05 v _116_/B (sky130_fd_sc_hd__xnor2_1)
     3    0.01    0.25    0.25    3.31 ^ _116_/Y (sky130_fd_sc_hd__xnor2_1)
                                         _050_ (net)
                  0.25    0.00    3.31 ^ _129_/A2 (sky130_fd_sc_hd__o21ai_2)
     4    0.01    0.07    0.12    3.43 v _129_/Y (sky130_fd_sc_hd__o21ai_2)
                                         _062_ (net)
                  0.07    0.00    3.43 v _145_/A2 (sky130_fd_sc_hd__a32o_1)
     1    0.00    0.04    0.26    3.69 v _145_/X (sky130_fd_sc_hd__a32o_1)
                                         _077_ (net)
                  0.04    0.00    3.69 v _146_/B1 (sky130_fd_sc_hd__o22a_1)
     3    0.01    0.08    0.22    3.91 v _146_/X (sky130_fd_sc_hd__o22a_1)
                                         _078_ (net)
                  0.08    0.00    3.91 v _147_/B (sky130_fd_sc_hd__xnor2_1)
     3    0.01    0.22    0.23    4.14 ^ _147_/Y (sky130_fd_sc_hd__xnor2_1)
                                         _079_ (net)
                  0.22    0.00    4.14 ^ _156_/A2 (sky130_fd_sc_hd__o21ai_1)
     4    0.01    0.09    0.13    4.27 v _156_/Y (sky130_fd_sc_hd__o21ai_1)
                                         _087_ (net)
                  0.09    0.00    4.27 v _171_/B (sky130_fd_sc_hd__and3_1)
     1    0.00    0.03    0.18    4.45 v _171_/X (sky130_fd_sc_hd__and3_1)
                                         _101_ (net)
                  0.03    0.00    4.45 v _172_/A (sky130_fd_sc_hd__or3b_1)
     3    0.01    0.08    0.41    4.86 v _172_/X (sky130_fd_sc_hd__or3b_1)
                                         _102_ (net)
                  0.08    0.00    4.86 v _173_/C (sky130_fd_sc_hd__and3_1)
     2    0.00    0.04    0.21    5.07 v _173_/X (sky130_fd_sc_hd__and3_1)
                                         _103_ (net)
                  0.04    0.00    5.07 v _175_/A (sky130_fd_sc_hd__or2b_1)
     2    0.00    0.05    0.24    5.31 v _175_/X (sky130_fd_sc_hd__or2b_1)
                                         _000_ (net)
                  0.05    0.00    5.31 v _176_/B (sky130_fd_sc_hd__or2_1)
     1    0.00    0.05    0.21    5.52 v _176_/X (sky130_fd_sc_hd__or2_1)
                                         _001_ (net)
                  0.05    0.00    5.52 v _182_/A2 (sky130_fd_sc_hd__a32o_1)
     1    0.00    0.04    0.25    5.77 v _182_/X (sky130_fd_sc_hd__a32o_1)
                                         alu5.result (net)
                  0.04    0.00    5.77 v _224_/A (sky130_fd_sc_hd__clkbuf_1)
     1    0.00    0.02    0.08    5.86 v _224_/X (sky130_fd_sc_hd__clkbuf_1)
                                         net27 (net)
                  0.02    0.00    5.86 v output27/A (sky130_fd_sc_hd__buf_2)
     1    0.03    0.09    0.18    6.04 v output27/X (sky130_fd_sc_hd__buf_2)
                                         result[5] (net)
                  0.09    0.00    6.04 v result[5] (out)
                                  6.04   data arrival time

                  0.00   10.00   10.00   clock __VIRTUAL_CLK__ (rise edge)
                          0.00   10.00   clock network delay (ideal)
                         -0.25    9.75   clock uncertainty
                          0.00    9.75   clock reconvergence pessimism
                         -2.00    7.75   output external delay
                                  7.75   data required time
-----------------------------------------------------------------------------
                                  7.75   data required time
                                 -6.04   data arrival time
-----------------------------------------------------------------------------
                                  1.71   slack (MET)


Startpoint: op[2] (input port clocked by __VIRTUAL_CLK__)
Endpoint: result[4] (output port clocked by __VIRTUAL_CLK__)
Path Group: __VIRTUAL_CLK__
Path Type: max

Fanout     Cap    Slew   Delay    Time   Description
-----------------------------------------------------------------------------
                  0.00    0.00    0.00   clock __VIRTUAL_CLK__ (rise edge)
                          0.00    0.00   clock network delay (ideal)
                          2.00    2.00 v input external delay
     1    0.00    0.01    0.00    2.00 v op[2] (in)
                                         op[2] (net)
                  0.01    0.00    2.00 v input20/A (sky130_fd_sc_hd__dlymetal6s2s_1)
     6    0.01    0.09    0.17    2.18 v input20/X (sky130_fd_sc_hd__dlymetal6s2s_1)
                                         net20 (net)
                  0.09    0.00    2.18 v _105_/A (sky130_fd_sc_hd__nor2_2)
     7    0.02    0.27    0.28    2.46 ^ _105_/Y (sky130_fd_sc_hd__nor2_2)
                                         _039_ (net)
                  0.27    0.00    2.46 ^ _109_/B (sky130_fd_sc_hd__nand2_2)
     8    0.03    0.13    0.18    2.64 v _109_/Y (sky130_fd_sc_hd__nand2_2)
                                         _043_ (net)
                  0.13    0.00    2.64 v _115_/A2 (sky130_fd_sc_hd__o32a_1)
     3    0.01    0.09    0.42    3.05 v _115_/X (sky130_fd_sc_hd__o32a_1)
                                         _049_ (net)
                  0.09    0.00    3.05 v _116_/B (sky130_fd_sc_hd__xnor2_1)
     3    0.01    0.25    0.25    3.31 ^ _116_/Y (sky130_fd_sc_hd__xnor2_1)
                                         _050_ (net)
                  0.25    0.00    3.31 ^ _129_/A2 (sky130_fd_sc_hd__o21ai_2)
     4    0.01    0.07    0.12    3.43 v _129_/Y (sky130_fd_sc_hd__o21ai_2)
                                         _062_ (net)
                  0.07    0.00    3.43 v _145_/A2 (sky130_fd_sc_hd__a32o_1)
     1    0.00    0.04    0.26    3.69 v _145_/X (sky130_fd_sc_hd__a32o_1)
                                         _077_ (net)
                  0.04    0.00    3.69 v _146_/B1 (sky130_fd_sc_hd__o22a_1)
     3    0.01    0.08    0.22    3.91 v _146_/X (sky130_fd_sc_hd__o22a_1)
                                         _078_ (net)
                  0.08    0.00    3.91 v _147_/B (sky130_fd_sc_hd__xnor2_1)
     3    0.01    0.22    0.23    4.14 ^ _147_/Y (sky130_fd_sc_hd__xnor2_1)
                                         _079_ (net)
                  0.22    0.00    4.14 ^ _156_/A2 (sky130_fd_sc_hd__o21ai_1)
     4    0.01    0.09    0.13    4.27 v _156_/Y (sky130_fd_sc_hd__o21ai_1)
                                         _087_ (net)
                  0.09    0.00    4.27 v _159_/B (sky130_fd_sc_hd__and3_1)
     3    0.01    0.05    0.21    4.48 v _159_/X (sky130_fd_sc_hd__and3_1)
                                         _090_ (net)
                  0.05    0.00    4.48 v _161_/B (sky130_fd_sc_hd__or3_1)
     1    0.00    0.07    0.36    4.84 v _161_/X (sky130_fd_sc_hd__or3_1)
                                         _092_ (net)
                  0.07    0.00    4.84 v _167_/A2 (sky130_fd_sc_hd__a32o_1)
     1    0.00    0.04    0.25    5.09 v _167_/X (sky130_fd_sc_hd__a32o_1)
                                         alu4.result (net)
                  0.04    0.00    5.09 v _223_/A (sky130_fd_sc_hd__clkbuf_1)
     1    0.00    0.02    0.08    5.17 v _223_/X (sky130_fd_sc_hd__clkbuf_1)
                                         net26 (net)
                  0.02    0.00    5.17 v output26/A (sky130_fd_sc_hd__buf_2)
     1    0.03    0.09    0.18    5.35 v output26/X (sky130_fd_sc_hd__buf_2)
                                         result[4] (net)
                  0.09    0.00    5.35 v result[4] (out)
                                  5.35   data arrival time

                  0.00   10.00   10.00   clock __VIRTUAL_CLK__ (rise edge)
                          0.00   10.00   clock network delay (ideal)
                         -0.25    9.75   clock uncertainty
                          0.00    9.75   clock reconvergence pessimism
                         -2.00    7.75   output external delay
                                  7.75   data required time
-----------------------------------------------------------------------------
                                  7.75   data required time
                                 -5.35   data arrival time
-----------------------------------------------------------------------------
                                  2.40   slack (MET)


Startpoint: op[2] (input port clocked by __VIRTUAL_CLK__)
Endpoint: result[3] (output port clocked by __VIRTUAL_CLK__)
Path Group: __VIRTUAL_CLK__
Path Type: max

Fanout     Cap    Slew   Delay    Time   Description
-----------------------------------------------------------------------------
                  0.00    0.00    0.00   clock __VIRTUAL_CLK__ (rise edge)
                          0.00    0.00   clock network delay (ideal)
                          2.00    2.00 v input external delay
     1    0.00    0.01    0.00    2.00 v op[2] (in)
                                         op[2] (net)
                  0.01    0.00    2.00 v input20/A (sky130_fd_sc_hd__dlymetal6s2s_1)
     6    0.01    0.09    0.17    2.18 v input20/X (sky130_fd_sc_hd__dlymetal6s2s_1)
                                         net20 (net)
                  0.09    0.00    2.18 v _105_/A (sky130_fd_sc_hd__nor2_2)
     7    0.02    0.27    0.28    2.46 ^ _105_/Y (sky130_fd_sc_hd__nor2_2)
                                         _039_ (net)
                  0.27    0.00    2.46 ^ _109_/B (sky130_fd_sc_hd__nand2_2)
     8    0.03    0.13    0.18    2.64 v _109_/Y (sky130_fd_sc_hd__nand2_2)
                                         _043_ (net)
                  0.13    0.00    2.64 v _115_/A2 (sky130_fd_sc_hd__o32a_1)
     3    0.01    0.09    0.42    3.05 v _115_/X (sky130_fd_sc_hd__o32a_1)
                                         _049_ (net)
                  0.09    0.00    3.05 v _116_/B (sky130_fd_sc_hd__xnor2_1)
     3    0.01    0.25    0.25    3.31 ^ _116_/Y (sky130_fd_sc_hd__xnor2_1)
                                         _050_ (net)
                  0.25    0.00    3.31 ^ _129_/A2 (sky130_fd_sc_hd__o21ai_2)
     4    0.01    0.07    0.12    3.43 v _129_/Y (sky130_fd_sc_hd__o21ai_2)
                                         _062_ (net)
                  0.07    0.00    3.43 v _145_/A2 (sky130_fd_sc_hd__a32o_1)
     1    0.00    0.04    0.26    3.69 v _145_/X (sky130_fd_sc_hd__a32o_1)
                                         _077_ (net)
                  0.04    0.00    3.69 v _146_/B1 (sky130_fd_sc_hd__o22a_1)
     3    0.01    0.08    0.22    3.91 v _146_/X (sky130_fd_sc_hd__o22a_1)
                                         _078_ (net)
                  0.08    0.00    3.91 v _147_/B (sky130_fd_sc_hd__xnor2_1)
     3    0.01    0.08    0.16    4.07 v _147_/Y (sky130_fd_sc_hd__xnor2_1)
                                         _079_ (net)
                  0.08    0.00    4.07 v _148_/B (sky130_fd_sc_hd__or2_1)
     1    0.00    0.05    0.22    4.30 v _148_/X (sky130_fd_sc_hd__or2_1)
                                         _080_ (net)
                  0.05    0.00    4.30 v _154_/A2 (sky130_fd_sc_hd__a32o_1)
     1    0.00    0.04    0.25    4.54 v _154_/X (sky130_fd_sc_hd__a32o_1)
                                         alu3.result (net)
                  0.04    0.00    4.54 v _222_/A (sky130_fd_sc_hd__clkbuf_1)
     1    0.00    0.03    0.09    4.64 v _222_/X (sky130_fd_sc_hd__clkbuf_1)
                                         net25 (net)
                  0.03    0.00    4.64 v output25/A (sky130_fd_sc_hd__clkbuf_4)
     1    0.03    0.08    0.18    4.82 v output25/X (sky130_fd_sc_hd__clkbuf_4)
                                         result[3] (net)
                  0.08    0.00    4.82 v result[3] (out)
                                  4.82   data arrival time

                  0.00   10.00   10.00   clock __VIRTUAL_CLK__ (rise edge)
                          0.00   10.00   clock network delay (ideal)
                         -0.25    9.75   clock uncertainty
                          0.00    9.75   clock reconvergence pessimism
                         -2.00    7.75   output external delay
                                  7.75   data required time
-----------------------------------------------------------------------------
                                  7.75   data required time
                                 -4.82   data arrival time
-----------------------------------------------------------------------------
                                  2.93   slack (MET)


Startpoint: op[2] (input port clocked by __VIRTUAL_CLK__)
Endpoint: result[2] (output port clocked by __VIRTUAL_CLK__)
Path Group: __VIRTUAL_CLK__
Path Type: max

Fanout     Cap    Slew   Delay    Time   Description
-----------------------------------------------------------------------------
                  0.00    0.00    0.00   clock __VIRTUAL_CLK__ (rise edge)
                          0.00    0.00   clock network delay (ideal)
                          2.00    2.00 v input external delay
     1    0.00    0.01    0.00    2.00 v op[2] (in)
                                         op[2] (net)
                  0.01    0.00    2.00 v input20/A (sky130_fd_sc_hd__dlymetal6s2s_1)
     6    0.01    0.09    0.17    2.18 v input20/X (sky130_fd_sc_hd__dlymetal6s2s_1)
                                         net20 (net)
                  0.09    0.00    2.18 v _105_/A (sky130_fd_sc_hd__nor2_2)
     7    0.02    0.27    0.28    2.46 ^ _105_/Y (sky130_fd_sc_hd__nor2_2)
                                         _039_ (net)
                  0.27    0.00    2.46 ^ _109_/B (sky130_fd_sc_hd__nand2_2)
     8    0.03    0.13    0.18    2.64 v _109_/Y (sky130_fd_sc_hd__nand2_2)
                                         _043_ (net)
                  0.13    0.00    2.64 v _115_/A2 (sky130_fd_sc_hd__o32a_1)
     3    0.01    0.09    0.42    3.05 v _115_/X (sky130_fd_sc_hd__o32a_1)
                                         _049_ (net)
                  0.09    0.00    3.05 v _116_/B (sky130_fd_sc_hd__xnor2_1)
     3    0.01    0.09    0.18    3.23 v _116_/Y (sky130_fd_sc_hd__xnor2_1)
                                         _050_ (net)
                  0.09    0.00    3.23 v _129_/A2 (sky130_fd_sc_hd__o21ai_2)
     4    0.01    0.17    0.19    3.42 ^ _129_/Y (sky130_fd_sc_hd__o21ai_2)
                                         _062_ (net)
                  0.17    0.00    3.42 ^ _136_/A2 (sky130_fd_sc_hd__a31o_1)
     1    0.00    0.05    0.17    3.60 ^ _136_/X (sky130_fd_sc_hd__a31o_1)
                                         _069_ (net)
                  0.05    0.00    3.60 ^ _137_/B (sky130_fd_sc_hd__nor2_1)
     1    0.00    0.03    0.04    3.63 v _137_/Y (sky130_fd_sc_hd__nor2_1)
                                         _070_ (net)
                  0.03    0.00    3.63 v _141_/B1 (sky130_fd_sc_hd__o2bb2a_1)
     1    0.00    0.05    0.29    3.92 v _141_/X (sky130_fd_sc_hd__o2bb2a_1)
                                         alu2.result (net)
                  0.05    0.00    3.92 v _221_/A (sky130_fd_sc_hd__clkbuf_1)
     1    0.00    0.02    0.09    4.01 v _221_/X (sky130_fd_sc_hd__clkbuf_1)
                                         net24 (net)
                  0.02    0.00    4.01 v output24/A (sky130_fd_sc_hd__buf_2)
     1    0.03    0.09    0.18    4.18 v output24/X (sky130_fd_sc_hd__buf_2)
                                         result[2] (net)
                  0.09    0.00    4.18 v result[2] (out)
                                  4.18   data arrival time

                  0.00   10.00   10.00   clock __VIRTUAL_CLK__ (rise edge)
                          0.00   10.00   clock network delay (ideal)
                         -0.25    9.75   clock uncertainty
                          0.00    9.75   clock reconvergence pessimism
                         -2.00    7.75   output external delay
                                  7.75   data required time
-----------------------------------------------------------------------------
                                  7.75   data required time
                                 -4.18   data arrival time
-----------------------------------------------------------------------------
                                  3.57   slack (MET)


Startpoint: op[2] (input port clocked by __VIRTUAL_CLK__)
Endpoint: result[1] (output port clocked by __VIRTUAL_CLK__)
Path Group: __VIRTUAL_CLK__
Path Type: max

Fanout     Cap    Slew   Delay    Time   Description
-----------------------------------------------------------------------------
                  0.00    0.00    0.00   clock __VIRTUAL_CLK__ (rise edge)
                          0.00    0.00   clock network delay (ideal)
                          2.00    2.00 v input external delay
     1    0.00    0.01    0.00    2.00 v op[2] (in)
                                         op[2] (net)
                  0.01    0.00    2.00 v input20/A (sky130_fd_sc_hd__dlymetal6s2s_1)
     6    0.01    0.09    0.17    2.18 v input20/X (sky130_fd_sc_hd__dlymetal6s2s_1)
                                         net20 (net)
                  0.09    0.00    2.18 v _105_/A (sky130_fd_sc_hd__nor2_2)
     7    0.02    0.27    0.28    2.46 ^ _105_/Y (sky130_fd_sc_hd__nor2_2)
                                         _039_ (net)
                  0.27    0.00    2.46 ^ _109_/B (sky130_fd_sc_hd__nand2_2)
     8    0.03    0.13    0.18    2.64 v _109_/Y (sky130_fd_sc_hd__nand2_2)
                                         _043_ (net)
                  0.13    0.00    2.64 v _115_/A2 (sky130_fd_sc_hd__o32a_1)
     3    0.01    0.09    0.42    3.05 v _115_/X (sky130_fd_sc_hd__o32a_1)
                                         _049_ (net)
                  0.09    0.00    3.05 v _116_/B (sky130_fd_sc_hd__xnor2_1)
     3    0.01    0.09    0.18    3.23 v _116_/Y (sky130_fd_sc_hd__xnor2_1)
                                         _050_ (net)
                  0.09    0.00    3.23 v _118_/B (sky130_fd_sc_hd__or2_1)
     1    0.00    0.05    0.23    3.46 v _118_/X (sky130_fd_sc_hd__or2_1)
                                         _052_ (net)
                  0.05    0.00    3.46 v _127_/A3 (sky130_fd_sc_hd__a32o_1)
     1    0.00    0.04    0.26    3.72 v _127_/X (sky130_fd_sc_hd__a32o_1)
                                         alu1.result (net)
                  0.04    0.00    3.72 v _220_/A (sky130_fd_sc_hd__clkbuf_1)
     1    0.00    0.03    0.09    3.81 v _220_/X (sky130_fd_sc_hd__clkbuf_1)
                                         net23 (net)
                  0.03    0.00    3.81 v output23/A (sky130_fd_sc_hd__buf_2)
     1    0.03    0.09    0.18    3.99 v output23/X (sky130_fd_sc_hd__buf_2)
                                         result[1] (net)
                  0.09    0.00    3.99 v result[1] (out)
                                  3.99   data arrival time

                  0.00   10.00   10.00   clock __VIRTUAL_CLK__ (rise edge)
                          0.00   10.00   clock network delay (ideal)
                         -0.25    9.75   clock uncertainty
                          0.00    9.75   clock reconvergence pessimism
                         -2.00    7.75   output external delay
                                  7.75   data required time
-----------------------------------------------------------------------------
                                  7.75   data required time
                                 -3.99   data arrival time
-----------------------------------------------------------------------------
                                  3.76   slack (MET)


Startpoint: op[0] (input port clocked by __VIRTUAL_CLK__)
Endpoint: result[0] (output port clocked by __VIRTUAL_CLK__)
Path Group: __VIRTUAL_CLK__
Path Type: max

Fanout     Cap    Slew   Delay    Time   Description
-----------------------------------------------------------------------------
                  0.00    0.00    0.00   clock __VIRTUAL_CLK__ (rise edge)
                          0.00    0.00   clock network delay (ideal)
                          2.00    2.00 ^ input external delay
     1    0.00    0.02    0.01    2.01 ^ op[0] (in)
                                         op[0] (net)
                  0.02    0.00    2.01 ^ input18/A (sky130_fd_sc_hd__buf_1)
     2    0.01    0.11    0.12    2.13 ^ input18/X (sky130_fd_sc_hd__buf_1)
                                         net18 (net)
                  0.11    0.00    2.13 ^ _112_/A (sky130_fd_sc_hd__clkbuf_2)
    10    0.02    0.13    0.20    2.33 ^ _112_/X (sky130_fd_sc_hd__clkbuf_2)
                                         _046_ (net)
                  0.13    0.00    2.33 ^ _123_/B (sky130_fd_sc_hd__or2_1)
     2    0.01    0.07    0.15    2.48 ^ _123_/X (sky130_fd_sc_hd__or2_1)
                                         _057_ (net)
                  0.07    0.00    2.48 ^ _124_/A (sky130_fd_sc_hd__inv_2)
     1    0.00    0.02    0.03    2.51 v _124_/Y (sky130_fd_sc_hd__inv_2)
                                         _058_ (net)
                  0.02    0.00    2.51 v _125_/A2 (sky130_fd_sc_hd__a22o_1)
     7    0.02    0.10    0.29    2.80 v _125_/X (sky130_fd_sc_hd__a22o_1)
                                         _059_ (net)
                  0.10    0.00    2.80 v _215_/B1 (sky130_fd_sc_hd__o21a_1)
     1    0.00    0.03    0.13    2.93 v _215_/X (sky130_fd_sc_hd__o21a_1)
                                         _036_ (net)
                  0.03    0.00    2.93 v _217_/A1 (sky130_fd_sc_hd__mux2_1)
     1    0.00    0.05    0.29    3.22 v _217_/X (sky130_fd_sc_hd__mux2_1)
                                         _038_ (net)
                  0.05    0.00    3.22 v _218_/B1_N (sky130_fd_sc_hd__o21bai_1)
     1    0.00    0.05    0.15    3.37 v _218_/Y (sky130_fd_sc_hd__o21bai_1)
                                         alu0.result (net)
                  0.05    0.00    3.37 v _219_/A (sky130_fd_sc_hd__clkbuf_1)
     1    0.00    0.02    0.09    3.46 v _219_/X (sky130_fd_sc_hd__clkbuf_1)
                                         net22 (net)
                  0.02    0.00    3.46 v output22/A (sky130_fd_sc_hd__buf_2)
     1    0.03    0.09    0.18    3.64 v output22/X (sky130_fd_sc_hd__buf_2)
                                         result[0] (net)
                  0.09    0.00    3.64 v result[0] (out)
                                  3.64   data arrival time

                  0.00   10.00   10.00   clock __VIRTUAL_CLK__ (rise edge)
                          0.00   10.00   clock network delay (ideal)
                         -0.25    9.75   clock uncertainty
                          0.00    9.75   clock reconvergence pessimism
                         -2.00    7.75   output external delay
                                  7.75   data required time
-----------------------------------------------------------------------------
                                  7.75   data required time
                                 -3.64   data arrival time
-----------------------------------------------------------------------------
                                  4.11   slack (MET)



worst slack corner Typical: 0.5487
