
===========================================================================
report_checks -unconstrained
===========================================================================
======================= Fastest Corner ===================================

Startpoint: op[2] (input port clocked by __VIRTUAL_CLK__)
Endpoint: result[7] (output port clocked by __VIRTUAL_CLK__)
Path Group: __VIRTUAL_CLK__
Path Type: max
Corner: Fastest

Fanout     Cap    Slew   Delay    Time   Description
-----------------------------------------------------------------------------
                  0.00    0.00    0.00   clock __VIRTUAL_CLK__ (rise edge)
                          0.00    0.00   clock network delay (ideal)
                          2.00    2.00 v input external delay
     1    0.01    0.01    0.00    2.00 v op[2] (in)
                                         op[2] (net)
                  0.01    0.00    2.00 v input20/A (sky130_fd_sc_hd__buf_6)
     6    0.03    0.03    0.08    2.08 v input20/X (sky130_fd_sc_hd__buf_6)
                                         net20 (net)
                  0.03    0.00    2.09 v _105_/A (sky130_fd_sc_hd__nor2_4)
     7    0.04    0.19    0.18    2.26 ^ _105_/Y (sky130_fd_sc_hd__nor2_4)
                                         _039_ (net)
                  0.19    0.00    2.27 ^ _109_/B (sky130_fd_sc_hd__nand2_4)
     8    0.04    0.09    0.09    2.35 v _109_/Y (sky130_fd_sc_hd__nand2_4)
                                         _043_ (net)
                  0.09    0.00    2.36 v _115_/A2 (sky130_fd_sc_hd__o32a_4)
     3    0.03    0.06    0.28    2.63 v _115_/X (sky130_fd_sc_hd__o32a_4)
                                         _049_ (net)
                  0.07    0.00    2.63 v _116_/B (sky130_fd_sc_hd__xnor2_4)
     3    0.01    0.11    0.13    2.76 ^ _116_/Y (sky130_fd_sc_hd__xnor2_4)
                                         _050_ (net)
                  0.11    0.00    2.76 ^ _129_/A2 (sky130_fd_sc_hd__o21ai_2)
     4    0.01    0.05    0.06    2.82 v _129_/Y (sky130_fd_sc_hd__o21ai_2)
                                         _062_ (net)
                  0.05    0.00    2.82 v _143_/A2 (sky130_fd_sc_hd__a31o_1)
     1    0.01    0.03    0.15    2.97 v _143_/X (sky130_fd_sc_hd__a31o_1)
                                         _075_ (net)
                  0.03    0.00    2.97 v _146_/A2 (sky130_fd_sc_hd__o22a_4)
     3    0.02    0.04    0.16    3.13 v _146_/X (sky130_fd_sc_hd__o22a_4)
                                         _078_ (net)
                  0.04    0.00    3.13 v _157_/A2 (sky130_fd_sc_hd__a21oi_2)
     1    0.00    0.06    0.09    3.22 ^ _157_/Y (sky130_fd_sc_hd__a21oi_2)
                                         _088_ (net)
                  0.06    0.00    3.22 ^ _158_/A (sky130_fd_sc_hd__nand2_1)
     2    0.01    0.04    0.05    3.27 v _158_/Y (sky130_fd_sc_hd__nand2_1)
                                         _089_ (net)
                  0.04    0.00    3.27 v rebuffer1/A (sky130_fd_sc_hd__clkbuf_2)
     3    0.01    0.03    0.08    3.35 v rebuffer1/X (sky130_fd_sc_hd__clkbuf_2)
                                         net30 (net)
                  0.03    0.00    3.35 v _169_/A2 (sky130_fd_sc_hd__a21o_1)
     1    0.00    0.02    0.11    3.47 v _169_/X (sky130_fd_sc_hd__a21o_1)
                                         _099_ (net)
                  0.02    0.00    3.47 v _170_/A1 (sky130_fd_sc_hd__a211o_1)
     3    0.01    0.06    0.18    3.65 v _170_/X (sky130_fd_sc_hd__a211o_1)
                                         _100_ (net)
                  0.06    0.00    3.65 v _185_/B (sky130_fd_sc_hd__and3_1)
     1    0.00    0.03    0.12    3.77 v _185_/X (sky130_fd_sc_hd__and3_1)
                                         _009_ (net)
                  0.03    0.00    3.77 v _186_/B (sky130_fd_sc_hd__or3b_4)
     4    0.01    0.05    0.24    4.01 v _186_/X (sky130_fd_sc_hd__or3b_4)
                                         _010_ (net)
                  0.05    0.00    4.02 v _197_/A2 (sky130_fd_sc_hd__a21o_1)
     1    0.00    0.03    0.13    4.14 v _197_/X (sky130_fd_sc_hd__a21o_1)
                                         _020_ (net)
                  0.03    0.00    4.14 v _198_/A2 (sky130_fd_sc_hd__a211o_1)
     3    0.01    0.06    0.21    4.36 v _198_/X (sky130_fd_sc_hd__a211o_1)
                                         _021_ (net)
                  0.06    0.00    4.36 v _201_/B (sky130_fd_sc_hd__and3_1)
     3    0.01    0.05    0.14    4.50 v _201_/X (sky130_fd_sc_hd__and3_1)
                                         _024_ (net)
                  0.05    0.00    4.50 v _203_/C (sky130_fd_sc_hd__or3_4)
     2    0.01    0.05    0.21    4.71 v _203_/X (sky130_fd_sc_hd__or3_4)
                                         _026_ (net)
                  0.05    0.00    4.71 v _209_/A1 (sky130_fd_sc_hd__a31o_1)
     1    0.00    0.03    0.12    4.83 v _209_/X (sky130_fd_sc_hd__a31o_1)
                                         alu7.result (net)
                  0.03    0.00    4.83 v _226_/A (sky130_fd_sc_hd__clkbuf_1)
     1    0.00    0.02    0.06    4.89 v _226_/X (sky130_fd_sc_hd__clkbuf_1)
                                         net29 (net)
                  0.02    0.00    4.89 v output29/A (sky130_fd_sc_hd__buf_6)
     1    0.03    0.03    0.09    4.98 v output29/X (sky130_fd_sc_hd__buf_6)
                                         result[7] (net)
                  0.03    0.00    4.99 v result[7] (out)
                                  4.99   data arrival time

                  0.00   10.00   10.00   clock __VIRTUAL_CLK__ (rise edge)
                          0.00   10.00   clock network delay (ideal)
                         -0.25    9.75   clock uncertainty
                          0.00    9.75   clock reconvergence pessimism
                         -2.00    7.75   output external delay
                                  7.75   data required time
-----------------------------------------------------------------------------
                                  7.75   data required time
                                 -4.99   data arrival time
-----------------------------------------------------------------------------
                                  2.76   slack (MET)



======================= Slowest Corner ===================================

Startpoint: op[2] (input port clocked by __VIRTUAL_CLK__)
Endpoint: result[7] (output port clocked by __VIRTUAL_CLK__)
Path Group: __VIRTUAL_CLK__
Path Type: max
Corner: Slowest

Fanout     Cap    Slew   Delay    Time   Description
-----------------------------------------------------------------------------
                  0.00    0.00    0.00   clock __VIRTUAL_CLK__ (rise edge)
                          0.00    0.00   clock network delay (ideal)
                          2.00    2.00 v input external delay
     1    0.01    0.03    0.02    2.02 v op[2] (in)
                                         op[2] (net)
                  0.03    0.00    2.02 v input20/A (sky130_fd_sc_hd__buf_6)
     6    0.02    0.07    0.22    2.24 v input20/X (sky130_fd_sc_hd__buf_6)
                                         net20 (net)
                  0.07    0.00    2.24 v _105_/A (sky130_fd_sc_hd__nor2_4)
     7    0.04    0.42    0.42    2.66 ^ _105_/Y (sky130_fd_sc_hd__nor2_4)
                                         _039_ (net)
                  0.42    0.00    2.67 ^ _109_/B (sky130_fd_sc_hd__nand2_4)
     8    0.04    0.23    0.34    3.01 v _109_/Y (sky130_fd_sc_hd__nand2_4)
                                         _043_ (net)
                  0.23    0.00    3.01 v _115_/A2 (sky130_fd_sc_hd__o32a_4)
     3    0.03    0.19    0.84    3.85 v _115_/X (sky130_fd_sc_hd__o32a_4)
                                         _049_ (net)
                  0.19    0.00    3.85 v _130_/A2 (sky130_fd_sc_hd__a21oi_2)
     1    0.00    0.15    0.29    4.14 ^ _130_/Y (sky130_fd_sc_hd__a21oi_2)
                                         _063_ (net)
                  0.15    0.00    4.14 ^ _131_/A (sky130_fd_sc_hd__nand2_1)
     4    0.01    0.20    0.24    4.38 v _131_/Y (sky130_fd_sc_hd__nand2_1)
                                         _064_ (net)
                  0.20    0.00    4.38 v _145_/A1 (sky130_fd_sc_hd__a32o_1)
     1    0.01    0.09    0.50    4.88 v _145_/X (sky130_fd_sc_hd__a32o_1)
                                         _077_ (net)
                  0.09    0.00    4.88 v _146_/B2 (sky130_fd_sc_hd__o22a_4)
     3    0.02    0.12    0.44    5.33 v _146_/X (sky130_fd_sc_hd__o22a_4)
                                         _078_ (net)
                  0.12    0.00    5.33 v _157_/A2 (sky130_fd_sc_hd__a21oi_2)
     1    0.00    0.13    0.24    5.57 ^ _157_/Y (sky130_fd_sc_hd__a21oi_2)
                                         _088_ (net)
                  0.13    0.00    5.57 ^ _158_/A (sky130_fd_sc_hd__nand2_1)
     2    0.01    0.14    0.18    5.75 v _158_/Y (sky130_fd_sc_hd__nand2_1)
                                         _089_ (net)
                  0.14    0.00    5.75 v rebuffer1/A (sky130_fd_sc_hd__clkbuf_2)
     3    0.01    0.06    0.24    5.99 v rebuffer1/X (sky130_fd_sc_hd__clkbuf_2)
                                         net30 (net)
                  0.06    0.00    5.99 v _159_/A (sky130_fd_sc_hd__and3_1)
     3    0.01    0.13    0.37    6.36 v _159_/X (sky130_fd_sc_hd__and3_1)
                                         _090_ (net)
                  0.13    0.00    6.36 v _170_/C1 (sky130_fd_sc_hd__a211o_1)
     3    0.01    0.14    0.54    6.91 v _170_/X (sky130_fd_sc_hd__a211o_1)
                                         _100_ (net)
                  0.14    0.00    6.91 v _185_/B (sky130_fd_sc_hd__and3_1)
     1    0.00    0.08    0.39    7.30 v _185_/X (sky130_fd_sc_hd__and3_1)
                                         _009_ (net)
                  0.08    0.00    7.30 v _186_/B (sky130_fd_sc_hd__or3b_4)
     4    0.01    0.14    0.79    8.09 v _186_/X (sky130_fd_sc_hd__or3b_4)
                                         _010_ (net)
                  0.14    0.00    8.09 v _199_/A (sky130_fd_sc_hd__and3_1)
     1    0.00    0.07    0.34    8.43 v _199_/X (sky130_fd_sc_hd__and3_1)
                                         _022_ (net)
                  0.07    0.00    8.43 v _200_/B (sky130_fd_sc_hd__or3b_4)
     3    0.01    0.14    0.79    9.22 v _200_/X (sky130_fd_sc_hd__or3b_4)
                                         _023_ (net)
                  0.14    0.00    9.22 v _201_/A (sky130_fd_sc_hd__and3_1)
     3    0.01    0.13    0.40    9.62 v _201_/X (sky130_fd_sc_hd__and3_1)
                                         _024_ (net)
                  0.13    0.00    9.62 v _203_/C (sky130_fd_sc_hd__or3_4)
     2    0.01    0.13    0.72   10.35 v _203_/X (sky130_fd_sc_hd__or3_4)
                                         _026_ (net)
                  0.13    0.00   10.35 v _209_/A1 (sky130_fd_sc_hd__a31o_1)
     1    0.00    0.06    0.36   10.70 v _209_/X (sky130_fd_sc_hd__a31o_1)
                                         alu7.result (net)
                  0.06    0.00   10.70 v _226_/A (sky130_fd_sc_hd__clkbuf_1)
     1    0.00    0.07    0.18   10.89 v _226_/X (sky130_fd_sc_hd__clkbuf_1)
                                         net29 (net)
                  0.07    0.00   10.89 v output29/A (sky130_fd_sc_hd__buf_6)
     1    0.03    0.08    0.26   11.14 v output29/X (sky130_fd_sc_hd__buf_6)
                                         result[7] (net)
                  0.08    0.00   11.15 v result[7] (out)
                                 11.15   data arrival time

                  0.00   10.00   10.00   clock __VIRTUAL_CLK__ (rise edge)
                          0.00   10.00   clock network delay (ideal)
                         -0.25    9.75   clock uncertainty
                          0.00    9.75   clock reconvergence pessimism
                         -2.00    7.75   output external delay
                                  7.75   data required time
-----------------------------------------------------------------------------
                                  7.75   data required time
                                -11.15   data arrival time
-----------------------------------------------------------------------------
                                 -3.40   slack (VIOLATED)



======================= Typical Corner ===================================

Startpoint: op[2] (input port clocked by __VIRTUAL_CLK__)
Endpoint: result[7] (output port clocked by __VIRTUAL_CLK__)
Path Group: __VIRTUAL_CLK__
Path Type: max
Corner: Typical

Fanout     Cap    Slew   Delay    Time   Description
-----------------------------------------------------------------------------
                  0.00    0.00    0.00   clock __VIRTUAL_CLK__ (rise edge)
                          0.00    0.00   clock network delay (ideal)
                          2.00    2.00 v input external delay
     1    0.00    0.01    0.01    2.01 v op[2] (in)
                                         op[2] (net)
                  0.01    0.00    2.01 v input20/A (sky130_fd_sc_hd__buf_6)
     6    0.02    0.04    0.12    2.13 v input20/X (sky130_fd_sc_hd__buf_6)
                                         net20 (net)
                  0.04    0.00    2.13 v _105_/A (sky130_fd_sc_hd__nor2_4)
     7    0.04    0.26    0.25    2.38 ^ _105_/Y (sky130_fd_sc_hd__nor2_4)
                                         _039_ (net)
                  0.26    0.00    2.38 ^ _109_/B (sky130_fd_sc_hd__nand2_4)
     8    0.04    0.12    0.16    2.54 v _109_/Y (sky130_fd_sc_hd__nand2_4)
                                         _043_ (net)
                  0.12    0.00    2.55 v _115_/A2 (sky130_fd_sc_hd__o32a_4)
     3    0.03    0.09    0.45    3.00 v _115_/X (sky130_fd_sc_hd__o32a_4)
                                         _049_ (net)
                  0.09    0.00    3.00 v _116_/B (sky130_fd_sc_hd__xnor2_4)
     3    0.01    0.15    0.18    3.17 ^ _116_/Y (sky130_fd_sc_hd__xnor2_4)
                                         _050_ (net)
                  0.15    0.00    3.18 ^ _129_/A2 (sky130_fd_sc_hd__o21ai_2)
     4    0.01    0.07    0.10    3.27 v _129_/Y (sky130_fd_sc_hd__o21ai_2)
                                         _062_ (net)
                  0.07    0.00    3.27 v _145_/A2 (sky130_fd_sc_hd__a32o_1)
     1    0.01    0.05    0.28    3.55 v _145_/X (sky130_fd_sc_hd__a32o_1)
                                         _077_ (net)
                  0.05    0.00    3.55 v _146_/B2 (sky130_fd_sc_hd__o22a_4)
     3    0.02    0.06    0.22    3.77 v _146_/X (sky130_fd_sc_hd__o22a_4)
                                         _078_ (net)
                  0.06    0.00    3.78 v _157_/A2 (sky130_fd_sc_hd__a21oi_2)
     1    0.00    0.08    0.14    3.91 ^ _157_/Y (sky130_fd_sc_hd__a21oi_2)
                                         _088_ (net)
                  0.08    0.00    3.91 ^ _158_/A (sky130_fd_sc_hd__nand2_1)
     2    0.01    0.06    0.08    3.99 v _158_/Y (sky130_fd_sc_hd__nand2_1)
                                         _089_ (net)
                  0.06    0.00    4.00 v rebuffer1/A (sky130_fd_sc_hd__clkbuf_2)
     3    0.01    0.04    0.12    4.12 v rebuffer1/X (sky130_fd_sc_hd__clkbuf_2)
                                         net30 (net)
                  0.04    0.00    4.12 v _169_/A2 (sky130_fd_sc_hd__a21o_1)
     1    0.00    0.03    0.18    4.30 v _169_/X (sky130_fd_sc_hd__a21o_1)
                                         _099_ (net)
                  0.03    0.00    4.30 v _170_/A1 (sky130_fd_sc_hd__a211o_1)
     3    0.01    0.08    0.30    4.59 v _170_/X (sky130_fd_sc_hd__a211o_1)
                                         _100_ (net)
                  0.08    0.00    4.59 v _185_/B (sky130_fd_sc_hd__and3_1)
     1    0.00    0.04    0.19    4.78 v _185_/X (sky130_fd_sc_hd__and3_1)
                                         _009_ (net)
                  0.04    0.00    4.78 v _186_/B (sky130_fd_sc_hd__or3b_4)
     4    0.01    0.08    0.40    5.18 v _186_/X (sky130_fd_sc_hd__or3b_4)
                                         _010_ (net)
                  0.08    0.00    5.18 v _199_/A (sky130_fd_sc_hd__and3_1)
     1    0.00    0.04    0.16    5.34 v _199_/X (sky130_fd_sc_hd__and3_1)
                                         _022_ (net)
                  0.04    0.00    5.34 v _200_/B (sky130_fd_sc_hd__or3b_4)
     3    0.01    0.08    0.40    5.74 v _200_/X (sky130_fd_sc_hd__or3b_4)
                                         _023_ (net)
                  0.08    0.00    5.74 v _201_/A (sky130_fd_sc_hd__and3_1)
     3    0.01    0.06    0.19    5.94 v _201_/X (sky130_fd_sc_hd__and3_1)
                                         _024_ (net)
                  0.06    0.00    5.94 v _203_/C (sky130_fd_sc_hd__or3_4)
     2    0.01    0.07    0.36    6.30 v _203_/X (sky130_fd_sc_hd__or3_4)
                                         _026_ (net)
                  0.07    0.00    6.30 v _209_/A1 (sky130_fd_sc_hd__a31o_1)
     1    0.00    0.03    0.19    6.48 v _209_/X (sky130_fd_sc_hd__a31o_1)
                                         alu7.result (net)
                  0.03    0.00    6.48 v _226_/A (sky130_fd_sc_hd__clkbuf_1)
     1    0.00    0.04    0.10    6.58 v _226_/X (sky130_fd_sc_hd__clkbuf_1)
                                         net29 (net)
                  0.04    0.00    6.58 v output29/A (sky130_fd_sc_hd__buf_6)
     1    0.03    0.04    0.14    6.72 v output29/X (sky130_fd_sc_hd__buf_6)
                                         result[7] (net)
                  0.04    0.00    6.72 v result[7] (out)
                                  6.72   data arrival time

                  0.00   10.00   10.00   clock __VIRTUAL_CLK__ (rise edge)
                          0.00   10.00   clock network delay (ideal)
                         -0.25    9.75   clock uncertainty
                          0.00    9.75   clock reconvergence pessimism
                         -2.00    7.75   output external delay
                                  7.75   data required time
-----------------------------------------------------------------------------
                                  7.75   data required time
                                 -6.72   data arrival time
-----------------------------------------------------------------------------
                                  1.03   slack (MET)




===========================================================================
report_checks --slack_max -0.01
============================================================================
======================= Fastest Corner ===================================

No paths found.

======================= Slowest Corner ===================================

Startpoint: op[2] (input port clocked by __VIRTUAL_CLK__)
Endpoint: result[7] (output port clocked by __VIRTUAL_CLK__)
Path Group: __VIRTUAL_CLK__
Path Type: max
Corner: Slowest

Fanout     Cap    Slew   Delay    Time   Description
-----------------------------------------------------------------------------
                  0.00    0.00    0.00   clock __VIRTUAL_CLK__ (rise edge)
                          0.00    0.00   clock network delay (ideal)
                          2.00    2.00 v input external delay
     1    0.01    0.03    0.02    2.02 v op[2] (in)
                                         op[2] (net)
                  0.03    0.00    2.02 v input20/A (sky130_fd_sc_hd__buf_6)
     6    0.02    0.07    0.22    2.24 v input20/X (sky130_fd_sc_hd__buf_6)
                                         net20 (net)
                  0.07    0.00    2.24 v _105_/A (sky130_fd_sc_hd__nor2_4)
     7    0.04    0.42    0.42    2.66 ^ _105_/Y (sky130_fd_sc_hd__nor2_4)
                                         _039_ (net)
                  0.42    0.00    2.67 ^ _109_/B (sky130_fd_sc_hd__nand2_4)
     8    0.04    0.23    0.34    3.01 v _109_/Y (sky130_fd_sc_hd__nand2_4)
                                         _043_ (net)
                  0.23    0.00    3.01 v _115_/A2 (sky130_fd_sc_hd__o32a_4)
     3    0.03    0.19    0.84    3.85 v _115_/X (sky130_fd_sc_hd__o32a_4)
                                         _049_ (net)
                  0.19    0.00    3.85 v _130_/A2 (sky130_fd_sc_hd__a21oi_2)
     1    0.00    0.15    0.29    4.14 ^ _130_/Y (sky130_fd_sc_hd__a21oi_2)
                                         _063_ (net)
                  0.15    0.00    4.14 ^ _131_/A (sky130_fd_sc_hd__nand2_1)
     4    0.01    0.20    0.24    4.38 v _131_/Y (sky130_fd_sc_hd__nand2_1)
                                         _064_ (net)
                  0.20    0.00    4.38 v _145_/A1 (sky130_fd_sc_hd__a32o_1)
     1    0.01    0.09    0.50    4.88 v _145_/X (sky130_fd_sc_hd__a32o_1)
                                         _077_ (net)
                  0.09    0.00    4.88 v _146_/B2 (sky130_fd_sc_hd__o22a_4)
     3    0.02    0.12    0.44    5.33 v _146_/X (sky130_fd_sc_hd__o22a_4)
                                         _078_ (net)
                  0.12    0.00    5.33 v _157_/A2 (sky130_fd_sc_hd__a21oi_2)
     1    0.00    0.13    0.24    5.57 ^ _157_/Y (sky130_fd_sc_hd__a21oi_2)
                                         _088_ (net)
                  0.13    0.00    5.57 ^ _158_/A (sky130_fd_sc_hd__nand2_1)
     2    0.01    0.14    0.18    5.75 v _158_/Y (sky130_fd_sc_hd__nand2_1)
                                         _089_ (net)
                  0.14    0.00    5.75 v rebuffer1/A (sky130_fd_sc_hd__clkbuf_2)
     3    0.01    0.06    0.24    5.99 v rebuffer1/X (sky130_fd_sc_hd__clkbuf_2)
                                         net30 (net)
                  0.06    0.00    5.99 v _159_/A (sky130_fd_sc_hd__and3_1)
     3    0.01    0.13    0.37    6.36 v _159_/X (sky130_fd_sc_hd__and3_1)
                                         _090_ (net)
                  0.13    0.00    6.36 v _170_/C1 (sky130_fd_sc_hd__a211o_1)
     3    0.01    0.14    0.54    6.91 v _170_/X (sky130_fd_sc_hd__a211o_1)
                                         _100_ (net)
                  0.14    0.00    6.91 v _185_/B (sky130_fd_sc_hd__and3_1)
     1    0.00    0.08    0.39    7.30 v _185_/X (sky130_fd_sc_hd__and3_1)
                                         _009_ (net)
                  0.08    0.00    7.30 v _186_/B (sky130_fd_sc_hd__or3b_4)
     4    0.01    0.14    0.79    8.09 v _186_/X (sky130_fd_sc_hd__or3b_4)
                                         _010_ (net)
                  0.14    0.00    8.09 v _199_/A (sky130_fd_sc_hd__and3_1)
     1    0.00    0.07    0.34    8.43 v _199_/X (sky130_fd_sc_hd__and3_1)
                                         _022_ (net)
                  0.07    0.00    8.43 v _200_/B (sky130_fd_sc_hd__or3b_4)
     3    0.01    0.14    0.79    9.22 v _200_/X (sky130_fd_sc_hd__or3b_4)
                                         _023_ (net)
                  0.14    0.00    9.22 v _201_/A (sky130_fd_sc_hd__and3_1)
     3    0.01    0.13    0.40    9.62 v _201_/X (sky130_fd_sc_hd__and3_1)
                                         _024_ (net)
                  0.13    0.00    9.62 v _203_/C (sky130_fd_sc_hd__or3_4)
     2    0.01    0.13    0.72   10.35 v _203_/X (sky130_fd_sc_hd__or3_4)
                                         _026_ (net)
                  0.13    0.00   10.35 v _209_/A1 (sky130_fd_sc_hd__a31o_1)
     1    0.00    0.06    0.36   10.70 v _209_/X (sky130_fd_sc_hd__a31o_1)
                                         alu7.result (net)
                  0.06    0.00   10.70 v _226_/A (sky130_fd_sc_hd__clkbuf_1)
     1    0.00    0.07    0.18   10.89 v _226_/X (sky130_fd_sc_hd__clkbuf_1)
                                         net29 (net)
                  0.07    0.00   10.89 v output29/A (sky130_fd_sc_hd__buf_6)
     1    0.03    0.08    0.26   11.14 v output29/X (sky130_fd_sc_hd__buf_6)
                                         result[7] (net)
                  0.08    0.00   11.15 v result[7] (out)
                                 11.15   data arrival time

                  0.00   10.00   10.00   clock __VIRTUAL_CLK__ (rise edge)
                          0.00   10.00   clock network delay (ideal)
                         -0.25    9.75   clock uncertainty
                          0.00    9.75   clock reconvergence pessimism
                         -2.00    7.75   output external delay
                                  7.75   data required time
-----------------------------------------------------------------------------
                                  7.75   data required time
                                -11.15   data arrival time
-----------------------------------------------------------------------------
                                 -3.40   slack (VIOLATED)



======================= Typical Corner ===================================

No paths found.


===========================================================================
 report_check_types -max_slew -max_cap -max_fanout -violators
============================================================================
======================= Fastest Corner ===================================


max slew violations count Fastest: 0
max fanout violations count Fastest: 0
max cap violations count Fastest: 0
======================= Slowest Corner ===================================


max slew violations count Slowest: 0
max fanout violations count Slowest: 0
max cap violations count Slowest: 0
======================= Typical Corner ===================================


max slew violations count Typical: 0
max fanout violations count Typical: 0
max cap violations count Typical: 0

===========================================================================
report_parasitic_annotation -report_unannotated
============================================================================
Found 0 unannotated drivers.
Found 0 partially unannotated drivers.

===========================================================================
max slew violation count 0
max fanout violation count 0
max cap violation count 0
============================================================================

===========================================================================
check_setup -verbose -unconstrained_endpoints -multiple_clock -no_clock -no_input_delay -loops -generated_clocks
===========================================================================
