OpenROAD b16bda7e82721d10566ff7e2b68f1ff0be9f9e38 
Features included (+) or not (-): +Charts +GPU +GUI +Python
This program is licensed under the BSD-3 license. See the LICENSE file for details.
Components of this program may be licensed under more restrictive licenses which must be honored.
define_corners Typical
read_liberty -corner Typical /home/amit/.volare/volare/sky130/versions/bdc9412b3e468c102d01b7cf6337be06ec6e9c9a/sky130A/libs.ref/sky130_fd_sc_hd/lib/sky130_fd_sc_hd__tt_025C_1v80.lib
Using 1e-12 for capacitance...
Using 1e+03 for resistance...
Using 1e-09 for time...
Using 1e+00 for voltage...
Using 1e-03 for current...
Using 1e-09 for power...
Using 1e-06 for distance...
[INFO]: Reading ODB at '/openlane/designs/alu_8bit/runs/RUN_2025.05.07_15.24.49/tmp/routing/22-global.odb'…
Reading design constraints file at '/openlane/scripts/base.sdc'…
[INFO]: Setting output delay to: 2.0
[INFO]: Setting input delay to: 2.0
[WARNING STA-0366] port '__VIRTUAL_CLK__' not found.
[INFO]: Setting load to: 0.033442
[INFO]: Setting clock uncertainty to: 0.25
[INFO]: Setting clock transition to: 0.15
[WARNING STA-0419] transition time can not be specified for virtual clocks.
[INFO]: Setting timing derate to: 5.0 %
[INFO]: Propagating all clocks
[WARNING STA-0450] virtual clock __VIRTUAL_CLK__ can not be propagated.
min_report

===========================================================================
report_checks -path_delay min (Hold)
============================================================================
======================= Typical Corner ===================================

Startpoint: b[7] (input port clocked by __VIRTUAL_CLK__)
Endpoint: cout (output port clocked by __VIRTUAL_CLK__)
Path Group: __VIRTUAL_CLK__
Path Type: min

Fanout     Cap    Slew   Delay    Time   Description
-----------------------------------------------------------------------------
                  0.00    0.00    0.00   clock __VIRTUAL_CLK__ (rise edge)
                          0.00    0.00   clock network delay (ideal)
                          2.00    2.00 ^ input external delay
     1    0.00    0.02    0.01    2.01 ^ b[7] (in)
                                         b[7] (net)
                  0.02    0.00    2.01 ^ input16/A (sky130_fd_sc_hd__buf_1)
     4    0.01    0.11    0.11    2.12 ^ input16/X (sky130_fd_sc_hd__buf_1)
                                         net16 (net)
                  0.11    0.00    2.12 ^ _203_/A (sky130_fd_sc_hd__or3_4)
     2    0.00    0.03    0.13    2.25 ^ _203_/X (sky130_fd_sc_hd__or3_4)
                                         _026_ (net)
                  0.03    0.00    2.25 ^ _213_/A1 (sky130_fd_sc_hd__a21bo_1)
     1    0.00    0.05    0.10    2.35 ^ _213_/X (sky130_fd_sc_hd__a21bo_1)
                                         net21 (net)
                  0.05    0.00    2.35 ^ output21/A (sky130_fd_sc_hd__buf_6)
     1    0.03    0.08    0.12    2.47 ^ output21/X (sky130_fd_sc_hd__buf_6)
                                         cout (net)
                  0.08    0.00    2.47 ^ cout (out)
                                  2.47   data arrival time

                  0.00    0.00    0.00   clock __VIRTUAL_CLK__ (rise edge)
                          0.00    0.00   clock network delay (ideal)
                          0.25    0.25   clock uncertainty
                          0.00    0.25   clock reconvergence pessimism
                         -2.00   -1.75   output external delay
                                 -1.75   data required time
-----------------------------------------------------------------------------
                                 -1.75   data required time
                                 -2.47   data arrival time
-----------------------------------------------------------------------------
                                  4.22   slack (MET)


Startpoint: b[7] (input port clocked by __VIRTUAL_CLK__)
Endpoint: result[7] (output port clocked by __VIRTUAL_CLK__)
Path Group: __VIRTUAL_CLK__
Path Type: min

Fanout     Cap    Slew   Delay    Time   Description
-----------------------------------------------------------------------------
                  0.00    0.00    0.00   clock __VIRTUAL_CLK__ (rise edge)
                          0.00    0.00   clock network delay (ideal)
                          2.00    2.00 v input external delay
     1    0.00    0.01    0.00    2.00 v b[7] (in)
                                         b[7] (net)
                  0.01    0.00    2.00 v input16/A (sky130_fd_sc_hd__buf_1)
     4    0.01    0.05    0.09    2.09 v input16/X (sky130_fd_sc_hd__buf_1)
                                         net16 (net)
                  0.05    0.00    2.09 v _204_/B1 (sky130_fd_sc_hd__o21ai_1)
     1    0.00    0.07    0.07    2.16 ^ _204_/Y (sky130_fd_sc_hd__o21ai_1)
                                         _027_ (net)
                  0.07    0.00    2.16 ^ _209_/A3 (sky130_fd_sc_hd__a31o_1)
     1    0.00    0.04    0.13    2.29 ^ _209_/X (sky130_fd_sc_hd__a31o_1)
                                         alu7.result (net)
                  0.04    0.00    2.29 ^ _226_/A (sky130_fd_sc_hd__clkbuf_1)
     1    0.00    0.07    0.09    2.38 ^ _226_/X (sky130_fd_sc_hd__clkbuf_1)
                                         net29 (net)
                  0.07    0.00    2.38 ^ output29/A (sky130_fd_sc_hd__buf_6)
     1    0.03    0.08    0.13    2.50 ^ output29/X (sky130_fd_sc_hd__buf_6)
                                         result[7] (net)
                  0.08    0.00    2.50 ^ result[7] (out)
                                  2.50   data arrival time

                  0.00    0.00    0.00   clock __VIRTUAL_CLK__ (rise edge)
                          0.00    0.00   clock network delay (ideal)
                          0.25    0.25   clock uncertainty
                          0.00    0.25   clock reconvergence pessimism
                         -2.00   -1.75   output external delay
                                 -1.75   data required time
-----------------------------------------------------------------------------
                                 -1.75   data required time
                                 -2.50   data arrival time
-----------------------------------------------------------------------------
                                  4.25   slack (MET)


Startpoint: op[2] (input port clocked by __VIRTUAL_CLK__)
Endpoint: result[2] (output port clocked by __VIRTUAL_CLK__)
Path Group: __VIRTUAL_CLK__
Path Type: min

Fanout     Cap    Slew   Delay    Time   Description
-----------------------------------------------------------------------------
                  0.00    0.00    0.00   clock __VIRTUAL_CLK__ (rise edge)
                          0.00    0.00   clock network delay (ideal)
                          2.00    2.00 ^ input external delay
     1    0.00    0.03    0.02    2.02 ^ op[2] (in)
                                         op[2] (net)
                  0.03    0.00    2.02 ^ input20/A (sky130_fd_sc_hd__buf_6)
     6    0.02    0.05    0.09    2.11 ^ input20/X (sky130_fd_sc_hd__buf_6)
                                         net20 (net)
                  0.05    0.00    2.11 ^ _141_/A1_N (sky130_fd_sc_hd__o2bb2a_1)
     1    0.00    0.04    0.19    2.30 v _141_/X (sky130_fd_sc_hd__o2bb2a_1)
                                         alu2.result (net)
                  0.04    0.00    2.30 v _221_/A (sky130_fd_sc_hd__clkbuf_1)
     1    0.00    0.02    0.07    2.37 v _221_/X (sky130_fd_sc_hd__clkbuf_1)
                                         net24 (net)
                  0.02    0.00    2.37 v output24/A (sky130_fd_sc_hd__buf_2)
     1    0.03    0.09    0.16    2.54 v output24/X (sky130_fd_sc_hd__buf_2)
                                         result[2] (net)
                  0.09    0.00    2.54 v result[2] (out)
                                  2.54   data arrival time

                  0.00    0.00    0.00   clock __VIRTUAL_CLK__ (rise edge)
                          0.00    0.00   clock network delay (ideal)
                          0.25    0.25   clock uncertainty
                          0.00    0.25   clock reconvergence pessimism
                         -2.00   -1.75   output external delay
                                 -1.75   data required time
-----------------------------------------------------------------------------
                                 -1.75   data required time
                                 -2.54   data arrival time
-----------------------------------------------------------------------------
                                  4.29   slack (MET)


Startpoint: b[0] (input port clocked by __VIRTUAL_CLK__)
Endpoint: result[0] (output port clocked by __VIRTUAL_CLK__)
Path Group: __VIRTUAL_CLK__
Path Type: min

Fanout     Cap    Slew   Delay    Time   Description
-----------------------------------------------------------------------------
                  0.00    0.00    0.00   clock __VIRTUAL_CLK__ (rise edge)
                          0.00    0.00   clock network delay (ideal)
                          2.00    2.00 v input external delay
     1    0.00    0.01    0.00    2.00 v b[0] (in)
                                         b[0] (net)
                  0.01    0.00    2.00 v input9/A (sky130_fd_sc_hd__buf_1)
     5    0.01    0.08    0.11    2.11 v input9/X (sky130_fd_sc_hd__buf_1)
                                         net9 (net)
                  0.08    0.00    2.11 v _108_/B1 (sky130_fd_sc_hd__a21oi_2)
     2    0.01    0.12    0.13    2.25 ^ _108_/Y (sky130_fd_sc_hd__a21oi_2)
                                         _042_ (net)
                  0.12    0.00    2.25 ^ _218_/A1 (sky130_fd_sc_hd__o21bai_1)
     1    0.00    0.03    0.08    2.32 v _218_/Y (sky130_fd_sc_hd__o21bai_1)
                                         alu0.result (net)
                  0.03    0.00    2.32 v _219_/A (sky130_fd_sc_hd__clkbuf_1)
     1    0.00    0.02    0.07    2.39 v _219_/X (sky130_fd_sc_hd__clkbuf_1)
                                         net22 (net)
                  0.02    0.00    2.39 v output22/A (sky130_fd_sc_hd__buf_2)
     1    0.03    0.09    0.16    2.55 v output22/X (sky130_fd_sc_hd__buf_2)
                                         result[0] (net)
                  0.09    0.00    2.55 v result[0] (out)
                                  2.55   data arrival time

                  0.00    0.00    0.00   clock __VIRTUAL_CLK__ (rise edge)
                          0.00    0.00   clock network delay (ideal)
                          0.25    0.25   clock uncertainty
                          0.00    0.25   clock reconvergence pessimism
                         -2.00   -1.75   output external delay
                                 -1.75   data required time
-----------------------------------------------------------------------------
                                 -1.75   data required time
                                 -2.55   data arrival time
-----------------------------------------------------------------------------
                                  4.30   slack (MET)


Startpoint: b[3] (input port clocked by __VIRTUAL_CLK__)
Endpoint: result[3] (output port clocked by __VIRTUAL_CLK__)
Path Group: __VIRTUAL_CLK__
Path Type: min

Fanout     Cap    Slew   Delay    Time   Description
-----------------------------------------------------------------------------
                  0.00    0.00    0.00   clock __VIRTUAL_CLK__ (rise edge)
                          0.00    0.00   clock network delay (ideal)
                          2.00    2.00 v input external delay
     1    0.00    0.01    0.00    2.00 v b[3] (in)
                                         b[3] (net)
                  0.01    0.00    2.00 v input12/A (sky130_fd_sc_hd__buf_1)
     5    0.01    0.08    0.11    2.11 v input12/X (sky130_fd_sc_hd__buf_1)
                                         net12 (net)
                  0.08    0.00    2.11 v _149_/A (sky130_fd_sc_hd__nand2_1)
     1    0.00    0.04    0.06    2.17 ^ _149_/Y (sky130_fd_sc_hd__nand2_1)
                                         _081_ (net)
                  0.04    0.00    2.17 ^ _154_/A3 (sky130_fd_sc_hd__a32o_1)
     1    0.00    0.04    0.14    2.31 ^ _154_/X (sky130_fd_sc_hd__a32o_1)
                                         alu3.result (net)
                  0.04    0.00    2.31 ^ _222_/A (sky130_fd_sc_hd__clkbuf_1)
     1    0.00    0.04    0.07    2.38 ^ _222_/X (sky130_fd_sc_hd__clkbuf_1)
                                         net25 (net)
                  0.04    0.00    2.38 ^ output25/A (sky130_fd_sc_hd__clkbuf_4)
     1    0.03    0.11    0.17    2.55 ^ output25/X (sky130_fd_sc_hd__clkbuf_4)
                                         result[3] (net)
                  0.11    0.00    2.55 ^ result[3] (out)
                                  2.55   data arrival time

                  0.00    0.00    0.00   clock __VIRTUAL_CLK__ (rise edge)
                          0.00    0.00   clock network delay (ideal)
                          0.25    0.25   clock uncertainty
                          0.00    0.25   clock reconvergence pessimism
                         -2.00   -1.75   output external delay
                                 -1.75   data required time
-----------------------------------------------------------------------------
                                 -1.75   data required time
                                 -2.55   data arrival time
-----------------------------------------------------------------------------
                                  4.30   slack (MET)


Startpoint: b[5] (input port clocked by __VIRTUAL_CLK__)
Endpoint: result[5] (output port clocked by __VIRTUAL_CLK__)
Path Group: __VIRTUAL_CLK__
Path Type: min

Fanout     Cap    Slew   Delay    Time   Description
-----------------------------------------------------------------------------
                  0.00    0.00    0.00   clock __VIRTUAL_CLK__ (rise edge)
                          0.00    0.00   clock network delay (ideal)
                          2.00    2.00 v input external delay
     1    0.00    0.01    0.00    2.00 v b[5] (in)
                                         b[5] (net)
                  0.01    0.00    2.00 v input14/A (sky130_fd_sc_hd__buf_1)
     5    0.01    0.07    0.11    2.11 v input14/X (sky130_fd_sc_hd__buf_1)
                                         net14 (net)
                  0.07    0.00    2.11 v _177_/A (sky130_fd_sc_hd__nand2_1)
     1    0.00    0.04    0.06    2.17 ^ _177_/Y (sky130_fd_sc_hd__nand2_1)
                                         _002_ (net)
                  0.04    0.00    2.17 ^ _182_/A3 (sky130_fd_sc_hd__a32o_1)
     1    0.00    0.04    0.14    2.31 ^ _182_/X (sky130_fd_sc_hd__a32o_1)
                                         alu5.result (net)
                  0.04    0.00    2.31 ^ _224_/A (sky130_fd_sc_hd__clkbuf_1)
     1    0.00    0.03    0.07    2.38 ^ _224_/X (sky130_fd_sc_hd__clkbuf_1)
                                         net27 (net)
                  0.03    0.00    2.38 ^ output27/A (sky130_fd_sc_hd__buf_2)
     1    0.03    0.17    0.18    2.56 ^ output27/X (sky130_fd_sc_hd__buf_2)
                                         result[5] (net)
                  0.17    0.00    2.56 ^ result[5] (out)
                                  2.56   data arrival time

                  0.00    0.00    0.00   clock __VIRTUAL_CLK__ (rise edge)
                          0.00    0.00   clock network delay (ideal)
                          0.25    0.25   clock uncertainty
                          0.00    0.25   clock reconvergence pessimism
                         -2.00   -1.75   output external delay
                                 -1.75   data required time
-----------------------------------------------------------------------------
                                 -1.75   data required time
                                 -2.56   data arrival time
-----------------------------------------------------------------------------
                                  4.31   slack (MET)


Startpoint: op[1] (input port clocked by __VIRTUAL_CLK__)
Endpoint: result[1] (output port clocked by __VIRTUAL_CLK__)
Path Group: __VIRTUAL_CLK__
Path Type: min

Fanout     Cap    Slew   Delay    Time   Description
-----------------------------------------------------------------------------
                  0.00    0.00    0.00   clock __VIRTUAL_CLK__ (rise edge)
                          0.00    0.00   clock network delay (ideal)
                          2.00    2.00 ^ input external delay
     1    0.00    0.03    0.02    2.02 ^ op[1] (in)
                                         op[1] (net)
                  0.03    0.00    2.02 ^ input19/A (sky130_fd_sc_hd__buf_6)
     4    0.02    0.04    0.09    2.10 ^ input19/X (sky130_fd_sc_hd__buf_6)
                                         net19 (net)
                  0.04    0.00    2.10 ^ _105_/B (sky130_fd_sc_hd__nor2_4)
     7    0.02    0.03    0.04    2.15 v _105_/Y (sky130_fd_sc_hd__nor2_4)
                                         _039_ (net)
                  0.03    0.00    2.15 v _127_/A1 (sky130_fd_sc_hd__a32o_1)
     1    0.00    0.04    0.19    2.34 v _127_/X (sky130_fd_sc_hd__a32o_1)
                                         alu1.result (net)
                  0.04    0.00    2.34 v _220_/A (sky130_fd_sc_hd__clkbuf_1)
     1    0.00    0.02    0.07    2.41 v _220_/X (sky130_fd_sc_hd__clkbuf_1)
                                         net23 (net)
                  0.02    0.00    2.41 v output23/A (sky130_fd_sc_hd__buf_2)
     1    0.03    0.09    0.16    2.57 v output23/X (sky130_fd_sc_hd__buf_2)
                                         result[1] (net)
                  0.09    0.00    2.57 v result[1] (out)
                                  2.57   data arrival time

                  0.00    0.00    0.00   clock __VIRTUAL_CLK__ (rise edge)
                          0.00    0.00   clock network delay (ideal)
                          0.25    0.25   clock uncertainty
                          0.00    0.25   clock reconvergence pessimism
                         -2.00   -1.75   output external delay
                                 -1.75   data required time
-----------------------------------------------------------------------------
                                 -1.75   data required time
                                 -2.57   data arrival time
-----------------------------------------------------------------------------
                                  4.32   slack (MET)


Startpoint: op[1] (input port clocked by __VIRTUAL_CLK__)
Endpoint: result[4] (output port clocked by __VIRTUAL_CLK__)
Path Group: __VIRTUAL_CLK__
Path Type: min

Fanout     Cap    Slew   Delay    Time   Description
-----------------------------------------------------------------------------
                  0.00    0.00    0.00   clock __VIRTUAL_CLK__ (rise edge)
                          0.00    0.00   clock network delay (ideal)
                          2.00    2.00 ^ input external delay
     1    0.00    0.03    0.02    2.02 ^ op[1] (in)
                                         op[1] (net)
                  0.03    0.00    2.02 ^ input19/A (sky130_fd_sc_hd__buf_6)
     4    0.02    0.04    0.09    2.10 ^ input19/X (sky130_fd_sc_hd__buf_6)
                                         net19 (net)
                  0.04    0.00    2.10 ^ _105_/B (sky130_fd_sc_hd__nor2_4)
     7    0.02    0.03    0.04    2.15 v _105_/Y (sky130_fd_sc_hd__nor2_4)
                                         _039_ (net)
                  0.03    0.00    2.15 v _167_/A1 (sky130_fd_sc_hd__a32o_1)
     1    0.00    0.04    0.19    2.34 v _167_/X (sky130_fd_sc_hd__a32o_1)
                                         alu4.result (net)
                  0.04    0.00    2.34 v _223_/A (sky130_fd_sc_hd__clkbuf_1)
     1    0.00    0.02    0.07    2.41 v _223_/X (sky130_fd_sc_hd__clkbuf_1)
                                         net26 (net)
                  0.02    0.00    2.41 v output26/A (sky130_fd_sc_hd__buf_2)
     1    0.03    0.09    0.16    2.57 v output26/X (sky130_fd_sc_hd__buf_2)
                                         result[4] (net)
                  0.09    0.00    2.57 v result[4] (out)
                                  2.57   data arrival time

                  0.00    0.00    0.00   clock __VIRTUAL_CLK__ (rise edge)
                          0.00    0.00   clock network delay (ideal)
                          0.25    0.25   clock uncertainty
                          0.00    0.25   clock reconvergence pessimism
                         -2.00   -1.75   output external delay
                                 -1.75   data required time
-----------------------------------------------------------------------------
                                 -1.75   data required time
                                 -2.57   data arrival time
-----------------------------------------------------------------------------
                                  4.32   slack (MET)


Startpoint: op[1] (input port clocked by __VIRTUAL_CLK__)
Endpoint: result[6] (output port clocked by __VIRTUAL_CLK__)
Path Group: __VIRTUAL_CLK__
Path Type: min

Fanout     Cap    Slew   Delay    Time   Description
-----------------------------------------------------------------------------
                  0.00    0.00    0.00   clock __VIRTUAL_CLK__ (rise edge)
                          0.00    0.00   clock network delay (ideal)
                          2.00    2.00 ^ input external delay
     1    0.00    0.03    0.02    2.02 ^ op[1] (in)
                                         op[1] (net)
                  0.03    0.00    2.02 ^ input19/A (sky130_fd_sc_hd__buf_6)
     4    0.02    0.04    0.09    2.10 ^ input19/X (sky130_fd_sc_hd__buf_6)
                                         net19 (net)
                  0.04    0.00    2.10 ^ _105_/B (sky130_fd_sc_hd__nor2_4)
     7    0.02    0.03    0.04    2.15 v _105_/Y (sky130_fd_sc_hd__nor2_4)
                                         _039_ (net)
                  0.03    0.00    2.15 v _195_/A1 (sky130_fd_sc_hd__a32o_1)
     1    0.00    0.04    0.19    2.34 v _195_/X (sky130_fd_sc_hd__a32o_1)
                                         alu6.result (net)
                  0.04    0.00    2.34 v _225_/A (sky130_fd_sc_hd__clkbuf_1)
     1    0.00    0.02    0.07    2.41 v _225_/X (sky130_fd_sc_hd__clkbuf_1)
                                         net28 (net)
                  0.02    0.00    2.41 v output28/A (sky130_fd_sc_hd__buf_2)
     1    0.03    0.09    0.16    2.57 v output28/X (sky130_fd_sc_hd__buf_2)
                                         result[6] (net)
                  0.09    0.00    2.57 v result[6] (out)
                                  2.57   data arrival time

                  0.00    0.00    0.00   clock __VIRTUAL_CLK__ (rise edge)
                          0.00    0.00   clock network delay (ideal)
                          0.25    0.25   clock uncertainty
                          0.00    0.25   clock reconvergence pessimism
                         -2.00   -1.75   output external delay
                                 -1.75   data required time
-----------------------------------------------------------------------------
                                 -1.75   data required time
                                 -2.57   data arrival time
-----------------------------------------------------------------------------
                                  4.32   slack (MET)



worst slack corner Typical: 4.2164
min_report_end
max_report

===========================================================================
report_checks -path_delay max (Setup)
============================================================================
======================= Typical Corner ===================================

Startpoint: op[1] (input port clocked by __VIRTUAL_CLK__)
Endpoint: result[7] (output port clocked by __VIRTUAL_CLK__)
Path Group: __VIRTUAL_CLK__
Path Type: max

Fanout     Cap    Slew   Delay    Time   Description
-----------------------------------------------------------------------------
                  0.00    0.00    0.00   clock __VIRTUAL_CLK__ (rise edge)
                          0.00    0.00   clock network delay (ideal)
                          2.00    2.00 v input external delay
     1    0.00    0.01    0.01    2.01 v op[1] (in)
                                         op[1] (net)
                  0.01    0.00    2.01 v input19/A (sky130_fd_sc_hd__buf_6)
     4    0.01    0.03    0.11    2.12 v input19/X (sky130_fd_sc_hd__buf_6)
                                         net19 (net)
                  0.03    0.00    2.12 v _113_/A (sky130_fd_sc_hd__or2_4)
     3    0.01    0.05    0.25    2.37 v _113_/X (sky130_fd_sc_hd__or2_4)
                                         _047_ (net)
                  0.05    0.00    2.37 v _114_/A (sky130_fd_sc_hd__or2_4)
     3    0.01    0.05    0.26    2.63 v _114_/X (sky130_fd_sc_hd__or2_4)
                                         _048_ (net)
                  0.05    0.00    2.63 v _115_/B2 (sky130_fd_sc_hd__o32a_4)
     3    0.03    0.09    0.24    2.88 v _115_/X (sky130_fd_sc_hd__o32a_4)
                                         _049_ (net)
                  0.09    0.00    2.88 v _130_/A2 (sky130_fd_sc_hd__a21oi_2)
     1    0.00    0.10    0.16    3.04 ^ _130_/Y (sky130_fd_sc_hd__a21oi_2)
                                         _063_ (net)
                  0.10    0.00    3.04 ^ _131_/A (sky130_fd_sc_hd__nand2_2)
     4    0.01    0.05    0.07    3.11 v _131_/Y (sky130_fd_sc_hd__nand2_2)
                                         _064_ (net)
                  0.05    0.00    3.11 v _145_/A3 (sky130_fd_sc_hd__a32o_1)
     1    0.00    0.05    0.27    3.39 v _145_/X (sky130_fd_sc_hd__a32o_1)
                                         _077_ (net)
                  0.05    0.00    3.39 v _146_/B2 (sky130_fd_sc_hd__o22a_4)
     3    0.02    0.06    0.22    3.60 v _146_/X (sky130_fd_sc_hd__o22a_4)
                                         _078_ (net)
                  0.06    0.00    3.60 v _147_/B (sky130_fd_sc_hd__xnor2_2)
     2    0.01    0.14    0.15    3.75 ^ _147_/Y (sky130_fd_sc_hd__xnor2_2)
                                         _079_ (net)
                  0.14    0.00    3.75 ^ _156_/A2 (sky130_fd_sc_hd__o21ai_2)
     4    0.01    0.06    0.08    3.84 v _156_/Y (sky130_fd_sc_hd__o21ai_2)
                                         _087_ (net)
                  0.06    0.00    3.84 v _171_/A (sky130_fd_sc_hd__and3_1)
     1    0.00    0.04    0.15    3.98 v _171_/X (sky130_fd_sc_hd__and3_1)
                                         _101_ (net)
                  0.04    0.00    3.98 v _172_/B (sky130_fd_sc_hd__or3b_4)
     3    0.01    0.07    0.38    4.37 v _172_/X (sky130_fd_sc_hd__or3b_4)
                                         _102_ (net)
                  0.07    0.00    4.37 v _185_/A (sky130_fd_sc_hd__and3_1)
     1    0.00    0.04    0.15    4.52 v _185_/X (sky130_fd_sc_hd__and3_1)
                                         _009_ (net)
                  0.04    0.00    4.52 v _186_/B (sky130_fd_sc_hd__or3b_4)
     4    0.01    0.07    0.39    4.91 v _186_/X (sky130_fd_sc_hd__or3b_4)
                                         _010_ (net)
                  0.07    0.00    4.91 v _199_/A (sky130_fd_sc_hd__and3_1)
     1    0.00    0.04    0.15    5.06 v _199_/X (sky130_fd_sc_hd__and3_1)
                                         _022_ (net)
                  0.04    0.00    5.06 v _200_/B (sky130_fd_sc_hd__or3b_4)
     3    0.01    0.07    0.38    5.44 v _200_/X (sky130_fd_sc_hd__or3b_4)
                                         _023_ (net)
                  0.07    0.00    5.44 v _201_/A (sky130_fd_sc_hd__and3_1)
     3    0.01    0.05    0.18    5.62 v _201_/X (sky130_fd_sc_hd__and3_1)
                                         _024_ (net)
                  0.05    0.00    5.62 v _203_/C (sky130_fd_sc_hd__or3_4)
     2    0.00    0.07    0.34    5.96 v _203_/X (sky130_fd_sc_hd__or3_4)
                                         _026_ (net)
                  0.07    0.00    5.96 v _209_/A1 (sky130_fd_sc_hd__a31o_1)
     1    0.00    0.03    0.18    6.14 v _209_/X (sky130_fd_sc_hd__a31o_1)
                                         alu7.result (net)
                  0.03    0.00    6.14 v _226_/A (sky130_fd_sc_hd__clkbuf_1)
     1    0.00    0.04    0.09    6.24 v _226_/X (sky130_fd_sc_hd__clkbuf_1)
                                         net29 (net)
                  0.04    0.00    6.24 v output29/A (sky130_fd_sc_hd__buf_6)
     1    0.03    0.04    0.14    6.38 v output29/X (sky130_fd_sc_hd__buf_6)
                                         result[7] (net)
                  0.04    0.00    6.38 v result[7] (out)
                                  6.38   data arrival time

                  0.00   10.00   10.00   clock __VIRTUAL_CLK__ (rise edge)
                          0.00   10.00   clock network delay (ideal)
                         -0.25    9.75   clock uncertainty
                          0.00    9.75   clock reconvergence pessimism
                         -2.00    7.75   output external delay
                                  7.75   data required time
-----------------------------------------------------------------------------
                                  7.75   data required time
                                 -6.38   data arrival time
-----------------------------------------------------------------------------
                                  1.37   slack (MET)


Startpoint: op[1] (input port clocked by __VIRTUAL_CLK__)
Endpoint: cout (output port clocked by __VIRTUAL_CLK__)
Path Group: __VIRTUAL_CLK__
Path Type: max

Fanout     Cap    Slew   Delay    Time   Description
-----------------------------------------------------------------------------
                  0.00    0.00    0.00   clock __VIRTUAL_CLK__ (rise edge)
                          0.00    0.00   clock network delay (ideal)
                          2.00    2.00 v input external delay
     1    0.00    0.01    0.01    2.01 v op[1] (in)
                                         op[1] (net)
                  0.01    0.00    2.01 v input19/A (sky130_fd_sc_hd__buf_6)
     4    0.01    0.03    0.11    2.12 v input19/X (sky130_fd_sc_hd__buf_6)
                                         net19 (net)
                  0.03    0.00    2.12 v _113_/A (sky130_fd_sc_hd__or2_4)
     3    0.01    0.05    0.25    2.37 v _113_/X (sky130_fd_sc_hd__or2_4)
                                         _047_ (net)
                  0.05    0.00    2.37 v _114_/A (sky130_fd_sc_hd__or2_4)
     3    0.01    0.05    0.26    2.63 v _114_/X (sky130_fd_sc_hd__or2_4)
                                         _048_ (net)
                  0.05    0.00    2.63 v _115_/B2 (sky130_fd_sc_hd__o32a_4)
     3    0.03    0.09    0.24    2.88 v _115_/X (sky130_fd_sc_hd__o32a_4)
                                         _049_ (net)
                  0.09    0.00    2.88 v _130_/A2 (sky130_fd_sc_hd__a21oi_2)
     1    0.00    0.10    0.16    3.04 ^ _130_/Y (sky130_fd_sc_hd__a21oi_2)
                                         _063_ (net)
                  0.10    0.00    3.04 ^ _131_/A (sky130_fd_sc_hd__nand2_2)
     4    0.01    0.05    0.07    3.11 v _131_/Y (sky130_fd_sc_hd__nand2_2)
                                         _064_ (net)
                  0.05    0.00    3.11 v _145_/A3 (sky130_fd_sc_hd__a32o_1)
     1    0.00    0.05    0.27    3.39 v _145_/X (sky130_fd_sc_hd__a32o_1)
                                         _077_ (net)
                  0.05    0.00    3.39 v _146_/B2 (sky130_fd_sc_hd__o22a_4)
     3    0.02    0.06    0.22    3.60 v _146_/X (sky130_fd_sc_hd__o22a_4)
                                         _078_ (net)
                  0.06    0.00    3.60 v _147_/B (sky130_fd_sc_hd__xnor2_2)
     2    0.01    0.14    0.15    3.75 ^ _147_/Y (sky130_fd_sc_hd__xnor2_2)
                                         _079_ (net)
                  0.14    0.00    3.75 ^ _156_/A2 (sky130_fd_sc_hd__o21ai_2)
     4    0.01    0.06    0.08    3.84 v _156_/Y (sky130_fd_sc_hd__o21ai_2)
                                         _087_ (net)
                  0.06    0.00    3.84 v _171_/A (sky130_fd_sc_hd__and3_1)
     1    0.00    0.04    0.15    3.98 v _171_/X (sky130_fd_sc_hd__and3_1)
                                         _101_ (net)
                  0.04    0.00    3.98 v _172_/B (sky130_fd_sc_hd__or3b_4)
     3    0.01    0.07    0.38    4.37 v _172_/X (sky130_fd_sc_hd__or3b_4)
                                         _102_ (net)
                  0.07    0.00    4.37 v _185_/A (sky130_fd_sc_hd__and3_1)
     1    0.00    0.04    0.15    4.52 v _185_/X (sky130_fd_sc_hd__and3_1)
                                         _009_ (net)
                  0.04    0.00    4.52 v _186_/B (sky130_fd_sc_hd__or3b_4)
     4    0.01    0.07    0.39    4.91 v _186_/X (sky130_fd_sc_hd__or3b_4)
                                         _010_ (net)
                  0.07    0.00    4.91 v _199_/A (sky130_fd_sc_hd__and3_1)
     1    0.00    0.04    0.15    5.06 v _199_/X (sky130_fd_sc_hd__and3_1)
                                         _022_ (net)
                  0.04    0.00    5.06 v _200_/B (sky130_fd_sc_hd__or3b_4)
     3    0.01    0.07    0.38    5.44 v _200_/X (sky130_fd_sc_hd__or3b_4)
                                         _023_ (net)
                  0.07    0.00    5.44 v _201_/A (sky130_fd_sc_hd__and3_1)
     3    0.01    0.05    0.18    5.62 v _201_/X (sky130_fd_sc_hd__and3_1)
                                         _024_ (net)
                  0.05    0.00    5.62 v _203_/C (sky130_fd_sc_hd__or3_4)
     2    0.00    0.07    0.34    5.96 v _203_/X (sky130_fd_sc_hd__or3_4)
                                         _026_ (net)
                  0.07    0.00    5.96 v _213_/A1 (sky130_fd_sc_hd__a21bo_1)
     1    0.00    0.04    0.19    6.15 v _213_/X (sky130_fd_sc_hd__a21bo_1)
                                         net21 (net)
                  0.04    0.00    6.15 v output21/A (sky130_fd_sc_hd__buf_6)
     1    0.03    0.04    0.14    6.29 v output21/X (sky130_fd_sc_hd__buf_6)
                                         cout (net)
                  0.04    0.00    6.29 v cout (out)
                                  6.29   data arrival time

                  0.00   10.00   10.00   clock __VIRTUAL_CLK__ (rise edge)
                          0.00   10.00   clock network delay (ideal)
                         -0.25    9.75   clock uncertainty
                          0.00    9.75   clock reconvergence pessimism
                         -2.00    7.75   output external delay
                                  7.75   data required time
-----------------------------------------------------------------------------
                                  7.75   data required time
                                 -6.29   data arrival time
-----------------------------------------------------------------------------
                                  1.46   slack (MET)


Startpoint: op[1] (input port clocked by __VIRTUAL_CLK__)
Endpoint: result[6] (output port clocked by __VIRTUAL_CLK__)
Path Group: __VIRTUAL_CLK__
Path Type: max

Fanout     Cap    Slew   Delay    Time   Description
-----------------------------------------------------------------------------
                  0.00    0.00    0.00   clock __VIRTUAL_CLK__ (rise edge)
                          0.00    0.00   clock network delay (ideal)
                          2.00    2.00 v input external delay
     1    0.00    0.01    0.01    2.01 v op[1] (in)
                                         op[1] (net)
                  0.01    0.00    2.01 v input19/A (sky130_fd_sc_hd__buf_6)
     4    0.01    0.03    0.11    2.12 v input19/X (sky130_fd_sc_hd__buf_6)
                                         net19 (net)
                  0.03    0.00    2.12 v _113_/A (sky130_fd_sc_hd__or2_4)
     3    0.01    0.05    0.25    2.37 v _113_/X (sky130_fd_sc_hd__or2_4)
                                         _047_ (net)
                  0.05    0.00    2.37 v _114_/A (sky130_fd_sc_hd__or2_4)
     3    0.01    0.05    0.26    2.63 v _114_/X (sky130_fd_sc_hd__or2_4)
                                         _048_ (net)
                  0.05    0.00    2.63 v _115_/B2 (sky130_fd_sc_hd__o32a_4)
     3    0.03    0.09    0.24    2.88 v _115_/X (sky130_fd_sc_hd__o32a_4)
                                         _049_ (net)
                  0.09    0.00    2.88 v _130_/A2 (sky130_fd_sc_hd__a21oi_2)
     1    0.00    0.10    0.16    3.04 ^ _130_/Y (sky130_fd_sc_hd__a21oi_2)
                                         _063_ (net)
                  0.10    0.00    3.04 ^ _131_/A (sky130_fd_sc_hd__nand2_2)
     4    0.01    0.05    0.07    3.11 v _131_/Y (sky130_fd_sc_hd__nand2_2)
                                         _064_ (net)
                  0.05    0.00    3.11 v _145_/A3 (sky130_fd_sc_hd__a32o_1)
     1    0.00    0.05    0.27    3.39 v _145_/X (sky130_fd_sc_hd__a32o_1)
                                         _077_ (net)
                  0.05    0.00    3.39 v _146_/B2 (sky130_fd_sc_hd__o22a_4)
     3    0.02    0.06    0.22    3.60 v _146_/X (sky130_fd_sc_hd__o22a_4)
                                         _078_ (net)
                  0.06    0.00    3.60 v _147_/B (sky130_fd_sc_hd__xnor2_2)
     2    0.01    0.14    0.15    3.75 ^ _147_/Y (sky130_fd_sc_hd__xnor2_2)
                                         _079_ (net)
                  0.14    0.00    3.75 ^ _156_/A2 (sky130_fd_sc_hd__o21ai_2)
     4    0.01    0.06    0.08    3.84 v _156_/Y (sky130_fd_sc_hd__o21ai_2)
                                         _087_ (net)
                  0.06    0.00    3.84 v _171_/A (sky130_fd_sc_hd__and3_1)
     1    0.00    0.04    0.15    3.98 v _171_/X (sky130_fd_sc_hd__and3_1)
                                         _101_ (net)
                  0.04    0.00    3.98 v _172_/B (sky130_fd_sc_hd__or3b_4)
     3    0.01    0.07    0.38    4.37 v _172_/X (sky130_fd_sc_hd__or3b_4)
                                         _102_ (net)
                  0.07    0.00    4.37 v _185_/A (sky130_fd_sc_hd__and3_1)
     1    0.00    0.04    0.15    4.52 v _185_/X (sky130_fd_sc_hd__and3_1)
                                         _009_ (net)
                  0.04    0.00    4.52 v _186_/B (sky130_fd_sc_hd__or3b_4)
     4    0.01    0.07    0.39    4.91 v _186_/X (sky130_fd_sc_hd__or3b_4)
                                         _010_ (net)
                  0.07    0.00    4.91 v _187_/C (sky130_fd_sc_hd__and3_1)
     3    0.01    0.05    0.21    5.12 v _187_/X (sky130_fd_sc_hd__and3_1)
                                         _011_ (net)
                  0.05    0.00    5.12 v _189_/B (sky130_fd_sc_hd__or3_1)
     1    0.00    0.06    0.35    5.47 v _189_/X (sky130_fd_sc_hd__or3_1)
                                         _013_ (net)
                  0.06    0.00    5.47 v _195_/A2 (sky130_fd_sc_hd__a32o_1)
     1    0.00    0.04    0.25    5.72 v _195_/X (sky130_fd_sc_hd__a32o_1)
                                         alu6.result (net)
                  0.04    0.00    5.72 v _225_/A (sky130_fd_sc_hd__clkbuf_1)
     1    0.00    0.02    0.08    5.81 v _225_/X (sky130_fd_sc_hd__clkbuf_1)
                                         net28 (net)
                  0.02    0.00    5.81 v output28/A (sky130_fd_sc_hd__buf_2)
     1    0.03    0.09    0.18    5.98 v output28/X (sky130_fd_sc_hd__buf_2)
                                         result[6] (net)
                  0.09    0.00    5.98 v result[6] (out)
                                  5.98   data arrival time

                  0.00   10.00   10.00   clock __VIRTUAL_CLK__ (rise edge)
                          0.00   10.00   clock network delay (ideal)
                         -0.25    9.75   clock uncertainty
                          0.00    9.75   clock reconvergence pessimism
                         -2.00    7.75   output external delay
                                  7.75   data required time
-----------------------------------------------------------------------------
                                  7.75   data required time
                                 -5.98   data arrival time
-----------------------------------------------------------------------------
                                  1.77   slack (MET)


Startpoint: op[1] (input port clocked by __VIRTUAL_CLK__)
Endpoint: result[5] (output port clocked by __VIRTUAL_CLK__)
Path Group: __VIRTUAL_CLK__
Path Type: max

Fanout     Cap    Slew   Delay    Time   Description
-----------------------------------------------------------------------------
                  0.00    0.00    0.00   clock __VIRTUAL_CLK__ (rise edge)
                          0.00    0.00   clock network delay (ideal)
                          2.00    2.00 v input external delay
     1    0.00    0.01    0.01    2.01 v op[1] (in)
                                         op[1] (net)
                  0.01    0.00    2.01 v input19/A (sky130_fd_sc_hd__buf_6)
     4    0.01    0.03    0.11    2.12 v input19/X (sky130_fd_sc_hd__buf_6)
                                         net19 (net)
                  0.03    0.00    2.12 v _113_/A (sky130_fd_sc_hd__or2_4)
     3    0.01    0.05    0.25    2.37 v _113_/X (sky130_fd_sc_hd__or2_4)
                                         _047_ (net)
                  0.05    0.00    2.37 v _114_/A (sky130_fd_sc_hd__or2_4)
     3    0.01    0.05    0.26    2.63 v _114_/X (sky130_fd_sc_hd__or2_4)
                                         _048_ (net)
                  0.05    0.00    2.63 v _115_/B2 (sky130_fd_sc_hd__o32a_4)
     3    0.03    0.09    0.24    2.88 v _115_/X (sky130_fd_sc_hd__o32a_4)
                                         _049_ (net)
                  0.09    0.00    2.88 v _130_/A2 (sky130_fd_sc_hd__a21oi_2)
     1    0.00    0.10    0.16    3.04 ^ _130_/Y (sky130_fd_sc_hd__a21oi_2)
                                         _063_ (net)
                  0.10    0.00    3.04 ^ _131_/A (sky130_fd_sc_hd__nand2_2)
     4    0.01    0.05    0.07    3.11 v _131_/Y (sky130_fd_sc_hd__nand2_2)
                                         _064_ (net)
                  0.05    0.00    3.11 v _145_/A3 (sky130_fd_sc_hd__a32o_1)
     1    0.00    0.05    0.27    3.39 v _145_/X (sky130_fd_sc_hd__a32o_1)
                                         _077_ (net)
                  0.05    0.00    3.39 v _146_/B2 (sky130_fd_sc_hd__o22a_4)
     3    0.02    0.06    0.22    3.60 v _146_/X (sky130_fd_sc_hd__o22a_4)
                                         _078_ (net)
                  0.06    0.00    3.60 v _147_/B (sky130_fd_sc_hd__xnor2_2)
     2    0.01    0.14    0.15    3.75 ^ _147_/Y (sky130_fd_sc_hd__xnor2_2)
                                         _079_ (net)
                  0.14    0.00    3.75 ^ _156_/A2 (sky130_fd_sc_hd__o21ai_2)
     4    0.01    0.06    0.08    3.84 v _156_/Y (sky130_fd_sc_hd__o21ai_2)
                                         _087_ (net)
                  0.06    0.00    3.84 v _171_/A (sky130_fd_sc_hd__and3_1)
     1    0.00    0.04    0.15    3.98 v _171_/X (sky130_fd_sc_hd__and3_1)
                                         _101_ (net)
                  0.04    0.00    3.98 v _172_/B (sky130_fd_sc_hd__or3b_4)
     3    0.01    0.07    0.38    4.37 v _172_/X (sky130_fd_sc_hd__or3b_4)
                                         _102_ (net)
                  0.07    0.00    4.37 v _173_/C (sky130_fd_sc_hd__and3_1)
     2    0.00    0.04    0.20    4.57 v _173_/X (sky130_fd_sc_hd__and3_1)
                                         _103_ (net)
                  0.04    0.00    4.57 v _175_/A (sky130_fd_sc_hd__or2b_1)
     2    0.00    0.05    0.23    4.80 v _175_/X (sky130_fd_sc_hd__or2b_1)
                                         _000_ (net)
                  0.05    0.00    4.80 v _176_/B (sky130_fd_sc_hd__or2_1)
     1    0.00    0.05    0.21    5.01 v _176_/X (sky130_fd_sc_hd__or2_1)
                                         _001_ (net)
                  0.05    0.00    5.01 v _182_/A2 (sky130_fd_sc_hd__a32o_1)
     1    0.00    0.04    0.24    5.25 v _182_/X (sky130_fd_sc_hd__a32o_1)
                                         alu5.result (net)
                  0.04    0.00    5.25 v _224_/A (sky130_fd_sc_hd__clkbuf_1)
     1    0.00    0.02    0.08    5.33 v _224_/X (sky130_fd_sc_hd__clkbuf_1)
                                         net27 (net)
                  0.02    0.00    5.33 v output27/A (sky130_fd_sc_hd__buf_2)
     1    0.03    0.09    0.18    5.51 v output27/X (sky130_fd_sc_hd__buf_2)
                                         result[5] (net)
                  0.09    0.00    5.51 v result[5] (out)
                                  5.51   data arrival time

                  0.00   10.00   10.00   clock __VIRTUAL_CLK__ (rise edge)
                          0.00   10.00   clock network delay (ideal)
                         -0.25    9.75   clock uncertainty
                          0.00    9.75   clock reconvergence pessimism
                         -2.00    7.75   output external delay
                                  7.75   data required time
-----------------------------------------------------------------------------
                                  7.75   data required time
                                 -5.51   data arrival time
-----------------------------------------------------------------------------
                                  2.24   slack (MET)


Startpoint: op[1] (input port clocked by __VIRTUAL_CLK__)
Endpoint: result[4] (output port clocked by __VIRTUAL_CLK__)
Path Group: __VIRTUAL_CLK__
Path Type: max

Fanout     Cap    Slew   Delay    Time   Description
-----------------------------------------------------------------------------
                  0.00    0.00    0.00   clock __VIRTUAL_CLK__ (rise edge)
                          0.00    0.00   clock network delay (ideal)
                          2.00    2.00 v input external delay
     1    0.00    0.01    0.01    2.01 v op[1] (in)
                                         op[1] (net)
                  0.01    0.00    2.01 v input19/A (sky130_fd_sc_hd__buf_6)
     4    0.01    0.03    0.11    2.12 v input19/X (sky130_fd_sc_hd__buf_6)
                                         net19 (net)
                  0.03    0.00    2.12 v _113_/A (sky130_fd_sc_hd__or2_4)
     3    0.01    0.05    0.25    2.37 v _113_/X (sky130_fd_sc_hd__or2_4)
                                         _047_ (net)
                  0.05    0.00    2.37 v _114_/A (sky130_fd_sc_hd__or2_4)
     3    0.01    0.05    0.26    2.63 v _114_/X (sky130_fd_sc_hd__or2_4)
                                         _048_ (net)
                  0.05    0.00    2.63 v _115_/B2 (sky130_fd_sc_hd__o32a_4)
     3    0.03    0.09    0.24    2.88 v _115_/X (sky130_fd_sc_hd__o32a_4)
                                         _049_ (net)
                  0.09    0.00    2.88 v _130_/A2 (sky130_fd_sc_hd__a21oi_2)
     1    0.00    0.10    0.16    3.04 ^ _130_/Y (sky130_fd_sc_hd__a21oi_2)
                                         _063_ (net)
                  0.10    0.00    3.04 ^ _131_/A (sky130_fd_sc_hd__nand2_2)
     4    0.01    0.05    0.07    3.11 v _131_/Y (sky130_fd_sc_hd__nand2_2)
                                         _064_ (net)
                  0.05    0.00    3.11 v _145_/A3 (sky130_fd_sc_hd__a32o_1)
     1    0.00    0.05    0.27    3.39 v _145_/X (sky130_fd_sc_hd__a32o_1)
                                         _077_ (net)
                  0.05    0.00    3.39 v _146_/B2 (sky130_fd_sc_hd__o22a_4)
     3    0.02    0.06    0.22    3.60 v _146_/X (sky130_fd_sc_hd__o22a_4)
                                         _078_ (net)
                  0.06    0.00    3.60 v _157_/A1 (sky130_fd_sc_hd__a21oi_2)
     1    0.00    0.10    0.13    3.73 ^ _157_/Y (sky130_fd_sc_hd__a21oi_2)
                                         _088_ (net)
                  0.10    0.00    3.73 ^ _158_/A (sky130_fd_sc_hd__nand2_2)
     3    0.01    0.04    0.06    3.80 v _158_/Y (sky130_fd_sc_hd__nand2_2)
                                         _089_ (net)
                  0.04    0.00    3.80 v rebuffer1/A (sky130_fd_sc_hd__dlymetal6s2s_1)
     2    0.00    0.04    0.14    3.94 v rebuffer1/X (sky130_fd_sc_hd__dlymetal6s2s_1)
                                         net30 (net)
                  0.04    0.00    3.94 v _159_/A (sky130_fd_sc_hd__and3_1)
     2    0.00    0.04    0.15    4.08 v _159_/X (sky130_fd_sc_hd__and3_1)
                                         _090_ (net)
                  0.04    0.00    4.08 v rebuffer14/A (sky130_fd_sc_hd__dlygate4sd1_1)
     2    0.00    0.04    0.24    4.33 v rebuffer14/X (sky130_fd_sc_hd__dlygate4sd1_1)
                                         net43 (net)
                  0.04    0.00    4.33 v _161_/B (sky130_fd_sc_hd__or3_1)
     1    0.00    0.06    0.35    4.67 v _161_/X (sky130_fd_sc_hd__or3_1)
                                         _092_ (net)
                  0.06    0.00    4.67 v _167_/A2 (sky130_fd_sc_hd__a32o_1)
     1    0.00    0.04    0.25    4.92 v _167_/X (sky130_fd_sc_hd__a32o_1)
                                         alu4.result (net)
                  0.04    0.00    4.92 v _223_/A (sky130_fd_sc_hd__clkbuf_1)
     1    0.00    0.02    0.08    5.01 v _223_/X (sky130_fd_sc_hd__clkbuf_1)
                                         net26 (net)
                  0.02    0.00    5.01 v output26/A (sky130_fd_sc_hd__buf_2)
     1    0.03    0.09    0.18    5.18 v output26/X (sky130_fd_sc_hd__buf_2)
                                         result[4] (net)
                  0.09    0.00    5.18 v result[4] (out)
                                  5.18   data arrival time

                  0.00   10.00   10.00   clock __VIRTUAL_CLK__ (rise edge)
                          0.00   10.00   clock network delay (ideal)
                         -0.25    9.75   clock uncertainty
                          0.00    9.75   clock reconvergence pessimism
                         -2.00    7.75   output external delay
                                  7.75   data required time
-----------------------------------------------------------------------------
                                  7.75   data required time
                                 -5.18   data arrival time
-----------------------------------------------------------------------------
                                  2.57   slack (MET)


Startpoint: op[1] (input port clocked by __VIRTUAL_CLK__)
Endpoint: result[3] (output port clocked by __VIRTUAL_CLK__)
Path Group: __VIRTUAL_CLK__
Path Type: max

Fanout     Cap    Slew   Delay    Time   Description
-----------------------------------------------------------------------------
                  0.00    0.00    0.00   clock __VIRTUAL_CLK__ (rise edge)
                          0.00    0.00   clock network delay (ideal)
                          2.00    2.00 v input external delay
     1    0.00    0.01    0.01    2.01 v op[1] (in)
                                         op[1] (net)
                  0.01    0.00    2.01 v input19/A (sky130_fd_sc_hd__buf_6)
     4    0.01    0.03    0.11    2.12 v input19/X (sky130_fd_sc_hd__buf_6)
                                         net19 (net)
                  0.03    0.00    2.12 v _113_/A (sky130_fd_sc_hd__or2_4)
     3    0.01    0.05    0.25    2.37 v _113_/X (sky130_fd_sc_hd__or2_4)
                                         _047_ (net)
                  0.05    0.00    2.37 v _114_/A (sky130_fd_sc_hd__or2_4)
     3    0.01    0.05    0.26    2.63 v _114_/X (sky130_fd_sc_hd__or2_4)
                                         _048_ (net)
                  0.05    0.00    2.63 v _115_/B2 (sky130_fd_sc_hd__o32a_4)
     3    0.03    0.09    0.24    2.88 v _115_/X (sky130_fd_sc_hd__o32a_4)
                                         _049_ (net)
                  0.09    0.00    2.88 v _130_/A2 (sky130_fd_sc_hd__a21oi_2)
     1    0.00    0.10    0.16    3.04 ^ _130_/Y (sky130_fd_sc_hd__a21oi_2)
                                         _063_ (net)
                  0.10    0.00    3.04 ^ _131_/A (sky130_fd_sc_hd__nand2_2)
     4    0.01    0.05    0.07    3.11 v _131_/Y (sky130_fd_sc_hd__nand2_2)
                                         _064_ (net)
                  0.05    0.00    3.11 v _145_/A3 (sky130_fd_sc_hd__a32o_1)
     1    0.00    0.05    0.27    3.39 v _145_/X (sky130_fd_sc_hd__a32o_1)
                                         _077_ (net)
                  0.05    0.00    3.39 v _146_/B2 (sky130_fd_sc_hd__o22a_4)
     3    0.02    0.06    0.22    3.60 v _146_/X (sky130_fd_sc_hd__o22a_4)
                                         _078_ (net)
                  0.06    0.00    3.60 v _147_/B (sky130_fd_sc_hd__xnor2_2)
     2    0.01    0.06    0.14    3.75 v _147_/Y (sky130_fd_sc_hd__xnor2_2)
                                         _079_ (net)
                  0.06    0.00    3.75 v rebuffer3/A (sky130_fd_sc_hd__dlygate4sd1_1)
     2    0.00    0.03    0.25    3.99 v rebuffer3/X (sky130_fd_sc_hd__dlygate4sd1_1)
                                         net32 (net)
                  0.03    0.00    3.99 v _148_/B (sky130_fd_sc_hd__or2_1)
     1    0.00    0.05    0.20    4.20 v _148_/X (sky130_fd_sc_hd__or2_1)
                                         _080_ (net)
                  0.05    0.00    4.20 v _154_/A2 (sky130_fd_sc_hd__a32o_1)
     1    0.00    0.04    0.24    4.44 v _154_/X (sky130_fd_sc_hd__a32o_1)
                                         alu3.result (net)
                  0.04    0.00    4.44 v _222_/A (sky130_fd_sc_hd__clkbuf_1)
     1    0.00    0.02    0.08    4.52 v _222_/X (sky130_fd_sc_hd__clkbuf_1)
                                         net25 (net)
                  0.02    0.00    4.52 v output25/A (sky130_fd_sc_hd__clkbuf_4)
     1    0.03    0.08    0.18    4.70 v output25/X (sky130_fd_sc_hd__clkbuf_4)
                                         result[3] (net)
                  0.08    0.00    4.70 v result[3] (out)
                                  4.70   data arrival time

                  0.00   10.00   10.00   clock __VIRTUAL_CLK__ (rise edge)
                          0.00   10.00   clock network delay (ideal)
                         -0.25    9.75   clock uncertainty
                          0.00    9.75   clock reconvergence pessimism
                         -2.00    7.75   output external delay
                                  7.75   data required time
-----------------------------------------------------------------------------
                                  7.75   data required time
                                 -4.70   data arrival time
-----------------------------------------------------------------------------
                                  3.05   slack (MET)


Startpoint: op[1] (input port clocked by __VIRTUAL_CLK__)
Endpoint: result[2] (output port clocked by __VIRTUAL_CLK__)
Path Group: __VIRTUAL_CLK__
Path Type: max

Fanout     Cap    Slew   Delay    Time   Description
-----------------------------------------------------------------------------
                  0.00    0.00    0.00   clock __VIRTUAL_CLK__ (rise edge)
                          0.00    0.00   clock network delay (ideal)
                          2.00    2.00 v input external delay
     1    0.00    0.01    0.01    2.01 v op[1] (in)
                                         op[1] (net)
                  0.01    0.00    2.01 v input19/A (sky130_fd_sc_hd__buf_6)
     4    0.01    0.03    0.11    2.12 v input19/X (sky130_fd_sc_hd__buf_6)
                                         net19 (net)
                  0.03    0.00    2.12 v _113_/A (sky130_fd_sc_hd__or2_4)
     3    0.01    0.05    0.25    2.37 v _113_/X (sky130_fd_sc_hd__or2_4)
                                         _047_ (net)
                  0.05    0.00    2.37 v _114_/A (sky130_fd_sc_hd__or2_4)
     3    0.01    0.05    0.26    2.63 v _114_/X (sky130_fd_sc_hd__or2_4)
                                         _048_ (net)
                  0.05    0.00    2.63 v _115_/B2 (sky130_fd_sc_hd__o32a_4)
     3    0.03    0.09    0.24    2.88 v _115_/X (sky130_fd_sc_hd__o32a_4)
                                         _049_ (net)
                  0.09    0.00    2.88 v _116_/B (sky130_fd_sc_hd__xnor2_4)
     2    0.01    0.08    0.15    3.03 v _116_/Y (sky130_fd_sc_hd__xnor2_4)
                                         _050_ (net)
                  0.08    0.00    3.03 v _129_/A2 (sky130_fd_sc_hd__o21ai_4)
     4    0.01    0.13    0.15    3.19 ^ _129_/Y (sky130_fd_sc_hd__o21ai_4)
                                         _062_ (net)
                  0.13    0.00    3.19 ^ rebuffer10/A (sky130_fd_sc_hd__dlygate4sd1_1)
     1    0.00    0.04    0.22    3.41 ^ rebuffer10/X (sky130_fd_sc_hd__dlygate4sd1_1)
                                         net39 (net)
                  0.04    0.00    3.41 ^ _136_/A2 (sky130_fd_sc_hd__a31o_1)
     1    0.00    0.04    0.13    3.54 ^ _136_/X (sky130_fd_sc_hd__a31o_1)
                                         _069_ (net)
                  0.04    0.00    3.54 ^ _137_/B (sky130_fd_sc_hd__nor2_1)
     1    0.00    0.03    0.03    3.57 v _137_/Y (sky130_fd_sc_hd__nor2_1)
                                         _070_ (net)
                  0.03    0.00    3.57 v _141_/B1 (sky130_fd_sc_hd__o2bb2a_1)
     1    0.00    0.05    0.28    3.85 v _141_/X (sky130_fd_sc_hd__o2bb2a_1)
                                         alu2.result (net)
                  0.05    0.00    3.85 v _221_/A (sky130_fd_sc_hd__clkbuf_1)
     1    0.00    0.02    0.09    3.94 v _221_/X (sky130_fd_sc_hd__clkbuf_1)
                                         net24 (net)
                  0.02    0.00    3.94 v output24/A (sky130_fd_sc_hd__buf_2)
     1    0.03    0.09    0.18    4.12 v output24/X (sky130_fd_sc_hd__buf_2)
                                         result[2] (net)
                  0.09    0.00    4.12 v result[2] (out)
                                  4.12   data arrival time

                  0.00   10.00   10.00   clock __VIRTUAL_CLK__ (rise edge)
                          0.00   10.00   clock network delay (ideal)
                         -0.25    9.75   clock uncertainty
                          0.00    9.75   clock reconvergence pessimism
                         -2.00    7.75   output external delay
                                  7.75   data required time
-----------------------------------------------------------------------------
                                  7.75   data required time
                                 -4.12   data arrival time
-----------------------------------------------------------------------------
                                  3.63   slack (MET)


Startpoint: op[1] (input port clocked by __VIRTUAL_CLK__)
Endpoint: result[1] (output port clocked by __VIRTUAL_CLK__)
Path Group: __VIRTUAL_CLK__
Path Type: max

Fanout     Cap    Slew   Delay    Time   Description
-----------------------------------------------------------------------------
                  0.00    0.00    0.00   clock __VIRTUAL_CLK__ (rise edge)
                          0.00    0.00   clock network delay (ideal)
                          2.00    2.00 v input external delay
     1    0.00    0.01    0.01    2.01 v op[1] (in)
                                         op[1] (net)
                  0.01    0.00    2.01 v input19/A (sky130_fd_sc_hd__buf_6)
     4    0.01    0.03    0.11    2.12 v input19/X (sky130_fd_sc_hd__buf_6)
                                         net19 (net)
                  0.03    0.00    2.12 v _113_/A (sky130_fd_sc_hd__or2_4)
     3    0.01    0.05    0.25    2.37 v _113_/X (sky130_fd_sc_hd__or2_4)
                                         _047_ (net)
                  0.05    0.00    2.37 v _114_/A (sky130_fd_sc_hd__or2_4)
     3    0.01    0.05    0.26    2.63 v _114_/X (sky130_fd_sc_hd__or2_4)
                                         _048_ (net)
                  0.05    0.00    2.63 v _115_/B2 (sky130_fd_sc_hd__o32a_4)
     3    0.03    0.09    0.24    2.88 v _115_/X (sky130_fd_sc_hd__o32a_4)
                                         _049_ (net)
                  0.09    0.00    2.88 v _116_/B (sky130_fd_sc_hd__xnor2_4)
     2    0.01    0.08    0.15    3.03 v _116_/Y (sky130_fd_sc_hd__xnor2_4)
                                         _050_ (net)
                  0.08    0.00    3.03 v rebuffer11/A (sky130_fd_sc_hd__dlygate4sd1_1)
     2    0.00    0.04    0.26    3.29 v rebuffer11/X (sky130_fd_sc_hd__dlygate4sd1_1)
                                         net40 (net)
                  0.04    0.00    3.29 v _118_/B (sky130_fd_sc_hd__or2_1)
     1    0.00    0.05    0.20    3.50 v _118_/X (sky130_fd_sc_hd__or2_1)
                                         _052_ (net)
                  0.05    0.00    3.50 v _127_/A3 (sky130_fd_sc_hd__a32o_1)
     1    0.00    0.04    0.26    3.75 v _127_/X (sky130_fd_sc_hd__a32o_1)
                                         alu1.result (net)
                  0.04    0.00    3.75 v _220_/A (sky130_fd_sc_hd__clkbuf_1)
     1    0.00    0.02    0.08    3.83 v _220_/X (sky130_fd_sc_hd__clkbuf_1)
                                         net23 (net)
                  0.02    0.00    3.83 v output23/A (sky130_fd_sc_hd__buf_2)
     1    0.03    0.09    0.18    4.01 v output23/X (sky130_fd_sc_hd__buf_2)
                                         result[1] (net)
                  0.09    0.00    4.01 v result[1] (out)
                                  4.01   data arrival time

                  0.00   10.00   10.00   clock __VIRTUAL_CLK__ (rise edge)
                          0.00   10.00   clock network delay (ideal)
                         -0.25    9.75   clock uncertainty
                          0.00    9.75   clock reconvergence pessimism
                         -2.00    7.75   output external delay
                                  7.75   data required time
-----------------------------------------------------------------------------
                                  7.75   data required time
                                 -4.01   data arrival time
-----------------------------------------------------------------------------
                                  3.74   slack (MET)


Startpoint: op[0] (input port clocked by __VIRTUAL_CLK__)
Endpoint: result[0] (output port clocked by __VIRTUAL_CLK__)
Path Group: __VIRTUAL_CLK__
Path Type: max

Fanout     Cap    Slew   Delay    Time   Description
-----------------------------------------------------------------------------
                  0.00    0.00    0.00   clock __VIRTUAL_CLK__ (rise edge)
                          0.00    0.00   clock network delay (ideal)
                          2.00    2.00 ^ input external delay
     1    0.00    0.02    0.01    2.01 ^ op[0] (in)
                                         op[0] (net)
                  0.02    0.00    2.01 ^ input18/A (sky130_fd_sc_hd__buf_1)
     2    0.01    0.15    0.15    2.16 ^ input18/X (sky130_fd_sc_hd__buf_1)
                                         net18 (net)
                  0.15    0.00    2.16 ^ _112_/A (sky130_fd_sc_hd__clkbuf_2)
    10    0.02    0.10    0.19    2.35 ^ _112_/X (sky130_fd_sc_hd__clkbuf_2)
                                         _046_ (net)
                  0.10    0.00    2.35 ^ _123_/B (sky130_fd_sc_hd__or2_1)
     2    0.01    0.07    0.14    2.48 ^ _123_/X (sky130_fd_sc_hd__or2_1)
                                         _057_ (net)
                  0.07    0.00    2.48 ^ _124_/A (sky130_fd_sc_hd__inv_2)
     1    0.00    0.02    0.03    2.51 v _124_/Y (sky130_fd_sc_hd__inv_2)
                                         _058_ (net)
                  0.02    0.00    2.51 v _125_/A2 (sky130_fd_sc_hd__a22o_1)
     7    0.01    0.08    0.27    2.78 v _125_/X (sky130_fd_sc_hd__a22o_1)
                                         _059_ (net)
                  0.08    0.00    2.78 v _215_/B1 (sky130_fd_sc_hd__o21a_1)
     1    0.00    0.03    0.11    2.89 v _215_/X (sky130_fd_sc_hd__o21a_1)
                                         _036_ (net)
                  0.03    0.00    2.89 v _217_/A1 (sky130_fd_sc_hd__mux2_1)
     1    0.00    0.05    0.29    3.18 v _217_/X (sky130_fd_sc_hd__mux2_1)
                                         _038_ (net)
                  0.05    0.00    3.18 v _218_/B1_N (sky130_fd_sc_hd__o21bai_1)
     1    0.00    0.04    0.15    3.33 v _218_/Y (sky130_fd_sc_hd__o21bai_1)
                                         alu0.result (net)
                  0.04    0.00    3.33 v _219_/A (sky130_fd_sc_hd__clkbuf_1)
     1    0.00    0.02    0.08    3.42 v _219_/X (sky130_fd_sc_hd__clkbuf_1)
                                         net22 (net)
                  0.02    0.00    3.42 v output22/A (sky130_fd_sc_hd__buf_2)
     1    0.03    0.09    0.18    3.59 v output22/X (sky130_fd_sc_hd__buf_2)
                                         result[0] (net)
                  0.09    0.00    3.59 v result[0] (out)
                                  3.59   data arrival time

                  0.00   10.00   10.00   clock __VIRTUAL_CLK__ (rise edge)
                          0.00   10.00   clock network delay (ideal)
                         -0.25    9.75   clock uncertainty
                          0.00    9.75   clock reconvergence pessimism
                         -2.00    7.75   output external delay
                                  7.75   data required time
-----------------------------------------------------------------------------
                                  7.75   data required time
                                 -3.59   data arrival time
-----------------------------------------------------------------------------
                                  4.16   slack (MET)



worst slack corner Typical: 1.3739
max_report_end
checks_report

===========================================================================
report_checks -unconstrained
===========================================================================
======================= Typical Corner ===================================

Startpoint: op[1] (input port clocked by __VIRTUAL_CLK__)
Endpoint: result[7] (output port clocked by __VIRTUAL_CLK__)
Path Group: __VIRTUAL_CLK__
Path Type: max

Fanout     Cap    Slew   Delay    Time   Description
-----------------------------------------------------------------------------
                  0.00    0.00    0.00   clock __VIRTUAL_CLK__ (rise edge)
                          0.00    0.00   clock network delay (ideal)
                          2.00    2.00 v input external delay
     1    0.00    0.01    0.01    2.01 v op[1] (in)
                                         op[1] (net)
                  0.01    0.00    2.01 v input19/A (sky130_fd_sc_hd__buf_6)
     4    0.01    0.03    0.11    2.12 v input19/X (sky130_fd_sc_hd__buf_6)
                                         net19 (net)
                  0.03    0.00    2.12 v _113_/A (sky130_fd_sc_hd__or2_4)
     3    0.01    0.05    0.25    2.37 v _113_/X (sky130_fd_sc_hd__or2_4)
                                         _047_ (net)
                  0.05    0.00    2.37 v _114_/A (sky130_fd_sc_hd__or2_4)
     3    0.01    0.05    0.26    2.63 v _114_/X (sky130_fd_sc_hd__or2_4)
                                         _048_ (net)
                  0.05    0.00    2.63 v _115_/B2 (sky130_fd_sc_hd__o32a_4)
     3    0.03    0.09    0.24    2.88 v _115_/X (sky130_fd_sc_hd__o32a_4)
                                         _049_ (net)
                  0.09    0.00    2.88 v _130_/A2 (sky130_fd_sc_hd__a21oi_2)
     1    0.00    0.10    0.16    3.04 ^ _130_/Y (sky130_fd_sc_hd__a21oi_2)
                                         _063_ (net)
                  0.10    0.00    3.04 ^ _131_/A (sky130_fd_sc_hd__nand2_2)
     4    0.01    0.05    0.07    3.11 v _131_/Y (sky130_fd_sc_hd__nand2_2)
                                         _064_ (net)
                  0.05    0.00    3.11 v _145_/A3 (sky130_fd_sc_hd__a32o_1)
     1    0.00    0.05    0.27    3.39 v _145_/X (sky130_fd_sc_hd__a32o_1)
                                         _077_ (net)
                  0.05    0.00    3.39 v _146_/B2 (sky130_fd_sc_hd__o22a_4)
     3    0.02    0.06    0.22    3.60 v _146_/X (sky130_fd_sc_hd__o22a_4)
                                         _078_ (net)
                  0.06    0.00    3.60 v _147_/B (sky130_fd_sc_hd__xnor2_2)
     2    0.01    0.14    0.15    3.75 ^ _147_/Y (sky130_fd_sc_hd__xnor2_2)
                                         _079_ (net)
                  0.14    0.00    3.75 ^ _156_/A2 (sky130_fd_sc_hd__o21ai_2)
     4    0.01    0.06    0.08    3.84 v _156_/Y (sky130_fd_sc_hd__o21ai_2)
                                         _087_ (net)
                  0.06    0.00    3.84 v _171_/A (sky130_fd_sc_hd__and3_1)
     1    0.00    0.04    0.15    3.98 v _171_/X (sky130_fd_sc_hd__and3_1)
                                         _101_ (net)
                  0.04    0.00    3.98 v _172_/B (sky130_fd_sc_hd__or3b_4)
     3    0.01    0.07    0.38    4.37 v _172_/X (sky130_fd_sc_hd__or3b_4)
                                         _102_ (net)
                  0.07    0.00    4.37 v _185_/A (sky130_fd_sc_hd__and3_1)
     1    0.00    0.04    0.15    4.52 v _185_/X (sky130_fd_sc_hd__and3_1)
                                         _009_ (net)
                  0.04    0.00    4.52 v _186_/B (sky130_fd_sc_hd__or3b_4)
     4    0.01    0.07    0.39    4.91 v _186_/X (sky130_fd_sc_hd__or3b_4)
                                         _010_ (net)
                  0.07    0.00    4.91 v _199_/A (sky130_fd_sc_hd__and3_1)
     1    0.00    0.04    0.15    5.06 v _199_/X (sky130_fd_sc_hd__and3_1)
                                         _022_ (net)
                  0.04    0.00    5.06 v _200_/B (sky130_fd_sc_hd__or3b_4)
     3    0.01    0.07    0.38    5.44 v _200_/X (sky130_fd_sc_hd__or3b_4)
                                         _023_ (net)
                  0.07    0.00    5.44 v _201_/A (sky130_fd_sc_hd__and3_1)
     3    0.01    0.05    0.18    5.62 v _201_/X (sky130_fd_sc_hd__and3_1)
                                         _024_ (net)
                  0.05    0.00    5.62 v _203_/C (sky130_fd_sc_hd__or3_4)
     2    0.00    0.07    0.34    5.96 v _203_/X (sky130_fd_sc_hd__or3_4)
                                         _026_ (net)
                  0.07    0.00    5.96 v _209_/A1 (sky130_fd_sc_hd__a31o_1)
     1    0.00    0.03    0.18    6.14 v _209_/X (sky130_fd_sc_hd__a31o_1)
                                         alu7.result (net)
                  0.03    0.00    6.14 v _226_/A (sky130_fd_sc_hd__clkbuf_1)
     1    0.00    0.04    0.09    6.24 v _226_/X (sky130_fd_sc_hd__clkbuf_1)
                                         net29 (net)
                  0.04    0.00    6.24 v output29/A (sky130_fd_sc_hd__buf_6)
     1    0.03    0.04    0.14    6.38 v output29/X (sky130_fd_sc_hd__buf_6)
                                         result[7] (net)
                  0.04    0.00    6.38 v result[7] (out)
                                  6.38   data arrival time

                  0.00   10.00   10.00   clock __VIRTUAL_CLK__ (rise edge)
                          0.00   10.00   clock network delay (ideal)
                         -0.25    9.75   clock uncertainty
                          0.00    9.75   clock reconvergence pessimism
                         -2.00    7.75   output external delay
                                  7.75   data required time
-----------------------------------------------------------------------------
                                  7.75   data required time
                                 -6.38   data arrival time
-----------------------------------------------------------------------------
                                  1.37   slack (MET)




===========================================================================
report_checks --slack_max -0.01
============================================================================
======================= Typical Corner ===================================

No paths found.


===========================================================================
 report_check_types -max_slew -max_cap -max_fanout -violators
============================================================================
======================= Typical Corner ===================================


max slew violations count Typical: 0
max fanout violations count Typical: 0
max cap violations count Typical: 0

===========================================================================
report_parasitic_annotation -report_unannotated
============================================================================
Found 188 unannotated drivers.
 a[0]
 a[1]
 a[2]
 a[3]
 a[4]
 a[5]
 a[6]
 a[7]
 b[0]
 b[1]
 b[2]
 b[3]
 b[4]
 b[5]
 b[6]
 b[7]
 cin
 op[0]
 op[1]
 op[2]
 _105_/Y
 _106_/Y
 _107_/X
 _108_/Y
 _109_/Y
 _110_/X
 _111_/Y
 _112_/X
 _113_/X
 _114_/X
 _115_/X
 _116_/Y
 _117_/Y
 _118_/X
 _119_/X
 _120_/Y
 _121_/X
 _122_/X
 _123_/X
 _124_/Y
 _125_/X
 _126_/X
 _127_/X
 _128_/Y
 _129_/Y
 _130_/Y
 _131_/Y
 _132_/Y
 _133_/X
 _134_/Y
 _135_/Y
 _136_/X
 _137_/Y
 _138_/Y
 _139_/X
 _140_/X
 _141_/X
 _142_/Y
 _143_/X
 _144_/Y
 _145_/X
 _146_/X
 _147_/Y
 _148_/X
 _149_/Y
 _150_/Y
 _151_/X
 _152_/X
 _153_/X
 _154_/X
 _155_/Y
 _156_/Y
 _157_/Y
 _158_/Y
 _159_/X
 _160_/Y
 _161_/X
 _162_/Y
 _163_/Y
 _164_/X
 _165_/X
 _166_/X
 _167_/X
 _168_/Y
 _169_/X
 _170_/X
 _171_/X
 _172_/X
 _173_/X
 _174_/X
 _175_/X
 _176_/X
 _177_/Y
 _178_/Y
 _179_/X
 _180_/X
 _181_/X
 _182_/X
 _183_/Y
 _184_/X
 _185_/X
 _186_/X
 _187_/X
 _188_/Y
 _189_/X
 _190_/Y
 _191_/Y
 _192_/X
 _193_/X
 _194_/X
 _195_/X
 _196_/Y
 _197_/X
 _198_/X
 _199_/X
 _200_/X
 _201_/X
 _202_/Y
 _203_/X
 _204_/Y
 _205_/Y
 _206_/X
 _207_/X
 _208_/X
 _209_/X
 _210_/Y
 _211_/X
 _212_/X
 _213_/X
 _214_/X
 _215_/X
 _216_/Y
 _217_/X
 _218_/Y
 _219_/X
 _220_/X
 _221_/X
 _222_/X
 _223_/X
 _224_/X
 _225_/X
 _226_/X
 input1/X
 input10/X
 input11/X
 input12/X
 input13/X
 input14/X
 input15/X
 input16/X
 input17/X
 input18/X
 input19/X
 input2/X
 input20/X
 input3/X
 input4/X
 input5/X
 input6/X
 input7/X
 input8/X
 input9/X
 output21/X
 output22/X
 output23/X
 output24/X
 output25/X
 output26/X
 output27/X
 output28/X
 output29/X
 rebuffer1/X
 rebuffer10/X
 rebuffer11/X
 rebuffer12/X
 rebuffer13/X
 rebuffer14/X
 rebuffer15/X
 rebuffer16/X
 rebuffer17/X
 rebuffer2/X
 rebuffer3/X
 rebuffer4/X
 rebuffer5/X
 rebuffer6/X
 rebuffer7/X
 rebuffer8/X
 rebuffer9/X
Found 0 partially unannotated drivers.

===========================================================================
max slew violation count 0
max fanout violation count 0
max cap violation count 0
============================================================================

===========================================================================
check_setup -verbose -unconstrained_endpoints -multiple_clock -no_clock -no_input_delay -loops -generated_clocks
===========================================================================
checks_report_end
power_report

===========================================================================
 report_power
============================================================================
======================= Typical Corner ===================================

Group                  Internal  Switching    Leakage      Total
                          Power      Power      Power      Power (Watts)
----------------------------------------------------------------
Sequential             0.00e+00   0.00e+00   0.00e+00   0.00e+00   0.0%
Combinational          2.61e-05   2.56e-05   5.21e-10   5.17e-05 100.0%
Clock                  0.00e+00   0.00e+00   1.04e-10   1.04e-10   0.0%
Macro                  0.00e+00   0.00e+00   0.00e+00   0.00e+00   0.0%
Pad                    0.00e+00   0.00e+00   0.00e+00   0.00e+00   0.0%
----------------------------------------------------------------
Total                  2.61e-05   2.56e-05   6.24e-10   5.17e-05 100.0%
                          50.4%      49.6%       0.0%

power_report_end
summary_report

===========================================================================
report_tns
============================================================================
tns 0.00

===========================================================================
report_wns
============================================================================
wns 0.00

===========================================================================
report_worst_slack -max (Setup)
============================================================================
worst slack 1.37

===========================================================================
report_worst_slack -min (Hold)
============================================================================
worst slack 4.22
summary_report_end
area_report

===========================================================================
report_design_area
============================================================================
Design area 1249 u^2 66% utilization.
area_report_end
check_nonpropagated_clocks
__VIRTUAL_CLK__
check_nonpropagated_clocks_end
[WARNING] Did not save OpenROAD database!
