OpenROAD b16bda7e82721d10566ff7e2b68f1ff0be9f9e38 
Features included (+) or not (-): +Charts +GPU +GUI +Python
This program is licensed under the BSD-3 license. See the LICENSE file for details.
Components of this program may be licensed under more restrictive licenses which must be honored.
define_corners Typical
read_liberty -corner Typical /home/amit/.volare/volare/sky130/versions/bdc9412b3e468c102d01b7cf6337be06ec6e9c9a/sky130A/libs.ref/sky130_fd_sc_hd/lib/sky130_fd_sc_hd__tt_025C_1v80.lib
Using 1e-12 for capacitance...
Using 1e+03 for resistance...
Using 1e-09 for time...
Using 1e+00 for voltage...
Using 1e-03 for current...
Using 1e-09 for power...
Using 1e-06 for distance...
[INFO]: Reading ODB at '/openlane/designs/alu_8bit/runs/RUN_2025.05.07_15.24.49/tmp/routing/25-fill.odb'…
Reading design constraints file at '/openlane/scripts/base.sdc'…
[INFO]: Setting output delay to: 2.0
[INFO]: Setting input delay to: 2.0
[WARNING STA-0366] port '__VIRTUAL_CLK__' not found.
[INFO]: Setting load to: 0.033442
[INFO]: Setting clock uncertainty to: 0.25
[INFO]: Setting clock transition to: 0.15
[WARNING STA-0419] transition time can not be specified for virtual clocks.
[INFO]: Setting timing derate to: 5.0 %
[INFO ORD-0030] Using 2 thread(s).
[INFO DRT-0149] Reading tech and libs.
[WARNING DRT-0349] LEF58_ENCLOSURE with no CUTCLASS is not supported. Skipping for layer mcon
[WARNING DRT-0349] LEF58_ENCLOSURE with no CUTCLASS is not supported. Skipping for layer mcon
[WARNING DRT-0349] LEF58_ENCLOSURE with no CUTCLASS is not supported. Skipping for layer via
[WARNING DRT-0349] LEF58_ENCLOSURE with no CUTCLASS is not supported. Skipping for layer via
[WARNING DRT-0349] LEF58_ENCLOSURE with no CUTCLASS is not supported. Skipping for layer via2
[WARNING DRT-0349] LEF58_ENCLOSURE with no CUTCLASS is not supported. Skipping for layer via2
[WARNING DRT-0349] LEF58_ENCLOSURE with no CUTCLASS is not supported. Skipping for layer via3
[WARNING DRT-0349] LEF58_ENCLOSURE with no CUTCLASS is not supported. Skipping for layer via3
[WARNING DRT-0349] LEF58_ENCLOSURE with no CUTCLASS is not supported. Skipping for layer via4
[WARNING DRT-0349] LEF58_ENCLOSURE with no CUTCLASS is not supported. Skipping for layer via4

Units:                1000
Number of layers:     13
Number of macros:     441
Number of vias:       29
Number of viarulegen: 25

[INFO DRT-0150] Reading design.

Design:                   alu_8bit
Die area:                 ( 0 0 ) ( 54820 65540 )
Number of track patterns: 12
Number of DEF vias:       0
Number of components:     340
Number of terminals:      31
Number of snets:          2
Number of nets:           188

[INFO DRT-0167] List of default vias:
  Layer via
    default via: M1M2_PR
  Layer via2
    default via: M2M3_PR
  Layer via3
    default via: M3M4_PR
  Layer via4
    default via: M4M5_PR
[INFO DRT-0162] Library cell analysis.
[INFO DRT-0163] Instance analysis.
[INFO DRT-0164] Number of unique instances = 111.
[INFO DRT-0168] Init region query.
[INFO DRT-0024]   Complete FR_MASTERSLICE.
[INFO DRT-0024]   Complete Fr_VIA.
[INFO DRT-0024]   Complete li1.
[INFO DRT-0024]   Complete mcon.
[INFO DRT-0024]   Complete met1.
[INFO DRT-0024]   Complete via.
[INFO DRT-0024]   Complete met2.
[INFO DRT-0024]   Complete via2.
[INFO DRT-0024]   Complete met3.
[INFO DRT-0024]   Complete via3.
[INFO DRT-0024]   Complete met4.
[INFO DRT-0024]   Complete via4.
[INFO DRT-0024]   Complete met5.
[INFO DRT-0033] FR_MASTERSLICE shape region query size = 0.
[INFO DRT-0033] FR_VIA shape region query size = 0.
[INFO DRT-0033] li1 shape region query size = 5717.
[INFO DRT-0033] mcon shape region query size = 264.
[INFO DRT-0033] met1 shape region query size = 771.
[INFO DRT-0033] via shape region query size = 340.
[INFO DRT-0033] met2 shape region query size = 218.
[INFO DRT-0033] via2 shape region query size = 272.
[INFO DRT-0033] met3 shape region query size = 219.
[INFO DRT-0033] via3 shape region query size = 272.
[INFO DRT-0033] met4 shape region query size = 116.
[INFO DRT-0033] via4 shape region query size = 32.
[INFO DRT-0033] met5 shape region query size = 48.
[INFO DRT-0165] Start pin access.
[INFO DRT-0078]   Complete 319 pins.
[INFO DRT-0081]   Complete 93 unique inst patterns.
[INFO DRT-0084]   Complete 91 groups.
#scanned instances     = 340
#unique  instances     = 111
#stdCellGenAp          = 2565
#stdCellValidPlanarAp  = 0
#stdCellValidViaAp     = 1993
#stdCellPinNoAp        = 0
#stdCellPinCnt         = 538
#instTermValidViaApCnt = 0
#macroGenAp            = 0
#macroValidPlanarAp    = 0
#macroValidViaAp       = 0
#macroNoAp             = 0
[INFO DRT-0166] Complete pin access.
[INFO DRT-0267] cpu time = 00:00:14, elapsed time = 00:00:07, memory = 114.03 (MB), peak = 114.03 (MB)

Number of guides:     1034

[INFO DRT-0169] Post process guides.
[INFO DRT-0176] GCELLGRID X 0 DO 7 STEP 6900 ;
[INFO DRT-0177] GCELLGRID Y 0 DO 9 STEP 6900 ;
[INFO DRT-0028]   Complete FR_MASTERSLICE.
[INFO DRT-0028]   Complete Fr_VIA.
[INFO DRT-0028]   Complete li1.
[INFO DRT-0028]   Complete mcon.
[INFO DRT-0028]   Complete met1.
[INFO DRT-0028]   Complete via.
[INFO DRT-0028]   Complete met2.
[INFO DRT-0028]   Complete via2.
[INFO DRT-0028]   Complete met3.
[INFO DRT-0028]   Complete via3.
[INFO DRT-0028]   Complete met4.
[INFO DRT-0028]   Complete via4.
[INFO DRT-0028]   Complete met5.
[INFO DRT-0178] Init guide query.
[INFO DRT-0035]   Complete FR_MASTERSLICE (guide).
[INFO DRT-0035]   Complete Fr_VIA (guide).
[INFO DRT-0035]   Complete li1 (guide).
[INFO DRT-0035]   Complete mcon (guide).
[INFO DRT-0035]   Complete met1 (guide).
[INFO DRT-0035]   Complete via (guide).
[INFO DRT-0035]   Complete met2 (guide).
[INFO DRT-0035]   Complete via2 (guide).
[INFO DRT-0035]   Complete met3 (guide).
[INFO DRT-0035]   Complete via3 (guide).
[INFO DRT-0035]   Complete met4 (guide).
[INFO DRT-0035]   Complete via4 (guide).
[INFO DRT-0035]   Complete met5 (guide).
[INFO DRT-0036] FR_MASTERSLICE guide region query size = 0.
[INFO DRT-0036] FR_VIA guide region query size = 0.
[INFO DRT-0036] li1 guide region query size = 396.
[INFO DRT-0036] mcon guide region query size = 0.
[INFO DRT-0036] met1 guide region query size = 284.
[INFO DRT-0036] via guide region query size = 0.
[INFO DRT-0036] met2 guide region query size = 149.
[INFO DRT-0036] via2 guide region query size = 0.
[INFO DRT-0036] met3 guide region query size = 15.
[INFO DRT-0036] via3 guide region query size = 0.
[INFO DRT-0036] met4 guide region query size = 0.
[INFO DRT-0036] via4 guide region query size = 0.
[INFO DRT-0036] met5 guide region query size = 0.
[INFO DRT-0179] Init gr pin query.
[INFO DRT-0245] skipped writing guide updates to database.
[INFO DRT-0185] Post process initialize RPin region query.
[INFO DRT-0181] Start track assignment.
[INFO DRT-0184] Done with 545 vertical wires in 1 frboxes and 299 horizontal wires in 1 frboxes.
[INFO DRT-0186] Done with 76 vertical wires in 1 frboxes and 83 horizontal wires in 1 frboxes.
[INFO DRT-0182] Complete track assignment.
[INFO DRT-0267] cpu time = 00:00:00, elapsed time = 00:00:00, memory = 116.03 (MB), peak = 116.03 (MB)
[INFO DRT-0187] Start routing data preparation.
[INFO DRT-0267] cpu time = 00:00:00, elapsed time = 00:00:00, memory = 116.03 (MB), peak = 116.03 (MB)
[INFO DRT-0194] Start detail routing.
[INFO DRT-0195] Start 0th optimization iteration.
    Completing 10% with 0 violations.
    elapsed time = 00:00:03, memory = 128.51 (MB).
    Completing 20% with 30 violations.
    elapsed time = 00:00:03, memory = 130.38 (MB).
[INFO DRT-0199]   Number of violations = 32.
Viol/Layer        met1   met3
Metal Spacing        5      3
Short               24      0
[INFO DRT-0267] cpu time = 00:00:06, elapsed time = 00:00:06, memory = 475.63 (MB), peak = 478.01 (MB)
Total wire length = 2564 um.
Total wire length on LAYER li1 = 0 um.
Total wire length on LAYER met1 = 1319 um.
Total wire length on LAYER met2 = 1144 um.
Total wire length on LAYER met3 = 100 um.
Total wire length on LAYER met4 = 0 um.
Total wire length on LAYER met5 = 0 um.
Total number of vias = 1040.
Up-via summary (total 1040):

-----------------------
 FR_MASTERSLICE       0
            li1     538
           met1     483
           met2      19
           met3       0
           met4       0
-----------------------
                   1040


[INFO DRT-0195] Start 1st optimization iteration.
    Completing 10% with 32 violations.
    elapsed time = 00:00:00, memory = 476.88 (MB).
    Completing 20% with 35 violations.
    elapsed time = 00:00:01, memory = 476.88 (MB).
    Completing 30% with 31 violations.
    elapsed time = 00:00:01, memory = 476.88 (MB).
    Completing 40% with 35 violations.
    elapsed time = 00:00:02, memory = 476.88 (MB).
[INFO DRT-0199]   Number of violations = 29.
Viol/Layer        met1   met3
Metal Spacing        4      1
Short               24      0
[INFO DRT-0267] cpu time = 00:00:03, elapsed time = 00:00:02, memory = 477.01 (MB), peak = 478.01 (MB)
Total wire length = 2492 um.
Total wire length on LAYER li1 = 0 um.
Total wire length on LAYER met1 = 1255 um.
Total wire length on LAYER met2 = 1149 um.
Total wire length on LAYER met3 = 87 um.
Total wire length on LAYER met4 = 0 um.
Total wire length on LAYER met5 = 0 um.
Total number of vias = 1042.
Up-via summary (total 1042):

-----------------------
 FR_MASTERSLICE       0
            li1     538
           met1     489
           met2      15
           met3       0
           met4       0
-----------------------
                   1042


[INFO DRT-0195] Start 2nd optimization iteration.
    Completing 10% with 29 violations.
    elapsed time = 00:00:00, memory = 477.01 (MB).
    Completing 20% with 29 violations.
    elapsed time = 00:00:00, memory = 477.01 (MB).
    Completing 30% with 31 violations.
    elapsed time = 00:00:00, memory = 477.01 (MB).
    Completing 40% with 31 violations.
    elapsed time = 00:00:03, memory = 477.01 (MB).
[INFO DRT-0199]   Number of violations = 35.
Viol/Layer        met1   met2
Metal Spacing        7      3
Short               25      0
[INFO DRT-0267] cpu time = 00:00:04, elapsed time = 00:00:03, memory = 479.88 (MB), peak = 479.88 (MB)
Total wire length = 2470 um.
Total wire length on LAYER li1 = 0 um.
Total wire length on LAYER met1 = 1247 um.
Total wire length on LAYER met2 = 1133 um.
Total wire length on LAYER met3 = 89 um.
Total wire length on LAYER met4 = 0 um.
Total wire length on LAYER met5 = 0 um.
Total number of vias = 1041.
Up-via summary (total 1041):

-----------------------
 FR_MASTERSLICE       0
            li1     538
           met1     488
           met2      15
           met3       0
           met4       0
-----------------------
                   1041


[INFO DRT-0195] Start 3rd optimization iteration.
    Completing 10% with 35 violations.
    elapsed time = 00:00:02, memory = 479.88 (MB).
    Completing 20% with 3 violations.
    elapsed time = 00:00:02, memory = 479.88 (MB).
[INFO DRT-0199]   Number of violations = 0.
[INFO DRT-0267] cpu time = 00:00:02, elapsed time = 00:00:02, memory = 479.88 (MB), peak = 479.88 (MB)
Total wire length = 2474 um.
Total wire length on LAYER li1 = 0 um.
Total wire length on LAYER met1 = 1217 um.
Total wire length on LAYER met2 = 1134 um.
Total wire length on LAYER met3 = 122 um.
Total wire length on LAYER met4 = 0 um.
Total wire length on LAYER met5 = 0 um.
Total number of vias = 1051.
Up-via summary (total 1051):

-----------------------
 FR_MASTERSLICE       0
            li1     538
           met1     487
           met2      26
           met3       0
           met4       0
-----------------------
                   1051


[INFO DRT-0198] Complete detail routing.
Total wire length = 2474 um.
Total wire length on LAYER li1 = 0 um.
Total wire length on LAYER met1 = 1217 um.
Total wire length on LAYER met2 = 1134 um.
Total wire length on LAYER met3 = 122 um.
Total wire length on LAYER met4 = 0 um.
Total wire length on LAYER met5 = 0 um.
Total number of vias = 1051.
Up-via summary (total 1051):

-----------------------
 FR_MASTERSLICE       0
            li1     538
           met1     487
           met2      26
           met3       0
           met4       0
-----------------------
                   1051


[INFO DRT-0267] cpu time = 00:00:16, elapsed time = 00:00:14, memory = 479.88 (MB), peak = 479.88 (MB)

[INFO DRT-0180] Post processing.
Setting global connections for newly added cells…
Writing OpenROAD database to '/openlane/designs/alu_8bit/runs/RUN_2025.05.07_15.24.49/results/routing/alu_8bit.odb'…
Writing netlist to '/openlane/designs/alu_8bit/runs/RUN_2025.05.07_15.24.49/results/routing/alu_8bit.nl.v'…
Writing powered netlist to '/openlane/designs/alu_8bit/runs/RUN_2025.05.07_15.24.49/results/routing/alu_8bit.pnl.v'…
Writing layout to '/openlane/designs/alu_8bit/runs/RUN_2025.05.07_15.24.49/results/routing/alu_8bit.def'…
