OpenROAD b16bda7e82721d10566ff7e2b68f1ff0be9f9e38 
Features included (+) or not (-): +Charts +GPU +GUI +Python
This program is licensed under the BSD-3 license. See the LICENSE file for details.
Components of this program may be licensed under more restrictive licenses which must be honored.
define_corners Typical
read_liberty -corner Typical /home/amit/.volare/volare/sky130/versions/bdc9412b3e468c102d01b7cf6337be06ec6e9c9a/sky130A/libs.ref/sky130_fd_sc_hd/lib/sky130_fd_sc_hd__tt_025C_1v80.lib
Using 1e-12 for capacitance...
Using 1e+03 for resistance...
Using 1e-09 for time...
Using 1e+00 for voltage...
Using 1e-03 for current...
Using 1e-09 for power...
Using 1e-06 for distance...
[INFO]: Reading ODB at '/openlane/designs/alu_8bit/runs/RUN_2025.05.07_17.36.09/tmp/placement/9-io.odb'…
Reading design constraints file at '/openlane/scripts/base.sdc'…
[INFO]: Setting output delay to: 2.0
[INFO]: Setting input delay to: 2.0
[WARNING STA-0366] port '__VIRTUAL_CLK__' not found.
[INFO]: Setting load to: 0.033442
[INFO]: Setting clock uncertainty to: 0.25
[INFO]: Setting clock transition to: 0.15
[WARNING STA-0419] transition time can not be specified for virtual clocks.
[INFO]: Setting timing derate to: 5.0 %
[INFO]: Setting RC values...
[INFO]: Setting signal min routing layer to: met1 and clock min routing layer to met3. 
[INFO]: Setting signal max routing layer to: met5 and clock max routing layer to met5. 
[WARNING GPL-0150] -skip_io will disable timing driven mode.
[WARNING GPL-0151] -skip_io will disable routability driven mode.
[INFO GPL-0002] DBU: 1000
[INFO GPL-0003] SiteSize: (  0.460  2.720 ) um
[INFO GPL-0004] CoreBBox: (  5.520 10.880 ) ( 45.080 48.960 ) um
[INFO GPL-0006] NumInstances:               166
[INFO GPL-0007] NumPlaceInstances:          122
[INFO GPL-0008] NumFixedInstances:           44
[INFO GPL-0009] NumDummyInstances:            0
[INFO GPL-0010] NumNets:                    142
[INFO GPL-0011] NumPins:                    446
[INFO GPL-0012] DieBBox:  (  0.000  0.000 ) ( 51.005 61.725 ) um
[INFO GPL-0013] CoreBBox: (  5.520 10.880 ) ( 45.080 48.960 ) um
[INFO GPL-0016] CoreArea:              1506.445 um^2
[INFO GPL-0017] NonPlaceInstsArea:      125.120 um^2
[INFO GPL-0018] PlaceInstsArea:         958.419 um^2
[INFO GPL-0019] Util:                    69.384 %
[INFO GPL-0020] StdInstsArea:           958.419 um^2
[INFO GPL-0021] MacroInstsArea:           0.000 um^2
[INFO GPL-0031] FillerInit:NumGCells:       123
[INFO GPL-0032] FillerInit:NumGNets:        142
[INFO GPL-0033] FillerInit:NumGPins:        446
[INFO GPL-0023] TargetDensity:            0.700
[INFO GPL-0024] AvrgPlaceInstArea:        7.856 um^2
[INFO GPL-0025] IdealBinArea:            11.223 um^2
[INFO GPL-0026] IdealBinCnt:                134
[INFO GPL-0027] TotalBinArea:          1506.445 um^2
[INFO GPL-0028] BinCnt:         8      8
[INFO GPL-0029] BinSize: (  4.945  4.760 )
[INFO GPL-0030] NumBins: 64
[NesterovSolve] Iter:    1 overflow: 0.931 HPWL: 245510
[NesterovSolve] Iter:   10 overflow: 0.930 HPWL: 169017
[NesterovSolve] Iter:   20 overflow: 0.930 HPWL: 169008
[NesterovSolve] Iter:   30 overflow: 0.930 HPWL: 169014
[NesterovSolve] Iter:   40 overflow: 0.930 HPWL: 169024
[NesterovSolve] Iter:   50 overflow: 0.930 HPWL: 169051
[NesterovSolve] Iter:   60 overflow: 0.930 HPWL: 169075
[NesterovSolve] Iter:   70 overflow: 0.930 HPWL: 169118
[NesterovSolve] Iter:   80 overflow: 0.930 HPWL: 169255
[NesterovSolve] Iter:   90 overflow: 0.930 HPWL: 169387
[NesterovSolve] Iter:  100 overflow: 0.930 HPWL: 169647
[NesterovSolve] Iter:  110 overflow: 0.930 HPWL: 169752
[NesterovSolve] Iter:  120 overflow: 0.929 HPWL: 171198
[NesterovSolve] Iter:  130 overflow: 0.924 HPWL: 177505
[NesterovSolve] Iter:  140 overflow: 0.870 HPWL: 207795
[NesterovSolve] Iter:  150 overflow: 0.831 HPWL: 259103
[NesterovSolve] Iter:  160 overflow: 0.805 HPWL: 303691
[NesterovSolve] Iter:  170 overflow: 0.763 HPWL: 362474
[NesterovSolve] Iter:  180 overflow: 0.708 HPWL: 410995
[NesterovSolve] Iter:  190 overflow: 0.688 HPWL: 454829
[NesterovSolve] Iter:  200 overflow: 0.637 HPWL: 490386
[NesterovSolve] Iter:  210 overflow: 0.576 HPWL: 535042
[NesterovSolve] Iter:  220 overflow: 0.523 HPWL: 573596
[NesterovSolve] Iter:  230 overflow: 0.481 HPWL: 611037
[NesterovSolve] Iter:  240 overflow: 0.452 HPWL: 667688
[NesterovSolve] Iter:  250 overflow: 0.410 HPWL: 703369
[NesterovSolve] Iter:  260 overflow: 0.374 HPWL: 738527
[NesterovSolve] Iter:  270 overflow: 0.344 HPWL: 777912
[NesterovSolve] Iter:  280 overflow: 0.314 HPWL: 794605
[NesterovSolve] Iter:  290 overflow: 0.285 HPWL: 820122
[NesterovSolve] Iter:  300 overflow: 0.254 HPWL: 844096
[NesterovSolve] Iter:  310 overflow: 0.221 HPWL: 863922
[NesterovSolve] Iter:  320 overflow: 0.187 HPWL: 886756
[NesterovSolve] Iter:  330 overflow: 0.162 HPWL: 918317
[NesterovSolve] Iter:  340 overflow: 0.135 HPWL: 944835
[NesterovSolve] Iter:  350 overflow: 0.099 HPWL: 964879
[NesterovSolve] Finished with Overflow: 0.098746
Setting global connections for newly added cells…
Writing OpenROAD database to '/openlane/designs/alu_8bit/runs/RUN_2025.05.07_17.36.09/tmp/placement/10-global.odb'…
Writing netlist to '/openlane/designs/alu_8bit/runs/RUN_2025.05.07_17.36.09/tmp/placement/10-global.nl.v'…
Writing powered netlist to '/openlane/designs/alu_8bit/runs/RUN_2025.05.07_17.36.09/tmp/placement/10-global.pnl.v'…
Writing layout to '/openlane/designs/alu_8bit/runs/RUN_2025.05.07_17.36.09/tmp/placement/10-global.def'…
