
===========================================================================
 report_power
============================================================================
======================= Fastest Corner ===================================

Group                  Internal  Switching    Leakage      Total
                          Power      Power      Power      Power (Watts)
----------------------------------------------------------------
Sequential             0.00e+00   0.00e+00   0.00e+00   0.00e+00   0.0%
Combinational          2.84e-05   3.69e-05   8.71e-10   6.53e-05 100.0%
Clock                  0.00e+00   0.00e+00   1.24e-10   1.24e-10   0.0%
Macro                  0.00e+00   0.00e+00   0.00e+00   0.00e+00   0.0%
Pad                    0.00e+00   0.00e+00   0.00e+00   0.00e+00   0.0%
----------------------------------------------------------------
Total                  2.84e-05   3.69e-05   9.95e-10   6.53e-05 100.0%
                          43.5%      56.5%       0.0%

======================= Slowest Corner ===================================

Group                  Internal  Switching    Leakage      Total
                          Power      Power      Power      Power (Watts)
----------------------------------------------------------------
Sequential             0.00e+00   0.00e+00   0.00e+00   0.00e+00   0.0%
Combinational          2.07e-05   2.44e-05   8.14e-07   4.60e-05 100.0%
Clock                  0.00e+00   0.00e+00   1.24e-10   1.24e-10   0.0%
Macro                  0.00e+00   0.00e+00   0.00e+00   0.00e+00   0.0%
Pad                    0.00e+00   0.00e+00   0.00e+00   0.00e+00   0.0%
----------------------------------------------------------------
Total                  2.07e-05   2.44e-05   8.14e-07   4.60e-05 100.0%
                          45.1%      53.2%       1.8%

======================= Typical Corner ===================================

Group                  Internal  Switching    Leakage      Total
                          Power      Power      Power      Power (Watts)
----------------------------------------------------------------
Sequential             0.00e+00   0.00e+00   0.00e+00   0.00e+00   0.0%
Combinational          2.57e-05   3.11e-05   5.08e-10   5.68e-05 100.0%
Clock                  0.00e+00   0.00e+00   1.24e-10   1.24e-10   0.0%
Macro                  0.00e+00   0.00e+00   0.00e+00   0.00e+00   0.0%
Pad                    0.00e+00   0.00e+00   0.00e+00   0.00e+00   0.0%
----------------------------------------------------------------
Total                  2.57e-05   3.11e-05   6.32e-10   5.68e-05 100.0%
                          45.2%      54.8%       0.0%

