
===========================================================================
report_checks -unconstrained
===========================================================================
======================= Fastest Corner ===================================

Startpoint: a[0] (input port clocked by __VIRTUAL_CLK__)
Endpoint: result[7] (output port clocked by __VIRTUAL_CLK__)
Path Group: __VIRTUAL_CLK__
Path Type: max
Corner: Fastest

Fanout     Cap    Slew   Delay    Time   Description
-----------------------------------------------------------------------------
                  0.00    0.00    0.00   clock __VIRTUAL_CLK__ (rise edge)
                          0.00    0.00   clock network delay (ideal)
                          2.00    2.00 ^ input external delay
     1    0.01    0.03    0.02    2.02 ^ a[0] (in)
                                         a[0] (net)
                  0.03    0.00    2.02 ^ input1/A (sky130_fd_sc_hd__buf_1)
     5    0.02    0.15    0.14    2.16 ^ input1/X (sky130_fd_sc_hd__buf_1)
                                         net1 (net)
                  0.15    0.00    2.16 ^ _107_/A (sky130_fd_sc_hd__or2_1)
     3    0.01    0.10    0.13    2.29 ^ _107_/X (sky130_fd_sc_hd__or2_1)
                                         _041_ (net)
                  0.10    0.00    2.29 ^ _108_/A2 (sky130_fd_sc_hd__a21oi_2)
     2    0.01    0.04    0.05    2.34 v _108_/Y (sky130_fd_sc_hd__a21oi_2)
                                         _042_ (net)
                  0.04    0.00    2.34 v _115_/A1 (sky130_fd_sc_hd__o32a_4)
     3    0.03    0.06    0.28    2.61 v _115_/X (sky130_fd_sc_hd__o32a_4)
                                         _049_ (net)
                  0.06    0.00    2.61 v _130_/A1 (sky130_fd_sc_hd__a21oi_2)
     1    0.01    0.09    0.12    2.73 ^ _130_/Y (sky130_fd_sc_hd__a21oi_2)
                                         _063_ (net)
                  0.09    0.00    2.73 ^ _131_/A (sky130_fd_sc_hd__nand2_2)
     4    0.02    0.05    0.06    2.79 v _131_/Y (sky130_fd_sc_hd__nand2_2)
                                         _064_ (net)
                  0.05    0.00    2.79 v _143_/A3 (sky130_fd_sc_hd__a31o_1)
     1    0.00    0.03    0.16    2.95 v _143_/X (sky130_fd_sc_hd__a31o_1)
                                         _075_ (net)
                  0.03    0.00    2.95 v _146_/A2 (sky130_fd_sc_hd__o22a_4)
     3    0.02    0.04    0.16    3.10 v _146_/X (sky130_fd_sc_hd__o22a_4)
                                         _078_ (net)
                  0.04    0.00    3.10 v _147_/B (sky130_fd_sc_hd__xnor2_2)
     2    0.01    0.12    0.11    3.22 ^ _147_/Y (sky130_fd_sc_hd__xnor2_2)
                                         _079_ (net)
                  0.12    0.00    3.22 ^ _156_/A1 (sky130_fd_sc_hd__o21ai_2)
     4    0.01    0.05    0.06    3.28 v _156_/Y (sky130_fd_sc_hd__o21ai_2)
                                         _087_ (net)
                  0.05    0.00    3.28 v _171_/A (sky130_fd_sc_hd__and3_1)
     1    0.00    0.03    0.10    3.38 v _171_/X (sky130_fd_sc_hd__and3_1)
                                         _101_ (net)
                  0.03    0.00    3.38 v _172_/B (sky130_fd_sc_hd__or3b_4)
     3    0.01    0.05    0.24    3.62 v _172_/X (sky130_fd_sc_hd__or3b_4)
                                         _102_ (net)
                  0.05    0.00    3.62 v _174_/A2 (sky130_fd_sc_hd__a21o_1)
     2    0.01    0.03    0.13    3.75 v _174_/X (sky130_fd_sc_hd__a21o_1)
                                         _104_ (net)
                  0.03    0.00    3.75 v _184_/A2 (sky130_fd_sc_hd__a211o_1)
     4    0.01    0.06    0.22    3.97 v _184_/X (sky130_fd_sc_hd__a211o_1)
                                         _008_ (net)
                  0.06    0.00    3.97 v _199_/B (sky130_fd_sc_hd__and3_1)
     1    0.00    0.03    0.12    4.10 v _199_/X (sky130_fd_sc_hd__and3_1)
                                         _022_ (net)
                  0.03    0.00    4.10 v _200_/B (sky130_fd_sc_hd__or3b_4)
     3    0.01    0.05    0.24    4.33 v _200_/X (sky130_fd_sc_hd__or3b_4)
                                         _023_ (net)
                  0.05    0.00    4.33 v _201_/A (sky130_fd_sc_hd__and3_1)
     3    0.01    0.04    0.12    4.45 v _201_/X (sky130_fd_sc_hd__and3_1)
                                         _024_ (net)
                  0.04    0.00    4.45 v _203_/C (sky130_fd_sc_hd__or3_4)
     2    0.01    0.05    0.21    4.66 v _203_/X (sky130_fd_sc_hd__or3_4)
                                         _026_ (net)
                  0.05    0.00    4.66 v _209_/A1 (sky130_fd_sc_hd__a31o_1)
     1    0.00    0.03    0.12    4.78 v _209_/X (sky130_fd_sc_hd__a31o_1)
                                         alu7.result (net)
                  0.03    0.00    4.78 v _226_/A (sky130_fd_sc_hd__clkbuf_1)
     1    0.01    0.03    0.07    4.86 v _226_/X (sky130_fd_sc_hd__clkbuf_1)
                                         net29 (net)
                  0.03    0.00    4.86 v output29/A (sky130_fd_sc_hd__buf_6)
     1    0.03    0.03    0.10    4.95 v output29/X (sky130_fd_sc_hd__buf_6)
                                         result[7] (net)
                  0.03    0.00    4.95 v result[7] (out)
                                  4.95   data arrival time

                  0.00   10.00   10.00   clock __VIRTUAL_CLK__ (rise edge)
                          0.00   10.00   clock network delay (ideal)
                         -0.25    9.75   clock uncertainty
                          0.00    9.75   clock reconvergence pessimism
                         -2.00    7.75   output external delay
                                  7.75   data required time
-----------------------------------------------------------------------------
                                  7.75   data required time
                                 -4.95   data arrival time
-----------------------------------------------------------------------------
                                  2.80   slack (MET)



======================= Slowest Corner ===================================

Startpoint: op[1] (input port clocked by __VIRTUAL_CLK__)
Endpoint: result[7] (output port clocked by __VIRTUAL_CLK__)
Path Group: __VIRTUAL_CLK__
Path Type: max
Corner: Slowest

Fanout     Cap    Slew   Delay    Time   Description
-----------------------------------------------------------------------------
                  0.00    0.00    0.00   clock __VIRTUAL_CLK__ (rise edge)
                          0.00    0.00   clock network delay (ideal)
                          2.00    2.00 v input external delay
     1    0.01    0.03    0.02    2.02 v op[1] (in)
                                         op[1] (net)
                  0.03    0.00    2.02 v input19/A (sky130_fd_sc_hd__buf_6)
     4    0.02    0.05    0.21    2.23 v input19/X (sky130_fd_sc_hd__buf_6)
                                         net19 (net)
                  0.05    0.00    2.23 v _113_/A (sky130_fd_sc_hd__or2_4)
     3    0.01    0.10    0.52    2.75 v _113_/X (sky130_fd_sc_hd__or2_4)
                                         _047_ (net)
                  0.10    0.00    2.75 v _114_/A (sky130_fd_sc_hd__or2_4)
     3    0.01    0.10    0.53    3.28 v _114_/X (sky130_fd_sc_hd__or2_4)
                                         _048_ (net)
                  0.10    0.00    3.28 v rebuffer7/A (sky130_fd_sc_hd__dlygate4sd1_1)
     2    0.01    0.10    0.56    3.84 v rebuffer7/X (sky130_fd_sc_hd__dlygate4sd1_1)
                                         net36 (net)
                  0.10    0.00    3.84 v _130_/B1 (sky130_fd_sc_hd__a21oi_2)
     1    0.01    0.20    0.24    4.08 ^ _130_/Y (sky130_fd_sc_hd__a21oi_2)
                                         _063_ (net)
                  0.20    0.00    4.08 ^ _131_/A (sky130_fd_sc_hd__nand2_2)
     4    0.02    0.15    0.22    4.29 v _131_/Y (sky130_fd_sc_hd__nand2_2)
                                         _064_ (net)
                  0.15    0.00    4.29 v _145_/A3 (sky130_fd_sc_hd__a32o_1)
     1    0.00    0.09    0.53    4.83 v _145_/X (sky130_fd_sc_hd__a32o_1)
                                         _077_ (net)
                  0.09    0.00    4.83 v _146_/B2 (sky130_fd_sc_hd__o22a_4)
     3    0.02    0.12    0.44    5.27 v _146_/X (sky130_fd_sc_hd__o22a_4)
                                         _078_ (net)
                  0.12    0.00    5.27 v _157_/A2 (sky130_fd_sc_hd__a21oi_2)
     1    0.00    0.15    0.25    5.52 ^ _157_/Y (sky130_fd_sc_hd__a21oi_2)
                                         _088_ (net)
                  0.15    0.00    5.52 ^ _158_/A (sky130_fd_sc_hd__nand2_1)
     2    0.01    0.14    0.19    5.71 v _158_/Y (sky130_fd_sc_hd__nand2_1)
                                         _089_ (net)
                  0.14    0.00    5.71 v rebuffer1/A (sky130_fd_sc_hd__clkbuf_2)
     3    0.01    0.07    0.24    5.96 v rebuffer1/X (sky130_fd_sc_hd__clkbuf_2)
                                         net30 (net)
                  0.07    0.00    5.96 v _159_/C (sky130_fd_sc_hd__and3_1)
     3    0.01    0.12    0.43    6.39 v _159_/X (sky130_fd_sc_hd__and3_1)
                                         _090_ (net)
                  0.12    0.00    6.39 v _170_/C1 (sky130_fd_sc_hd__a211o_1)
     3    0.01    0.12    0.52    6.91 v _170_/X (sky130_fd_sc_hd__a211o_1)
                                         _100_ (net)
                  0.12    0.00    6.91 v _185_/B (sky130_fd_sc_hd__and3_1)
     1    0.00    0.07    0.37    7.28 v _185_/X (sky130_fd_sc_hd__and3_1)
                                         _009_ (net)
                  0.07    0.00    7.28 v _186_/B (sky130_fd_sc_hd__or3b_4)
     4    0.01    0.14    0.80    8.08 v _186_/X (sky130_fd_sc_hd__or3b_4)
                                         _010_ (net)
                  0.14    0.00    8.08 v _199_/A (sky130_fd_sc_hd__and3_1)
     1    0.00    0.08    0.35    8.43 v _199_/X (sky130_fd_sc_hd__and3_1)
                                         _022_ (net)
                  0.08    0.00    8.44 v _200_/B (sky130_fd_sc_hd__or3b_4)
     3    0.01    0.13    0.78    9.21 v _200_/X (sky130_fd_sc_hd__or3b_4)
                                         _023_ (net)
                  0.13    0.00    9.21 v _201_/A (sky130_fd_sc_hd__and3_1)
     3    0.01    0.12    0.39    9.60 v _201_/X (sky130_fd_sc_hd__and3_1)
                                         _024_ (net)
                  0.12    0.00    9.60 v _203_/C (sky130_fd_sc_hd__or3_4)
     2    0.01    0.12    0.70   10.31 v _203_/X (sky130_fd_sc_hd__or3_4)
                                         _026_ (net)
                  0.12    0.00   10.31 v _209_/A1 (sky130_fd_sc_hd__a31o_1)
     1    0.00    0.07    0.36   10.67 v _209_/X (sky130_fd_sc_hd__a31o_1)
                                         alu7.result (net)
                  0.07    0.00   10.67 v _226_/A (sky130_fd_sc_hd__clkbuf_1)
     1    0.01    0.09    0.21   10.87 v _226_/X (sky130_fd_sc_hd__clkbuf_1)
                                         net29 (net)
                  0.09    0.00   10.87 v output29/A (sky130_fd_sc_hd__buf_6)
     1    0.03    0.08    0.27   11.14 v output29/X (sky130_fd_sc_hd__buf_6)
                                         result[7] (net)
                  0.08    0.00   11.15 v result[7] (out)
                                 11.15   data arrival time

                  0.00   10.00   10.00   clock __VIRTUAL_CLK__ (rise edge)
                          0.00   10.00   clock network delay (ideal)
                         -0.25    9.75   clock uncertainty
                          0.00    9.75   clock reconvergence pessimism
                         -2.00    7.75   output external delay
                                  7.75   data required time
-----------------------------------------------------------------------------
                                  7.75   data required time
                                -11.15   data arrival time
-----------------------------------------------------------------------------
                                 -3.40   slack (VIOLATED)



======================= Typical Corner ===================================

Startpoint: a[0] (input port clocked by __VIRTUAL_CLK__)
Endpoint: result[7] (output port clocked by __VIRTUAL_CLK__)
Path Group: __VIRTUAL_CLK__
Path Type: max
Corner: Typical

Fanout     Cap    Slew   Delay    Time   Description
-----------------------------------------------------------------------------
                  0.00    0.00    0.00   clock __VIRTUAL_CLK__ (rise edge)
                          0.00    0.00   clock network delay (ideal)
                          2.00    2.00 ^ input external delay
     1    0.01    0.04    0.03    2.03 ^ a[0] (in)
                                         a[0] (net)
                  0.04    0.00    2.03 ^ input1/A (sky130_fd_sc_hd__buf_1)
     5    0.02    0.19    0.19    2.22 ^ input1/X (sky130_fd_sc_hd__buf_1)
                                         net1 (net)
                  0.19    0.00    2.22 ^ _107_/A (sky130_fd_sc_hd__or2_1)
     3    0.01    0.13    0.21    2.42 ^ _107_/X (sky130_fd_sc_hd__or2_1)
                                         _041_ (net)
                  0.13    0.00    2.42 ^ _108_/A2 (sky130_fd_sc_hd__a21oi_2)
     2    0.01    0.07    0.09    2.51 v _108_/Y (sky130_fd_sc_hd__a21oi_2)
                                         _042_ (net)
                  0.07    0.00    2.51 v _115_/A1 (sky130_fd_sc_hd__o32a_4)
     3    0.03    0.09    0.45    2.96 v _115_/X (sky130_fd_sc_hd__o32a_4)
                                         _049_ (net)
                  0.09    0.00    2.96 v _130_/A1 (sky130_fd_sc_hd__a21oi_2)
     1    0.01    0.12    0.17    3.13 ^ _130_/Y (sky130_fd_sc_hd__a21oi_2)
                                         _063_ (net)
                  0.12    0.00    3.13 ^ _131_/A (sky130_fd_sc_hd__nand2_2)
     4    0.02    0.08    0.10    3.23 v _131_/Y (sky130_fd_sc_hd__nand2_2)
                                         _064_ (net)
                  0.08    0.00    3.23 v _145_/A3 (sky130_fd_sc_hd__a32o_1)
     1    0.00    0.05    0.29    3.52 v _145_/X (sky130_fd_sc_hd__a32o_1)
                                         _077_ (net)
                  0.05    0.00    3.52 v _146_/B2 (sky130_fd_sc_hd__o22a_4)
     3    0.02    0.06    0.22    3.74 v _146_/X (sky130_fd_sc_hd__o22a_4)
                                         _078_ (net)
                  0.06    0.00    3.74 v _157_/A2 (sky130_fd_sc_hd__a21oi_2)
     1    0.00    0.09    0.14    3.89 ^ _157_/Y (sky130_fd_sc_hd__a21oi_2)
                                         _088_ (net)
                  0.09    0.00    3.89 ^ _158_/A (sky130_fd_sc_hd__nand2_1)
     2    0.01    0.06    0.09    3.97 v _158_/Y (sky130_fd_sc_hd__nand2_1)
                                         _089_ (net)
                  0.06    0.00    3.97 v rebuffer1/A (sky130_fd_sc_hd__clkbuf_2)
     3    0.01    0.04    0.13    4.10 v rebuffer1/X (sky130_fd_sc_hd__clkbuf_2)
                                         net30 (net)
                  0.04    0.00    4.10 v _159_/C (sky130_fd_sc_hd__and3_1)
     3    0.01    0.06    0.21    4.31 v _159_/X (sky130_fd_sc_hd__and3_1)
                                         _090_ (net)
                  0.06    0.00    4.31 v _170_/C1 (sky130_fd_sc_hd__a211o_1)
     3    0.01    0.07    0.27    4.57 v _170_/X (sky130_fd_sc_hd__a211o_1)
                                         _100_ (net)
                  0.07    0.00    4.57 v _185_/B (sky130_fd_sc_hd__and3_1)
     1    0.00    0.04    0.18    4.75 v _185_/X (sky130_fd_sc_hd__and3_1)
                                         _009_ (net)
                  0.04    0.00    4.75 v _186_/B (sky130_fd_sc_hd__or3b_4)
     4    0.01    0.08    0.41    5.16 v _186_/X (sky130_fd_sc_hd__or3b_4)
                                         _010_ (net)
                  0.08    0.00    5.16 v _199_/A (sky130_fd_sc_hd__and3_1)
     1    0.00    0.04    0.17    5.33 v _199_/X (sky130_fd_sc_hd__and3_1)
                                         _022_ (net)
                  0.04    0.00    5.33 v _200_/B (sky130_fd_sc_hd__or3b_4)
     3    0.01    0.07    0.39    5.72 v _200_/X (sky130_fd_sc_hd__or3b_4)
                                         _023_ (net)
                  0.07    0.00    5.72 v _201_/A (sky130_fd_sc_hd__and3_1)
     3    0.01    0.06    0.19    5.91 v _201_/X (sky130_fd_sc_hd__and3_1)
                                         _024_ (net)
                  0.06    0.00    5.91 v _203_/C (sky130_fd_sc_hd__or3_4)
     2    0.01    0.07    0.35    6.26 v _203_/X (sky130_fd_sc_hd__or3_4)
                                         _026_ (net)
                  0.07    0.00    6.26 v _209_/A1 (sky130_fd_sc_hd__a31o_1)
     1    0.00    0.04    0.19    6.45 v _209_/X (sky130_fd_sc_hd__a31o_1)
                                         alu7.result (net)
                  0.04    0.00    6.45 v _226_/A (sky130_fd_sc_hd__clkbuf_1)
     1    0.01    0.05    0.11    6.55 v _226_/X (sky130_fd_sc_hd__clkbuf_1)
                                         net29 (net)
                  0.05    0.00    6.55 v output29/A (sky130_fd_sc_hd__buf_6)
     1    0.03    0.04    0.15    6.70 v output29/X (sky130_fd_sc_hd__buf_6)
                                         result[7] (net)
                  0.04    0.00    6.70 v result[7] (out)
                                  6.70   data arrival time

                  0.00   10.00   10.00   clock __VIRTUAL_CLK__ (rise edge)
                          0.00   10.00   clock network delay (ideal)
                         -0.25    9.75   clock uncertainty
                          0.00    9.75   clock reconvergence pessimism
                         -2.00    7.75   output external delay
                                  7.75   data required time
-----------------------------------------------------------------------------
                                  7.75   data required time
                                 -6.70   data arrival time
-----------------------------------------------------------------------------
                                  1.05   slack (MET)




===========================================================================
report_checks --slack_max -0.01
============================================================================
======================= Fastest Corner ===================================

No paths found.

======================= Slowest Corner ===================================

Startpoint: op[1] (input port clocked by __VIRTUAL_CLK__)
Endpoint: result[7] (output port clocked by __VIRTUAL_CLK__)
Path Group: __VIRTUAL_CLK__
Path Type: max
Corner: Slowest

Fanout     Cap    Slew   Delay    Time   Description
-----------------------------------------------------------------------------
                  0.00    0.00    0.00   clock __VIRTUAL_CLK__ (rise edge)
                          0.00    0.00   clock network delay (ideal)
                          2.00    2.00 v input external delay
     1    0.01    0.03    0.02    2.02 v op[1] (in)
                                         op[1] (net)
                  0.03    0.00    2.02 v input19/A (sky130_fd_sc_hd__buf_6)
     4    0.02    0.05    0.21    2.23 v input19/X (sky130_fd_sc_hd__buf_6)
                                         net19 (net)
                  0.05    0.00    2.23 v _113_/A (sky130_fd_sc_hd__or2_4)
     3    0.01    0.10    0.52    2.75 v _113_/X (sky130_fd_sc_hd__or2_4)
                                         _047_ (net)
                  0.10    0.00    2.75 v _114_/A (sky130_fd_sc_hd__or2_4)
     3    0.01    0.10    0.53    3.28 v _114_/X (sky130_fd_sc_hd__or2_4)
                                         _048_ (net)
                  0.10    0.00    3.28 v rebuffer7/A (sky130_fd_sc_hd__dlygate4sd1_1)
     2    0.01    0.10    0.56    3.84 v rebuffer7/X (sky130_fd_sc_hd__dlygate4sd1_1)
                                         net36 (net)
                  0.10    0.00    3.84 v _130_/B1 (sky130_fd_sc_hd__a21oi_2)
     1    0.01    0.20    0.24    4.08 ^ _130_/Y (sky130_fd_sc_hd__a21oi_2)
                                         _063_ (net)
                  0.20    0.00    4.08 ^ _131_/A (sky130_fd_sc_hd__nand2_2)
     4    0.02    0.15    0.22    4.29 v _131_/Y (sky130_fd_sc_hd__nand2_2)
                                         _064_ (net)
                  0.15    0.00    4.29 v _145_/A3 (sky130_fd_sc_hd__a32o_1)
     1    0.00    0.09    0.53    4.83 v _145_/X (sky130_fd_sc_hd__a32o_1)
                                         _077_ (net)
                  0.09    0.00    4.83 v _146_/B2 (sky130_fd_sc_hd__o22a_4)
     3    0.02    0.12    0.44    5.27 v _146_/X (sky130_fd_sc_hd__o22a_4)
                                         _078_ (net)
                  0.12    0.00    5.27 v _157_/A2 (sky130_fd_sc_hd__a21oi_2)
     1    0.00    0.15    0.25    5.52 ^ _157_/Y (sky130_fd_sc_hd__a21oi_2)
                                         _088_ (net)
                  0.15    0.00    5.52 ^ _158_/A (sky130_fd_sc_hd__nand2_1)
     2    0.01    0.14    0.19    5.71 v _158_/Y (sky130_fd_sc_hd__nand2_1)
                                         _089_ (net)
                  0.14    0.00    5.71 v rebuffer1/A (sky130_fd_sc_hd__clkbuf_2)
     3    0.01    0.07    0.24    5.96 v rebuffer1/X (sky130_fd_sc_hd__clkbuf_2)
                                         net30 (net)
                  0.07    0.00    5.96 v _159_/C (sky130_fd_sc_hd__and3_1)
     3    0.01    0.12    0.43    6.39 v _159_/X (sky130_fd_sc_hd__and3_1)
                                         _090_ (net)
                  0.12    0.00    6.39 v _170_/C1 (sky130_fd_sc_hd__a211o_1)
     3    0.01    0.12    0.52    6.91 v _170_/X (sky130_fd_sc_hd__a211o_1)
                                         _100_ (net)
                  0.12    0.00    6.91 v _185_/B (sky130_fd_sc_hd__and3_1)
     1    0.00    0.07    0.37    7.28 v _185_/X (sky130_fd_sc_hd__and3_1)
                                         _009_ (net)
                  0.07    0.00    7.28 v _186_/B (sky130_fd_sc_hd__or3b_4)
     4    0.01    0.14    0.80    8.08 v _186_/X (sky130_fd_sc_hd__or3b_4)
                                         _010_ (net)
                  0.14    0.00    8.08 v _199_/A (sky130_fd_sc_hd__and3_1)
     1    0.00    0.08    0.35    8.43 v _199_/X (sky130_fd_sc_hd__and3_1)
                                         _022_ (net)
                  0.08    0.00    8.44 v _200_/B (sky130_fd_sc_hd__or3b_4)
     3    0.01    0.13    0.78    9.21 v _200_/X (sky130_fd_sc_hd__or3b_4)
                                         _023_ (net)
                  0.13    0.00    9.21 v _201_/A (sky130_fd_sc_hd__and3_1)
     3    0.01    0.12    0.39    9.60 v _201_/X (sky130_fd_sc_hd__and3_1)
                                         _024_ (net)
                  0.12    0.00    9.60 v _203_/C (sky130_fd_sc_hd__or3_4)
     2    0.01    0.12    0.70   10.31 v _203_/X (sky130_fd_sc_hd__or3_4)
                                         _026_ (net)
                  0.12    0.00   10.31 v _209_/A1 (sky130_fd_sc_hd__a31o_1)
     1    0.00    0.07    0.36   10.67 v _209_/X (sky130_fd_sc_hd__a31o_1)
                                         alu7.result (net)
                  0.07    0.00   10.67 v _226_/A (sky130_fd_sc_hd__clkbuf_1)
     1    0.01    0.09    0.21   10.87 v _226_/X (sky130_fd_sc_hd__clkbuf_1)
                                         net29 (net)
                  0.09    0.00   10.87 v output29/A (sky130_fd_sc_hd__buf_6)
     1    0.03    0.08    0.27   11.14 v output29/X (sky130_fd_sc_hd__buf_6)
                                         result[7] (net)
                  0.08    0.00   11.15 v result[7] (out)
                                 11.15   data arrival time

                  0.00   10.00   10.00   clock __VIRTUAL_CLK__ (rise edge)
                          0.00   10.00   clock network delay (ideal)
                         -0.25    9.75   clock uncertainty
                          0.00    9.75   clock reconvergence pessimism
                         -2.00    7.75   output external delay
                                  7.75   data required time
-----------------------------------------------------------------------------
                                  7.75   data required time
                                -11.15   data arrival time
-----------------------------------------------------------------------------
                                 -3.40   slack (VIOLATED)



======================= Typical Corner ===================================

No paths found.


===========================================================================
 report_check_types -max_slew -max_cap -max_fanout -violators
============================================================================
======================= Fastest Corner ===================================


max slew violations count Fastest: 0
max fanout violations count Fastest: 0
max cap violations count Fastest: 0
======================= Slowest Corner ===================================


max slew violations count Slowest: 0
max fanout violations count Slowest: 0
max cap violations count Slowest: 0
======================= Typical Corner ===================================


max slew violations count Typical: 0
max fanout violations count Typical: 0
max cap violations count Typical: 0

===========================================================================
report_parasitic_annotation -report_unannotated
============================================================================
Found 0 unannotated drivers.
Found 0 partially unannotated drivers.

===========================================================================
max slew violation count 0
max fanout violation count 0
max cap violation count 0
============================================================================

===========================================================================
check_setup -verbose -unconstrained_endpoints -multiple_clock -no_clock -no_input_delay -loops -generated_clocks
===========================================================================
