OpenROAD b16bda7e82721d10566ff7e2b68f1ff0be9f9e38 
Features included (+) or not (-): +Charts +GPU +GUI +Python
This program is licensed under the BSD-3 license. See the LICENSE file for details.
Components of this program may be licensed under more restrictive licenses which must be honored.
define_corners Typical
read_liberty -corner Typical /home/amit/.volare/volare/sky130/versions/bdc9412b3e468c102d01b7cf6337be06ec6e9c9a/sky130A/libs.ref/sky130_fd_sc_hd/lib/sky130_fd_sc_hd__tt_025C_1v80.lib
Using 1e-12 for capacitance...
Using 1e+03 for resistance...
Using 1e-09 for time...
Using 1e+00 for voltage...
Using 1e-03 for current...
Using 1e-09 for power...
Using 1e-06 for distance...
[INFO]: Reading ODB at '/openlane/designs/alu_8bit/runs/RUN_2025.05.07_17.36.09/results/cts/alu_8bit.odb'…
Reading design constraints file at '/openlane/scripts/base.sdc'…
[INFO]: Setting output delay to: 2.0
[INFO]: Setting input delay to: 2.0
[WARNING STA-0366] port '__VIRTUAL_CLK__' not found.
[INFO]: Setting load to: 0.033442
[INFO]: Setting clock uncertainty to: 0.25
[INFO]: Setting clock transition to: 0.15
[WARNING STA-0419] transition time can not be specified for virtual clocks.
[INFO]: Setting timing derate to: 5.0 %
[INFO]: Propagating all clocks
[WARNING STA-0450] virtual clock __VIRTUAL_CLK__ can not be propagated.
[INFO]: Setting RC values...
min_report

===========================================================================
report_checks -path_delay min (Hold)
============================================================================
======================= Typical Corner ===================================

Startpoint: b[7] (input port clocked by __VIRTUAL_CLK__)
Endpoint: cout (output port clocked by __VIRTUAL_CLK__)
Path Group: __VIRTUAL_CLK__
Path Type: min

Fanout     Cap    Slew   Delay    Time   Description
-----------------------------------------------------------------------------
                  0.00    0.00    0.00   clock __VIRTUAL_CLK__ (rise edge)
                          0.00    0.00   clock network delay (ideal)
                          2.00    2.00 ^ input external delay
     1    0.00    0.02    0.01    2.01 ^ b[7] (in)
                                         b[7] (net)
                  0.02    0.00    2.01 ^ input16/A (sky130_fd_sc_hd__buf_1)
     4    0.01    0.11    0.11    2.12 ^ input16/X (sky130_fd_sc_hd__buf_1)
                                         net16 (net)
                  0.11    0.00    2.12 ^ _203_/A (sky130_fd_sc_hd__or3_1)
     2    0.01    0.06    0.13    2.25 ^ _203_/X (sky130_fd_sc_hd__or3_1)
                                         _026_ (net)
                  0.06    0.00    2.25 ^ _213_/A1 (sky130_fd_sc_hd__a21bo_1)
     1    0.00    0.03    0.09    2.35 ^ _213_/X (sky130_fd_sc_hd__a21bo_1)
                                         net21 (net)
                  0.03    0.00    2.35 ^ output21/A (sky130_fd_sc_hd__buf_2)
     1    0.03    0.17    0.18    2.53 ^ output21/X (sky130_fd_sc_hd__buf_2)
                                         cout (net)
                  0.17    0.00    2.53 ^ cout (out)
                                  2.53   data arrival time

                  0.00    0.00    0.00   clock __VIRTUAL_CLK__ (rise edge)
                          0.00    0.00   clock network delay (ideal)
                          0.25    0.25   clock uncertainty
                          0.00    0.25   clock reconvergence pessimism
                         -2.00   -1.75   output external delay
                                 -1.75   data required time
-----------------------------------------------------------------------------
                                 -1.75   data required time
                                 -2.53   data arrival time
-----------------------------------------------------------------------------
                                  4.28   slack (MET)


Startpoint: b[7] (input port clocked by __VIRTUAL_CLK__)
Endpoint: result[7] (output port clocked by __VIRTUAL_CLK__)
Path Group: __VIRTUAL_CLK__
Path Type: min

Fanout     Cap    Slew   Delay    Time   Description
-----------------------------------------------------------------------------
                  0.00    0.00    0.00   clock __VIRTUAL_CLK__ (rise edge)
                          0.00    0.00   clock network delay (ideal)
                          2.00    2.00 v input external delay
     1    0.00    0.01    0.00    2.00 v b[7] (in)
                                         b[7] (net)
                  0.01    0.00    2.00 v input16/A (sky130_fd_sc_hd__buf_1)
     4    0.01    0.05    0.09    2.10 v input16/X (sky130_fd_sc_hd__buf_1)
                                         net16 (net)
                  0.05    0.00    2.10 v _204_/B1 (sky130_fd_sc_hd__o21ai_1)
     1    0.00    0.07    0.07    2.16 ^ _204_/Y (sky130_fd_sc_hd__o21ai_1)
                                         _027_ (net)
                  0.07    0.00    2.16 ^ _209_/A3 (sky130_fd_sc_hd__a31o_1)
     1    0.00    0.04    0.13    2.30 ^ _209_/X (sky130_fd_sc_hd__a31o_1)
                                         alu7.result (net)
                  0.04    0.00    2.30 ^ _226_/A (sky130_fd_sc_hd__clkbuf_1)
     1    0.00    0.05    0.08    2.37 ^ _226_/X (sky130_fd_sc_hd__clkbuf_1)
                                         net29 (net)
                  0.05    0.00    2.37 ^ output29/A (sky130_fd_sc_hd__buf_2)
     1    0.03    0.17    0.19    2.56 ^ output29/X (sky130_fd_sc_hd__buf_2)
                                         result[7] (net)
                  0.17    0.00    2.56 ^ result[7] (out)
                                  2.56   data arrival time

                  0.00    0.00    0.00   clock __VIRTUAL_CLK__ (rise edge)
                          0.00    0.00   clock network delay (ideal)
                          0.25    0.25   clock uncertainty
                          0.00    0.25   clock reconvergence pessimism
                         -2.00   -1.75   output external delay
                                 -1.75   data required time
-----------------------------------------------------------------------------
                                 -1.75   data required time
                                 -2.56   data arrival time
-----------------------------------------------------------------------------
                                  4.31   slack (MET)


Startpoint: b[3] (input port clocked by __VIRTUAL_CLK__)
Endpoint: result[3] (output port clocked by __VIRTUAL_CLK__)
Path Group: __VIRTUAL_CLK__
Path Type: min

Fanout     Cap    Slew   Delay    Time   Description
-----------------------------------------------------------------------------
                  0.00    0.00    0.00   clock __VIRTUAL_CLK__ (rise edge)
                          0.00    0.00   clock network delay (ideal)
                          2.00    2.00 v input external delay
     1    0.00    0.01    0.00    2.00 v b[3] (in)
                                         b[3] (net)
                  0.01    0.00    2.00 v input12/A (sky130_fd_sc_hd__buf_1)
     5    0.01    0.07    0.10    2.11 v input12/X (sky130_fd_sc_hd__buf_1)
                                         net12 (net)
                  0.07    0.00    2.11 v _149_/A (sky130_fd_sc_hd__nand2_1)
     1    0.00    0.04    0.06    2.17 ^ _149_/Y (sky130_fd_sc_hd__nand2_1)
                                         _081_ (net)
                  0.04    0.00    2.17 ^ _154_/A3 (sky130_fd_sc_hd__a32o_1)
     1    0.00    0.05    0.14    2.31 ^ _154_/X (sky130_fd_sc_hd__a32o_1)
                                         alu3.result (net)
                  0.05    0.00    2.31 ^ _222_/A (sky130_fd_sc_hd__clkbuf_1)
     1    0.00    0.04    0.08    2.39 ^ _222_/X (sky130_fd_sc_hd__clkbuf_1)
                                         net25 (net)
                  0.04    0.00    2.39 ^ output25/A (sky130_fd_sc_hd__clkbuf_4)
     1    0.03    0.11    0.18    2.56 ^ output25/X (sky130_fd_sc_hd__clkbuf_4)
                                         result[3] (net)
                  0.11    0.00    2.56 ^ result[3] (out)
                                  2.56   data arrival time

                  0.00    0.00    0.00   clock __VIRTUAL_CLK__ (rise edge)
                          0.00    0.00   clock network delay (ideal)
                          0.25    0.25   clock uncertainty
                          0.00    0.25   clock reconvergence pessimism
                         -2.00   -1.75   output external delay
                                 -1.75   data required time
-----------------------------------------------------------------------------
                                 -1.75   data required time
                                 -2.56   data arrival time
-----------------------------------------------------------------------------
                                  4.31   slack (MET)


Startpoint: b[5] (input port clocked by __VIRTUAL_CLK__)
Endpoint: result[5] (output port clocked by __VIRTUAL_CLK__)
Path Group: __VIRTUAL_CLK__
Path Type: min

Fanout     Cap    Slew   Delay    Time   Description
-----------------------------------------------------------------------------
                  0.00    0.00    0.00   clock __VIRTUAL_CLK__ (rise edge)
                          0.00    0.00   clock network delay (ideal)
                          2.00    2.00 v input external delay
     1    0.00    0.01    0.00    2.00 v b[5] (in)
                                         b[5] (net)
                  0.01    0.00    2.00 v input14/A (sky130_fd_sc_hd__buf_1)
     5    0.01    0.08    0.11    2.12 v input14/X (sky130_fd_sc_hd__buf_1)
                                         net14 (net)
                  0.08    0.00    2.12 v _177_/A (sky130_fd_sc_hd__nand2_1)
     1    0.00    0.04    0.06    2.18 ^ _177_/Y (sky130_fd_sc_hd__nand2_1)
                                         _002_ (net)
                  0.04    0.00    2.18 ^ _182_/A3 (sky130_fd_sc_hd__a32o_1)
     1    0.00    0.05    0.15    2.32 ^ _182_/X (sky130_fd_sc_hd__a32o_1)
                                         alu5.result (net)
                  0.05    0.00    2.32 ^ _224_/A (sky130_fd_sc_hd__clkbuf_1)
     1    0.00    0.04    0.07    2.40 ^ _224_/X (sky130_fd_sc_hd__clkbuf_1)
                                         net27 (net)
                  0.04    0.00    2.40 ^ output27/A (sky130_fd_sc_hd__buf_2)
     1    0.03    0.17    0.18    2.58 ^ output27/X (sky130_fd_sc_hd__buf_2)
                                         result[5] (net)
                  0.17    0.00    2.58 ^ result[5] (out)
                                  2.58   data arrival time

                  0.00    0.00    0.00   clock __VIRTUAL_CLK__ (rise edge)
                          0.00    0.00   clock network delay (ideal)
                          0.25    0.25   clock uncertainty
                          0.00    0.25   clock reconvergence pessimism
                         -2.00   -1.75   output external delay
                                 -1.75   data required time
-----------------------------------------------------------------------------
                                 -1.75   data required time
                                 -2.58   data arrival time
-----------------------------------------------------------------------------
                                  4.33   slack (MET)


Startpoint: cin (input port clocked by __VIRTUAL_CLK__)
Endpoint: result[0] (output port clocked by __VIRTUAL_CLK__)
Path Group: __VIRTUAL_CLK__
Path Type: min

Fanout     Cap    Slew   Delay    Time   Description
-----------------------------------------------------------------------------
                  0.00    0.00    0.00   clock __VIRTUAL_CLK__ (rise edge)
                          0.00    0.00   clock network delay (ideal)
                          2.00    2.00 v input external delay
     1    0.00    0.01    0.00    2.00 v cin (in)
                                         cin (net)
                  0.01    0.00    2.00 v input17/A (sky130_fd_sc_hd__clkbuf_1)
     3    0.01    0.04    0.08    2.09 v input17/X (sky130_fd_sc_hd__clkbuf_1)
                                         net17 (net)
                  0.04    0.00    2.09 v _106_/B (sky130_fd_sc_hd__nand2_1)
     3    0.01    0.08    0.09    2.17 ^ _106_/Y (sky130_fd_sc_hd__nand2_1)
                                         _040_ (net)
                  0.08    0.00    2.17 ^ _214_/A2 (sky130_fd_sc_hd__a31o_1)
     1    0.00    0.04    0.13    2.30 ^ _214_/X (sky130_fd_sc_hd__a31o_1)
                                         _035_ (net)
                  0.04    0.00    2.30 ^ _218_/A2 (sky130_fd_sc_hd__o21bai_1)
     1    0.00    0.03    0.05    2.36 v _218_/Y (sky130_fd_sc_hd__o21bai_1)
                                         alu0.result (net)
                  0.03    0.00    2.36 v _219_/A (sky130_fd_sc_hd__clkbuf_1)
     1    0.00    0.02    0.07    2.43 v _219_/X (sky130_fd_sc_hd__clkbuf_1)
                                         net22 (net)
                  0.02    0.00    2.43 v output22/A (sky130_fd_sc_hd__buf_2)
     1    0.03    0.09    0.16    2.59 v output22/X (sky130_fd_sc_hd__buf_2)
                                         result[0] (net)
                  0.09    0.00    2.59 v result[0] (out)
                                  2.59   data arrival time

                  0.00    0.00    0.00   clock __VIRTUAL_CLK__ (rise edge)
                          0.00    0.00   clock network delay (ideal)
                          0.25    0.25   clock uncertainty
                          0.00    0.25   clock reconvergence pessimism
                         -2.00   -1.75   output external delay
                                 -1.75   data required time
-----------------------------------------------------------------------------
                                 -1.75   data required time
                                 -2.59   data arrival time
-----------------------------------------------------------------------------
                                  4.34   slack (MET)


Startpoint: b[1] (input port clocked by __VIRTUAL_CLK__)
Endpoint: result[1] (output port clocked by __VIRTUAL_CLK__)
Path Group: __VIRTUAL_CLK__
Path Type: min

Fanout     Cap    Slew   Delay    Time   Description
-----------------------------------------------------------------------------
                  0.00    0.00    0.00   clock __VIRTUAL_CLK__ (rise edge)
                          0.00    0.00   clock network delay (ideal)
                          2.00    2.00 v input external delay
     1    0.00    0.01    0.00    2.00 v b[1] (in)
                                         b[1] (net)
                  0.01    0.00    2.00 v input10/A (sky130_fd_sc_hd__buf_1)
     5    0.01    0.08    0.11    2.12 v input10/X (sky130_fd_sc_hd__buf_1)
                                         net10 (net)
                  0.08    0.00    2.12 v _117_/A (sky130_fd_sc_hd__nand2_1)
     1    0.00    0.05    0.07    2.18 ^ _117_/Y (sky130_fd_sc_hd__nand2_1)
                                         _051_ (net)
                  0.05    0.00    2.18 ^ _127_/A2 (sky130_fd_sc_hd__a32o_1)
     1    0.00    0.05    0.14    2.32 ^ _127_/X (sky130_fd_sc_hd__a32o_1)
                                         alu1.result (net)
                  0.05    0.00    2.32 ^ _220_/A (sky130_fd_sc_hd__clkbuf_1)
     1    0.00    0.05    0.08    2.40 ^ _220_/X (sky130_fd_sc_hd__clkbuf_1)
                                         net23 (net)
                  0.05    0.00    2.40 ^ output23/A (sky130_fd_sc_hd__buf_2)
     1    0.03    0.17    0.19    2.59 ^ output23/X (sky130_fd_sc_hd__buf_2)
                                         result[1] (net)
                  0.17    0.00    2.59 ^ result[1] (out)
                                  2.59   data arrival time

                  0.00    0.00    0.00   clock __VIRTUAL_CLK__ (rise edge)
                          0.00    0.00   clock network delay (ideal)
                          0.25    0.25   clock uncertainty
                          0.00    0.25   clock reconvergence pessimism
                         -2.00   -1.75   output external delay
                                 -1.75   data required time
-----------------------------------------------------------------------------
                                 -1.75   data required time
                                 -2.59   data arrival time
-----------------------------------------------------------------------------
                                  4.34   slack (MET)


Startpoint: b[6] (input port clocked by __VIRTUAL_CLK__)
Endpoint: result[6] (output port clocked by __VIRTUAL_CLK__)
Path Group: __VIRTUAL_CLK__
Path Type: min

Fanout     Cap    Slew   Delay    Time   Description
-----------------------------------------------------------------------------
                  0.00    0.00    0.00   clock __VIRTUAL_CLK__ (rise edge)
                          0.00    0.00   clock network delay (ideal)
                          2.00    2.00 v input external delay
     1    0.00    0.01    0.00    2.00 v b[6] (in)
                                         b[6] (net)
                  0.01    0.00    2.00 v input15/A (sky130_fd_sc_hd__buf_1)
     5    0.01    0.08    0.11    2.11 v input15/X (sky130_fd_sc_hd__buf_1)
                                         net15 (net)
                  0.08    0.00    2.11 v _190_/B1 (sky130_fd_sc_hd__o21ai_1)
     1    0.00    0.08    0.08    2.19 ^ _190_/Y (sky130_fd_sc_hd__o21ai_1)
                                         _014_ (net)
                  0.08    0.00    2.19 ^ _195_/A3 (sky130_fd_sc_hd__a32o_1)
     1    0.00    0.05    0.15    2.34 ^ _195_/X (sky130_fd_sc_hd__a32o_1)
                                         alu6.result (net)
                  0.05    0.00    2.34 ^ _225_/A (sky130_fd_sc_hd__clkbuf_1)
     1    0.00    0.04    0.07    2.41 ^ _225_/X (sky130_fd_sc_hd__clkbuf_1)
                                         net28 (net)
                  0.04    0.00    2.41 ^ output28/A (sky130_fd_sc_hd__buf_2)
     1    0.03    0.17    0.18    2.60 ^ output28/X (sky130_fd_sc_hd__buf_2)
                                         result[6] (net)
                  0.17    0.00    2.60 ^ result[6] (out)
                                  2.60   data arrival time

                  0.00    0.00    0.00   clock __VIRTUAL_CLK__ (rise edge)
                          0.00    0.00   clock network delay (ideal)
                          0.25    0.25   clock uncertainty
                          0.00    0.25   clock reconvergence pessimism
                         -2.00   -1.75   output external delay
                                 -1.75   data required time
-----------------------------------------------------------------------------
                                 -1.75   data required time
                                 -2.60   data arrival time
-----------------------------------------------------------------------------
                                  4.35   slack (MET)


Startpoint: b[4] (input port clocked by __VIRTUAL_CLK__)
Endpoint: result[4] (output port clocked by __VIRTUAL_CLK__)
Path Group: __VIRTUAL_CLK__
Path Type: min

Fanout     Cap    Slew   Delay    Time   Description
-----------------------------------------------------------------------------
                  0.00    0.00    0.00   clock __VIRTUAL_CLK__ (rise edge)
                          0.00    0.00   clock network delay (ideal)
                          2.00    2.00 v input external delay
     1    0.00    0.01    0.00    2.00 v b[4] (in)
                                         b[4] (net)
                  0.01    0.00    2.00 v input13/A (sky130_fd_sc_hd__buf_1)
     5    0.01    0.08    0.11    2.12 v input13/X (sky130_fd_sc_hd__buf_1)
                                         net13 (net)
                  0.08    0.00    2.12 v _162_/B1 (sky130_fd_sc_hd__o21ai_1)
     1    0.00    0.08    0.08    2.20 ^ _162_/Y (sky130_fd_sc_hd__o21ai_1)
                                         _093_ (net)
                  0.08    0.00    2.20 ^ _167_/A3 (sky130_fd_sc_hd__a32o_1)
     1    0.00    0.05    0.15    2.35 ^ _167_/X (sky130_fd_sc_hd__a32o_1)
                                         alu4.result (net)
                  0.05    0.00    2.35 ^ _223_/A (sky130_fd_sc_hd__clkbuf_1)
     1    0.00    0.04    0.07    2.42 ^ _223_/X (sky130_fd_sc_hd__clkbuf_1)
                                         net26 (net)
                  0.04    0.00    2.42 ^ output26/A (sky130_fd_sc_hd__buf_2)
     1    0.03    0.17    0.18    2.61 ^ output26/X (sky130_fd_sc_hd__buf_2)
                                         result[4] (net)
                  0.17    0.00    2.61 ^ result[4] (out)
                                  2.61   data arrival time

                  0.00    0.00    0.00   clock __VIRTUAL_CLK__ (rise edge)
                          0.00    0.00   clock network delay (ideal)
                          0.25    0.25   clock uncertainty
                          0.00    0.25   clock reconvergence pessimism
                         -2.00   -1.75   output external delay
                                 -1.75   data required time
-----------------------------------------------------------------------------
                                 -1.75   data required time
                                 -2.61   data arrival time
-----------------------------------------------------------------------------
                                  4.36   slack (MET)


Startpoint: op[2] (input port clocked by __VIRTUAL_CLK__)
Endpoint: result[2] (output port clocked by __VIRTUAL_CLK__)
Path Group: __VIRTUAL_CLK__
Path Type: min

Fanout     Cap    Slew   Delay    Time   Description
-----------------------------------------------------------------------------
                  0.00    0.00    0.00   clock __VIRTUAL_CLK__ (rise edge)
                          0.00    0.00   clock network delay (ideal)
                          2.00    2.00 ^ input external delay
     1    0.00    0.02    0.01    2.01 ^ op[2] (in)
                                         op[2] (net)
                  0.02    0.00    2.01 ^ input20/A (sky130_fd_sc_hd__dlymetal6s2s_1)
     6    0.02    0.18    0.16    2.17 ^ input20/X (sky130_fd_sc_hd__dlymetal6s2s_1)
                                         net20 (net)
                  0.18    0.00    2.17 ^ _141_/A1_N (sky130_fd_sc_hd__o2bb2a_1)
     1    0.00    0.04    0.22    2.39 v _141_/X (sky130_fd_sc_hd__o2bb2a_1)
                                         alu2.result (net)
                  0.04    0.00    2.39 v _221_/A (sky130_fd_sc_hd__clkbuf_1)
     1    0.00    0.03    0.08    2.47 v _221_/X (sky130_fd_sc_hd__clkbuf_1)
                                         net24 (net)
                  0.03    0.00    2.47 v output24/A (sky130_fd_sc_hd__buf_2)
     1    0.03    0.09    0.16    2.63 v output24/X (sky130_fd_sc_hd__buf_2)
                                         result[2] (net)
                  0.09    0.00    2.64 v result[2] (out)
                                  2.64   data arrival time

                  0.00    0.00    0.00   clock __VIRTUAL_CLK__ (rise edge)
                          0.00    0.00   clock network delay (ideal)
                          0.25    0.25   clock uncertainty
                          0.00    0.25   clock reconvergence pessimism
                         -2.00   -1.75   output external delay
                                 -1.75   data required time
-----------------------------------------------------------------------------
                                 -1.75   data required time
                                 -2.64   data arrival time
-----------------------------------------------------------------------------
                                  4.39   slack (MET)



worst slack corner Typical: 4.2812
min_report_end
max_report

===========================================================================
report_checks -path_delay max (Setup)
============================================================================
======================= Typical Corner ===================================

Startpoint: op[2] (input port clocked by __VIRTUAL_CLK__)
Endpoint: result[7] (output port clocked by __VIRTUAL_CLK__)
Path Group: __VIRTUAL_CLK__
Path Type: max

Fanout     Cap    Slew   Delay    Time   Description
-----------------------------------------------------------------------------
                  0.00    0.00    0.00   clock __VIRTUAL_CLK__ (rise edge)
                          0.00    0.00   clock network delay (ideal)
                          2.00    2.00 v input external delay
     1    0.00    0.01    0.00    2.00 v op[2] (in)
                                         op[2] (net)
                  0.01    0.00    2.00 v input20/A (sky130_fd_sc_hd__dlymetal6s2s_1)
     6    0.01    0.09    0.18    2.18 v input20/X (sky130_fd_sc_hd__dlymetal6s2s_1)
                                         net20 (net)
                  0.09    0.00    2.18 v _105_/A (sky130_fd_sc_hd__nor2_2)
     7    0.02    0.27    0.28    2.46 ^ _105_/Y (sky130_fd_sc_hd__nor2_2)
                                         _039_ (net)
                  0.27    0.00    2.46 ^ _109_/B (sky130_fd_sc_hd__nand2_2)
     8    0.02    0.12    0.17    2.63 v _109_/Y (sky130_fd_sc_hd__nand2_2)
                                         _043_ (net)
                  0.12    0.00    2.63 v _115_/A2 (sky130_fd_sc_hd__o32a_1)
     3    0.01    0.08    0.41    3.05 v _115_/X (sky130_fd_sc_hd__o32a_1)
                                         _049_ (net)
                  0.08    0.00    3.05 v _116_/B (sky130_fd_sc_hd__xnor2_1)
     3    0.01    0.26    0.26    3.31 ^ _116_/Y (sky130_fd_sc_hd__xnor2_1)
                                         _050_ (net)
                  0.26    0.00    3.31 ^ _129_/A2 (sky130_fd_sc_hd__o21ai_2)
     4    0.01    0.07    0.12    3.42 v _129_/Y (sky130_fd_sc_hd__o21ai_2)
                                         _062_ (net)
                  0.07    0.00    3.42 v _145_/A2 (sky130_fd_sc_hd__a32o_1)
     1    0.00    0.04    0.26    3.68 v _145_/X (sky130_fd_sc_hd__a32o_1)
                                         _077_ (net)
                  0.04    0.00    3.68 v _146_/B1 (sky130_fd_sc_hd__o22a_1)
     3    0.01    0.08    0.22    3.91 v _146_/X (sky130_fd_sc_hd__o22a_1)
                                         _078_ (net)
                  0.08    0.00    3.91 v _147_/B (sky130_fd_sc_hd__xnor2_1)
     3    0.01    0.21    0.22    4.12 ^ _147_/Y (sky130_fd_sc_hd__xnor2_1)
                                         _079_ (net)
                  0.21    0.00    4.12 ^ _156_/A2 (sky130_fd_sc_hd__o21ai_1)
     4    0.01    0.09    0.14    4.26 v _156_/Y (sky130_fd_sc_hd__o21ai_1)
                                         _087_ (net)
                  0.09    0.00    4.26 v _171_/B (sky130_fd_sc_hd__and3_1)
     1    0.00    0.03    0.18    4.44 v _171_/X (sky130_fd_sc_hd__and3_1)
                                         _101_ (net)
                  0.03    0.00    4.44 v _172_/A (sky130_fd_sc_hd__or3b_1)
     3    0.01    0.08    0.41    4.85 v _172_/X (sky130_fd_sc_hd__or3b_1)
                                         _102_ (net)
                  0.08    0.00    4.85 v _185_/C (sky130_fd_sc_hd__and3_1)
     1    0.00    0.03    0.19    5.04 v _185_/X (sky130_fd_sc_hd__and3_1)
                                         _009_ (net)
                  0.03    0.00    5.04 v _186_/A (sky130_fd_sc_hd__or3b_1)
     4    0.01    0.10    0.44    5.48 v _186_/X (sky130_fd_sc_hd__or3b_1)
                                         _010_ (net)
                  0.10    0.00    5.48 v _199_/C (sky130_fd_sc_hd__and3_1)
     1    0.00    0.03    0.20    5.68 v _199_/X (sky130_fd_sc_hd__and3_1)
                                         _022_ (net)
                  0.03    0.00    5.68 v _200_/A (sky130_fd_sc_hd__or3b_1)
     3    0.01    0.09    0.41    6.10 v _200_/X (sky130_fd_sc_hd__or3b_1)
                                         _023_ (net)
                  0.09    0.00    6.10 v _201_/C (sky130_fd_sc_hd__and3_1)
     3    0.01    0.06    0.22    6.32 v _201_/X (sky130_fd_sc_hd__and3_1)
                                         _024_ (net)
                  0.06    0.00    6.32 v _203_/B (sky130_fd_sc_hd__or3_1)
     2    0.01    0.08    0.38    6.70 v _203_/X (sky130_fd_sc_hd__or3_1)
                                         _026_ (net)
                  0.08    0.00    6.70 v _209_/A2 (sky130_fd_sc_hd__a31o_1)
     1    0.00    0.04    0.22    6.92 v _209_/X (sky130_fd_sc_hd__a31o_1)
                                         alu7.result (net)
                  0.04    0.00    6.92 v _226_/A (sky130_fd_sc_hd__clkbuf_1)
     1    0.00    0.03    0.09    7.01 v _226_/X (sky130_fd_sc_hd__clkbuf_1)
                                         net29 (net)
                  0.03    0.00    7.01 v output29/A (sky130_fd_sc_hd__buf_2)
     1    0.03    0.09    0.18    7.19 v output29/X (sky130_fd_sc_hd__buf_2)
                                         result[7] (net)
                  0.09    0.00    7.19 v result[7] (out)
                                  7.19   data arrival time

                  0.00   10.00   10.00   clock __VIRTUAL_CLK__ (rise edge)
                          0.00   10.00   clock network delay (ideal)
                         -0.25    9.75   clock uncertainty
                          0.00    9.75   clock reconvergence pessimism
                         -2.00    7.75   output external delay
                                  7.75   data required time
-----------------------------------------------------------------------------
                                  7.75   data required time
                                 -7.19   data arrival time
-----------------------------------------------------------------------------
                                  0.56   slack (MET)


Startpoint: op[2] (input port clocked by __VIRTUAL_CLK__)
Endpoint: cout (output port clocked by __VIRTUAL_CLK__)
Path Group: __VIRTUAL_CLK__
Path Type: max

Fanout     Cap    Slew   Delay    Time   Description
-----------------------------------------------------------------------------
                  0.00    0.00    0.00   clock __VIRTUAL_CLK__ (rise edge)
                          0.00    0.00   clock network delay (ideal)
                          2.00    2.00 v input external delay
     1    0.00    0.01    0.00    2.00 v op[2] (in)
                                         op[2] (net)
                  0.01    0.00    2.00 v input20/A (sky130_fd_sc_hd__dlymetal6s2s_1)
     6    0.01    0.09    0.18    2.18 v input20/X (sky130_fd_sc_hd__dlymetal6s2s_1)
                                         net20 (net)
                  0.09    0.00    2.18 v _105_/A (sky130_fd_sc_hd__nor2_2)
     7    0.02    0.27    0.28    2.46 ^ _105_/Y (sky130_fd_sc_hd__nor2_2)
                                         _039_ (net)
                  0.27    0.00    2.46 ^ _109_/B (sky130_fd_sc_hd__nand2_2)
     8    0.02    0.12    0.17    2.63 v _109_/Y (sky130_fd_sc_hd__nand2_2)
                                         _043_ (net)
                  0.12    0.00    2.63 v _115_/A2 (sky130_fd_sc_hd__o32a_1)
     3    0.01    0.08    0.41    3.05 v _115_/X (sky130_fd_sc_hd__o32a_1)
                                         _049_ (net)
                  0.08    0.00    3.05 v _116_/B (sky130_fd_sc_hd__xnor2_1)
     3    0.01    0.26    0.26    3.31 ^ _116_/Y (sky130_fd_sc_hd__xnor2_1)
                                         _050_ (net)
                  0.26    0.00    3.31 ^ _129_/A2 (sky130_fd_sc_hd__o21ai_2)
     4    0.01    0.07    0.12    3.42 v _129_/Y (sky130_fd_sc_hd__o21ai_2)
                                         _062_ (net)
                  0.07    0.00    3.42 v _145_/A2 (sky130_fd_sc_hd__a32o_1)
     1    0.00    0.04    0.26    3.68 v _145_/X (sky130_fd_sc_hd__a32o_1)
                                         _077_ (net)
                  0.04    0.00    3.68 v _146_/B1 (sky130_fd_sc_hd__o22a_1)
     3    0.01    0.08    0.22    3.91 v _146_/X (sky130_fd_sc_hd__o22a_1)
                                         _078_ (net)
                  0.08    0.00    3.91 v _147_/B (sky130_fd_sc_hd__xnor2_1)
     3    0.01    0.21    0.22    4.12 ^ _147_/Y (sky130_fd_sc_hd__xnor2_1)
                                         _079_ (net)
                  0.21    0.00    4.12 ^ _156_/A2 (sky130_fd_sc_hd__o21ai_1)
     4    0.01    0.09    0.14    4.26 v _156_/Y (sky130_fd_sc_hd__o21ai_1)
                                         _087_ (net)
                  0.09    0.00    4.26 v _171_/B (sky130_fd_sc_hd__and3_1)
     1    0.00    0.03    0.18    4.44 v _171_/X (sky130_fd_sc_hd__and3_1)
                                         _101_ (net)
                  0.03    0.00    4.44 v _172_/A (sky130_fd_sc_hd__or3b_1)
     3    0.01    0.08    0.41    4.85 v _172_/X (sky130_fd_sc_hd__or3b_1)
                                         _102_ (net)
                  0.08    0.00    4.85 v _185_/C (sky130_fd_sc_hd__and3_1)
     1    0.00    0.03    0.19    5.04 v _185_/X (sky130_fd_sc_hd__and3_1)
                                         _009_ (net)
                  0.03    0.00    5.04 v _186_/A (sky130_fd_sc_hd__or3b_1)
     4    0.01    0.10    0.44    5.48 v _186_/X (sky130_fd_sc_hd__or3b_1)
                                         _010_ (net)
                  0.10    0.00    5.48 v _199_/C (sky130_fd_sc_hd__and3_1)
     1    0.00    0.03    0.20    5.68 v _199_/X (sky130_fd_sc_hd__and3_1)
                                         _022_ (net)
                  0.03    0.00    5.68 v _200_/A (sky130_fd_sc_hd__or3b_1)
     3    0.01    0.09    0.41    6.10 v _200_/X (sky130_fd_sc_hd__or3b_1)
                                         _023_ (net)
                  0.09    0.00    6.10 v _201_/C (sky130_fd_sc_hd__and3_1)
     3    0.01    0.06    0.22    6.32 v _201_/X (sky130_fd_sc_hd__and3_1)
                                         _024_ (net)
                  0.06    0.00    6.32 v _203_/B (sky130_fd_sc_hd__or3_1)
     2    0.01    0.08    0.38    6.70 v _203_/X (sky130_fd_sc_hd__or3_1)
                                         _026_ (net)
                  0.08    0.00    6.70 v _213_/A1 (sky130_fd_sc_hd__a21bo_1)
     1    0.00    0.03    0.18    6.88 v _213_/X (sky130_fd_sc_hd__a21bo_1)
                                         net21 (net)
                  0.03    0.00    6.88 v output21/A (sky130_fd_sc_hd__buf_2)
     1    0.03    0.09    0.18    7.06 v output21/X (sky130_fd_sc_hd__buf_2)
                                         cout (net)
                  0.09    0.00    7.06 v cout (out)
                                  7.06   data arrival time

                  0.00   10.00   10.00   clock __VIRTUAL_CLK__ (rise edge)
                          0.00   10.00   clock network delay (ideal)
                         -0.25    9.75   clock uncertainty
                          0.00    9.75   clock reconvergence pessimism
                         -2.00    7.75   output external delay
                                  7.75   data required time
-----------------------------------------------------------------------------
                                  7.75   data required time
                                 -7.06   data arrival time
-----------------------------------------------------------------------------
                                  0.69   slack (MET)


Startpoint: op[2] (input port clocked by __VIRTUAL_CLK__)
Endpoint: result[6] (output port clocked by __VIRTUAL_CLK__)
Path Group: __VIRTUAL_CLK__
Path Type: max

Fanout     Cap    Slew   Delay    Time   Description
-----------------------------------------------------------------------------
                  0.00    0.00    0.00   clock __VIRTUAL_CLK__ (rise edge)
                          0.00    0.00   clock network delay (ideal)
                          2.00    2.00 v input external delay
     1    0.00    0.01    0.00    2.00 v op[2] (in)
                                         op[2] (net)
                  0.01    0.00    2.00 v input20/A (sky130_fd_sc_hd__dlymetal6s2s_1)
     6    0.01    0.09    0.18    2.18 v input20/X (sky130_fd_sc_hd__dlymetal6s2s_1)
                                         net20 (net)
                  0.09    0.00    2.18 v _105_/A (sky130_fd_sc_hd__nor2_2)
     7    0.02    0.27    0.28    2.46 ^ _105_/Y (sky130_fd_sc_hd__nor2_2)
                                         _039_ (net)
                  0.27    0.00    2.46 ^ _109_/B (sky130_fd_sc_hd__nand2_2)
     8    0.02    0.12    0.17    2.63 v _109_/Y (sky130_fd_sc_hd__nand2_2)
                                         _043_ (net)
                  0.12    0.00    2.63 v _115_/A2 (sky130_fd_sc_hd__o32a_1)
     3    0.01    0.08    0.41    3.05 v _115_/X (sky130_fd_sc_hd__o32a_1)
                                         _049_ (net)
                  0.08    0.00    3.05 v _116_/B (sky130_fd_sc_hd__xnor2_1)
     3    0.01    0.26    0.26    3.31 ^ _116_/Y (sky130_fd_sc_hd__xnor2_1)
                                         _050_ (net)
                  0.26    0.00    3.31 ^ _129_/A2 (sky130_fd_sc_hd__o21ai_2)
     4    0.01    0.07    0.12    3.42 v _129_/Y (sky130_fd_sc_hd__o21ai_2)
                                         _062_ (net)
                  0.07    0.00    3.42 v _145_/A2 (sky130_fd_sc_hd__a32o_1)
     1    0.00    0.04    0.26    3.68 v _145_/X (sky130_fd_sc_hd__a32o_1)
                                         _077_ (net)
                  0.04    0.00    3.68 v _146_/B1 (sky130_fd_sc_hd__o22a_1)
     3    0.01    0.08    0.22    3.91 v _146_/X (sky130_fd_sc_hd__o22a_1)
                                         _078_ (net)
                  0.08    0.00    3.91 v _147_/B (sky130_fd_sc_hd__xnor2_1)
     3    0.01    0.21    0.22    4.12 ^ _147_/Y (sky130_fd_sc_hd__xnor2_1)
                                         _079_ (net)
                  0.21    0.00    4.12 ^ _156_/A2 (sky130_fd_sc_hd__o21ai_1)
     4    0.01    0.09    0.14    4.26 v _156_/Y (sky130_fd_sc_hd__o21ai_1)
                                         _087_ (net)
                  0.09    0.00    4.26 v _171_/B (sky130_fd_sc_hd__and3_1)
     1    0.00    0.03    0.18    4.44 v _171_/X (sky130_fd_sc_hd__and3_1)
                                         _101_ (net)
                  0.03    0.00    4.44 v _172_/A (sky130_fd_sc_hd__or3b_1)
     3    0.01    0.08    0.41    4.85 v _172_/X (sky130_fd_sc_hd__or3b_1)
                                         _102_ (net)
                  0.08    0.00    4.85 v _185_/C (sky130_fd_sc_hd__and3_1)
     1    0.00    0.03    0.19    5.04 v _185_/X (sky130_fd_sc_hd__and3_1)
                                         _009_ (net)
                  0.03    0.00    5.04 v _186_/A (sky130_fd_sc_hd__or3b_1)
     4    0.01    0.10    0.44    5.48 v _186_/X (sky130_fd_sc_hd__or3b_1)
                                         _010_ (net)
                  0.10    0.00    5.48 v _187_/C (sky130_fd_sc_hd__and3_1)
     3    0.01    0.05    0.23    5.71 v _187_/X (sky130_fd_sc_hd__and3_1)
                                         _011_ (net)
                  0.05    0.00    5.71 v _189_/B (sky130_fd_sc_hd__or3_1)
     1    0.00    0.07    0.36    6.07 v _189_/X (sky130_fd_sc_hd__or3_1)
                                         _013_ (net)
                  0.07    0.00    6.07 v _195_/A2 (sky130_fd_sc_hd__a32o_1)
     1    0.00    0.04    0.26    6.32 v _195_/X (sky130_fd_sc_hd__a32o_1)
                                         alu6.result (net)
                  0.04    0.00    6.32 v _225_/A (sky130_fd_sc_hd__clkbuf_1)
     1    0.00    0.02    0.08    6.41 v _225_/X (sky130_fd_sc_hd__clkbuf_1)
                                         net28 (net)
                  0.02    0.00    6.41 v output28/A (sky130_fd_sc_hd__buf_2)
     1    0.03    0.09    0.18    6.59 v output28/X (sky130_fd_sc_hd__buf_2)
                                         result[6] (net)
                  0.09    0.00    6.59 v result[6] (out)
                                  6.59   data arrival time

                  0.00   10.00   10.00   clock __VIRTUAL_CLK__ (rise edge)
                          0.00   10.00   clock network delay (ideal)
                         -0.25    9.75   clock uncertainty
                          0.00    9.75   clock reconvergence pessimism
                         -2.00    7.75   output external delay
                                  7.75   data required time
-----------------------------------------------------------------------------
                                  7.75   data required time
                                 -6.59   data arrival time
-----------------------------------------------------------------------------
                                  1.16   slack (MET)


Startpoint: op[2] (input port clocked by __VIRTUAL_CLK__)
Endpoint: result[5] (output port clocked by __VIRTUAL_CLK__)
Path Group: __VIRTUAL_CLK__
Path Type: max

Fanout     Cap    Slew   Delay    Time   Description
-----------------------------------------------------------------------------
                  0.00    0.00    0.00   clock __VIRTUAL_CLK__ (rise edge)
                          0.00    0.00   clock network delay (ideal)
                          2.00    2.00 v input external delay
     1    0.00    0.01    0.00    2.00 v op[2] (in)
                                         op[2] (net)
                  0.01    0.00    2.00 v input20/A (sky130_fd_sc_hd__dlymetal6s2s_1)
     6    0.01    0.09    0.18    2.18 v input20/X (sky130_fd_sc_hd__dlymetal6s2s_1)
                                         net20 (net)
                  0.09    0.00    2.18 v _105_/A (sky130_fd_sc_hd__nor2_2)
     7    0.02    0.27    0.28    2.46 ^ _105_/Y (sky130_fd_sc_hd__nor2_2)
                                         _039_ (net)
                  0.27    0.00    2.46 ^ _109_/B (sky130_fd_sc_hd__nand2_2)
     8    0.02    0.12    0.17    2.63 v _109_/Y (sky130_fd_sc_hd__nand2_2)
                                         _043_ (net)
                  0.12    0.00    2.63 v _115_/A2 (sky130_fd_sc_hd__o32a_1)
     3    0.01    0.08    0.41    3.05 v _115_/X (sky130_fd_sc_hd__o32a_1)
                                         _049_ (net)
                  0.08    0.00    3.05 v _116_/B (sky130_fd_sc_hd__xnor2_1)
     3    0.01    0.26    0.26    3.31 ^ _116_/Y (sky130_fd_sc_hd__xnor2_1)
                                         _050_ (net)
                  0.26    0.00    3.31 ^ _129_/A2 (sky130_fd_sc_hd__o21ai_2)
     4    0.01    0.07    0.12    3.42 v _129_/Y (sky130_fd_sc_hd__o21ai_2)
                                         _062_ (net)
                  0.07    0.00    3.42 v _145_/A2 (sky130_fd_sc_hd__a32o_1)
     1    0.00    0.04    0.26    3.68 v _145_/X (sky130_fd_sc_hd__a32o_1)
                                         _077_ (net)
                  0.04    0.00    3.68 v _146_/B1 (sky130_fd_sc_hd__o22a_1)
     3    0.01    0.08    0.22    3.91 v _146_/X (sky130_fd_sc_hd__o22a_1)
                                         _078_ (net)
                  0.08    0.00    3.91 v _147_/B (sky130_fd_sc_hd__xnor2_1)
     3    0.01    0.21    0.22    4.12 ^ _147_/Y (sky130_fd_sc_hd__xnor2_1)
                                         _079_ (net)
                  0.21    0.00    4.12 ^ _156_/A2 (sky130_fd_sc_hd__o21ai_1)
     4    0.01    0.09    0.14    4.26 v _156_/Y (sky130_fd_sc_hd__o21ai_1)
                                         _087_ (net)
                  0.09    0.00    4.26 v _171_/B (sky130_fd_sc_hd__and3_1)
     1    0.00    0.03    0.18    4.44 v _171_/X (sky130_fd_sc_hd__and3_1)
                                         _101_ (net)
                  0.03    0.00    4.44 v _172_/A (sky130_fd_sc_hd__or3b_1)
     3    0.01    0.08    0.41    4.85 v _172_/X (sky130_fd_sc_hd__or3b_1)
                                         _102_ (net)
                  0.08    0.00    4.85 v _173_/C (sky130_fd_sc_hd__and3_1)
     2    0.00    0.04    0.21    5.06 v _173_/X (sky130_fd_sc_hd__and3_1)
                                         _103_ (net)
                  0.04    0.00    5.06 v _175_/A (sky130_fd_sc_hd__or2b_1)
     2    0.00    0.05    0.24    5.30 v _175_/X (sky130_fd_sc_hd__or2b_1)
                                         _000_ (net)
                  0.05    0.00    5.30 v _176_/B (sky130_fd_sc_hd__or2_1)
     1    0.00    0.05    0.21    5.51 v _176_/X (sky130_fd_sc_hd__or2_1)
                                         _001_ (net)
                  0.05    0.00    5.51 v _182_/A2 (sky130_fd_sc_hd__a32o_1)
     1    0.00    0.04    0.25    5.76 v _182_/X (sky130_fd_sc_hd__a32o_1)
                                         alu5.result (net)
                  0.04    0.00    5.76 v _224_/A (sky130_fd_sc_hd__clkbuf_1)
     1    0.00    0.02    0.08    5.84 v _224_/X (sky130_fd_sc_hd__clkbuf_1)
                                         net27 (net)
                  0.02    0.00    5.84 v output27/A (sky130_fd_sc_hd__buf_2)
     1    0.03    0.09    0.18    6.02 v output27/X (sky130_fd_sc_hd__buf_2)
                                         result[5] (net)
                  0.09    0.00    6.02 v result[5] (out)
                                  6.02   data arrival time

                  0.00   10.00   10.00   clock __VIRTUAL_CLK__ (rise edge)
                          0.00   10.00   clock network delay (ideal)
                         -0.25    9.75   clock uncertainty
                          0.00    9.75   clock reconvergence pessimism
                         -2.00    7.75   output external delay
                                  7.75   data required time
-----------------------------------------------------------------------------
                                  7.75   data required time
                                 -6.02   data arrival time
-----------------------------------------------------------------------------
                                  1.73   slack (MET)


Startpoint: op[2] (input port clocked by __VIRTUAL_CLK__)
Endpoint: result[4] (output port clocked by __VIRTUAL_CLK__)
Path Group: __VIRTUAL_CLK__
Path Type: max

Fanout     Cap    Slew   Delay    Time   Description
-----------------------------------------------------------------------------
                  0.00    0.00    0.00   clock __VIRTUAL_CLK__ (rise edge)
                          0.00    0.00   clock network delay (ideal)
                          2.00    2.00 v input external delay
     1    0.00    0.01    0.00    2.00 v op[2] (in)
                                         op[2] (net)
                  0.01    0.00    2.00 v input20/A (sky130_fd_sc_hd__dlymetal6s2s_1)
     6    0.01    0.09    0.18    2.18 v input20/X (sky130_fd_sc_hd__dlymetal6s2s_1)
                                         net20 (net)
                  0.09    0.00    2.18 v _105_/A (sky130_fd_sc_hd__nor2_2)
     7    0.02    0.27    0.28    2.46 ^ _105_/Y (sky130_fd_sc_hd__nor2_2)
                                         _039_ (net)
                  0.27    0.00    2.46 ^ _109_/B (sky130_fd_sc_hd__nand2_2)
     8    0.02    0.12    0.17    2.63 v _109_/Y (sky130_fd_sc_hd__nand2_2)
                                         _043_ (net)
                  0.12    0.00    2.63 v _115_/A2 (sky130_fd_sc_hd__o32a_1)
     3    0.01    0.08    0.41    3.05 v _115_/X (sky130_fd_sc_hd__o32a_1)
                                         _049_ (net)
                  0.08    0.00    3.05 v _116_/B (sky130_fd_sc_hd__xnor2_1)
     3    0.01    0.26    0.26    3.31 ^ _116_/Y (sky130_fd_sc_hd__xnor2_1)
                                         _050_ (net)
                  0.26    0.00    3.31 ^ _129_/A2 (sky130_fd_sc_hd__o21ai_2)
     4    0.01    0.07    0.12    3.42 v _129_/Y (sky130_fd_sc_hd__o21ai_2)
                                         _062_ (net)
                  0.07    0.00    3.42 v _145_/A2 (sky130_fd_sc_hd__a32o_1)
     1    0.00    0.04    0.26    3.68 v _145_/X (sky130_fd_sc_hd__a32o_1)
                                         _077_ (net)
                  0.04    0.00    3.68 v _146_/B1 (sky130_fd_sc_hd__o22a_1)
     3    0.01    0.08    0.22    3.91 v _146_/X (sky130_fd_sc_hd__o22a_1)
                                         _078_ (net)
                  0.08    0.00    3.91 v _147_/B (sky130_fd_sc_hd__xnor2_1)
     3    0.01    0.21    0.22    4.12 ^ _147_/Y (sky130_fd_sc_hd__xnor2_1)
                                         _079_ (net)
                  0.21    0.00    4.12 ^ _156_/A2 (sky130_fd_sc_hd__o21ai_1)
     4    0.01    0.09    0.14    4.26 v _156_/Y (sky130_fd_sc_hd__o21ai_1)
                                         _087_ (net)
                  0.09    0.00    4.26 v _159_/B (sky130_fd_sc_hd__and3_1)
     3    0.01    0.06    0.21    4.47 v _159_/X (sky130_fd_sc_hd__and3_1)
                                         _090_ (net)
                  0.06    0.00    4.47 v _161_/B (sky130_fd_sc_hd__or3_1)
     1    0.00    0.07    0.36    4.83 v _161_/X (sky130_fd_sc_hd__or3_1)
                                         _092_ (net)
                  0.07    0.00    4.83 v _167_/A2 (sky130_fd_sc_hd__a32o_1)
     1    0.00    0.04    0.26    5.08 v _167_/X (sky130_fd_sc_hd__a32o_1)
                                         alu4.result (net)
                  0.04    0.00    5.08 v _223_/A (sky130_fd_sc_hd__clkbuf_1)
     1    0.00    0.02    0.08    5.17 v _223_/X (sky130_fd_sc_hd__clkbuf_1)
                                         net26 (net)
                  0.02    0.00    5.17 v output26/A (sky130_fd_sc_hd__buf_2)
     1    0.03    0.09    0.18    5.34 v output26/X (sky130_fd_sc_hd__buf_2)
                                         result[4] (net)
                  0.09    0.00    5.34 v result[4] (out)
                                  5.34   data arrival time

                  0.00   10.00   10.00   clock __VIRTUAL_CLK__ (rise edge)
                          0.00   10.00   clock network delay (ideal)
                         -0.25    9.75   clock uncertainty
                          0.00    9.75   clock reconvergence pessimism
                         -2.00    7.75   output external delay
                                  7.75   data required time
-----------------------------------------------------------------------------
                                  7.75   data required time
                                 -5.34   data arrival time
-----------------------------------------------------------------------------
                                  2.41   slack (MET)


Startpoint: op[2] (input port clocked by __VIRTUAL_CLK__)
Endpoint: result[3] (output port clocked by __VIRTUAL_CLK__)
Path Group: __VIRTUAL_CLK__
Path Type: max

Fanout     Cap    Slew   Delay    Time   Description
-----------------------------------------------------------------------------
                  0.00    0.00    0.00   clock __VIRTUAL_CLK__ (rise edge)
                          0.00    0.00   clock network delay (ideal)
                          2.00    2.00 v input external delay
     1    0.00    0.01    0.00    2.00 v op[2] (in)
                                         op[2] (net)
                  0.01    0.00    2.00 v input20/A (sky130_fd_sc_hd__dlymetal6s2s_1)
     6    0.01    0.09    0.18    2.18 v input20/X (sky130_fd_sc_hd__dlymetal6s2s_1)
                                         net20 (net)
                  0.09    0.00    2.18 v _105_/A (sky130_fd_sc_hd__nor2_2)
     7    0.02    0.27    0.28    2.46 ^ _105_/Y (sky130_fd_sc_hd__nor2_2)
                                         _039_ (net)
                  0.27    0.00    2.46 ^ _109_/B (sky130_fd_sc_hd__nand2_2)
     8    0.02    0.12    0.17    2.63 v _109_/Y (sky130_fd_sc_hd__nand2_2)
                                         _043_ (net)
                  0.12    0.00    2.63 v _115_/A2 (sky130_fd_sc_hd__o32a_1)
     3    0.01    0.08    0.41    3.05 v _115_/X (sky130_fd_sc_hd__o32a_1)
                                         _049_ (net)
                  0.08    0.00    3.05 v _116_/B (sky130_fd_sc_hd__xnor2_1)
     3    0.01    0.26    0.26    3.31 ^ _116_/Y (sky130_fd_sc_hd__xnor2_1)
                                         _050_ (net)
                  0.26    0.00    3.31 ^ _129_/A2 (sky130_fd_sc_hd__o21ai_2)
     4    0.01    0.07    0.12    3.42 v _129_/Y (sky130_fd_sc_hd__o21ai_2)
                                         _062_ (net)
                  0.07    0.00    3.42 v _145_/A2 (sky130_fd_sc_hd__a32o_1)
     1    0.00    0.04    0.26    3.68 v _145_/X (sky130_fd_sc_hd__a32o_1)
                                         _077_ (net)
                  0.04    0.00    3.68 v _146_/B1 (sky130_fd_sc_hd__o22a_1)
     3    0.01    0.08    0.22    3.91 v _146_/X (sky130_fd_sc_hd__o22a_1)
                                         _078_ (net)
                  0.08    0.00    3.91 v _147_/B (sky130_fd_sc_hd__xnor2_1)
     3    0.01    0.08    0.16    4.07 v _147_/Y (sky130_fd_sc_hd__xnor2_1)
                                         _079_ (net)
                  0.08    0.00    4.07 v _148_/B (sky130_fd_sc_hd__or2_1)
     1    0.00    0.05    0.22    4.29 v _148_/X (sky130_fd_sc_hd__or2_1)
                                         _080_ (net)
                  0.05    0.00    4.29 v _154_/A2 (sky130_fd_sc_hd__a32o_1)
     1    0.00    0.04    0.25    4.53 v _154_/X (sky130_fd_sc_hd__a32o_1)
                                         alu3.result (net)
                  0.04    0.00    4.53 v _222_/A (sky130_fd_sc_hd__clkbuf_1)
     1    0.00    0.02    0.09    4.62 v _222_/X (sky130_fd_sc_hd__clkbuf_1)
                                         net25 (net)
                  0.02    0.00    4.62 v output25/A (sky130_fd_sc_hd__clkbuf_4)
     1    0.03    0.08    0.18    4.80 v output25/X (sky130_fd_sc_hd__clkbuf_4)
                                         result[3] (net)
                  0.08    0.00    4.81 v result[3] (out)
                                  4.81   data arrival time

                  0.00   10.00   10.00   clock __VIRTUAL_CLK__ (rise edge)
                          0.00   10.00   clock network delay (ideal)
                         -0.25    9.75   clock uncertainty
                          0.00    9.75   clock reconvergence pessimism
                         -2.00    7.75   output external delay
                                  7.75   data required time
-----------------------------------------------------------------------------
                                  7.75   data required time
                                 -4.81   data arrival time
-----------------------------------------------------------------------------
                                  2.94   slack (MET)


Startpoint: op[2] (input port clocked by __VIRTUAL_CLK__)
Endpoint: result[2] (output port clocked by __VIRTUAL_CLK__)
Path Group: __VIRTUAL_CLK__
Path Type: max

Fanout     Cap    Slew   Delay    Time   Description
-----------------------------------------------------------------------------
                  0.00    0.00    0.00   clock __VIRTUAL_CLK__ (rise edge)
                          0.00    0.00   clock network delay (ideal)
                          2.00    2.00 v input external delay
     1    0.00    0.01    0.00    2.00 v op[2] (in)
                                         op[2] (net)
                  0.01    0.00    2.00 v input20/A (sky130_fd_sc_hd__dlymetal6s2s_1)
     6    0.01    0.09    0.18    2.18 v input20/X (sky130_fd_sc_hd__dlymetal6s2s_1)
                                         net20 (net)
                  0.09    0.00    2.18 v _105_/A (sky130_fd_sc_hd__nor2_2)
     7    0.02    0.27    0.28    2.46 ^ _105_/Y (sky130_fd_sc_hd__nor2_2)
                                         _039_ (net)
                  0.27    0.00    2.46 ^ _109_/B (sky130_fd_sc_hd__nand2_2)
     8    0.02    0.12    0.17    2.63 v _109_/Y (sky130_fd_sc_hd__nand2_2)
                                         _043_ (net)
                  0.12    0.00    2.63 v _115_/A2 (sky130_fd_sc_hd__o32a_1)
     3    0.01    0.08    0.41    3.05 v _115_/X (sky130_fd_sc_hd__o32a_1)
                                         _049_ (net)
                  0.08    0.00    3.05 v _116_/B (sky130_fd_sc_hd__xnor2_1)
     3    0.01    0.09    0.18    3.22 v _116_/Y (sky130_fd_sc_hd__xnor2_1)
                                         _050_ (net)
                  0.09    0.00    3.22 v _129_/A2 (sky130_fd_sc_hd__o21ai_2)
     4    0.01    0.17    0.19    3.42 ^ _129_/Y (sky130_fd_sc_hd__o21ai_2)
                                         _062_ (net)
                  0.17    0.00    3.42 ^ _136_/A2 (sky130_fd_sc_hd__a31o_1)
     1    0.00    0.04    0.17    3.59 ^ _136_/X (sky130_fd_sc_hd__a31o_1)
                                         _069_ (net)
                  0.04    0.00    3.59 ^ _137_/B (sky130_fd_sc_hd__nor2_1)
     1    0.00    0.03    0.03    3.62 v _137_/Y (sky130_fd_sc_hd__nor2_1)
                                         _070_ (net)
                  0.03    0.00    3.62 v _141_/B1 (sky130_fd_sc_hd__o2bb2a_1)
     1    0.00    0.05    0.29    3.91 v _141_/X (sky130_fd_sc_hd__o2bb2a_1)
                                         alu2.result (net)
                  0.05    0.00    3.91 v _221_/A (sky130_fd_sc_hd__clkbuf_1)
     1    0.00    0.03    0.09    4.00 v _221_/X (sky130_fd_sc_hd__clkbuf_1)
                                         net24 (net)
                  0.03    0.00    4.00 v output24/A (sky130_fd_sc_hd__buf_2)
     1    0.03    0.09    0.18    4.18 v output24/X (sky130_fd_sc_hd__buf_2)
                                         result[2] (net)
                  0.09    0.00    4.18 v result[2] (out)
                                  4.18   data arrival time

                  0.00   10.00   10.00   clock __VIRTUAL_CLK__ (rise edge)
                          0.00   10.00   clock network delay (ideal)
                         -0.25    9.75   clock uncertainty
                          0.00    9.75   clock reconvergence pessimism
                         -2.00    7.75   output external delay
                                  7.75   data required time
-----------------------------------------------------------------------------
                                  7.75   data required time
                                 -4.18   data arrival time
-----------------------------------------------------------------------------
                                  3.57   slack (MET)


Startpoint: op[2] (input port clocked by __VIRTUAL_CLK__)
Endpoint: result[1] (output port clocked by __VIRTUAL_CLK__)
Path Group: __VIRTUAL_CLK__
Path Type: max

Fanout     Cap    Slew   Delay    Time   Description
-----------------------------------------------------------------------------
                  0.00    0.00    0.00   clock __VIRTUAL_CLK__ (rise edge)
                          0.00    0.00   clock network delay (ideal)
                          2.00    2.00 v input external delay
     1    0.00    0.01    0.00    2.00 v op[2] (in)
                                         op[2] (net)
                  0.01    0.00    2.00 v input20/A (sky130_fd_sc_hd__dlymetal6s2s_1)
     6    0.01    0.09    0.18    2.18 v input20/X (sky130_fd_sc_hd__dlymetal6s2s_1)
                                         net20 (net)
                  0.09    0.00    2.18 v _105_/A (sky130_fd_sc_hd__nor2_2)
     7    0.02    0.27    0.28    2.46 ^ _105_/Y (sky130_fd_sc_hd__nor2_2)
                                         _039_ (net)
                  0.27    0.00    2.46 ^ _109_/B (sky130_fd_sc_hd__nand2_2)
     8    0.02    0.12    0.17    2.63 v _109_/Y (sky130_fd_sc_hd__nand2_2)
                                         _043_ (net)
                  0.12    0.00    2.63 v _115_/A2 (sky130_fd_sc_hd__o32a_1)
     3    0.01    0.08    0.41    3.05 v _115_/X (sky130_fd_sc_hd__o32a_1)
                                         _049_ (net)
                  0.08    0.00    3.05 v _116_/B (sky130_fd_sc_hd__xnor2_1)
     3    0.01    0.09    0.18    3.22 v _116_/Y (sky130_fd_sc_hd__xnor2_1)
                                         _050_ (net)
                  0.09    0.00    3.22 v _118_/B (sky130_fd_sc_hd__or2_1)
     1    0.00    0.05    0.23    3.45 v _118_/X (sky130_fd_sc_hd__or2_1)
                                         _052_ (net)
                  0.05    0.00    3.45 v _127_/A3 (sky130_fd_sc_hd__a32o_1)
     1    0.00    0.04    0.26    3.71 v _127_/X (sky130_fd_sc_hd__a32o_1)
                                         alu1.result (net)
                  0.04    0.00    3.71 v _220_/A (sky130_fd_sc_hd__clkbuf_1)
     1    0.00    0.03    0.09    3.80 v _220_/X (sky130_fd_sc_hd__clkbuf_1)
                                         net23 (net)
                  0.03    0.00    3.80 v output23/A (sky130_fd_sc_hd__buf_2)
     1    0.03    0.09    0.18    3.98 v output23/X (sky130_fd_sc_hd__buf_2)
                                         result[1] (net)
                  0.09    0.00    3.98 v result[1] (out)
                                  3.98   data arrival time

                  0.00   10.00   10.00   clock __VIRTUAL_CLK__ (rise edge)
                          0.00   10.00   clock network delay (ideal)
                         -0.25    9.75   clock uncertainty
                          0.00    9.75   clock reconvergence pessimism
                         -2.00    7.75   output external delay
                                  7.75   data required time
-----------------------------------------------------------------------------
                                  7.75   data required time
                                 -3.98   data arrival time
-----------------------------------------------------------------------------
                                  3.77   slack (MET)


Startpoint: op[0] (input port clocked by __VIRTUAL_CLK__)
Endpoint: result[0] (output port clocked by __VIRTUAL_CLK__)
Path Group: __VIRTUAL_CLK__
Path Type: max

Fanout     Cap    Slew   Delay    Time   Description
-----------------------------------------------------------------------------
                  0.00    0.00    0.00   clock __VIRTUAL_CLK__ (rise edge)
                          0.00    0.00   clock network delay (ideal)
                          2.00    2.00 ^ input external delay
     1    0.00    0.02    0.01    2.01 ^ op[0] (in)
                                         op[0] (net)
                  0.02    0.00    2.01 ^ input18/A (sky130_fd_sc_hd__buf_1)
     2    0.01    0.11    0.12    2.13 ^ input18/X (sky130_fd_sc_hd__buf_1)
                                         net18 (net)
                  0.11    0.00    2.13 ^ _112_/A (sky130_fd_sc_hd__clkbuf_2)
    10    0.02    0.13    0.19    2.33 ^ _112_/X (sky130_fd_sc_hd__clkbuf_2)
                                         _046_ (net)
                  0.13    0.00    2.33 ^ _123_/B (sky130_fd_sc_hd__or2_1)
     2    0.01    0.08    0.15    2.48 ^ _123_/X (sky130_fd_sc_hd__or2_1)
                                         _057_ (net)
                  0.08    0.00    2.48 ^ _124_/A (sky130_fd_sc_hd__inv_2)
     1    0.00    0.02    0.03    2.51 v _124_/Y (sky130_fd_sc_hd__inv_2)
                                         _058_ (net)
                  0.02    0.00    2.51 v _125_/A2 (sky130_fd_sc_hd__a22o_1)
     7    0.02    0.10    0.29    2.80 v _125_/X (sky130_fd_sc_hd__a22o_1)
                                         _059_ (net)
                  0.10    0.00    2.80 v _215_/B1 (sky130_fd_sc_hd__o21a_1)
     1    0.00    0.03    0.12    2.92 v _215_/X (sky130_fd_sc_hd__o21a_1)
                                         _036_ (net)
                  0.03    0.00    2.92 v _217_/A1 (sky130_fd_sc_hd__mux2_1)
     1    0.00    0.05    0.29    3.21 v _217_/X (sky130_fd_sc_hd__mux2_1)
                                         _038_ (net)
                  0.05    0.00    3.21 v _218_/B1_N (sky130_fd_sc_hd__o21bai_1)
     1    0.00    0.05    0.15    3.37 v _218_/Y (sky130_fd_sc_hd__o21bai_1)
                                         alu0.result (net)
                  0.05    0.00    3.37 v _219_/A (sky130_fd_sc_hd__clkbuf_1)
     1    0.00    0.02    0.09    3.46 v _219_/X (sky130_fd_sc_hd__clkbuf_1)
                                         net22 (net)
                  0.02    0.00    3.46 v output22/A (sky130_fd_sc_hd__buf_2)
     1    0.03    0.09    0.18    3.64 v output22/X (sky130_fd_sc_hd__buf_2)
                                         result[0] (net)
                  0.09    0.00    3.64 v result[0] (out)
                                  3.64   data arrival time

                  0.00   10.00   10.00   clock __VIRTUAL_CLK__ (rise edge)
                          0.00   10.00   clock network delay (ideal)
                         -0.25    9.75   clock uncertainty
                          0.00    9.75   clock reconvergence pessimism
                         -2.00    7.75   output external delay
                                  7.75   data required time
-----------------------------------------------------------------------------
                                  7.75   data required time
                                 -3.64   data arrival time
-----------------------------------------------------------------------------
                                  4.11   slack (MET)



worst slack corner Typical: 0.5573
max_report_end
checks_report

===========================================================================
report_checks -unconstrained
===========================================================================
======================= Typical Corner ===================================

Startpoint: op[2] (input port clocked by __VIRTUAL_CLK__)
Endpoint: result[7] (output port clocked by __VIRTUAL_CLK__)
Path Group: __VIRTUAL_CLK__
Path Type: max

Fanout     Cap    Slew   Delay    Time   Description
-----------------------------------------------------------------------------
                  0.00    0.00    0.00   clock __VIRTUAL_CLK__ (rise edge)
                          0.00    0.00   clock network delay (ideal)
                          2.00    2.00 v input external delay
     1    0.00    0.01    0.00    2.00 v op[2] (in)
                                         op[2] (net)
                  0.01    0.00    2.00 v input20/A (sky130_fd_sc_hd__dlymetal6s2s_1)
     6    0.01    0.09    0.18    2.18 v input20/X (sky130_fd_sc_hd__dlymetal6s2s_1)
                                         net20 (net)
                  0.09    0.00    2.18 v _105_/A (sky130_fd_sc_hd__nor2_2)
     7    0.02    0.27    0.28    2.46 ^ _105_/Y (sky130_fd_sc_hd__nor2_2)
                                         _039_ (net)
                  0.27    0.00    2.46 ^ _109_/B (sky130_fd_sc_hd__nand2_2)
     8    0.02    0.12    0.17    2.63 v _109_/Y (sky130_fd_sc_hd__nand2_2)
                                         _043_ (net)
                  0.12    0.00    2.63 v _115_/A2 (sky130_fd_sc_hd__o32a_1)
     3    0.01    0.08    0.41    3.05 v _115_/X (sky130_fd_sc_hd__o32a_1)
                                         _049_ (net)
                  0.08    0.00    3.05 v _116_/B (sky130_fd_sc_hd__xnor2_1)
     3    0.01    0.26    0.26    3.31 ^ _116_/Y (sky130_fd_sc_hd__xnor2_1)
                                         _050_ (net)
                  0.26    0.00    3.31 ^ _129_/A2 (sky130_fd_sc_hd__o21ai_2)
     4    0.01    0.07    0.12    3.42 v _129_/Y (sky130_fd_sc_hd__o21ai_2)
                                         _062_ (net)
                  0.07    0.00    3.42 v _145_/A2 (sky130_fd_sc_hd__a32o_1)
     1    0.00    0.04    0.26    3.68 v _145_/X (sky130_fd_sc_hd__a32o_1)
                                         _077_ (net)
                  0.04    0.00    3.68 v _146_/B1 (sky130_fd_sc_hd__o22a_1)
     3    0.01    0.08    0.22    3.91 v _146_/X (sky130_fd_sc_hd__o22a_1)
                                         _078_ (net)
                  0.08    0.00    3.91 v _147_/B (sky130_fd_sc_hd__xnor2_1)
     3    0.01    0.21    0.22    4.12 ^ _147_/Y (sky130_fd_sc_hd__xnor2_1)
                                         _079_ (net)
                  0.21    0.00    4.12 ^ _156_/A2 (sky130_fd_sc_hd__o21ai_1)
     4    0.01    0.09    0.14    4.26 v _156_/Y (sky130_fd_sc_hd__o21ai_1)
                                         _087_ (net)
                  0.09    0.00    4.26 v _171_/B (sky130_fd_sc_hd__and3_1)
     1    0.00    0.03    0.18    4.44 v _171_/X (sky130_fd_sc_hd__and3_1)
                                         _101_ (net)
                  0.03    0.00    4.44 v _172_/A (sky130_fd_sc_hd__or3b_1)
     3    0.01    0.08    0.41    4.85 v _172_/X (sky130_fd_sc_hd__or3b_1)
                                         _102_ (net)
                  0.08    0.00    4.85 v _185_/C (sky130_fd_sc_hd__and3_1)
     1    0.00    0.03    0.19    5.04 v _185_/X (sky130_fd_sc_hd__and3_1)
                                         _009_ (net)
                  0.03    0.00    5.04 v _186_/A (sky130_fd_sc_hd__or3b_1)
     4    0.01    0.10    0.44    5.48 v _186_/X (sky130_fd_sc_hd__or3b_1)
                                         _010_ (net)
                  0.10    0.00    5.48 v _199_/C (sky130_fd_sc_hd__and3_1)
     1    0.00    0.03    0.20    5.68 v _199_/X (sky130_fd_sc_hd__and3_1)
                                         _022_ (net)
                  0.03    0.00    5.68 v _200_/A (sky130_fd_sc_hd__or3b_1)
     3    0.01    0.09    0.41    6.10 v _200_/X (sky130_fd_sc_hd__or3b_1)
                                         _023_ (net)
                  0.09    0.00    6.10 v _201_/C (sky130_fd_sc_hd__and3_1)
     3    0.01    0.06    0.22    6.32 v _201_/X (sky130_fd_sc_hd__and3_1)
                                         _024_ (net)
                  0.06    0.00    6.32 v _203_/B (sky130_fd_sc_hd__or3_1)
     2    0.01    0.08    0.38    6.70 v _203_/X (sky130_fd_sc_hd__or3_1)
                                         _026_ (net)
                  0.08    0.00    6.70 v _209_/A2 (sky130_fd_sc_hd__a31o_1)
     1    0.00    0.04    0.22    6.92 v _209_/X (sky130_fd_sc_hd__a31o_1)
                                         alu7.result (net)
                  0.04    0.00    6.92 v _226_/A (sky130_fd_sc_hd__clkbuf_1)
     1    0.00    0.03    0.09    7.01 v _226_/X (sky130_fd_sc_hd__clkbuf_1)
                                         net29 (net)
                  0.03    0.00    7.01 v output29/A (sky130_fd_sc_hd__buf_2)
     1    0.03    0.09    0.18    7.19 v output29/X (sky130_fd_sc_hd__buf_2)
                                         result[7] (net)
                  0.09    0.00    7.19 v result[7] (out)
                                  7.19   data arrival time

                  0.00   10.00   10.00   clock __VIRTUAL_CLK__ (rise edge)
                          0.00   10.00   clock network delay (ideal)
                         -0.25    9.75   clock uncertainty
                          0.00    9.75   clock reconvergence pessimism
                         -2.00    7.75   output external delay
                                  7.75   data required time
-----------------------------------------------------------------------------
                                  7.75   data required time
                                 -7.19   data arrival time
-----------------------------------------------------------------------------
                                  0.56   slack (MET)




===========================================================================
report_checks --slack_max -0.01
============================================================================
======================= Typical Corner ===================================

No paths found.


===========================================================================
 report_check_types -max_slew -max_cap -max_fanout -violators
============================================================================
======================= Typical Corner ===================================


max slew violations count Typical: 0
max fanout violations count Typical: 0
max cap violations count Typical: 0

===========================================================================
report_parasitic_annotation -report_unannotated
============================================================================
Found 0 unannotated drivers.
Found 0 partially unannotated drivers.

===========================================================================
max slew violation count 0
max fanout violation count 0
max cap violation count 0
============================================================================

===========================================================================
check_setup -verbose -unconstrained_endpoints -multiple_clock -no_clock -no_input_delay -loops -generated_clocks
===========================================================================
checks_report_end
power_report

===========================================================================
 report_power
============================================================================
======================= Typical Corner ===================================

Group                  Internal  Switching    Leakage      Total
                          Power      Power      Power      Power (Watts)
----------------------------------------------------------------
Sequential             0.00e+00   0.00e+00   0.00e+00   0.00e+00   0.0%
Combinational          1.98e-05   2.51e-05   4.06e-10   4.49e-05 100.0%
Clock                  0.00e+00   0.00e+00   9.07e-11   9.07e-11   0.0%
Macro                  0.00e+00   0.00e+00   0.00e+00   0.00e+00   0.0%
Pad                    0.00e+00   0.00e+00   0.00e+00   0.00e+00   0.0%
----------------------------------------------------------------
Total                  1.98e-05   2.51e-05   4.97e-10   4.49e-05 100.0%
                          44.1%      55.9%       0.0%

power_report_end
summary_report

===========================================================================
report_tns
============================================================================
tns 0.00

===========================================================================
report_wns
============================================================================
wns 0.00

===========================================================================
report_worst_slack -max (Setup)
============================================================================
worst slack 0.56

===========================================================================
report_worst_slack -min (Hold)
============================================================================
worst slack 4.28
summary_report_end
area_report

===========================================================================
report_design_area
============================================================================
Design area 938 u^2 62% utilization.
area_report_end
check_nonpropagated_clocks
__VIRTUAL_CLK__
check_nonpropagated_clocks_end
[WARNING] Did not save OpenROAD database!
Writing SDF to '/openlane/designs/alu_8bit/runs/RUN_2025.05.07_17.36.09/results/signoff/alu_8bit.sdf'…
Writing timing model to '/openlane/designs/alu_8bit/runs/RUN_2025.05.07_17.36.09/results/signoff/alu_8bit.lib'…
