Instance,Terminal,Layer,X location,Y location,Voltage
FILLER_0_16_100,VPWR,li1,52.2100,57.1200,1.799999
FILLER_0_16_88,VPWR,li1,48.7600,57.1200,1.799999
FILLER_0_16_82,VPWR,li1,43.7000,57.1200,1.799998
FILLER_0_16_63,VPWR,li1,34.9600,57.1200,1.799998
FILLER_0_16_50,VPWR,li1,29.9000,57.1200,1.799998
FILLER_0_16_34,VPWR,li1,22.5400,57.1200,1.799999
FILLER_0_16_29,VPWR,li1,19.3200,57.1200,1.799999
FILLER_0_16_27,VPWR,li1,18.1700,57.1200,1.799999
FILLER_0_16_15,VPWR,li1,15.1800,57.1200,1.799999
FILLER_0_16_3,VPWR,li1,9.6600,57.1200,1.799999
FILLER_0_15_95,VPWR,li1,51.0600,51.6800,1.799999
FILLER_0_15_83,VPWR,li1,46.4600,51.6800,1.799998
FILLER_0_15_66,VPWR,li1,36.1100,51.6800,1.799998
FILLER_0_15_57,VPWR,li1,31.9700,51.6800,1.799997
FILLER_0_15_46,VPWR,li1,27.1400,51.6800,1.799997
FILLER_0_15_19,VPWR,li1,17.0200,51.6800,1.799997
FILLER_0_15_11,VPWR,li1,11.5000,51.6800,1.799997
FILLER_0_15_7,VPWR,li1,8.9700,51.6800,1.799996
FILLER_0_14_97,VPWR,li1,51.5200,51.6800,1.799999
FILLER_0_14_85,VPWR,li1,47.3800,51.6800,1.799998
FILLER_0_14_82,VPWR,li1,43.7000,51.6800,1.799998
FILLER_0_14_61,VPWR,li1,34.0400,51.6800,1.799998
FILLER_0_14_49,VPWR,li1,28.9800,51.6800,1.799997
FILLER_0_14_29,VPWR,li1,19.0900,51.6800,1.799997
FILLER_0_14_20,VPWR,li1,15.4100,51.6800,1.799997
FILLER_0_14_3,VPWR,li1,7.1300,51.6800,1.799995
FILLER_0_13_91,VPWR,li1,50.1400,46.2400,1.799999
FILLER_0_13_79,VPWR,li1,44.6200,46.2400,1.799999
FILLER_0_13_65,VPWR,li1,35.6500,46.2400,1.799999
FILLER_0_13_44,VPWR,li1,28.5200,46.2400,1.799999
FILLER_0_13_31,VPWR,li1,20.7000,46.2400,1.799999
FILLER_0_13_27,VPWR,li1,18.1700,46.2400,1.799999
FILLER_0_13_21,VPWR,li1,16.5600,46.2400,1.799999
FILLER_0_13_15,VPWR,li1,12.6500,46.2400,1.799999
FILLER_0_13_9,VPWR,li1,9.8900,46.2400,1.799999
FILLER_0_13_3,VPWR,li1,8.2800,46.2400,1.799999
FILLER_0_12_99,VPWR,li1,51.2900,46.2400,1.799999
FILLER_0_12_83,VPWR,li1,43.9300,46.2400,1.799999
FILLER_0_12_77,VPWR,li1,42.3200,46.2400,1.799999
FILLER_0_12_65,VPWR,li1,38.1800,46.2400,1.799999
FILLER_0_12_53,VPWR,li1,32.6600,46.2400,1.799999
FILLER_0_12_41,VPWR,li1,27.1400,46.2400,1.799999
FILLER_0_12_29,VPWR,li1,21.6200,46.2400,1.799999
FILLER_0_12_26,VPWR,li1,17.9400,46.2400,1.799999
FILLER_0_12_18,VPWR,li1,15.6400,46.2400,1.799999
FILLER_0_12_6,VPWR,li1,11.0400,46.2400,1.799999
FILLER_0_11_81,VPWR,li1,43.4700,40.8000,1.799996
FILLER_0_11_69,VPWR,li1,40.0200,40.8000,1.799997
FILLER_0_11_57,VPWR,li1,34.5000,40.8000,1.799997
FILLER_0_11_52,VPWR,li1,30.3600,40.8000,1.799997
FILLER_0_11_40,VPWR,li1,26.6800,40.8000,1.799997
FILLER_0_11_30,VPWR,li1,20.2400,40.8000,1.799997
FILLER_0_11_18,VPWR,li1,16.5600,40.8000,1.799997
FILLER_0_11_7,VPWR,li1,9.4300,40.8000,1.799996
FILLER_0_10_80,VPWR,li1,42.5500,40.8000,1.799996
FILLER_0_10_64,VPWR,li1,35.1900,40.8000,1.799997
FILLER_0_10_49,VPWR,li1,28.9800,40.8000,1.799997
FILLER_0_10_32,VPWR,li1,20.4700,40.8000,1.799997
FILLER_0_10_22,VPWR,li1,15.8700,40.8000,1.799997
FILLER_0_9_93,VPWR,li1,48.5300,35.3600,1.799998
FILLER_0_9_88,VPWR,li1,46.4600,35.3600,1.799998
FILLER_0_9_73,VPWR,li1,40.9400,35.3600,1.799997
FILLER_0_9_57,VPWR,li1,32.2000,35.3600,1.799997
FILLER_0_9_50,VPWR,li1,28.7500,35.3600,1.799997
FILLER_0_9_42,VPWR,li1,26.6800,35.3600,1.799997
FILLER_0_9_23,VPWR,li1,17.9400,35.3600,1.799998
FILLER_0_9_17,VPWR,li1,13.5700,35.3600,1.799998
FILLER_0_9_10,VPWR,li1,10.5800,35.3600,1.799998
FILLER_0_9_6,VPWR,li1,8.5100,35.3600,1.799998
FILLER_0_8_102,VPWR,li1,52.6700,35.3600,1.799997
FILLER_0_8_80,VPWR,li1,43.2400,35.3600,1.799997
FILLER_0_8_68,VPWR,li1,39.5600,35.3600,1.799997
FILLER_0_8_41,VPWR,li1,25.3000,35.3600,1.799998
FILLER_0_8_29,VPWR,li1,21.6200,35.3600,1.799998
FILLER_0_8_27,VPWR,li1,18.1700,35.3600,1.799998
FILLER_0_8_15,VPWR,li1,15.1800,35.3600,1.799998
FILLER_0_8_3,VPWR,li1,9.6600,35.3600,1.799998
FILLER_0_7_81,VPWR,li1,43.4700,29.9200,1.799998
FILLER_0_7_69,VPWR,li1,40.0200,29.9200,1.799998
FILLER_0_7_57,VPWR,li1,34.5000,29.9200,1.799999
FILLER_0_7_55,VPWR,li1,31.0500,29.9200,1.799999
FILLER_0_7_49,VPWR,li1,29.4400,29.9200,1.799999
FILLER_0_7_38,VPWR,li1,23.2300,29.9200,1.799998
FILLER_0_7_27,VPWR,li1,19.3200,29.9200,1.799998
FILLER_0_7_15,VPWR,li1,15.1800,29.9200,1.799998
FILLER_0_7_6,VPWR,li1,9.2000,29.9200,1.799998
FILLER_0_6_99,VPWR,li1,51.2900,29.9200,1.799997
FILLER_0_6_67,VPWR,li1,37.2600,29.9200,1.799998
FILLER_0_6_51,VPWR,li1,30.8200,29.9200,1.799999
FILLER_0_5_97,VPWR,li1,50.8300,24.4800,1.799998
FILLER_0_5_74,VPWR,li1,39.7900,24.4800,1.799997
FILLER_0_5_57,VPWR,li1,31.9700,24.4800,1.799997
FILLER_0_5_55,VPWR,li1,31.0500,24.4800,1.799997
FILLER_0_5_51,VPWR,li1,29.9000,24.4800,1.799997
FILLER_0_5_39,VPWR,li1,26.2200,24.4800,1.799997
FILLER_0_5_33,VPWR,li1,20.9300,24.4800,1.799997
FILLER_0_5_18,VPWR,li1,15.6400,24.4800,1.799997
FILLER_0_5_10,VPWR,li1,10.8100,24.4800,1.799996
FILLER_0_4_100,VPWR,li1,52.2100,24.4800,1.799998
FILLER_0_4_92,VPWR,li1,49.6800,24.4800,1.799998
FILLER_0_4_65,VPWR,li1,35.8800,24.4800,1.799997
FILLER_0_4_49,VPWR,li1,28.7500,24.4800,1.799997
FILLER_0_4_41,VPWR,li1,26.2200,24.4800,1.799997
FILLER_0_4_29,VPWR,li1,21.6200,24.4800,1.799997
FILLER_0_4_26,VPWR,li1,17.9400,24.4800,1.799997
FILLER_0_4_18,VPWR,li1,15.6400,24.4800,1.799997
FILLER_0_4_6,VPWR,li1,11.0400,24.4800,1.799996
FILLER_0_3_97,VPWR,li1,51.5200,19.0400,1.799998
FILLER_0_3_78,VPWR,li1,42.3200,19.0400,1.799997
FILLER_0_3_63,VPWR,li1,34.7300,19.0400,1.799997
FILLER_0_3_57,VPWR,li1,33.1200,19.0400,1.799997
FILLER_0_3_55,VPWR,li1,31.0500,19.0400,1.799997
FILLER_0_3_37,VPWR,li1,23.0000,19.0400,1.799998
FILLER_0_3_33,VPWR,li1,20.9300,19.0400,1.799997
FILLER_0_3_27,VPWR,li1,19.3200,19.0400,1.799997
FILLER_0_3_15,VPWR,li1,15.1800,19.0400,1.799997
FILLER_0_3_3,VPWR,li1,9.6600,19.0400,1.799996
FILLER_0_2_76,VPWR,li1,40.7100,19.0400,1.799997
FILLER_0_2_60,VPWR,li1,33.3500,19.0400,1.799997
FILLER_0_2_54,VPWR,li1,31.7400,19.0400,1.799997
FILLER_0_2_29,VPWR,li1,19.3200,19.0400,1.799997
FILLER_0_2_12,VPWR,li1,11.2700,19.0400,1.799997
FILLER_0_1_102,VPWR,li1,52.6700,13.6000,1.799996
FILLER_0_1_86,VPWR,li1,45.3100,13.6000,1.799996
FILLER_0_1_76,VPWR,li1,41.1700,13.6000,1.799996
FILLER_0_1_63,VPWR,li1,34.7300,13.6000,1.799996
FILLER_0_1_57,VPWR,li1,33.1200,13.6000,1.799996
FILLER_0_1_55,VPWR,li1,31.0500,13.6000,1.799996
FILLER_0_1_51,VPWR,li1,29.9000,13.6000,1.799996
FILLER_0_1_35,VPWR,li1,22.0800,13.6000,1.799997
FILLER_0_1_30,VPWR,li1,19.5500,13.6000,1.799997
FILLER_0_1_24,VPWR,li1,17.9400,13.6000,1.799997
FILLER_0_1_17,VPWR,li1,13.5700,13.6000,1.799998
FILLER_0_1_13,VPWR,li1,12.4200,13.6000,1.799998
FILLER_0_1_9,VPWR,li1,9.8900,13.6000,1.799998
FILLER_0_1_3,VPWR,li1,8.2800,13.6000,1.799998
FILLER_0_0_97,VPWR,li1,51.5200,13.6000,1.799996
FILLER_0_0_90,VPWR,li1,47.8400,13.6000,1.799996
FILLER_0_0_85,VPWR,li1,45.0800,13.6000,1.799996
FILLER_0_0_83,VPWR,li1,43.9300,13.6000,1.799996
FILLER_0_0_77,VPWR,li1,41.6300,13.6000,1.799996
FILLER_0_0_70,VPWR,li1,38.4100,13.6000,1.799995
FILLER_0_0_62,VPWR,li1,34.9600,13.6000,1.799996
FILLER_0_0_57,VPWR,li1,32.2000,13.6000,1.799996
FILLER_0_0_55,VPWR,li1,31.0500,13.6000,1.799996
FILLER_0_0_49,VPWR,li1,29.4400,13.6000,1.799996
FILLER_0_0_34,VPWR,li1,21.8500,13.6000,1.799997
FILLER_0_0_29,VPWR,li1,19.3200,13.6000,1.799997
FILLER_0_0_27,VPWR,li1,18.1700,13.6000,1.799997
FILLER_0_0_15,VPWR,li1,15.1800,13.6000,1.799998
FILLER_0_0_3,VPWR,li1,9.6600,13.6000,1.799998
rebuffer13,VPWR,li1,37.9500,24.4800,1.799997
rebuffer12,VPWR,li1,46.2300,24.4800,1.799997
rebuffer11,VPWR,li1,49.4500,35.3600,1.799997
rebuffer10,VPWR,li1,49.9100,40.8000,1.799996
rebuffer9,VPWR,li1,25.0700,29.9200,1.799999
rebuffer8,VPWR,li1,25.0700,19.0400,1.799997
rebuffer7,VPWR,li1,36.5700,19.0400,1.799998
rebuffer6,VPWR,li1,46.2300,29.9200,1.799998
rebuffer5,VPWR,li1,45.5400,19.0400,1.799997
rebuffer4,VPWR,li1,37.7200,57.1200,1.799998
rebuffer3,VPWR,li1,41.6300,57.1200,1.799998
rebuffer2,VPWR,li1,25.5300,57.1200,1.799998
rebuffer1,VPWR,li1,27.1400,51.6800,1.799997
output29,VPWR,li1,8.9700,19.0400,1.799996
output28,VPWR,li1,7.8200,24.4800,1.799995
output27,VPWR,li1,7.8200,40.8000,1.799995
output26,VPWR,li1,7.8200,51.6800,1.799995
output25,VPWR,li1,33.1200,57.1200,1.799998
output24,VPWR,li1,51.9800,40.8000,1.799995
output23,VPWR,li1,36.8000,13.6000,1.799996
output22,VPWR,li1,40.0200,13.6000,1.799995
output21,VPWR,li1,25.9900,13.6000,1.799996
input20,VPWR,li1,50.8300,29.9200,1.799997
input19,VPWR,li1,50.8300,35.3600,1.799997
input18,VPWR,li1,33.3500,13.6000,1.799996
input17,VPWR,li1,46.2300,13.6000,1.799996
input16,VPWR,li1,20.4700,13.6000,1.799997
input15,VPWR,li1,7.5900,24.4800,1.799995
input14,VPWR,li1,7.5900,35.3600,1.799998
input13,VPWR,li1,20.4700,57.1200,1.799999
input12,VPWR,li1,45.3100,57.1200,1.799998
input11,VPWR,li1,52.2100,40.8000,1.799995
input10,VPWR,li1,52.2100,29.9200,1.799997
input9,VPWR,li1,49.4500,13.6000,1.799996
input8,VPWR,li1,23.2300,13.6000,1.799997
input7,VPWR,li1,7.5900,29.9200,1.799998
input6,VPWR,li1,7.5900,46.2400,1.799999
input5,VPWR,li1,27.8300,57.1200,1.799998
input4,VPWR,li1,43.0100,51.6800,1.799998
input3,VPWR,li1,52.2100,46.2400,1.799999
input2,VPWR,li1,52.2100,24.4800,1.799998
input1,VPWR,li1,43.0100,13.6000,1.799996
TAP_TAPCELL_ROW_16_61,VPWR,li1,44.3900,56.8130,1.799998
TAP_TAPCELL_ROW_16_60,VPWR,li1,31.5100,56.8130,1.799998
TAP_TAPCELL_ROW_16_59,VPWR,li1,18.6300,56.8130,1.799999
TAP_TAPCELL_ROW_15_58,VPWR,li1,31.5100,51.9860,1.799997
TAP_TAPCELL_ROW_14_57,VPWR,li1,44.3900,51.3730,1.799998
TAP_TAPCELL_ROW_14_56,VPWR,li1,18.6300,51.3730,1.799997
TAP_TAPCELL_ROW_13_55,VPWR,li1,31.5100,46.5460,1.799999
TAP_TAPCELL_ROW_12_54,VPWR,li1,44.3900,45.9330,1.799999
TAP_TAPCELL_ROW_12_53,VPWR,li1,18.6300,45.9330,1.799999
TAP_TAPCELL_ROW_11_52,VPWR,li1,31.5100,41.1060,1.799997
TAP_TAPCELL_ROW_10_51,VPWR,li1,44.3900,40.4930,1.799996
TAP_TAPCELL_ROW_10_50,VPWR,li1,18.6300,40.4930,1.799997
TAP_TAPCELL_ROW_9_49,VPWR,li1,31.5100,35.6660,1.799997
TAP_TAPCELL_ROW_8_48,VPWR,li1,44.3900,35.0530,1.799997
TAP_TAPCELL_ROW_8_47,VPWR,li1,18.6300,35.0530,1.799998
TAP_TAPCELL_ROW_7_46,VPWR,li1,31.5100,30.2260,1.799999
TAP_TAPCELL_ROW_6_45,VPWR,li1,44.3900,29.6130,1.799998
TAP_TAPCELL_ROW_6_44,VPWR,li1,18.6300,29.6130,1.799998
TAP_TAPCELL_ROW_5_43,VPWR,li1,31.5100,24.7860,1.799997
TAP_TAPCELL_ROW_4_42,VPWR,li1,44.3900,24.1730,1.799997
TAP_TAPCELL_ROW_4_41,VPWR,li1,18.6300,24.1730,1.799997
TAP_TAPCELL_ROW_3_40,VPWR,li1,31.5100,19.3460,1.799997
TAP_TAPCELL_ROW_2_39,VPWR,li1,44.3900,18.7330,1.799997
TAP_TAPCELL_ROW_2_38,VPWR,li1,18.6300,18.7330,1.799997
TAP_TAPCELL_ROW_1_37,VPWR,li1,31.5100,13.9060,1.799996
TAP_TAPCELL_ROW_0_36,VPWR,li1,44.3900,13.2930,1.799996
TAP_TAPCELL_ROW_0_35,VPWR,li1,31.5100,13.2930,1.799996
TAP_TAPCELL_ROW_0_34,VPWR,li1,18.6300,13.2930,1.799997
PHY_EDGE_ROW_16_Left_33,VPWR,li1,6.2100,57.1200,1.799999
PHY_EDGE_ROW_15_Left_32,VPWR,li1,6.2100,51.6800,1.799995
PHY_EDGE_ROW_14_Left_31,VPWR,li1,6.2100,51.6800,1.799995
PHY_EDGE_ROW_13_Left_30,VPWR,li1,6.2100,46.2400,1.799999
PHY_EDGE_ROW_12_Left_29,VPWR,li1,6.2100,46.2400,1.799999
PHY_EDGE_ROW_11_Left_28,VPWR,li1,6.2100,40.8000,1.799995
PHY_EDGE_ROW_10_Left_27,VPWR,li1,6.2100,40.8000,1.799995
PHY_EDGE_ROW_9_Left_26,VPWR,li1,6.2100,35.3600,1.799998
PHY_EDGE_ROW_8_Left_25,VPWR,li1,6.2100,35.3600,1.799998
PHY_EDGE_ROW_7_Left_24,VPWR,li1,6.2100,29.9200,1.799998
PHY_EDGE_ROW_6_Left_23,VPWR,li1,6.2100,29.9200,1.799998
PHY_EDGE_ROW_5_Left_22,VPWR,li1,6.2100,24.4800,1.799995
PHY_EDGE_ROW_4_Left_21,VPWR,li1,6.2100,24.4800,1.799995
PHY_EDGE_ROW_3_Left_20,VPWR,li1,6.2100,19.0400,1.799996
PHY_EDGE_ROW_2_Left_19,VPWR,li1,6.2100,19.0400,1.799996
PHY_EDGE_ROW_1_Left_18,VPWR,li1,6.2100,13.6000,1.799998
PHY_EDGE_ROW_0_Left_17,VPWR,li1,6.2100,13.6000,1.799998
PHY_EDGE_ROW_16_Right_16,VPWR,li1,53.5900,57.1200,1.799999
PHY_EDGE_ROW_15_Right_15,VPWR,li1,53.5900,51.6800,1.799999
PHY_EDGE_ROW_14_Right_14,VPWR,li1,53.5900,51.6800,1.799999
PHY_EDGE_ROW_13_Right_13,VPWR,li1,53.5900,46.2400,1.799999
PHY_EDGE_ROW_12_Right_12,VPWR,li1,53.5900,46.2400,1.799999
PHY_EDGE_ROW_11_Right_11,VPWR,li1,53.5900,40.8000,1.799995
PHY_EDGE_ROW_10_Right_10,VPWR,li1,53.5900,40.8000,1.799995
PHY_EDGE_ROW_9_Right_9,VPWR,li1,53.5900,35.3600,1.799997
PHY_EDGE_ROW_8_Right_8,VPWR,li1,53.5900,35.3600,1.799997
PHY_EDGE_ROW_7_Right_7,VPWR,li1,53.5900,29.9200,1.799997
PHY_EDGE_ROW_6_Right_6,VPWR,li1,53.5900,29.9200,1.799997
PHY_EDGE_ROW_5_Right_5,VPWR,li1,53.5900,24.4800,1.799998
PHY_EDGE_ROW_4_Right_4,VPWR,li1,53.5900,24.4800,1.799998
PHY_EDGE_ROW_3_Right_3,VPWR,li1,53.5900,19.0400,1.799998
PHY_EDGE_ROW_2_Right_2,VPWR,li1,53.5900,19.0400,1.799998
PHY_EDGE_ROW_1_Right_1,VPWR,li1,53.5900,13.6000,1.799996
PHY_EDGE_ROW_0_Right_0,VPWR,li1,53.5900,13.6000,1.799996
_226_,VPWR,li1,10.8100,13.6000,1.799998
_225_,VPWR,li1,9.4300,24.4800,1.799996
_224_,VPWR,li1,9.4300,35.3600,1.799998
_223_,VPWR,li1,9.8900,51.6800,1.799996
_222_,VPWR,li1,28.2900,51.6800,1.799997
_221_,VPWR,li1,34.2700,40.8000,1.799997
_220_,VPWR,li1,32.8900,24.4800,1.799997
_219_,VPWR,li1,38.4100,13.6000,1.799995
_218_,VPWR,li1,39.1000,19.0400,1.799997
_217_,VPWR,li1,35.6500,19.0400,1.799998
_216_,VPWR,li1,39.7900,13.6000,1.799995
_215_,VPWR,li1,36.3400,13.6000,1.799996
_214_,VPWR,li1,42.5500,19.0400,1.799997
_213_,VPWR,li1,27.1400,19.0400,1.799997
_212_,VPWR,li1,23.6900,19.0400,1.799998
_211_,VPWR,li1,23.6900,13.6000,1.799997
_210_,VPWR,li1,29.6700,19.0400,1.799997
_209_,VPWR,li1,13.1100,19.0400,1.799997
_208_,VPWR,li1,15.1800,13.6000,1.799998
_207_,VPWR,li1,16.5600,19.0400,1.799997
_206_,VPWR,li1,20.9300,19.0400,1.799997
_205_,VPWR,li1,21.8500,19.0400,1.799997
_204_,VPWR,li1,20.7000,13.6000,1.799997
_203_,VPWR,li1,26.9100,13.6000,1.799996
_202_,VPWR,li1,29.9000,19.0400,1.799997
_201_,VPWR,li1,27.8300,19.0400,1.799997
_200_,VPWR,li1,23.6900,29.9200,1.799999
_199_,VPWR,li1,21.8500,29.9200,1.799998
_198_,VPWR,li1,27.3700,29.9200,1.799999
_197_,VPWR,li1,20.2400,29.9200,1.799998
_196_,VPWR,li1,27.3700,29.9200,1.799999
_195_,VPWR,li1,8.7400,29.9200,1.799998
_194_,VPWR,li1,11.2700,29.9200,1.799998
_193_,VPWR,li1,12.4200,29.9200,1.799998
_192_,VPWR,li1,17.2500,29.9200,1.799998
_191_,VPWR,li1,18.1700,24.4800,1.799997
_190_,VPWR,li1,15.1800,29.9200,1.799998
_189_,VPWR,li1,12.6500,24.4800,1.799997
_188_,VPWR,li1,19.7800,24.4800,1.799997
_187_,VPWR,li1,22.3100,24.4800,1.799997
_186_,VPWR,li1,22.7700,40.8000,1.799997
_185_,VPWR,li1,17.2500,40.8000,1.799997
_184_,VPWR,li1,26.4500,40.8000,1.799997
_183_,VPWR,li1,19.5500,40.8000,1.799997
_182_,VPWR,li1,8.7400,40.8000,1.799996
_181_,VPWR,li1,11.2700,40.8000,1.799997
_180_,VPWR,li1,12.4200,40.8000,1.799997
_179_,VPWR,li1,14.9500,35.3600,1.799998
_178_,VPWR,li1,14.9500,40.8000,1.799997
_177_,VPWR,li1,13.1100,40.8000,1.799997
_176_,VPWR,li1,12.1900,35.3600,1.799998
_175_,VPWR,li1,22.5400,40.8000,1.799997
_174_,VPWR,li1,21.1600,35.3600,1.799998
_173_,VPWR,li1,23.6900,35.3600,1.799998
_172_,VPWR,li1,23.6900,46.2400,1.799999
_171_,VPWR,li1,25.0700,51.6800,1.799997
_170_,VPWR,li1,22.3100,51.6800,1.799997
_169_,VPWR,li1,23.0000,51.6800,1.799997
_168_,VPWR,li1,20.0100,51.6800,1.799997
_167_,VPWR,li1,9.2000,51.6800,1.799996
_166_,VPWR,li1,11.2700,46.2400,1.799999
_165_,VPWR,li1,12.8800,51.6800,1.799997
_164_,VPWR,li1,17.2500,51.6800,1.799997
_163_,VPWR,li1,19.0900,46.2400,1.799999
_162_,VPWR,li1,13.3400,51.6800,1.799997
_161_,VPWR,li1,14.0300,46.2400,1.799999
_160_,VPWR,li1,20.7000,51.6800,1.799997
_159_,VPWR,li1,25.5300,51.6800,1.799997
_158_,VPWR,li1,39.7900,46.2400,1.799999
_157_,VPWR,li1,37.4900,46.2400,1.799999
_156_,VPWR,li1,38.4100,51.6800,1.799998
_155_,VPWR,li1,41.6300,51.6800,1.799998
_154_,VPWR,li1,31.7400,51.6800,1.799997
_153_,VPWR,li1,34.7300,51.6800,1.799998
_152_,VPWR,li1,33.5800,46.2400,1.799999
_151_,VPWR,li1,35.6500,51.6800,1.799998
_150_,VPWR,li1,41.1700,46.2400,1.799999
_149_,VPWR,li1,32.8900,51.6800,1.799997
_148_,VPWR,li1,30.1300,51.6800,1.799997
_147_,VPWR,li1,39.3300,51.6800,1.799998
_146_,VPWR,li1,47.8400,46.2400,1.799999
_145_,VPWR,li1,46.4600,40.8000,1.799996
_144_,VPWR,li1,51.7500,35.3600,1.799997
_143_,VPWR,li1,47.1500,40.8000,1.799996
_142_,VPWR,li1,44.8500,40.8000,1.799996
_141_,VPWR,li1,34.5000,35.3600,1.799998
_140_,VPWR,li1,40.7100,40.8000,1.799997
_139_,VPWR,li1,37.2600,40.8000,1.799997
_138_,VPWR,li1,38.4100,35.3600,1.799997
_137_,VPWR,li1,43.4700,35.3600,1.799997
_136_,VPWR,li1,46.2300,35.3600,1.799998
_135_,VPWR,li1,45.0800,35.3600,1.799998
_134_,VPWR,li1,43.4700,40.8000,1.799996
_133_,VPWR,li1,49.9100,40.8000,1.799996
_132_,VPWR,li1,47.6100,35.3600,1.799998
_131_,VPWR,li1,44.8500,29.9200,1.799998
_130_,VPWR,li1,42.5500,24.4800,1.799997
_129_,VPWR,li1,49.4500,29.9200,1.799997
_128_,VPWR,li1,47.1500,29.9200,1.799998
_127_,VPWR,li1,34.5000,29.9200,1.799999
_126_,VPWR,li1,35.4200,24.4800,1.799997
_125_,VPWR,li1,31.7400,40.8000,1.799997
_124_,VPWR,li1,37.0300,35.3600,1.799997
_123_,VPWR,li1,30.1300,35.3600,1.799997
_122_,VPWR,li1,43.0100,29.9200,1.799998
_121_,VPWR,li1,38.4100,24.4800,1.799997
_120_,VPWR,li1,38.8700,29.9200,1.799998
_119_,VPWR,li1,31.9700,35.3600,1.799997
_118_,VPWR,li1,40.7100,29.9200,1.799998
_117_,VPWR,li1,40.2500,24.4800,1.799997
_116_,VPWR,li1,45.0800,24.4800,1.799997
_115_,VPWR,li1,48.7600,19.0400,1.799998
_114_,VPWR,li1,39.7900,19.0400,1.799997
_113_,VPWR,li1,35.1900,35.3600,1.799998
_112_,VPWR,li1,30.3600,24.4800,1.799997
_111_,VPWR,li1,49.6800,13.6000,1.799996
_110_,VPWR,li1,46.9200,13.6000,1.799996
_109_,VPWR,li1,33.3500,24.4800,1.799997
_108_,VPWR,li1,43.4700,13.6000,1.799996
_107_,VPWR,li1,48.9900,19.0400,1.799998
_106_,VPWR,li1,51.7500,13.6000,1.799996
_105_,VPWR,li1,28.2900,35.3600,1.799997
