Instance,Terminal,Layer,X location,Y location,Voltage
FILLER_0_16_100,VGND,li1,52.2100,54.4000,0.000002
FILLER_0_16_88,VGND,li1,48.7600,54.4000,0.000002
FILLER_0_16_82,VGND,li1,43.7000,54.4000,0.000003
FILLER_0_16_63,VGND,li1,34.9600,54.4000,0.000004
FILLER_0_16_50,VGND,li1,29.9000,54.4000,0.000004
FILLER_0_16_34,VGND,li1,22.5400,54.4000,0.000003
FILLER_0_16_29,VGND,li1,19.3200,54.4000,0.000003
FILLER_0_16_27,VGND,li1,18.1700,54.4000,0.000003
FILLER_0_16_15,VGND,li1,15.1800,54.4000,0.000003
FILLER_0_16_3,VGND,li1,9.6600,54.4000,0.000004
FILLER_0_15_95,VGND,li1,51.0600,54.4000,0.000002
FILLER_0_15_83,VGND,li1,46.4600,54.4000,0.000002
FILLER_0_15_66,VGND,li1,36.1100,54.4000,0.000004
FILLER_0_15_57,VGND,li1,31.9700,54.4000,0.000004
FILLER_0_15_46,VGND,li1,27.1400,54.4000,0.000003
FILLER_0_15_19,VGND,li1,17.0200,54.4000,0.000003
FILLER_0_15_11,VGND,li1,11.5000,54.4000,0.000004
FILLER_0_15_7,VGND,li1,8.9700,54.4000,0.000004
FILLER_0_14_97,VGND,li1,51.5200,48.9600,0.000001
FILLER_0_14_85,VGND,li1,47.3800,48.9600,0.000001
FILLER_0_14_82,VGND,li1,43.7000,48.9600,0.000001
FILLER_0_14_61,VGND,li1,34.0400,48.9600,0.000002
FILLER_0_14_49,VGND,li1,28.9800,48.9600,0.000002
FILLER_0_14_29,VGND,li1,19.0900,48.9600,0.000002
FILLER_0_14_20,VGND,li1,15.4100,48.9600,0.000002
FILLER_0_14_3,VGND,li1,7.1300,48.9600,0.000002
FILLER_0_13_91,VGND,li1,50.1400,48.9600,0.000001
FILLER_0_13_79,VGND,li1,44.6200,48.9600,0.000001
FILLER_0_13_65,VGND,li1,35.6500,48.9600,0.000001
FILLER_0_13_44,VGND,li1,28.5200,48.9600,0.000001
FILLER_0_13_31,VGND,li1,20.7000,48.9600,0.000002
FILLER_0_13_27,VGND,li1,18.1700,48.9600,0.000002
FILLER_0_13_21,VGND,li1,16.5600,48.9600,0.000002
FILLER_0_13_15,VGND,li1,12.6500,48.9600,0.000002
FILLER_0_13_9,VGND,li1,9.8900,48.9600,0.000002
FILLER_0_13_3,VGND,li1,8.2800,48.9600,0.000002
FILLER_0_12_99,VGND,li1,51.2900,43.5200,0.000003
FILLER_0_12_83,VGND,li1,43.9300,43.5200,0.000002
FILLER_0_12_77,VGND,li1,42.3200,43.5200,0.000002
FILLER_0_12_65,VGND,li1,38.1800,43.5200,0.000001
FILLER_0_12_53,VGND,li1,32.6600,43.5200,0.000001
FILLER_0_12_41,VGND,li1,27.1400,43.5200,0.000001
FILLER_0_12_29,VGND,li1,21.6200,43.5200,0.000002
FILLER_0_12_26,VGND,li1,17.9400,43.5200,0.000002
FILLER_0_12_18,VGND,li1,15.6400,43.5200,0.000002
FILLER_0_12_6,VGND,li1,11.0400,43.5200,0.000004
FILLER_0_11_81,VGND,li1,43.4700,43.5200,0.000002
FILLER_0_11_69,VGND,li1,40.0200,43.5200,0.000002
FILLER_0_11_57,VGND,li1,34.5000,43.5200,0.000001
FILLER_0_11_52,VGND,li1,30.3600,43.5200,0.000001
FILLER_0_11_40,VGND,li1,26.6800,43.5200,0.000001
FILLER_0_11_30,VGND,li1,20.2400,43.5200,0.000002
FILLER_0_11_18,VGND,li1,16.5600,43.5200,0.000002
FILLER_0_11_7,VGND,li1,9.4300,43.5200,0.000004
FILLER_0_10_80,VGND,li1,42.5500,38.0800,0.000003
FILLER_0_10_64,VGND,li1,35.1900,38.0800,0.000003
FILLER_0_10_49,VGND,li1,28.9800,38.0800,0.000003
FILLER_0_10_32,VGND,li1,20.4700,38.0800,0.000003
FILLER_0_10_22,VGND,li1,15.8700,38.0800,0.000003
FILLER_0_9_93,VGND,li1,48.5300,38.0800,0.000002
FILLER_0_9_88,VGND,li1,46.4600,38.0800,0.000003
FILLER_0_9_73,VGND,li1,40.9400,38.0800,0.000003
FILLER_0_9_57,VGND,li1,32.2000,38.0800,0.000003
FILLER_0_9_50,VGND,li1,28.7500,38.0800,0.000003
FILLER_0_9_42,VGND,li1,26.6800,38.0800,0.000003
FILLER_0_9_23,VGND,li1,17.9400,38.0800,0.000003
FILLER_0_9_17,VGND,li1,13.5700,38.0800,0.000004
FILLER_0_9_10,VGND,li1,10.5800,38.0800,0.000004
FILLER_0_9_6,VGND,li1,8.5100,38.0800,0.000004
FILLER_0_8_102,VGND,li1,52.6700,32.6400,0.000002
FILLER_0_8_80,VGND,li1,43.2400,32.6400,0.000002
FILLER_0_8_68,VGND,li1,39.5600,32.6400,0.000002
FILLER_0_8_41,VGND,li1,25.3000,32.6400,0.000002
FILLER_0_8_29,VGND,li1,21.6200,32.6400,0.000002
FILLER_0_8_27,VGND,li1,18.1700,32.6400,0.000002
FILLER_0_8_15,VGND,li1,15.1800,32.6400,0.000001
FILLER_0_8_3,VGND,li1,9.6600,32.6400,0.000002
FILLER_0_7_81,VGND,li1,43.4700,32.6400,0.000002
FILLER_0_7_69,VGND,li1,40.0200,32.6400,0.000002
FILLER_0_7_57,VGND,li1,34.5000,32.6400,0.000002
FILLER_0_7_55,VGND,li1,31.0500,32.6400,0.000002
FILLER_0_7_49,VGND,li1,29.4400,32.6400,0.000002
FILLER_0_7_38,VGND,li1,23.2300,32.6400,0.000002
FILLER_0_7_27,VGND,li1,19.3200,32.6400,0.000002
FILLER_0_7_15,VGND,li1,15.1800,32.6400,0.000001
FILLER_0_7_6,VGND,li1,9.2000,32.6400,0.000002
FILLER_0_6_99,VGND,li1,51.2900,27.2000,0.000002
FILLER_0_6_67,VGND,li1,37.2600,27.2000,0.000003
FILLER_0_6_51,VGND,li1,30.8200,27.2000,0.000003
FILLER_0_5_97,VGND,li1,50.8300,27.2000,0.000002
FILLER_0_5_74,VGND,li1,39.7900,27.2000,0.000003
FILLER_0_5_57,VGND,li1,31.9700,27.2000,0.000003
FILLER_0_5_55,VGND,li1,31.0500,27.2000,0.000003
FILLER_0_5_51,VGND,li1,29.9000,27.2000,0.000003
FILLER_0_5_39,VGND,li1,26.2200,27.2000,0.000003
FILLER_0_5_33,VGND,li1,20.9300,27.2000,0.000004
FILLER_0_5_18,VGND,li1,15.6400,27.2000,0.000004
FILLER_0_5_10,VGND,li1,10.8100,27.2000,0.000006
FILLER_0_4_100,VGND,li1,52.2100,21.7600,0.000002
FILLER_0_4_92,VGND,li1,49.6800,21.7600,0.000002
FILLER_0_4_65,VGND,li1,35.8800,21.7600,0.000002
FILLER_0_4_49,VGND,li1,28.7500,21.7600,0.000002
FILLER_0_4_41,VGND,li1,26.2200,21.7600,0.000002
FILLER_0_4_29,VGND,li1,21.6200,21.7600,0.000002
FILLER_0_4_26,VGND,li1,17.9400,21.7600,0.000001
FILLER_0_4_18,VGND,li1,15.6400,21.7600,0.000001
FILLER_0_4_6,VGND,li1,11.0400,21.7600,0.000002
FILLER_0_3_97,VGND,li1,51.5200,21.7600,0.000002
FILLER_0_3_78,VGND,li1,42.3200,21.7600,0.000002
FILLER_0_3_63,VGND,li1,34.7300,21.7600,0.000003
FILLER_0_3_57,VGND,li1,33.1200,21.7600,0.000003
FILLER_0_3_55,VGND,li1,31.0500,21.7600,0.000002
FILLER_0_3_37,VGND,li1,23.0000,21.7600,0.000002
FILLER_0_3_33,VGND,li1,20.9300,21.7600,0.000002
FILLER_0_3_27,VGND,li1,19.3200,21.7600,0.000001
FILLER_0_3_15,VGND,li1,15.1800,21.7600,0.000001
FILLER_0_3_3,VGND,li1,9.6600,21.7600,0.000002
FILLER_0_2_76,VGND,li1,40.7100,16.3200,0.000003
FILLER_0_2_60,VGND,li1,33.3500,16.3200,0.000003
FILLER_0_2_54,VGND,li1,31.7400,16.3200,0.000003
FILLER_0_2_29,VGND,li1,19.3200,16.3200,0.000004
FILLER_0_2_12,VGND,li1,11.2700,16.3200,0.000006
FILLER_0_1_102,VGND,li1,52.6700,16.3200,0.000002
FILLER_0_1_86,VGND,li1,45.3100,16.3200,0.000003
FILLER_0_1_76,VGND,li1,41.1700,16.3200,0.000003
FILLER_0_1_63,VGND,li1,34.7300,16.3200,0.000003
FILLER_0_1_57,VGND,li1,33.1200,16.3200,0.000003
FILLER_0_1_55,VGND,li1,31.0500,16.3200,0.000003
FILLER_0_1_51,VGND,li1,29.9000,16.3200,0.000003
FILLER_0_1_35,VGND,li1,22.0800,16.3200,0.000004
FILLER_0_1_30,VGND,li1,19.5500,16.3200,0.000004
FILLER_0_1_24,VGND,li1,17.9400,16.3200,0.000004
FILLER_0_1_17,VGND,li1,13.5700,16.3200,0.000005
FILLER_0_1_13,VGND,li1,12.4200,16.3200,0.000006
FILLER_0_1_9,VGND,li1,9.8900,16.3200,0.000007
FILLER_0_1_3,VGND,li1,8.2800,16.3200,0.000007
FILLER_0_0_97,VGND,li1,51.5200,10.8800,0.000002
FILLER_0_0_90,VGND,li1,47.8400,10.8800,0.000003
FILLER_0_0_85,VGND,li1,45.0800,10.8800,0.000003
FILLER_0_0_83,VGND,li1,43.9300,10.8800,0.000003
FILLER_0_0_77,VGND,li1,41.6300,10.8800,0.000003
FILLER_0_0_70,VGND,li1,38.4100,10.8800,0.000003
FILLER_0_0_62,VGND,li1,34.9600,10.8800,0.000003
FILLER_0_0_57,VGND,li1,32.2000,10.8800,0.000003
FILLER_0_0_55,VGND,li1,31.0500,10.8800,0.000003
FILLER_0_0_49,VGND,li1,29.4400,10.8800,0.000003
FILLER_0_0_34,VGND,li1,21.8500,10.8800,0.000002
FILLER_0_0_29,VGND,li1,19.3200,10.8800,0.000002
FILLER_0_0_27,VGND,li1,18.1700,10.8800,0.000002
FILLER_0_0_15,VGND,li1,15.1800,10.8800,0.000001
FILLER_0_0_3,VGND,li1,9.6600,10.8800,0.000001
rebuffer13,VGND,li1,37.9500,21.7600,0.000002
rebuffer12,VGND,li1,46.2300,21.7600,0.000002
rebuffer11,VGND,li1,49.4500,32.6400,0.000002
rebuffer10,VGND,li1,49.9100,38.0800,0.000002
rebuffer9,VGND,li1,25.0700,32.6400,0.000002
rebuffer8,VGND,li1,25.0700,21.7600,0.000002
rebuffer7,VGND,li1,36.5700,21.7600,0.000002
rebuffer6,VGND,li1,46.2300,27.2000,0.000003
rebuffer5,VGND,li1,45.5400,21.7600,0.000002
rebuffer4,VGND,li1,37.7200,54.4000,0.000003
rebuffer3,VGND,li1,41.6300,54.4000,0.000003
rebuffer2,VGND,li1,25.5300,54.4000,0.000003
rebuffer1,VGND,li1,27.1400,48.9600,0.000001
output29,VGND,li1,8.9700,16.3200,0.000007
output28,VGND,li1,7.8200,27.2000,0.000007
output27,VGND,li1,7.8200,43.5200,0.000005
output26,VGND,li1,7.8200,54.4000,0.000005
output25,VGND,li1,33.1200,54.4000,0.000004
output24,VGND,li1,51.9800,43.5200,0.000004
output23,VGND,li1,36.8000,10.8800,0.000003
output22,VGND,li1,40.0200,10.8800,0.000003
output21,VGND,li1,25.9900,10.8800,0.000002
input20,VGND,li1,50.8300,32.6400,0.000002
input19,VGND,li1,50.8300,38.0800,0.000002
input18,VGND,li1,33.3500,10.8800,0.000003
input17,VGND,li1,46.2300,10.8800,0.000003
input16,VGND,li1,20.4700,10.8800,0.000002
input15,VGND,li1,7.5900,21.7600,0.000002
input14,VGND,li1,7.5900,38.0800,0.000004
input13,VGND,li1,20.4700,54.4000,0.000003
input12,VGND,li1,45.3100,54.4000,0.000003
input11,VGND,li1,52.2100,38.0800,0.000002
input10,VGND,li1,52.2100,27.2000,0.000002
input9,VGND,li1,49.4500,10.8800,0.000002
input8,VGND,li1,23.2300,10.8800,0.000002
input7,VGND,li1,7.5900,32.6400,0.000002
input6,VGND,li1,7.5900,43.5200,0.000005
input5,VGND,li1,27.8300,54.4000,0.000004
input4,VGND,li1,43.0100,54.4000,0.000003
input3,VGND,li1,52.2100,43.5200,0.000004
input2,VGND,li1,52.2100,27.2000,0.000002
input1,VGND,li1,43.0100,10.8800,0.000003
TAP_TAPCELL_ROW_16_61,VGND,li1,44.3900,54.6910,0.000003
TAP_TAPCELL_ROW_16_60,VGND,li1,31.5100,54.6910,0.000004
TAP_TAPCELL_ROW_16_59,VGND,li1,18.6300,54.6910,0.000003
TAP_TAPCELL_ROW_15_58,VGND,li1,31.5100,54.1080,0.000004
TAP_TAPCELL_ROW_14_57,VGND,li1,44.3900,49.2510,0.000001
TAP_TAPCELL_ROW_14_56,VGND,li1,18.6300,49.2510,0.000002
TAP_TAPCELL_ROW_13_55,VGND,li1,31.5100,48.6680,0.000002
TAP_TAPCELL_ROW_12_54,VGND,li1,44.3900,43.8110,0.000002
TAP_TAPCELL_ROW_12_53,VGND,li1,18.6300,43.8110,0.000002
TAP_TAPCELL_ROW_11_52,VGND,li1,31.5100,43.2280,0.000001
TAP_TAPCELL_ROW_10_51,VGND,li1,44.3900,38.3710,0.000003
TAP_TAPCELL_ROW_10_50,VGND,li1,18.6300,38.3710,0.000003
TAP_TAPCELL_ROW_9_49,VGND,li1,31.5100,37.7880,0.000003
TAP_TAPCELL_ROW_8_48,VGND,li1,44.3900,32.9310,0.000002
TAP_TAPCELL_ROW_8_47,VGND,li1,18.6300,32.9310,0.000002
TAP_TAPCELL_ROW_7_46,VGND,li1,31.5100,32.3480,0.000002
TAP_TAPCELL_ROW_6_45,VGND,li1,44.3900,27.4910,0.000003
TAP_TAPCELL_ROW_6_44,VGND,li1,18.6300,27.4910,0.000004
TAP_TAPCELL_ROW_5_43,VGND,li1,31.5100,26.9080,0.000003
TAP_TAPCELL_ROW_4_42,VGND,li1,44.3900,22.0510,0.000002
TAP_TAPCELL_ROW_4_41,VGND,li1,18.6300,22.0510,0.000001
TAP_TAPCELL_ROW_3_40,VGND,li1,31.5100,21.4680,0.000002
TAP_TAPCELL_ROW_2_39,VGND,li1,44.3900,16.6110,0.000003
TAP_TAPCELL_ROW_2_38,VGND,li1,18.6300,16.6110,0.000004
TAP_TAPCELL_ROW_1_37,VGND,li1,31.5100,16.0280,0.000003
TAP_TAPCELL_ROW_0_36,VGND,li1,44.3900,11.1710,0.000003
TAP_TAPCELL_ROW_0_35,VGND,li1,31.5100,11.1710,0.000003
TAP_TAPCELL_ROW_0_34,VGND,li1,18.6300,11.1710,0.000002
PHY_EDGE_ROW_16_Left_33,VGND,li1,6.2100,54.4000,0.000005
PHY_EDGE_ROW_15_Left_32,VGND,li1,6.2100,54.4000,0.000005
PHY_EDGE_ROW_14_Left_31,VGND,li1,6.2100,48.9600,0.000002
PHY_EDGE_ROW_13_Left_30,VGND,li1,6.2100,48.9600,0.000002
PHY_EDGE_ROW_12_Left_29,VGND,li1,6.2100,43.5200,0.000005
PHY_EDGE_ROW_11_Left_28,VGND,li1,6.2100,43.5200,0.000005
PHY_EDGE_ROW_10_Left_27,VGND,li1,6.2100,38.0800,0.000004
PHY_EDGE_ROW_9_Left_26,VGND,li1,6.2100,38.0800,0.000004
PHY_EDGE_ROW_8_Left_25,VGND,li1,6.2100,32.6400,0.000002
PHY_EDGE_ROW_7_Left_24,VGND,li1,6.2100,32.6400,0.000002
PHY_EDGE_ROW_6_Left_23,VGND,li1,6.2100,27.2000,0.000007
PHY_EDGE_ROW_5_Left_22,VGND,li1,6.2100,27.2000,0.000007
PHY_EDGE_ROW_4_Left_21,VGND,li1,6.2100,21.7600,0.000002
PHY_EDGE_ROW_3_Left_20,VGND,li1,6.2100,21.7600,0.000002
PHY_EDGE_ROW_2_Left_19,VGND,li1,6.2100,16.3200,0.000007
PHY_EDGE_ROW_1_Left_18,VGND,li1,6.2100,16.3200,0.000007
PHY_EDGE_ROW_0_Left_17,VGND,li1,6.2100,10.8800,0.000001
PHY_EDGE_ROW_16_Right_16,VGND,li1,53.5900,54.4000,0.000002
PHY_EDGE_ROW_15_Right_15,VGND,li1,53.5900,54.4000,0.000002
PHY_EDGE_ROW_14_Right_14,VGND,li1,53.5900,48.9600,0.000001
PHY_EDGE_ROW_13_Right_13,VGND,li1,53.5900,48.9600,0.000001
PHY_EDGE_ROW_12_Right_12,VGND,li1,53.5900,43.5200,0.000004
PHY_EDGE_ROW_11_Right_11,VGND,li1,53.5900,43.5200,0.000004
PHY_EDGE_ROW_10_Right_10,VGND,li1,53.5900,38.0800,0.000002
PHY_EDGE_ROW_9_Right_9,VGND,li1,53.5900,38.0800,0.000002
PHY_EDGE_ROW_8_Right_8,VGND,li1,53.5900,32.6400,0.000002
PHY_EDGE_ROW_7_Right_7,VGND,li1,53.5900,32.6400,0.000002
PHY_EDGE_ROW_6_Right_6,VGND,li1,53.5900,27.2000,0.000002
PHY_EDGE_ROW_5_Right_5,VGND,li1,53.5900,27.2000,0.000002
PHY_EDGE_ROW_4_Right_4,VGND,li1,53.5900,21.7600,0.000002
PHY_EDGE_ROW_3_Right_3,VGND,li1,53.5900,21.7600,0.000002
PHY_EDGE_ROW_2_Right_2,VGND,li1,53.5900,16.3200,0.000002
PHY_EDGE_ROW_1_Right_1,VGND,li1,53.5900,16.3200,0.000002
PHY_EDGE_ROW_0_Right_0,VGND,li1,53.5900,10.8800,0.000002
_226_,VGND,li1,10.8100,16.3200,0.000006
_225_,VGND,li1,9.4300,27.2000,0.000006
_224_,VGND,li1,9.4300,38.0800,0.000004
_223_,VGND,li1,9.8900,54.4000,0.000004
_222_,VGND,li1,28.2900,54.4000,0.000004
_221_,VGND,li1,34.2700,38.0800,0.000003
_220_,VGND,li1,32.8900,27.2000,0.000003
_219_,VGND,li1,38.4100,16.3200,0.000003
_218_,VGND,li1,39.1000,16.3200,0.000003
_217_,VGND,li1,35.6500,16.3200,0.000003
_216_,VGND,li1,39.7900,16.3200,0.000003
_215_,VGND,li1,36.3400,16.3200,0.000003
_214_,VGND,li1,42.5500,16.3200,0.000003
_213_,VGND,li1,27.1400,16.3200,0.000003
_212_,VGND,li1,23.6900,16.3200,0.000003
_211_,VGND,li1,23.6900,16.3200,0.000003
_210_,VGND,li1,29.6700,16.3200,0.000003
_209_,VGND,li1,13.1100,16.3200,0.000005
_208_,VGND,li1,15.1800,16.3200,0.000004
_207_,VGND,li1,16.5600,16.3200,0.000004
_206_,VGND,li1,20.9300,16.3200,0.000004
_205_,VGND,li1,21.8500,21.7600,0.000002
_204_,VGND,li1,20.7000,16.3200,0.000004
_203_,VGND,li1,26.9100,16.3200,0.000003
_202_,VGND,li1,29.9000,21.7600,0.000002
_201_,VGND,li1,27.8300,21.7600,0.000002
_200_,VGND,li1,23.6900,27.2000,0.000003
_199_,VGND,li1,21.8500,32.6400,0.000002
_198_,VGND,li1,27.3700,27.2000,0.000003
_197_,VGND,li1,20.2400,27.2000,0.000004
_196_,VGND,li1,27.3700,32.6400,0.000002
_195_,VGND,li1,8.7400,27.2000,0.000006
_194_,VGND,li1,11.2700,32.6400,0.000002
_193_,VGND,li1,12.4200,27.2000,0.000006
_192_,VGND,li1,17.2500,27.2000,0.000004
_191_,VGND,li1,18.1700,27.2000,0.000004
_190_,VGND,li1,15.1800,27.2000,0.000004
_189_,VGND,li1,12.6500,27.2000,0.000005
_188_,VGND,li1,19.7800,27.2000,0.000004
_187_,VGND,li1,22.3100,27.2000,0.000003
_186_,VGND,li1,22.7700,38.0800,0.000003
_185_,VGND,li1,17.2500,38.0800,0.000003
_184_,VGND,li1,26.4500,38.0800,0.000003
_183_,VGND,li1,19.5500,38.0800,0.000003
_182_,VGND,li1,8.7400,38.0800,0.000004
_181_,VGND,li1,11.2700,43.5200,0.000003
_180_,VGND,li1,12.4200,38.0800,0.000004
_179_,VGND,li1,14.9500,38.0800,0.000003
_178_,VGND,li1,14.9500,38.0800,0.000003
_177_,VGND,li1,13.1100,43.5200,0.000003
_176_,VGND,li1,12.1900,38.0800,0.000004
_175_,VGND,li1,22.5400,43.5200,0.000002
_174_,VGND,li1,21.1600,38.0800,0.000003
_173_,VGND,li1,23.6900,38.0800,0.000003
_172_,VGND,li1,23.6900,48.9600,0.000002
_171_,VGND,li1,25.0700,48.9600,0.000002
_170_,VGND,li1,22.3100,48.9600,0.000002
_169_,VGND,li1,23.0000,54.4000,0.000003
_168_,VGND,li1,20.0100,48.9600,0.000002
_167_,VGND,li1,9.2000,48.9600,0.000002
_166_,VGND,li1,11.2700,48.9600,0.000002
_165_,VGND,li1,12.8800,48.9600,0.000002
_164_,VGND,li1,17.2500,48.9600,0.000002
_163_,VGND,li1,19.0900,48.9600,0.000002
_162_,VGND,li1,13.3400,54.4000,0.000003
_161_,VGND,li1,14.0300,48.9600,0.000002
_160_,VGND,li1,20.7000,54.4000,0.000003
_159_,VGND,li1,25.5300,54.4000,0.000003
_158_,VGND,li1,39.7900,48.9600,0.000001
_157_,VGND,li1,37.4900,48.9600,0.000001
_156_,VGND,li1,38.4100,48.9600,0.000001
_155_,VGND,li1,41.6300,48.9600,0.000001
_154_,VGND,li1,31.7400,48.9600,0.000002
_153_,VGND,li1,34.7300,54.4000,0.000004
_152_,VGND,li1,33.5800,48.9600,0.000002
_151_,VGND,li1,35.6500,48.9600,0.000001
_150_,VGND,li1,41.1700,48.9600,0.000001
_149_,VGND,li1,32.8900,54.4000,0.000004
_148_,VGND,li1,30.1300,54.4000,0.000004
_147_,VGND,li1,39.3300,54.4000,0.000003
_146_,VGND,li1,47.8400,43.5200,0.000003
_145_,VGND,li1,46.4600,38.0800,0.000003
_144_,VGND,li1,51.7500,32.6400,0.000002
_143_,VGND,li1,47.1500,43.5200,0.000003
_142_,VGND,li1,44.8500,43.5200,0.000002
_141_,VGND,li1,34.5000,38.0800,0.000003
_140_,VGND,li1,40.7100,38.0800,0.000003
_139_,VGND,li1,37.2600,38.0800,0.000003
_138_,VGND,li1,38.4100,38.0800,0.000003
_137_,VGND,li1,43.4700,38.0800,0.000003
_136_,VGND,li1,46.2300,32.6400,0.000002
_135_,VGND,li1,45.0800,38.0800,0.000003
_134_,VGND,li1,43.4700,38.0800,0.000003
_133_,VGND,li1,49.9100,43.5200,0.000003
_132_,VGND,li1,47.6100,38.0800,0.000003
_131_,VGND,li1,44.8500,32.6400,0.000002
_130_,VGND,li1,42.5500,21.7600,0.000002
_129_,VGND,li1,49.4500,27.2000,0.000002
_128_,VGND,li1,47.1500,32.6400,0.000002
_127_,VGND,li1,34.5000,27.2000,0.000003
_126_,VGND,li1,35.4200,27.2000,0.000003
_125_,VGND,li1,31.7400,38.0800,0.000003
_124_,VGND,li1,37.0300,38.0800,0.000003
_123_,VGND,li1,30.1300,38.0800,0.000003
_122_,VGND,li1,43.0100,27.2000,0.000003
_121_,VGND,li1,38.4100,27.2000,0.000003
_120_,VGND,li1,38.8700,27.2000,0.000003
_119_,VGND,li1,31.9700,32.6400,0.000002
_118_,VGND,li1,40.7100,27.2000,0.000003
_117_,VGND,li1,40.2500,21.7600,0.000002
_116_,VGND,li1,45.0800,27.2000,0.000003
_115_,VGND,li1,48.7600,16.3200,0.000003
_114_,VGND,li1,39.7900,21.7600,0.000002
_113_,VGND,li1,35.1900,32.6400,0.000002
_112_,VGND,li1,30.3600,21.7600,0.000002
_111_,VGND,li1,49.6800,16.3200,0.000003
_110_,VGND,li1,46.9200,16.3200,0.000003
_109_,VGND,li1,33.3500,21.7600,0.000003
_108_,VGND,li1,43.4700,16.3200,0.000003
_107_,VGND,li1,48.9900,21.7600,0.000002
_106_,VGND,li1,51.7500,16.3200,0.000002
_105_,VGND,li1,28.2900,32.6400,0.000002
