OpenROAD b16bda7e82721d10566ff7e2b68f1ff0be9f9e38 
Features included (+) or not (-): +Charts +GPU +GUI +Python
This program is licensed under the BSD-3 license. See the LICENSE file for details.
Components of this program may be licensed under more restrictive licenses which must be honored.
define_corners Typical
read_liberty -corner Typical /home/amit/.volare/volare/sky130/versions/bdc9412b3e468c102d01b7cf6337be06ec6e9c9a/sky130A/libs.ref/sky130_fd_sc_hd/lib/sky130_fd_sc_hd__tt_025C_1v80.lib
Using 1e-12 for capacitance...
Using 1e+03 for resistance...
Using 1e-09 for time...
Using 1e+00 for voltage...
Using 1e-03 for current...
Using 1e-09 for power...
Using 1e-06 for distance...
[INFO]: Reading ODB at '/openlane/designs/alu_8bit/runs/RUN_2025.05.07_17.19.58/tmp/placement/7-global_skip_io.odb'…
Reading design constraints file at '/openlane/scripts/base.sdc'…
[INFO]: Setting output delay to: 2.0
[INFO]: Setting input delay to: 2.0
[WARNING STA-0366] port '__VIRTUAL_CLK__' not found.
[INFO]: Setting load to: 0.033442
[INFO]: Setting clock uncertainty to: 0.25
[INFO]: Setting clock transition to: 0.15
[WARNING STA-0419] transition time can not be specified for virtual clocks.
[INFO]: Setting timing derate to: 5.0 %
[INFO]: Setting RC values...
min_report

===========================================================================
report_checks -path_delay min (Hold)
============================================================================
======================= Typical Corner ===================================

Startpoint: b[7] (input port clocked by __VIRTUAL_CLK__)
Endpoint: result[7] (output port clocked by __VIRTUAL_CLK__)
Path Group: __VIRTUAL_CLK__
Path Type: min

Fanout     Cap    Slew   Delay    Time   Description
-----------------------------------------------------------------------------
                  0.00    0.00    0.00   clock __VIRTUAL_CLK__ (rise edge)
                          0.00    0.00   clock network delay (ideal)
                          2.00    2.00 v input external delay
     4    0.02    0.04    0.03    2.03 v b[7] (in)
                                         b[7] (net)
                  0.04    0.00    2.03 v _204_/B1 (sky130_fd_sc_hd__o21ai_2)
     1    0.00    0.04    0.04    2.07 ^ _204_/Y (sky130_fd_sc_hd__o21ai_2)
                                         _027_ (net)
                  0.04    0.00    2.07 ^ _209_/A3 (sky130_fd_sc_hd__a31o_2)
     1    0.00    0.03    0.13    2.20 ^ _209_/X (sky130_fd_sc_hd__a31o_2)
                                         alu7.result (net)
                  0.03    0.00    2.20 ^ _226_/A (sky130_fd_sc_hd__buf_2)
     1    0.04    0.18    0.19    2.39 ^ _226_/X (sky130_fd_sc_hd__buf_2)
                                         result[7] (net)
                  0.18    0.00    2.39 ^ result[7] (out)
                                  2.39   data arrival time

                  0.00    0.00    0.00   clock __VIRTUAL_CLK__ (rise edge)
                          0.00    0.00   clock network delay (ideal)
                          0.25    0.25   clock uncertainty
                          0.00    0.25   clock reconvergence pessimism
                         -2.00   -1.75   output external delay
                                 -1.75   data required time
-----------------------------------------------------------------------------
                                 -1.75   data required time
                                 -2.39   data arrival time
-----------------------------------------------------------------------------
                                  4.14   slack (MET)


Startpoint: b[0] (input port clocked by __VIRTUAL_CLK__)
Endpoint: result[0] (output port clocked by __VIRTUAL_CLK__)
Path Group: __VIRTUAL_CLK__
Path Type: min

Fanout     Cap    Slew   Delay    Time   Description
-----------------------------------------------------------------------------
                  0.00    0.00    0.00   clock __VIRTUAL_CLK__ (rise edge)
                          0.00    0.00   clock network delay (ideal)
                          2.00    2.00 v input external delay
     5    0.02    0.05    0.03    2.03 v b[0] (in)
                                         b[0] (net)
                  0.05    0.00    2.03 v _108_/B1 (sky130_fd_sc_hd__a21oi_2)
     2    0.01    0.13    0.12    2.15 ^ _108_/Y (sky130_fd_sc_hd__a21oi_2)
                                         _042_ (net)
                  0.13    0.00    2.15 ^ _218_/A1 (sky130_fd_sc_hd__o21bai_2)
     1    0.00    0.02    0.07    2.23 v _218_/Y (sky130_fd_sc_hd__o21bai_2)
                                         alu0.result (net)
                  0.02    0.00    2.23 v _219_/A (sky130_fd_sc_hd__buf_2)
     1    0.04    0.10    0.17    2.39 v _219_/X (sky130_fd_sc_hd__buf_2)
                                         result[0] (net)
                  0.10    0.00    2.40 v result[0] (out)
                                  2.40   data arrival time

                  0.00    0.00    0.00   clock __VIRTUAL_CLK__ (rise edge)
                          0.00    0.00   clock network delay (ideal)
                          0.25    0.25   clock uncertainty
                          0.00    0.25   clock reconvergence pessimism
                         -2.00   -1.75   output external delay
                                 -1.75   data required time
-----------------------------------------------------------------------------
                                 -1.75   data required time
                                 -2.40   data arrival time
-----------------------------------------------------------------------------
                                  4.15   slack (MET)


Startpoint: b[1] (input port clocked by __VIRTUAL_CLK__)
Endpoint: result[1] (output port clocked by __VIRTUAL_CLK__)
Path Group: __VIRTUAL_CLK__
Path Type: min

Fanout     Cap    Slew   Delay    Time   Description
-----------------------------------------------------------------------------
                  0.00    0.00    0.00   clock __VIRTUAL_CLK__ (rise edge)
                          0.00    0.00   clock network delay (ideal)
                          2.00    2.00 v input external delay
     5    0.02    0.04    0.03    2.03 v b[1] (in)
                                         b[1] (net)
                  0.04    0.00    2.03 v _117_/A (sky130_fd_sc_hd__nand2_2)
     1    0.00    0.03    0.04    2.07 ^ _117_/Y (sky130_fd_sc_hd__nand2_2)
                                         _051_ (net)
                  0.03    0.00    2.07 ^ _127_/A2 (sky130_fd_sc_hd__a32o_2)
     1    0.00    0.04    0.13    2.20 ^ _127_/X (sky130_fd_sc_hd__a32o_2)
                                         alu1.result (net)
                  0.04    0.00    2.20 ^ _220_/A (sky130_fd_sc_hd__buf_2)
     1    0.04    0.18    0.19    2.40 ^ _220_/X (sky130_fd_sc_hd__buf_2)
                                         result[1] (net)
                  0.18    0.00    2.40 ^ result[1] (out)
                                  2.40   data arrival time

                  0.00    0.00    0.00   clock __VIRTUAL_CLK__ (rise edge)
                          0.00    0.00   clock network delay (ideal)
                          0.25    0.25   clock uncertainty
                          0.00    0.25   clock reconvergence pessimism
                         -2.00   -1.75   output external delay
                                 -1.75   data required time
-----------------------------------------------------------------------------
                                 -1.75   data required time
                                 -2.40   data arrival time
-----------------------------------------------------------------------------
                                  4.15   slack (MET)


Startpoint: b[5] (input port clocked by __VIRTUAL_CLK__)
Endpoint: result[5] (output port clocked by __VIRTUAL_CLK__)
Path Group: __VIRTUAL_CLK__
Path Type: min

Fanout     Cap    Slew   Delay    Time   Description
-----------------------------------------------------------------------------
                  0.00    0.00    0.00   clock __VIRTUAL_CLK__ (rise edge)
                          0.00    0.00   clock network delay (ideal)
                          2.00    2.00 v input external delay
     5    0.02    0.05    0.03    2.03 v b[5] (in)
                                         b[5] (net)
                  0.05    0.00    2.03 v _177_/A (sky130_fd_sc_hd__nand2_2)
     1    0.00    0.03    0.04    2.07 ^ _177_/Y (sky130_fd_sc_hd__nand2_2)
                                         _002_ (net)
                  0.03    0.00    2.07 ^ _182_/A3 (sky130_fd_sc_hd__a32o_2)
     1    0.00    0.04    0.14    2.21 ^ _182_/X (sky130_fd_sc_hd__a32o_2)
                                         alu5.result (net)
                  0.04    0.00    2.21 ^ _224_/A (sky130_fd_sc_hd__buf_2)
     1    0.03    0.17    0.19    2.40 ^ _224_/X (sky130_fd_sc_hd__buf_2)
                                         result[5] (net)
                  0.17    0.00    2.40 ^ result[5] (out)
                                  2.40   data arrival time

                  0.00    0.00    0.00   clock __VIRTUAL_CLK__ (rise edge)
                          0.00    0.00   clock network delay (ideal)
                          0.25    0.25   clock uncertainty
                          0.00    0.25   clock reconvergence pessimism
                         -2.00   -1.75   output external delay
                                 -1.75   data required time
-----------------------------------------------------------------------------
                                 -1.75   data required time
                                 -2.40   data arrival time
-----------------------------------------------------------------------------
                                  4.15   slack (MET)


Startpoint: b[4] (input port clocked by __VIRTUAL_CLK__)
Endpoint: result[4] (output port clocked by __VIRTUAL_CLK__)
Path Group: __VIRTUAL_CLK__
Path Type: min

Fanout     Cap    Slew   Delay    Time   Description
-----------------------------------------------------------------------------
                  0.00    0.00    0.00   clock __VIRTUAL_CLK__ (rise edge)
                          0.00    0.00   clock network delay (ideal)
                          2.00    2.00 v input external delay
     5    0.02    0.05    0.03    2.03 v b[4] (in)
                                         b[4] (net)
                  0.05    0.00    2.03 v _162_/B1 (sky130_fd_sc_hd__o21ai_2)
     1    0.00    0.04    0.04    2.08 ^ _162_/Y (sky130_fd_sc_hd__o21ai_2)
                                         _093_ (net)
                  0.04    0.00    2.08 ^ _167_/A3 (sky130_fd_sc_hd__a32o_2)
     1    0.00    0.04    0.14    2.22 ^ _167_/X (sky130_fd_sc_hd__a32o_2)
                                         alu4.result (net)
                  0.04    0.00    2.22 ^ _223_/A (sky130_fd_sc_hd__buf_2)
     1    0.03    0.17    0.19    2.40 ^ _223_/X (sky130_fd_sc_hd__buf_2)
                                         result[4] (net)
                  0.17    0.00    2.40 ^ result[4] (out)
                                  2.40   data arrival time

                  0.00    0.00    0.00   clock __VIRTUAL_CLK__ (rise edge)
                          0.00    0.00   clock network delay (ideal)
                          0.25    0.25   clock uncertainty
                          0.00    0.25   clock reconvergence pessimism
                         -2.00   -1.75   output external delay
                                 -1.75   data required time
-----------------------------------------------------------------------------
                                 -1.75   data required time
                                 -2.40   data arrival time
-----------------------------------------------------------------------------
                                  4.15   slack (MET)


Startpoint: b[6] (input port clocked by __VIRTUAL_CLK__)
Endpoint: result[6] (output port clocked by __VIRTUAL_CLK__)
Path Group: __VIRTUAL_CLK__
Path Type: min

Fanout     Cap    Slew   Delay    Time   Description
-----------------------------------------------------------------------------
                  0.00    0.00    0.00   clock __VIRTUAL_CLK__ (rise edge)
                          0.00    0.00   clock network delay (ideal)
                          2.00    2.00 v input external delay
     5    0.02    0.05    0.03    2.03 v b[6] (in)
                                         b[6] (net)
                  0.05    0.00    2.03 v _190_/B1 (sky130_fd_sc_hd__o21ai_2)
     1    0.00    0.04    0.05    2.08 ^ _190_/Y (sky130_fd_sc_hd__o21ai_2)
                                         _014_ (net)
                  0.04    0.00    2.08 ^ _195_/A3 (sky130_fd_sc_hd__a32o_2)
     1    0.00    0.04    0.14    2.22 ^ _195_/X (sky130_fd_sc_hd__a32o_2)
                                         alu6.result (net)
                  0.04    0.00    2.22 ^ _225_/A (sky130_fd_sc_hd__buf_2)
     1    0.03    0.17    0.19    2.40 ^ _225_/X (sky130_fd_sc_hd__buf_2)
                                         result[6] (net)
                  0.17    0.00    2.40 ^ result[6] (out)
                                  2.40   data arrival time

                  0.00    0.00    0.00   clock __VIRTUAL_CLK__ (rise edge)
                          0.00    0.00   clock network delay (ideal)
                          0.25    0.25   clock uncertainty
                          0.00    0.25   clock reconvergence pessimism
                         -2.00   -1.75   output external delay
                                 -1.75   data required time
-----------------------------------------------------------------------------
                                 -1.75   data required time
                                 -2.40   data arrival time
-----------------------------------------------------------------------------
                                  4.15   slack (MET)


Startpoint: b[3] (input port clocked by __VIRTUAL_CLK__)
Endpoint: result[3] (output port clocked by __VIRTUAL_CLK__)
Path Group: __VIRTUAL_CLK__
Path Type: min

Fanout     Cap    Slew   Delay    Time   Description
-----------------------------------------------------------------------------
                  0.00    0.00    0.00   clock __VIRTUAL_CLK__ (rise edge)
                          0.00    0.00   clock network delay (ideal)
                          2.00    2.00 v input external delay
     5    0.02    0.04    0.03    2.03 v b[3] (in)
                                         b[3] (net)
                  0.04    0.00    2.03 v _149_/A (sky130_fd_sc_hd__nand2_2)
     1    0.00    0.03    0.04    2.07 ^ _149_/Y (sky130_fd_sc_hd__nand2_2)
                                         _081_ (net)
                  0.03    0.00    2.07 ^ _154_/A3 (sky130_fd_sc_hd__a32o_2)
     1    0.00    0.04    0.14    2.21 ^ _154_/X (sky130_fd_sc_hd__a32o_2)
                                         alu3.result (net)
                  0.04    0.00    2.21 ^ _222_/A (sky130_fd_sc_hd__buf_2)
     1    0.04    0.18    0.19    2.40 ^ _222_/X (sky130_fd_sc_hd__buf_2)
                                         result[3] (net)
                  0.18    0.00    2.40 ^ result[3] (out)
                                  2.40   data arrival time

                  0.00    0.00    0.00   clock __VIRTUAL_CLK__ (rise edge)
                          0.00    0.00   clock network delay (ideal)
                          0.25    0.25   clock uncertainty
                          0.00    0.25   clock reconvergence pessimism
                         -2.00   -1.75   output external delay
                                 -1.75   data required time
-----------------------------------------------------------------------------
                                 -1.75   data required time
                                 -2.40   data arrival time
-----------------------------------------------------------------------------
                                  4.15   slack (MET)


Startpoint: b[7] (input port clocked by __VIRTUAL_CLK__)
Endpoint: cout (output port clocked by __VIRTUAL_CLK__)
Path Group: __VIRTUAL_CLK__
Path Type: min

Fanout     Cap    Slew   Delay    Time   Description
-----------------------------------------------------------------------------
                  0.00    0.00    0.00   clock __VIRTUAL_CLK__ (rise edge)
                          0.00    0.00   clock network delay (ideal)
                          2.00    2.00 ^ input external delay
     4    0.02    0.09    0.06    2.06 ^ b[7] (in)
                                         b[7] (net)
                  0.09    0.00    2.06 ^ _203_/A (sky130_fd_sc_hd__or3_2)
     2    0.01    0.04    0.12    2.18 ^ _203_/X (sky130_fd_sc_hd__or3_2)
                                         _026_ (net)
                  0.04    0.00    2.18 ^ _213_/A1 (sky130_fd_sc_hd__a21bo_2)
     1    0.04    0.21    0.23    2.41 ^ _213_/X (sky130_fd_sc_hd__a21bo_2)
                                         cout (net)
                  0.21    0.00    2.42 ^ cout (out)
                                  2.42   data arrival time

                  0.00    0.00    0.00   clock __VIRTUAL_CLK__ (rise edge)
                          0.00    0.00   clock network delay (ideal)
                          0.25    0.25   clock uncertainty
                          0.00    0.25   clock reconvergence pessimism
                         -2.00   -1.75   output external delay
                                 -1.75   data required time
-----------------------------------------------------------------------------
                                 -1.75   data required time
                                 -2.42   data arrival time
-----------------------------------------------------------------------------
                                  4.17   slack (MET)


Startpoint: op[2] (input port clocked by __VIRTUAL_CLK__)
Endpoint: result[2] (output port clocked by __VIRTUAL_CLK__)
Path Group: __VIRTUAL_CLK__
Path Type: min

Fanout     Cap    Slew   Delay    Time   Description
-----------------------------------------------------------------------------
                  0.00    0.00    0.00   clock __VIRTUAL_CLK__ (rise edge)
                          0.00    0.00   clock network delay (ideal)
                          2.00    2.00 ^ input external delay
     6    0.02    0.09    0.06    2.06 ^ op[2] (in)
                                         op[2] (net)
                  0.09    0.00    2.06 ^ _141_/A1_N (sky130_fd_sc_hd__o2bb2a_2)
     1    0.00    0.03    0.20    2.26 v _141_/X (sky130_fd_sc_hd__o2bb2a_2)
                                         alu2.result (net)
                  0.03    0.00    2.26 v _221_/A (sky130_fd_sc_hd__buf_2)
     1    0.04    0.09    0.17    2.43 v _221_/X (sky130_fd_sc_hd__buf_2)
                                         result[2] (net)
                  0.09    0.00    2.43 v result[2] (out)
                                  2.43   data arrival time

                  0.00    0.00    0.00   clock __VIRTUAL_CLK__ (rise edge)
                          0.00    0.00   clock network delay (ideal)
                          0.25    0.25   clock uncertainty
                          0.00    0.25   clock reconvergence pessimism
                         -2.00   -1.75   output external delay
                                 -1.75   data required time
-----------------------------------------------------------------------------
                                 -1.75   data required time
                                 -2.43   data arrival time
-----------------------------------------------------------------------------
                                  4.18   slack (MET)



worst slack corner Typical: 4.1375
min_report_end
max_report

===========================================================================
report_checks -path_delay max (Setup)
============================================================================
======================= Typical Corner ===================================

Startpoint: op[2] (input port clocked by __VIRTUAL_CLK__)
Endpoint: result[7] (output port clocked by __VIRTUAL_CLK__)
Path Group: __VIRTUAL_CLK__
Path Type: max

Fanout     Cap    Slew   Delay    Time   Description
-----------------------------------------------------------------------------
                  0.00    0.00    0.00   clock __VIRTUAL_CLK__ (rise edge)
                          0.00    0.00   clock network delay (ideal)
                          2.00    2.00 v input external delay
     6    0.02    0.04    0.03    2.03 v op[2] (in)
                                         op[2] (net)
                  0.04    0.00    2.03 v _113_/A (sky130_fd_sc_hd__or2_2)
     3    0.01    0.07    0.33    2.36 v _113_/X (sky130_fd_sc_hd__or2_2)
                                         _047_ (net)
                  0.07    0.00    2.36 v _114_/B (sky130_fd_sc_hd__or2_2)
     8    0.03    0.11    0.37    2.74 v _114_/X (sky130_fd_sc_hd__or2_2)
                                         _048_ (net)
                  0.11    0.00    2.74 v _115_/B2 (sky130_fd_sc_hd__o32a_2)
     3    0.02    0.09    0.26    2.99 v _115_/X (sky130_fd_sc_hd__o32a_2)
                                         _049_ (net)
                  0.09    0.00    2.99 v _116_/B (sky130_fd_sc_hd__xnor2_2)
     3    0.01    0.20    0.21    3.21 ^ _116_/Y (sky130_fd_sc_hd__xnor2_2)
                                         _050_ (net)
                  0.20    0.00    3.21 ^ _129_/A2 (sky130_fd_sc_hd__o21ai_2)
     4    0.01    0.07    0.11    3.32 v _129_/Y (sky130_fd_sc_hd__o21ai_2)
                                         _062_ (net)
                  0.07    0.00    3.32 v _145_/A2 (sky130_fd_sc_hd__a32o_2)
     1    0.00    0.04    0.28    3.60 v _145_/X (sky130_fd_sc_hd__a32o_2)
                                         _077_ (net)
                  0.04    0.00    3.60 v _146_/B1 (sky130_fd_sc_hd__o22a_2)
     3    0.02    0.08    0.26    3.85 v _146_/X (sky130_fd_sc_hd__o22a_2)
                                         _078_ (net)
                  0.08    0.00    3.85 v _147_/B (sky130_fd_sc_hd__xnor2_2)
     3    0.01    0.20    0.21    4.06 ^ _147_/Y (sky130_fd_sc_hd__xnor2_2)
                                         _079_ (net)
                  0.20    0.00    4.06 ^ _156_/A2 (sky130_fd_sc_hd__o21ai_2)
     4    0.01    0.07    0.10    4.16 v _156_/Y (sky130_fd_sc_hd__o21ai_2)
                                         _087_ (net)
                  0.07    0.00    4.16 v _171_/B (sky130_fd_sc_hd__and3_2)
     1    0.00    0.03    0.20    4.36 v _171_/X (sky130_fd_sc_hd__and3_2)
                                         _101_ (net)
                  0.03    0.00    4.36 v _172_/A (sky130_fd_sc_hd__or3b_2)
     3    0.01    0.09    0.50    4.86 v _172_/X (sky130_fd_sc_hd__or3b_2)
                                         _102_ (net)
                  0.09    0.00    4.86 v _185_/C (sky130_fd_sc_hd__and3_2)
     1    0.00    0.03    0.22    5.08 v _185_/X (sky130_fd_sc_hd__and3_2)
                                         _009_ (net)
                  0.03    0.00    5.08 v _186_/A (sky130_fd_sc_hd__or3b_2)
     4    0.01    0.10    0.53    5.61 v _186_/X (sky130_fd_sc_hd__or3b_2)
                                         _010_ (net)
                  0.10    0.00    5.61 v _199_/C (sky130_fd_sc_hd__and3_2)
     1    0.00    0.03    0.23    5.84 v _199_/X (sky130_fd_sc_hd__and3_2)
                                         _022_ (net)
                  0.03    0.00    5.84 v _200_/A (sky130_fd_sc_hd__or3b_2)
     3    0.01    0.10    0.51    6.35 v _200_/X (sky130_fd_sc_hd__or3b_2)
                                         _023_ (net)
                  0.10    0.00    6.35 v _201_/C (sky130_fd_sc_hd__and3_2)
     3    0.01    0.06    0.27    6.62 v _201_/X (sky130_fd_sc_hd__and3_2)
                                         _024_ (net)
                  0.06    0.00    6.62 v _203_/B (sky130_fd_sc_hd__or3_2)
     2    0.01    0.09    0.49    7.10 v _203_/X (sky130_fd_sc_hd__or3_2)
                                         _026_ (net)
                  0.09    0.00    7.10 v _209_/A2 (sky130_fd_sc_hd__a31o_2)
     1    0.00    0.03    0.25    7.35 v _209_/X (sky130_fd_sc_hd__a31o_2)
                                         alu7.result (net)
                  0.03    0.00    7.35 v _226_/A (sky130_fd_sc_hd__buf_2)
     1    0.04    0.09    0.19    7.54 v _226_/X (sky130_fd_sc_hd__buf_2)
                                         result[7] (net)
                  0.09    0.00    7.54 v result[7] (out)
                                  7.54   data arrival time

                  0.00   10.00   10.00   clock __VIRTUAL_CLK__ (rise edge)
                          0.00   10.00   clock network delay (ideal)
                         -0.25    9.75   clock uncertainty
                          0.00    9.75   clock reconvergence pessimism
                         -2.00    7.75   output external delay
                                  7.75   data required time
-----------------------------------------------------------------------------
                                  7.75   data required time
                                 -7.54   data arrival time
-----------------------------------------------------------------------------
                                  0.21   slack (MET)


Startpoint: op[2] (input port clocked by __VIRTUAL_CLK__)
Endpoint: cout (output port clocked by __VIRTUAL_CLK__)
Path Group: __VIRTUAL_CLK__
Path Type: max

Fanout     Cap    Slew   Delay    Time   Description
-----------------------------------------------------------------------------
                  0.00    0.00    0.00   clock __VIRTUAL_CLK__ (rise edge)
                          0.00    0.00   clock network delay (ideal)
                          2.00    2.00 v input external delay
     6    0.02    0.04    0.03    2.03 v op[2] (in)
                                         op[2] (net)
                  0.04    0.00    2.03 v _113_/A (sky130_fd_sc_hd__or2_2)
     3    0.01    0.07    0.33    2.36 v _113_/X (sky130_fd_sc_hd__or2_2)
                                         _047_ (net)
                  0.07    0.00    2.36 v _114_/B (sky130_fd_sc_hd__or2_2)
     8    0.03    0.11    0.37    2.74 v _114_/X (sky130_fd_sc_hd__or2_2)
                                         _048_ (net)
                  0.11    0.00    2.74 v _115_/B2 (sky130_fd_sc_hd__o32a_2)
     3    0.02    0.09    0.26    2.99 v _115_/X (sky130_fd_sc_hd__o32a_2)
                                         _049_ (net)
                  0.09    0.00    2.99 v _116_/B (sky130_fd_sc_hd__xnor2_2)
     3    0.01    0.20    0.21    3.21 ^ _116_/Y (sky130_fd_sc_hd__xnor2_2)
                                         _050_ (net)
                  0.20    0.00    3.21 ^ _129_/A2 (sky130_fd_sc_hd__o21ai_2)
     4    0.01    0.07    0.11    3.32 v _129_/Y (sky130_fd_sc_hd__o21ai_2)
                                         _062_ (net)
                  0.07    0.00    3.32 v _145_/A2 (sky130_fd_sc_hd__a32o_2)
     1    0.00    0.04    0.28    3.60 v _145_/X (sky130_fd_sc_hd__a32o_2)
                                         _077_ (net)
                  0.04    0.00    3.60 v _146_/B1 (sky130_fd_sc_hd__o22a_2)
     3    0.02    0.08    0.26    3.85 v _146_/X (sky130_fd_sc_hd__o22a_2)
                                         _078_ (net)
                  0.08    0.00    3.85 v _147_/B (sky130_fd_sc_hd__xnor2_2)
     3    0.01    0.20    0.21    4.06 ^ _147_/Y (sky130_fd_sc_hd__xnor2_2)
                                         _079_ (net)
                  0.20    0.00    4.06 ^ _156_/A2 (sky130_fd_sc_hd__o21ai_2)
     4    0.01    0.07    0.10    4.16 v _156_/Y (sky130_fd_sc_hd__o21ai_2)
                                         _087_ (net)
                  0.07    0.00    4.16 v _171_/B (sky130_fd_sc_hd__and3_2)
     1    0.00    0.03    0.20    4.36 v _171_/X (sky130_fd_sc_hd__and3_2)
                                         _101_ (net)
                  0.03    0.00    4.36 v _172_/A (sky130_fd_sc_hd__or3b_2)
     3    0.01    0.09    0.50    4.86 v _172_/X (sky130_fd_sc_hd__or3b_2)
                                         _102_ (net)
                  0.09    0.00    4.86 v _185_/C (sky130_fd_sc_hd__and3_2)
     1    0.00    0.03    0.22    5.08 v _185_/X (sky130_fd_sc_hd__and3_2)
                                         _009_ (net)
                  0.03    0.00    5.08 v _186_/A (sky130_fd_sc_hd__or3b_2)
     4    0.01    0.10    0.53    5.61 v _186_/X (sky130_fd_sc_hd__or3b_2)
                                         _010_ (net)
                  0.10    0.00    5.61 v _199_/C (sky130_fd_sc_hd__and3_2)
     1    0.00    0.03    0.23    5.84 v _199_/X (sky130_fd_sc_hd__and3_2)
                                         _022_ (net)
                  0.03    0.00    5.84 v _200_/A (sky130_fd_sc_hd__or3b_2)
     3    0.01    0.10    0.51    6.35 v _200_/X (sky130_fd_sc_hd__or3b_2)
                                         _023_ (net)
                  0.10    0.00    6.35 v _201_/C (sky130_fd_sc_hd__and3_2)
     3    0.01    0.06    0.27    6.62 v _201_/X (sky130_fd_sc_hd__and3_2)
                                         _024_ (net)
                  0.06    0.00    6.62 v _203_/B (sky130_fd_sc_hd__or3_2)
     2    0.01    0.09    0.49    7.10 v _203_/X (sky130_fd_sc_hd__or3_2)
                                         _026_ (net)
                  0.09    0.00    7.10 v _213_/A1 (sky130_fd_sc_hd__a21bo_2)
     1    0.04    0.11    0.30    7.41 v _213_/X (sky130_fd_sc_hd__a21bo_2)
                                         cout (net)
                  0.11    0.00    7.41 v cout (out)
                                  7.41   data arrival time

                  0.00   10.00   10.00   clock __VIRTUAL_CLK__ (rise edge)
                          0.00   10.00   clock network delay (ideal)
                         -0.25    9.75   clock uncertainty
                          0.00    9.75   clock reconvergence pessimism
                         -2.00    7.75   output external delay
                                  7.75   data required time
-----------------------------------------------------------------------------
                                  7.75   data required time
                                 -7.41   data arrival time
-----------------------------------------------------------------------------
                                  0.34   slack (MET)


Startpoint: op[2] (input port clocked by __VIRTUAL_CLK__)
Endpoint: result[6] (output port clocked by __VIRTUAL_CLK__)
Path Group: __VIRTUAL_CLK__
Path Type: max

Fanout     Cap    Slew   Delay    Time   Description
-----------------------------------------------------------------------------
                  0.00    0.00    0.00   clock __VIRTUAL_CLK__ (rise edge)
                          0.00    0.00   clock network delay (ideal)
                          2.00    2.00 v input external delay
     6    0.02    0.04    0.03    2.03 v op[2] (in)
                                         op[2] (net)
                  0.04    0.00    2.03 v _113_/A (sky130_fd_sc_hd__or2_2)
     3    0.01    0.07    0.33    2.36 v _113_/X (sky130_fd_sc_hd__or2_2)
                                         _047_ (net)
                  0.07    0.00    2.36 v _114_/B (sky130_fd_sc_hd__or2_2)
     8    0.03    0.11    0.37    2.74 v _114_/X (sky130_fd_sc_hd__or2_2)
                                         _048_ (net)
                  0.11    0.00    2.74 v _115_/B2 (sky130_fd_sc_hd__o32a_2)
     3    0.02    0.09    0.26    2.99 v _115_/X (sky130_fd_sc_hd__o32a_2)
                                         _049_ (net)
                  0.09    0.00    2.99 v _116_/B (sky130_fd_sc_hd__xnor2_2)
     3    0.01    0.20    0.21    3.21 ^ _116_/Y (sky130_fd_sc_hd__xnor2_2)
                                         _050_ (net)
                  0.20    0.00    3.21 ^ _129_/A2 (sky130_fd_sc_hd__o21ai_2)
     4    0.01    0.07    0.11    3.32 v _129_/Y (sky130_fd_sc_hd__o21ai_2)
                                         _062_ (net)
                  0.07    0.00    3.32 v _145_/A2 (sky130_fd_sc_hd__a32o_2)
     1    0.00    0.04    0.28    3.60 v _145_/X (sky130_fd_sc_hd__a32o_2)
                                         _077_ (net)
                  0.04    0.00    3.60 v _146_/B1 (sky130_fd_sc_hd__o22a_2)
     3    0.02    0.08    0.26    3.85 v _146_/X (sky130_fd_sc_hd__o22a_2)
                                         _078_ (net)
                  0.08    0.00    3.85 v _147_/B (sky130_fd_sc_hd__xnor2_2)
     3    0.01    0.20    0.21    4.06 ^ _147_/Y (sky130_fd_sc_hd__xnor2_2)
                                         _079_ (net)
                  0.20    0.00    4.06 ^ _156_/A2 (sky130_fd_sc_hd__o21ai_2)
     4    0.01    0.07    0.10    4.16 v _156_/Y (sky130_fd_sc_hd__o21ai_2)
                                         _087_ (net)
                  0.07    0.00    4.16 v _171_/B (sky130_fd_sc_hd__and3_2)
     1    0.00    0.03    0.20    4.36 v _171_/X (sky130_fd_sc_hd__and3_2)
                                         _101_ (net)
                  0.03    0.00    4.36 v _172_/A (sky130_fd_sc_hd__or3b_2)
     3    0.01    0.09    0.50    4.86 v _172_/X (sky130_fd_sc_hd__or3b_2)
                                         _102_ (net)
                  0.09    0.00    4.86 v _185_/C (sky130_fd_sc_hd__and3_2)
     1    0.00    0.03    0.22    5.08 v _185_/X (sky130_fd_sc_hd__and3_2)
                                         _009_ (net)
                  0.03    0.00    5.08 v _186_/A (sky130_fd_sc_hd__or3b_2)
     4    0.01    0.10    0.53    5.61 v _186_/X (sky130_fd_sc_hd__or3b_2)
                                         _010_ (net)
                  0.10    0.00    5.61 v _187_/C (sky130_fd_sc_hd__and3_2)
     3    0.01    0.05    0.26    5.87 v _187_/X (sky130_fd_sc_hd__and3_2)
                                         _011_ (net)
                  0.05    0.00    5.87 v _189_/B (sky130_fd_sc_hd__or3_2)
     1    0.00    0.07    0.46    6.33 v _189_/X (sky130_fd_sc_hd__or3_2)
                                         _013_ (net)
                  0.07    0.00    6.33 v _195_/A2 (sky130_fd_sc_hd__a32o_2)
     1    0.00    0.04    0.28    6.61 v _195_/X (sky130_fd_sc_hd__a32o_2)
                                         alu6.result (net)
                  0.04    0.00    6.61 v _225_/A (sky130_fd_sc_hd__buf_2)
     1    0.03    0.09    0.19    6.79 v _225_/X (sky130_fd_sc_hd__buf_2)
                                         result[6] (net)
                  0.09    0.00    6.79 v result[6] (out)
                                  6.79   data arrival time

                  0.00   10.00   10.00   clock __VIRTUAL_CLK__ (rise edge)
                          0.00   10.00   clock network delay (ideal)
                         -0.25    9.75   clock uncertainty
                          0.00    9.75   clock reconvergence pessimism
                         -2.00    7.75   output external delay
                                  7.75   data required time
-----------------------------------------------------------------------------
                                  7.75   data required time
                                 -6.79   data arrival time
-----------------------------------------------------------------------------
                                  0.96   slack (MET)


Startpoint: op[2] (input port clocked by __VIRTUAL_CLK__)
Endpoint: result[5] (output port clocked by __VIRTUAL_CLK__)
Path Group: __VIRTUAL_CLK__
Path Type: max

Fanout     Cap    Slew   Delay    Time   Description
-----------------------------------------------------------------------------
                  0.00    0.00    0.00   clock __VIRTUAL_CLK__ (rise edge)
                          0.00    0.00   clock network delay (ideal)
                          2.00    2.00 v input external delay
     6    0.02    0.04    0.03    2.03 v op[2] (in)
                                         op[2] (net)
                  0.04    0.00    2.03 v _113_/A (sky130_fd_sc_hd__or2_2)
     3    0.01    0.07    0.33    2.36 v _113_/X (sky130_fd_sc_hd__or2_2)
                                         _047_ (net)
                  0.07    0.00    2.36 v _114_/B (sky130_fd_sc_hd__or2_2)
     8    0.03    0.11    0.37    2.74 v _114_/X (sky130_fd_sc_hd__or2_2)
                                         _048_ (net)
                  0.11    0.00    2.74 v _115_/B2 (sky130_fd_sc_hd__o32a_2)
     3    0.02    0.09    0.26    2.99 v _115_/X (sky130_fd_sc_hd__o32a_2)
                                         _049_ (net)
                  0.09    0.00    2.99 v _116_/B (sky130_fd_sc_hd__xnor2_2)
     3    0.01    0.20    0.21    3.21 ^ _116_/Y (sky130_fd_sc_hd__xnor2_2)
                                         _050_ (net)
                  0.20    0.00    3.21 ^ _129_/A2 (sky130_fd_sc_hd__o21ai_2)
     4    0.01    0.07    0.11    3.32 v _129_/Y (sky130_fd_sc_hd__o21ai_2)
                                         _062_ (net)
                  0.07    0.00    3.32 v _145_/A2 (sky130_fd_sc_hd__a32o_2)
     1    0.00    0.04    0.28    3.60 v _145_/X (sky130_fd_sc_hd__a32o_2)
                                         _077_ (net)
                  0.04    0.00    3.60 v _146_/B1 (sky130_fd_sc_hd__o22a_2)
     3    0.02    0.08    0.26    3.85 v _146_/X (sky130_fd_sc_hd__o22a_2)
                                         _078_ (net)
                  0.08    0.00    3.85 v _147_/B (sky130_fd_sc_hd__xnor2_2)
     3    0.01    0.20    0.21    4.06 ^ _147_/Y (sky130_fd_sc_hd__xnor2_2)
                                         _079_ (net)
                  0.20    0.00    4.06 ^ _156_/A2 (sky130_fd_sc_hd__o21ai_2)
     4    0.01    0.07    0.10    4.16 v _156_/Y (sky130_fd_sc_hd__o21ai_2)
                                         _087_ (net)
                  0.07    0.00    4.16 v _171_/B (sky130_fd_sc_hd__and3_2)
     1    0.00    0.03    0.20    4.36 v _171_/X (sky130_fd_sc_hd__and3_2)
                                         _101_ (net)
                  0.03    0.00    4.36 v _172_/A (sky130_fd_sc_hd__or3b_2)
     3    0.01    0.09    0.50    4.86 v _172_/X (sky130_fd_sc_hd__or3b_2)
                                         _102_ (net)
                  0.09    0.00    4.86 v _173_/C (sky130_fd_sc_hd__and3_2)
     2    0.00    0.04    0.24    5.10 v _173_/X (sky130_fd_sc_hd__and3_2)
                                         _103_ (net)
                  0.04    0.00    5.10 v _175_/A (sky130_fd_sc_hd__or2b_2)
     2    0.01    0.06    0.31    5.41 v _175_/X (sky130_fd_sc_hd__or2b_2)
                                         _000_ (net)
                  0.06    0.00    5.41 v _176_/B (sky130_fd_sc_hd__or2_2)
     1    0.00    0.05    0.28    5.69 v _176_/X (sky130_fd_sc_hd__or2_2)
                                         _001_ (net)
                  0.05    0.00    5.69 v _182_/A2 (sky130_fd_sc_hd__a32o_2)
     1    0.00    0.04    0.27    5.96 v _182_/X (sky130_fd_sc_hd__a32o_2)
                                         alu5.result (net)
                  0.04    0.00    5.96 v _224_/A (sky130_fd_sc_hd__buf_2)
     1    0.03    0.09    0.19    6.14 v _224_/X (sky130_fd_sc_hd__buf_2)
                                         result[5] (net)
                  0.09    0.00    6.14 v result[5] (out)
                                  6.14   data arrival time

                  0.00   10.00   10.00   clock __VIRTUAL_CLK__ (rise edge)
                          0.00   10.00   clock network delay (ideal)
                         -0.25    9.75   clock uncertainty
                          0.00    9.75   clock reconvergence pessimism
                         -2.00    7.75   output external delay
                                  7.75   data required time
-----------------------------------------------------------------------------
                                  7.75   data required time
                                 -6.14   data arrival time
-----------------------------------------------------------------------------
                                  1.61   slack (MET)


Startpoint: op[2] (input port clocked by __VIRTUAL_CLK__)
Endpoint: result[4] (output port clocked by __VIRTUAL_CLK__)
Path Group: __VIRTUAL_CLK__
Path Type: max

Fanout     Cap    Slew   Delay    Time   Description
-----------------------------------------------------------------------------
                  0.00    0.00    0.00   clock __VIRTUAL_CLK__ (rise edge)
                          0.00    0.00   clock network delay (ideal)
                          2.00    2.00 v input external delay
     6    0.02    0.04    0.03    2.03 v op[2] (in)
                                         op[2] (net)
                  0.04    0.00    2.03 v _113_/A (sky130_fd_sc_hd__or2_2)
     3    0.01    0.07    0.33    2.36 v _113_/X (sky130_fd_sc_hd__or2_2)
                                         _047_ (net)
                  0.07    0.00    2.36 v _114_/B (sky130_fd_sc_hd__or2_2)
     8    0.03    0.11    0.37    2.74 v _114_/X (sky130_fd_sc_hd__or2_2)
                                         _048_ (net)
                  0.11    0.00    2.74 v _115_/B2 (sky130_fd_sc_hd__o32a_2)
     3    0.02    0.09    0.26    2.99 v _115_/X (sky130_fd_sc_hd__o32a_2)
                                         _049_ (net)
                  0.09    0.00    2.99 v _116_/B (sky130_fd_sc_hd__xnor2_2)
     3    0.01    0.20    0.21    3.21 ^ _116_/Y (sky130_fd_sc_hd__xnor2_2)
                                         _050_ (net)
                  0.20    0.00    3.21 ^ _129_/A2 (sky130_fd_sc_hd__o21ai_2)
     4    0.01    0.07    0.11    3.32 v _129_/Y (sky130_fd_sc_hd__o21ai_2)
                                         _062_ (net)
                  0.07    0.00    3.32 v _145_/A2 (sky130_fd_sc_hd__a32o_2)
     1    0.00    0.04    0.28    3.60 v _145_/X (sky130_fd_sc_hd__a32o_2)
                                         _077_ (net)
                  0.04    0.00    3.60 v _146_/B1 (sky130_fd_sc_hd__o22a_2)
     3    0.02    0.08    0.26    3.85 v _146_/X (sky130_fd_sc_hd__o22a_2)
                                         _078_ (net)
                  0.08    0.00    3.85 v _147_/B (sky130_fd_sc_hd__xnor2_2)
     3    0.01    0.20    0.21    4.06 ^ _147_/Y (sky130_fd_sc_hd__xnor2_2)
                                         _079_ (net)
                  0.20    0.00    4.06 ^ _156_/A2 (sky130_fd_sc_hd__o21ai_2)
     4    0.01    0.07    0.10    4.16 v _156_/Y (sky130_fd_sc_hd__o21ai_2)
                                         _087_ (net)
                  0.07    0.00    4.16 v _159_/B (sky130_fd_sc_hd__and3_2)
     3    0.01    0.05    0.23    4.39 v _159_/X (sky130_fd_sc_hd__and3_2)
                                         _090_ (net)
                  0.05    0.00    4.39 v _161_/B (sky130_fd_sc_hd__or3_2)
     1    0.00    0.07    0.46    4.85 v _161_/X (sky130_fd_sc_hd__or3_2)
                                         _092_ (net)
                  0.07    0.00    4.85 v _167_/A2 (sky130_fd_sc_hd__a32o_2)
     1    0.00    0.04    0.28    5.13 v _167_/X (sky130_fd_sc_hd__a32o_2)
                                         alu4.result (net)
                  0.04    0.00    5.13 v _223_/A (sky130_fd_sc_hd__buf_2)
     1    0.03    0.09    0.19    5.32 v _223_/X (sky130_fd_sc_hd__buf_2)
                                         result[4] (net)
                  0.09    0.00    5.32 v result[4] (out)
                                  5.32   data arrival time

                  0.00   10.00   10.00   clock __VIRTUAL_CLK__ (rise edge)
                          0.00   10.00   clock network delay (ideal)
                         -0.25    9.75   clock uncertainty
                          0.00    9.75   clock reconvergence pessimism
                         -2.00    7.75   output external delay
                                  7.75   data required time
-----------------------------------------------------------------------------
                                  7.75   data required time
                                 -5.32   data arrival time
-----------------------------------------------------------------------------
                                  2.43   slack (MET)


Startpoint: op[2] (input port clocked by __VIRTUAL_CLK__)
Endpoint: result[3] (output port clocked by __VIRTUAL_CLK__)
Path Group: __VIRTUAL_CLK__
Path Type: max

Fanout     Cap    Slew   Delay    Time   Description
-----------------------------------------------------------------------------
                  0.00    0.00    0.00   clock __VIRTUAL_CLK__ (rise edge)
                          0.00    0.00   clock network delay (ideal)
                          2.00    2.00 v input external delay
     6    0.02    0.04    0.03    2.03 v op[2] (in)
                                         op[2] (net)
                  0.04    0.00    2.03 v _113_/A (sky130_fd_sc_hd__or2_2)
     3    0.01    0.07    0.33    2.36 v _113_/X (sky130_fd_sc_hd__or2_2)
                                         _047_ (net)
                  0.07    0.00    2.36 v _114_/B (sky130_fd_sc_hd__or2_2)
     8    0.03    0.11    0.37    2.74 v _114_/X (sky130_fd_sc_hd__or2_2)
                                         _048_ (net)
                  0.11    0.00    2.74 v _115_/B2 (sky130_fd_sc_hd__o32a_2)
     3    0.02    0.09    0.26    2.99 v _115_/X (sky130_fd_sc_hd__o32a_2)
                                         _049_ (net)
                  0.09    0.00    2.99 v _116_/B (sky130_fd_sc_hd__xnor2_2)
     3    0.01    0.20    0.21    3.21 ^ _116_/Y (sky130_fd_sc_hd__xnor2_2)
                                         _050_ (net)
                  0.20    0.00    3.21 ^ _129_/A2 (sky130_fd_sc_hd__o21ai_2)
     4    0.01    0.07    0.11    3.32 v _129_/Y (sky130_fd_sc_hd__o21ai_2)
                                         _062_ (net)
                  0.07    0.00    3.32 v _145_/A2 (sky130_fd_sc_hd__a32o_2)
     1    0.00    0.04    0.28    3.60 v _145_/X (sky130_fd_sc_hd__a32o_2)
                                         _077_ (net)
                  0.04    0.00    3.60 v _146_/B1 (sky130_fd_sc_hd__o22a_2)
     3    0.02    0.08    0.26    3.85 v _146_/X (sky130_fd_sc_hd__o22a_2)
                                         _078_ (net)
                  0.08    0.00    3.85 v _147_/B (sky130_fd_sc_hd__xnor2_2)
     3    0.01    0.07    0.17    4.02 v _147_/Y (sky130_fd_sc_hd__xnor2_2)
                                         _079_ (net)
                  0.07    0.00    4.02 v _148_/B (sky130_fd_sc_hd__or2_2)
     1    0.00    0.05    0.29    4.31 v _148_/X (sky130_fd_sc_hd__or2_2)
                                         _080_ (net)
                  0.05    0.00    4.31 v _154_/A2 (sky130_fd_sc_hd__a32o_2)
     1    0.00    0.04    0.27    4.58 v _154_/X (sky130_fd_sc_hd__a32o_2)
                                         alu3.result (net)
                  0.04    0.00    4.58 v _222_/A (sky130_fd_sc_hd__buf_2)
     1    0.04    0.09    0.19    4.76 v _222_/X (sky130_fd_sc_hd__buf_2)
                                         result[3] (net)
                  0.09    0.00    4.77 v result[3] (out)
                                  4.77   data arrival time

                  0.00   10.00   10.00   clock __VIRTUAL_CLK__ (rise edge)
                          0.00   10.00   clock network delay (ideal)
                         -0.25    9.75   clock uncertainty
                          0.00    9.75   clock reconvergence pessimism
                         -2.00    7.75   output external delay
                                  7.75   data required time
-----------------------------------------------------------------------------
                                  7.75   data required time
                                 -4.77   data arrival time
-----------------------------------------------------------------------------
                                  2.98   slack (MET)


Startpoint: op[2] (input port clocked by __VIRTUAL_CLK__)
Endpoint: result[2] (output port clocked by __VIRTUAL_CLK__)
Path Group: __VIRTUAL_CLK__
Path Type: max

Fanout     Cap    Slew   Delay    Time   Description
-----------------------------------------------------------------------------
                  0.00    0.00    0.00   clock __VIRTUAL_CLK__ (rise edge)
                          0.00    0.00   clock network delay (ideal)
                          2.00    2.00 v input external delay
     6    0.02    0.04    0.03    2.03 v op[2] (in)
                                         op[2] (net)
                  0.04    0.00    2.03 v _113_/A (sky130_fd_sc_hd__or2_2)
     3    0.01    0.07    0.33    2.36 v _113_/X (sky130_fd_sc_hd__or2_2)
                                         _047_ (net)
                  0.07    0.00    2.36 v _114_/B (sky130_fd_sc_hd__or2_2)
     8    0.03    0.11    0.37    2.74 v _114_/X (sky130_fd_sc_hd__or2_2)
                                         _048_ (net)
                  0.11    0.00    2.74 v _115_/B2 (sky130_fd_sc_hd__o32a_2)
     3    0.02    0.09    0.26    2.99 v _115_/X (sky130_fd_sc_hd__o32a_2)
                                         _049_ (net)
                  0.09    0.00    2.99 v _116_/B (sky130_fd_sc_hd__xnor2_2)
     3    0.01    0.07    0.17    3.17 v _116_/Y (sky130_fd_sc_hd__xnor2_2)
                                         _050_ (net)
                  0.07    0.00    3.17 v _129_/A2 (sky130_fd_sc_hd__o21ai_2)
     4    0.01    0.18    0.20    3.36 ^ _129_/Y (sky130_fd_sc_hd__o21ai_2)
                                         _062_ (net)
                  0.18    0.00    3.37 ^ _136_/A2 (sky130_fd_sc_hd__a31o_2)
     1    0.00    0.05    0.20    3.56 ^ _136_/X (sky130_fd_sc_hd__a31o_2)
                                         _069_ (net)
                  0.05    0.00    3.56 ^ _137_/B (sky130_fd_sc_hd__nor2_2)
     1    0.00    0.03    0.03    3.59 v _137_/Y (sky130_fd_sc_hd__nor2_2)
                                         _070_ (net)
                  0.03    0.00    3.59 v _141_/B1 (sky130_fd_sc_hd__o2bb2a_2)
     1    0.00    0.04    0.25    3.84 v _141_/X (sky130_fd_sc_hd__o2bb2a_2)
                                         alu2.result (net)
                  0.04    0.00    3.84 v _221_/A (sky130_fd_sc_hd__buf_2)
     1    0.04    0.09    0.19    4.03 v _221_/X (sky130_fd_sc_hd__buf_2)
                                         result[2] (net)
                  0.09    0.00    4.04 v result[2] (out)
                                  4.04   data arrival time

                  0.00   10.00   10.00   clock __VIRTUAL_CLK__ (rise edge)
                          0.00   10.00   clock network delay (ideal)
                         -0.25    9.75   clock uncertainty
                          0.00    9.75   clock reconvergence pessimism
                         -2.00    7.75   output external delay
                                  7.75   data required time
-----------------------------------------------------------------------------
                                  7.75   data required time
                                 -4.04   data arrival time
-----------------------------------------------------------------------------
                                  3.71   slack (MET)


Startpoint: op[2] (input port clocked by __VIRTUAL_CLK__)
Endpoint: result[1] (output port clocked by __VIRTUAL_CLK__)
Path Group: __VIRTUAL_CLK__
Path Type: max

Fanout     Cap    Slew   Delay    Time   Description
-----------------------------------------------------------------------------
                  0.00    0.00    0.00   clock __VIRTUAL_CLK__ (rise edge)
                          0.00    0.00   clock network delay (ideal)
                          2.00    2.00 v input external delay
     6    0.02    0.04    0.03    2.03 v op[2] (in)
                                         op[2] (net)
                  0.04    0.00    2.03 v _113_/A (sky130_fd_sc_hd__or2_2)
     3    0.01    0.07    0.33    2.36 v _113_/X (sky130_fd_sc_hd__or2_2)
                                         _047_ (net)
                  0.07    0.00    2.36 v _114_/B (sky130_fd_sc_hd__or2_2)
     8    0.03    0.11    0.37    2.74 v _114_/X (sky130_fd_sc_hd__or2_2)
                                         _048_ (net)
                  0.11    0.00    2.74 v _115_/B2 (sky130_fd_sc_hd__o32a_2)
     3    0.02    0.09    0.26    2.99 v _115_/X (sky130_fd_sc_hd__o32a_2)
                                         _049_ (net)
                  0.09    0.00    2.99 v _116_/B (sky130_fd_sc_hd__xnor2_2)
     3    0.01    0.07    0.17    3.17 v _116_/Y (sky130_fd_sc_hd__xnor2_2)
                                         _050_ (net)
                  0.07    0.00    3.17 v _118_/B (sky130_fd_sc_hd__or2_2)
     1    0.00    0.05    0.29    3.46 v _118_/X (sky130_fd_sc_hd__or2_2)
                                         _052_ (net)
                  0.05    0.00    3.46 v _127_/A3 (sky130_fd_sc_hd__a32o_2)
     1    0.00    0.04    0.27    3.72 v _127_/X (sky130_fd_sc_hd__a32o_2)
                                         alu1.result (net)
                  0.04    0.00    3.72 v _220_/A (sky130_fd_sc_hd__buf_2)
     1    0.04    0.09    0.19    3.91 v _220_/X (sky130_fd_sc_hd__buf_2)
                                         result[1] (net)
                  0.09    0.00    3.91 v result[1] (out)
                                  3.91   data arrival time

                  0.00   10.00   10.00   clock __VIRTUAL_CLK__ (rise edge)
                          0.00   10.00   clock network delay (ideal)
                         -0.25    9.75   clock uncertainty
                          0.00    9.75   clock reconvergence pessimism
                         -2.00    7.75   output external delay
                                  7.75   data required time
-----------------------------------------------------------------------------
                                  7.75   data required time
                                 -3.91   data arrival time
-----------------------------------------------------------------------------
                                  3.84   slack (MET)


Startpoint: op[0] (input port clocked by __VIRTUAL_CLK__)
Endpoint: result[0] (output port clocked by __VIRTUAL_CLK__)
Path Group: __VIRTUAL_CLK__
Path Type: max

Fanout     Cap    Slew   Delay    Time   Description
-----------------------------------------------------------------------------
                  0.00    0.00    0.00   clock __VIRTUAL_CLK__ (rise edge)
                          0.00    0.00   clock network delay (ideal)
                          2.00    2.00 ^ input external delay
     2    0.01    0.06    0.04    2.04 ^ op[0] (in)
                                         op[0] (net)
                  0.06    0.00    2.04 ^ _112_/A (sky130_fd_sc_hd__buf_1)
    10    0.03    0.31    0.29    2.33 ^ _112_/X (sky130_fd_sc_hd__buf_1)
                                         _046_ (net)
                  0.31    0.00    2.33 ^ _123_/B (sky130_fd_sc_hd__or2_2)
     2    0.01    0.05    0.19    2.52 ^ _123_/X (sky130_fd_sc_hd__or2_2)
                                         _057_ (net)
                  0.05    0.00    2.52 ^ _124_/A (sky130_fd_sc_hd__inv_2)
     1    0.00    0.02    0.03    2.55 v _124_/Y (sky130_fd_sc_hd__inv_2)
                                         _058_ (net)
                  0.02    0.00    2.55 v _125_/A2 (sky130_fd_sc_hd__a22o_2)
     7    0.02    0.08    0.31    2.86 v _125_/X (sky130_fd_sc_hd__a22o_2)
                                         _059_ (net)
                  0.08    0.00    2.86 v _215_/B1 (sky130_fd_sc_hd__o21a_2)
     1    0.00    0.03    0.13    2.98 v _215_/X (sky130_fd_sc_hd__o21a_2)
                                         _036_ (net)
                  0.03    0.00    2.98 v _217_/A1 (sky130_fd_sc_hd__mux2_2)
     1    0.00    0.04    0.26    3.24 v _217_/X (sky130_fd_sc_hd__mux2_2)
                                         _038_ (net)
                  0.04    0.00    3.24 v _218_/B1_N (sky130_fd_sc_hd__o21bai_2)
     1    0.00    0.04    0.18    3.42 v _218_/Y (sky130_fd_sc_hd__o21bai_2)
                                         alu0.result (net)
                  0.04    0.00    3.42 v _219_/A (sky130_fd_sc_hd__buf_2)
     1    0.04    0.10    0.20    3.61 v _219_/X (sky130_fd_sc_hd__buf_2)
                                         result[0] (net)
                  0.10    0.00    3.62 v result[0] (out)
                                  3.62   data arrival time

                  0.00   10.00   10.00   clock __VIRTUAL_CLK__ (rise edge)
                          0.00   10.00   clock network delay (ideal)
                         -0.25    9.75   clock uncertainty
                          0.00    9.75   clock reconvergence pessimism
                         -2.00    7.75   output external delay
                                  7.75   data required time
-----------------------------------------------------------------------------
                                  7.75   data required time
                                 -3.62   data arrival time
-----------------------------------------------------------------------------
                                  4.13   slack (MET)



worst slack corner Typical: 0.2106
max_report_end
checks_report

===========================================================================
report_checks -unconstrained
===========================================================================
======================= Typical Corner ===================================

Startpoint: op[2] (input port clocked by __VIRTUAL_CLK__)
Endpoint: result[7] (output port clocked by __VIRTUAL_CLK__)
Path Group: __VIRTUAL_CLK__
Path Type: max

Fanout     Cap    Slew   Delay    Time   Description
-----------------------------------------------------------------------------
                  0.00    0.00    0.00   clock __VIRTUAL_CLK__ (rise edge)
                          0.00    0.00   clock network delay (ideal)
                          2.00    2.00 v input external delay
     6    0.02    0.04    0.03    2.03 v op[2] (in)
                                         op[2] (net)
                  0.04    0.00    2.03 v _113_/A (sky130_fd_sc_hd__or2_2)
     3    0.01    0.07    0.33    2.36 v _113_/X (sky130_fd_sc_hd__or2_2)
                                         _047_ (net)
                  0.07    0.00    2.36 v _114_/B (sky130_fd_sc_hd__or2_2)
     8    0.03    0.11    0.37    2.74 v _114_/X (sky130_fd_sc_hd__or2_2)
                                         _048_ (net)
                  0.11    0.00    2.74 v _115_/B2 (sky130_fd_sc_hd__o32a_2)
     3    0.02    0.09    0.26    2.99 v _115_/X (sky130_fd_sc_hd__o32a_2)
                                         _049_ (net)
                  0.09    0.00    2.99 v _116_/B (sky130_fd_sc_hd__xnor2_2)
     3    0.01    0.20    0.21    3.21 ^ _116_/Y (sky130_fd_sc_hd__xnor2_2)
                                         _050_ (net)
                  0.20    0.00    3.21 ^ _129_/A2 (sky130_fd_sc_hd__o21ai_2)
     4    0.01    0.07    0.11    3.32 v _129_/Y (sky130_fd_sc_hd__o21ai_2)
                                         _062_ (net)
                  0.07    0.00    3.32 v _145_/A2 (sky130_fd_sc_hd__a32o_2)
     1    0.00    0.04    0.28    3.60 v _145_/X (sky130_fd_sc_hd__a32o_2)
                                         _077_ (net)
                  0.04    0.00    3.60 v _146_/B1 (sky130_fd_sc_hd__o22a_2)
     3    0.02    0.08    0.26    3.85 v _146_/X (sky130_fd_sc_hd__o22a_2)
                                         _078_ (net)
                  0.08    0.00    3.85 v _147_/B (sky130_fd_sc_hd__xnor2_2)
     3    0.01    0.20    0.21    4.06 ^ _147_/Y (sky130_fd_sc_hd__xnor2_2)
                                         _079_ (net)
                  0.20    0.00    4.06 ^ _156_/A2 (sky130_fd_sc_hd__o21ai_2)
     4    0.01    0.07    0.10    4.16 v _156_/Y (sky130_fd_sc_hd__o21ai_2)
                                         _087_ (net)
                  0.07    0.00    4.16 v _171_/B (sky130_fd_sc_hd__and3_2)
     1    0.00    0.03    0.20    4.36 v _171_/X (sky130_fd_sc_hd__and3_2)
                                         _101_ (net)
                  0.03    0.00    4.36 v _172_/A (sky130_fd_sc_hd__or3b_2)
     3    0.01    0.09    0.50    4.86 v _172_/X (sky130_fd_sc_hd__or3b_2)
                                         _102_ (net)
                  0.09    0.00    4.86 v _185_/C (sky130_fd_sc_hd__and3_2)
     1    0.00    0.03    0.22    5.08 v _185_/X (sky130_fd_sc_hd__and3_2)
                                         _009_ (net)
                  0.03    0.00    5.08 v _186_/A (sky130_fd_sc_hd__or3b_2)
     4    0.01    0.10    0.53    5.61 v _186_/X (sky130_fd_sc_hd__or3b_2)
                                         _010_ (net)
                  0.10    0.00    5.61 v _199_/C (sky130_fd_sc_hd__and3_2)
     1    0.00    0.03    0.23    5.84 v _199_/X (sky130_fd_sc_hd__and3_2)
                                         _022_ (net)
                  0.03    0.00    5.84 v _200_/A (sky130_fd_sc_hd__or3b_2)
     3    0.01    0.10    0.51    6.35 v _200_/X (sky130_fd_sc_hd__or3b_2)
                                         _023_ (net)
                  0.10    0.00    6.35 v _201_/C (sky130_fd_sc_hd__and3_2)
     3    0.01    0.06    0.27    6.62 v _201_/X (sky130_fd_sc_hd__and3_2)
                                         _024_ (net)
                  0.06    0.00    6.62 v _203_/B (sky130_fd_sc_hd__or3_2)
     2    0.01    0.09    0.49    7.10 v _203_/X (sky130_fd_sc_hd__or3_2)
                                         _026_ (net)
                  0.09    0.00    7.10 v _209_/A2 (sky130_fd_sc_hd__a31o_2)
     1    0.00    0.03    0.25    7.35 v _209_/X (sky130_fd_sc_hd__a31o_2)
                                         alu7.result (net)
                  0.03    0.00    7.35 v _226_/A (sky130_fd_sc_hd__buf_2)
     1    0.04    0.09    0.19    7.54 v _226_/X (sky130_fd_sc_hd__buf_2)
                                         result[7] (net)
                  0.09    0.00    7.54 v result[7] (out)
                                  7.54   data arrival time

                  0.00   10.00   10.00   clock __VIRTUAL_CLK__ (rise edge)
                          0.00   10.00   clock network delay (ideal)
                         -0.25    9.75   clock uncertainty
                          0.00    9.75   clock reconvergence pessimism
                         -2.00    7.75   output external delay
                                  7.75   data required time
-----------------------------------------------------------------------------
                                  7.75   data required time
                                 -7.54   data arrival time
-----------------------------------------------------------------------------
                                  0.21   slack (MET)




===========================================================================
report_checks --slack_max -0.01
============================================================================
======================= Typical Corner ===================================

No paths found.


===========================================================================
 report_check_types -max_slew -max_cap -max_fanout -violators
============================================================================
======================= Typical Corner ===================================


max slew violations count Typical: 0
max fanout violations count Typical: 0
max cap violations count Typical: 0

===========================================================================
report_parasitic_annotation -report_unannotated
============================================================================
Found 0 unannotated drivers.
Found 0 partially unannotated drivers.

===========================================================================
max slew violation count 0
max fanout violation count 0
max cap violation count 0
============================================================================

===========================================================================
check_setup -verbose -unconstrained_endpoints -multiple_clock -no_clock -no_input_delay -loops -generated_clocks
===========================================================================
checks_report_end
power_report

===========================================================================
 report_power
============================================================================
======================= Typical Corner ===================================

Group                  Internal  Switching    Leakage      Total
                          Power      Power      Power      Power (Watts)
----------------------------------------------------------------
Sequential             0.00e+00   0.00e+00   0.00e+00   0.00e+00   0.0%
Combinational          2.16e-05   2.25e-05   3.98e-10   4.41e-05 100.0%
Clock                  0.00e+00   0.00e+00   1.10e-10   1.10e-10   0.0%
Macro                  0.00e+00   0.00e+00   0.00e+00   0.00e+00   0.0%
Pad                    0.00e+00   0.00e+00   0.00e+00   0.00e+00   0.0%
----------------------------------------------------------------
Total                  2.16e-05   2.25e-05   5.08e-10   4.41e-05 100.0%
                          49.0%      51.0%       0.0%

power_report_end
summary_report

===========================================================================
report_tns
============================================================================
tns 0.00

===========================================================================
report_wns
============================================================================
wns 0.00

===========================================================================
report_worst_slack -max (Setup)
============================================================================
worst slack 0.21

===========================================================================
report_worst_slack -min (Hold)
============================================================================
worst slack 4.14
summary_report_end
area_report

===========================================================================
report_design_area
============================================================================
Design area 993 u^2 44% utilization.
area_report_end
check_nonpropagated_clocks
__VIRTUAL_CLK__
check_nonpropagated_clocks_end
[WARNING] Did not save OpenROAD database!
Writing SDF to '/openlane/designs/alu_8bit/runs/RUN_2025.05.07_17.19.58/results/signoff/alu_8bit.sdf'…
