
===========================================================================
report_checks -unconstrained
===========================================================================
======================= Typical Corner ===================================

Startpoint: op[2] (input port clocked by __VIRTUAL_CLK__)
Endpoint: result[7] (output port clocked by __VIRTUAL_CLK__)
Path Group: __VIRTUAL_CLK__
Path Type: max

Fanout     Cap    Slew   Delay    Time   Description
-----------------------------------------------------------------------------
                  0.00    0.00    0.00   clock __VIRTUAL_CLK__ (rise edge)
                          0.00    0.00   clock network delay (ideal)
                          2.00    2.00 v input external delay
     6    0.01    0.03    0.02    2.02 v op[2] (in)
                                         op[2] (net)
                  0.03    0.00    2.02 v _113_/A (sky130_fd_sc_hd__or2_2)
     3    0.01    0.06    0.31    2.33 v _113_/X (sky130_fd_sc_hd__or2_2)
                                         _047_ (net)
                  0.06    0.00    2.33 v _114_/B (sky130_fd_sc_hd__or2_2)
     8    0.02    0.10    0.35    2.69 v _114_/X (sky130_fd_sc_hd__or2_2)
                                         _048_ (net)
                  0.10    0.00    2.69 v _115_/B2 (sky130_fd_sc_hd__o32a_2)
     3    0.02    0.09    0.25    2.93 v _115_/X (sky130_fd_sc_hd__o32a_2)
                                         _049_ (net)
                  0.09    0.00    2.93 v _116_/B (sky130_fd_sc_hd__xnor2_2)
     3    0.01    0.19    0.20    3.14 ^ _116_/Y (sky130_fd_sc_hd__xnor2_2)
                                         _050_ (net)
                  0.19    0.00    3.14 ^ _129_/A2 (sky130_fd_sc_hd__o21ai_2)
     4    0.01    0.07    0.10    3.24 v _129_/Y (sky130_fd_sc_hd__o21ai_2)
                                         _062_ (net)
                  0.07    0.00    3.24 v _145_/A2 (sky130_fd_sc_hd__a32o_2)
     1    0.00    0.04    0.28    3.52 v _145_/X (sky130_fd_sc_hd__a32o_2)
                                         _077_ (net)
                  0.04    0.00    3.52 v _146_/B1 (sky130_fd_sc_hd__o22a_2)
     3    0.02    0.08    0.25    3.77 v _146_/X (sky130_fd_sc_hd__o22a_2)
                                         _078_ (net)
                  0.08    0.00    3.77 v _147_/B (sky130_fd_sc_hd__xnor2_2)
     3    0.01    0.19    0.20    3.97 ^ _147_/Y (sky130_fd_sc_hd__xnor2_2)
                                         _079_ (net)
                  0.19    0.00    3.97 ^ _156_/A2 (sky130_fd_sc_hd__o21ai_2)
     4    0.01    0.06    0.10    4.07 v _156_/Y (sky130_fd_sc_hd__o21ai_2)
                                         _087_ (net)
                  0.06    0.00    4.07 v _171_/B (sky130_fd_sc_hd__and3_2)
     1    0.00    0.03    0.20    4.26 v _171_/X (sky130_fd_sc_hd__and3_2)
                                         _101_ (net)
                  0.03    0.00    4.26 v _172_/A (sky130_fd_sc_hd__or3b_2)
     3    0.01    0.09    0.49    4.76 v _172_/X (sky130_fd_sc_hd__or3b_2)
                                         _102_ (net)
                  0.09    0.00    4.76 v _185_/C (sky130_fd_sc_hd__and3_2)
     1    0.00    0.03    0.22    4.98 v _185_/X (sky130_fd_sc_hd__and3_2)
                                         _009_ (net)
                  0.03    0.00    4.98 v _186_/A (sky130_fd_sc_hd__or3b_2)
     4    0.01    0.10    0.52    5.50 v _186_/X (sky130_fd_sc_hd__or3b_2)
                                         _010_ (net)
                  0.10    0.00    5.50 v _199_/C (sky130_fd_sc_hd__and3_2)
     1    0.00    0.03    0.23    5.73 v _199_/X (sky130_fd_sc_hd__and3_2)
                                         _022_ (net)
                  0.03    0.00    5.73 v _200_/A (sky130_fd_sc_hd__or3b_2)
     3    0.01    0.10    0.51    6.24 v _200_/X (sky130_fd_sc_hd__or3b_2)
                                         _023_ (net)
                  0.10    0.00    6.24 v _201_/C (sky130_fd_sc_hd__and3_2)
     3    0.01    0.06    0.26    6.50 v _201_/X (sky130_fd_sc_hd__and3_2)
                                         _024_ (net)
                  0.06    0.00    6.50 v _203_/B (sky130_fd_sc_hd__or3_2)
     2    0.00    0.08    0.48    6.98 v _203_/X (sky130_fd_sc_hd__or3_2)
                                         _026_ (net)
                  0.08    0.00    6.98 v _209_/A2 (sky130_fd_sc_hd__a31o_2)
     1    0.00    0.03    0.25    7.22 v _209_/X (sky130_fd_sc_hd__a31o_2)
                                         alu7.result (net)
                  0.03    0.00    7.22 v _226_/A (sky130_fd_sc_hd__buf_2)
     1    0.03    0.09    0.18    7.41 v _226_/X (sky130_fd_sc_hd__buf_2)
                                         result[7] (net)
                  0.09    0.00    7.41 v result[7] (out)
                                  7.41   data arrival time

                  0.00   10.00   10.00   clock __VIRTUAL_CLK__ (rise edge)
                          0.00   10.00   clock network delay (ideal)
                         -0.25    9.75   clock uncertainty
                          0.00    9.75   clock reconvergence pessimism
                         -2.00    7.75   output external delay
                                  7.75   data required time
-----------------------------------------------------------------------------
                                  7.75   data required time
                                 -7.41   data arrival time
-----------------------------------------------------------------------------
                                  0.34   slack (MET)




===========================================================================
report_checks --slack_max -0.01
============================================================================
======================= Typical Corner ===================================

No paths found.


===========================================================================
 report_check_types -max_slew -max_cap -max_fanout -violators
============================================================================
======================= Typical Corner ===================================


max slew violations count Typical: 0
max fanout violations count Typical: 0
max cap violations count Typical: 0

===========================================================================
report_parasitic_annotation -report_unannotated
============================================================================
Found 142 unannotated drivers.
 a[0]
 a[1]
 a[2]
 a[3]
 a[4]
 a[5]
 a[6]
 a[7]
 b[0]
 b[1]
 b[2]
 b[3]
 b[4]
 b[5]
 b[6]
 b[7]
 cin
 op[0]
 op[1]
 op[2]
 _105_/Y
 _106_/Y
 _107_/X
 _108_/Y
 _109_/Y
 _110_/X
 _111_/Y
 _112_/X
 _113_/X
 _114_/X
 _115_/X
 _116_/Y
 _117_/Y
 _118_/X
 _119_/X
 _120_/Y
 _121_/X
 _122_/X
 _123_/X
 _124_/Y
 _125_/X
 _126_/X
 _127_/X
 _128_/Y
 _129_/Y
 _130_/Y
 _131_/Y
 _132_/Y
 _133_/X
 _134_/Y
 _135_/Y
 _136_/X
 _137_/Y
 _138_/Y
 _139_/X
 _140_/X
 _141_/X
 _142_/Y
 _143_/X
 _144_/Y
 _145_/X
 _146_/X
 _147_/Y
 _148_/X
 _149_/Y
 _150_/Y
 _151_/X
 _152_/X
 _153_/X
 _154_/X
 _155_/Y
 _156_/Y
 _157_/Y
 _158_/Y
 _159_/X
 _160_/Y
 _161_/X
 _162_/Y
 _163_/Y
 _164_/X
 _165_/X
 _166_/X
 _167_/X
 _168_/Y
 _169_/X
 _170_/X
 _171_/X
 _172_/X
 _173_/X
 _174_/X
 _175_/X
 _176_/X
 _177_/Y
 _178_/Y
 _179_/X
 _180_/X
 _181_/X
 _182_/X
 _183_/Y
 _184_/X
 _185_/X
 _186_/X
 _187_/X
 _188_/Y
 _189_/X
 _190_/Y
 _191_/Y
 _192_/X
 _193_/X
 _194_/X
 _195_/X
 _196_/Y
 _197_/X
 _198_/X
 _199_/X
 _200_/X
 _201_/X
 _202_/Y
 _203_/X
 _204_/Y
 _205_/Y
 _206_/X
 _207_/X
 _208_/X
 _209_/X
 _210_/Y
 _211_/X
 _212_/X
 _213_/X
 _214_/X
 _215_/X
 _216_/Y
 _217_/X
 _218_/Y
 _219_/X
 _220_/X
 _221_/X
 _222_/X
 _223_/X
 _224_/X
 _225_/X
 _226_/X
Found 0 partially unannotated drivers.

===========================================================================
max slew violation count 0
max fanout violation count 0
max cap violation count 0
============================================================================

===========================================================================
check_setup -verbose -unconstrained_endpoints -multiple_clock -no_clock -no_input_delay -loops -generated_clocks
===========================================================================
