OpenROAD b16bda7e82721d10566ff7e2b68f1ff0be9f9e38 
Features included (+) or not (-): +Charts +GPU +GUI +Python
This program is licensed under the BSD-3 license. See the LICENSE file for details.
Components of this program may be licensed under more restrictive licenses which must be honored.
define_corners Typical
read_liberty -corner Typical /home/amit/.volare/volare/sky130/versions/bdc9412b3e468c102d01b7cf6337be06ec6e9c9a/sky130A/libs.ref/sky130_fd_sc_hd/lib/sky130_fd_sc_hd__tt_025C_1v80.lib
Using 1e-12 for capacitance...
Using 1e+03 for resistance...
Using 1e-09 for time...
Using 1e+00 for voltage...
Using 1e-03 for current...
Using 1e-09 for power...
Using 1e-06 for distance...
[INFO]: Reading ODB at '/openlane/designs/alu_8bit/runs/RUN_2025.05.07_16.15.44/results/floorplan/alu_8bit.odb'…
Reading design constraints file at '/openlane/scripts/base.sdc'…
[INFO]: Setting output delay to: 2.0
[INFO]: Setting input delay to: 2.0
[WARNING STA-0366] port '__VIRTUAL_CLK__' not found.
[INFO]: Setting load to: 0.033442
[INFO]: Setting clock uncertainty to: 0.25
[INFO]: Setting clock transition to: 0.15
[WARNING STA-0419] transition time can not be specified for virtual clocks.
[INFO]: Setting timing derate to: 5.0 %
[INFO]: Setting RC values...
[INFO]: Setting signal min routing layer to: met1 and clock min routing layer to met3. 
[INFO]: Setting signal max routing layer to: met5 and clock max routing layer to met5. 
[WARNING GPL-0150] -skip_io will disable timing driven mode.
[WARNING GPL-0151] -skip_io will disable routability driven mode.
[INFO GPL-0002] DBU: 1000
[INFO GPL-0003] SiteSize: (  0.460  2.720 ) um
[INFO GPL-0004] CoreBBox: (  5.520 10.880 ) ( 49.220 54.400 ) um
[INFO GPL-0006] NumInstances:               181
[INFO GPL-0007] NumPlaceInstances:          122
[INFO GPL-0008] NumFixedInstances:           59
[INFO GPL-0009] NumDummyInstances:            0
[INFO GPL-0010] NumNets:                    142
[INFO GPL-0011] NumPins:                    446
[INFO GPL-0012] DieBBox:  (  0.000  0.000 ) ( 54.820 65.540 ) um
[INFO GPL-0013] CoreBBox: (  5.520 10.880 ) ( 49.220 54.400 ) um
[INFO GPL-0016] CoreArea:              1901.824 um^2
[INFO GPL-0017] NonPlaceInstsArea:      153.898 um^2
[INFO GPL-0018] PlaceInstsArea:         958.419 um^2
[INFO GPL-0019] Util:                    54.832 %
[INFO GPL-0020] StdInstsArea:           958.419 um^2
[INFO GPL-0021] MacroInstsArea:           0.000 um^2
[INFO GPL-0031] FillerInit:NumGCells:       133
[INFO GPL-0032] FillerInit:NumGNets:        142
[INFO GPL-0033] FillerInit:NumGPins:        446
[INFO GPL-0023] TargetDensity:            0.600
[INFO GPL-0024] AvrgPlaceInstArea:        7.856 um^2
[INFO GPL-0025] IdealBinArea:            13.093 um^2
[INFO GPL-0026] IdealBinCnt:                145
[INFO GPL-0027] TotalBinArea:          1901.824 um^2
[INFO GPL-0028] BinCnt:         8      8
[INFO GPL-0029] BinSize: (  5.463  5.440 )
[INFO GPL-0030] NumBins: 64
[NesterovSolve] Iter:    1 overflow: 0.927 HPWL: 248758
[NesterovSolve] Iter:   10 overflow: 0.927 HPWL: 169029
[NesterovSolve] Iter:   20 overflow: 0.927 HPWL: 169033
[NesterovSolve] Iter:   30 overflow: 0.927 HPWL: 168978
[NesterovSolve] Iter:   40 overflow: 0.927 HPWL: 168980
[NesterovSolve] Iter:   50 overflow: 0.927 HPWL: 168979
[NesterovSolve] Iter:   60 overflow: 0.927 HPWL: 168941
[NesterovSolve] Iter:   70 overflow: 0.927 HPWL: 168865
[NesterovSolve] Iter:   80 overflow: 0.927 HPWL: 169011
[NesterovSolve] Iter:   90 overflow: 0.927 HPWL: 169288
[NesterovSolve] Iter:  100 overflow: 0.926 HPWL: 169219
[NesterovSolve] Iter:  110 overflow: 0.926 HPWL: 169651
[NesterovSolve] Iter:  120 overflow: 0.925 HPWL: 170655
[NesterovSolve] Iter:  130 overflow: 0.922 HPWL: 174358
[NesterovSolve] Iter:  140 overflow: 0.896 HPWL: 187969
[NesterovSolve] Iter:  150 overflow: 0.845 HPWL: 251607
[NesterovSolve] Iter:  160 overflow: 0.822 HPWL: 284697
[NesterovSolve] Iter:  170 overflow: 0.764 HPWL: 363022
[NesterovSolve] Iter:  180 overflow: 0.727 HPWL: 403525
[NesterovSolve] Iter:  190 overflow: 0.673 HPWL: 460684
[NesterovSolve] Iter:  200 overflow: 0.633 HPWL: 519951
[NesterovSolve] Iter:  210 overflow: 0.582 HPWL: 554217
[NesterovSolve] Iter:  220 overflow: 0.536 HPWL: 603367
[NesterovSolve] Iter:  230 overflow: 0.485 HPWL: 642581
[NesterovSolve] Iter:  240 overflow: 0.436 HPWL: 686249
[NesterovSolve] Iter:  250 overflow: 0.402 HPWL: 729922
[NesterovSolve] Iter:  260 overflow: 0.368 HPWL: 771122
[NesterovSolve] Iter:  270 overflow: 0.338 HPWL: 801572
[NesterovSolve] Iter:  280 overflow: 0.319 HPWL: 835442
[NesterovSolve] Iter:  290 overflow: 0.293 HPWL: 863319
[NesterovSolve] Iter:  300 overflow: 0.264 HPWL: 895544
[NesterovSolve] Iter:  310 overflow: 0.231 HPWL: 927525
[NesterovSolve] Iter:  320 overflow: 0.200 HPWL: 959911
[NesterovSolve] Iter:  330 overflow: 0.167 HPWL: 987486
[NesterovSolve] Iter:  340 overflow: 0.137 HPWL: 1013472
[NesterovSolve] Iter:  350 overflow: 0.115 HPWL: 1035099
[NesterovSolve] Finished with Overflow: 0.099751
Setting global connections for newly added cells…
Writing OpenROAD database to '/openlane/designs/alu_8bit/runs/RUN_2025.05.07_16.15.44/tmp/placement/7-global_skip_io.odb'…
Writing netlist to '/openlane/designs/alu_8bit/runs/RUN_2025.05.07_16.15.44/tmp/placement/7-global_skip_io.nl.v'…
Writing powered netlist to '/openlane/designs/alu_8bit/runs/RUN_2025.05.07_16.15.44/tmp/placement/7-global_skip_io.pnl.v'…
Writing layout to '/openlane/designs/alu_8bit/runs/RUN_2025.05.07_16.15.44/tmp/placement/7-global_skip_io.def'…
