
===========================================================================
report_checks -path_delay max (Setup)
============================================================================
======================= Typical Corner ===================================

Startpoint: op[2] (input port clocked by __VIRTUAL_CLK__)
Endpoint: result[7] (output port clocked by __VIRTUAL_CLK__)
Path Group: __VIRTUAL_CLK__
Path Type: max

Fanout     Cap    Slew   Delay    Time   Description
-----------------------------------------------------------------------------
                  0.00    0.00    0.00   clock __VIRTUAL_CLK__ (rise edge)
                          0.00    0.00   clock network delay (ideal)
                          2.00    2.00 v input external delay
     6    0.02    0.04    0.03    2.03 v op[2] (in)
                                         op[2] (net)
                  0.04    0.00    2.03 v _113_/A (sky130_fd_sc_hd__or2_2)
     3    0.01    0.07    0.33    2.36 v _113_/X (sky130_fd_sc_hd__or2_2)
                                         _047_ (net)
                  0.07    0.00    2.36 v _114_/B (sky130_fd_sc_hd__or2_2)
     8    0.03    0.11    0.37    2.73 v _114_/X (sky130_fd_sc_hd__or2_2)
                                         _048_ (net)
                  0.11    0.00    2.73 v _115_/B2 (sky130_fd_sc_hd__o32a_2)
     3    0.02    0.09    0.26    2.99 v _115_/X (sky130_fd_sc_hd__o32a_2)
                                         _049_ (net)
                  0.09    0.00    2.99 v _116_/B (sky130_fd_sc_hd__xnor2_2)
     3    0.01    0.20    0.21    3.20 ^ _116_/Y (sky130_fd_sc_hd__xnor2_2)
                                         _050_ (net)
                  0.20    0.00    3.20 ^ _129_/A2 (sky130_fd_sc_hd__o21ai_2)
     4    0.01    0.07    0.11    3.31 v _129_/Y (sky130_fd_sc_hd__o21ai_2)
                                         _062_ (net)
                  0.07    0.00    3.31 v _145_/A2 (sky130_fd_sc_hd__a32o_2)
     1    0.00    0.04    0.28    3.59 v _145_/X (sky130_fd_sc_hd__a32o_2)
                                         _077_ (net)
                  0.04    0.00    3.59 v _146_/B1 (sky130_fd_sc_hd__o22a_2)
     3    0.02    0.08    0.26    3.85 v _146_/X (sky130_fd_sc_hd__o22a_2)
                                         _078_ (net)
                  0.08    0.00    3.85 v _147_/B (sky130_fd_sc_hd__xnor2_2)
     3    0.01    0.20    0.21    4.05 ^ _147_/Y (sky130_fd_sc_hd__xnor2_2)
                                         _079_ (net)
                  0.20    0.00    4.05 ^ _156_/A2 (sky130_fd_sc_hd__o21ai_2)
     4    0.01    0.07    0.10    4.16 v _156_/Y (sky130_fd_sc_hd__o21ai_2)
                                         _087_ (net)
                  0.07    0.00    4.16 v _171_/B (sky130_fd_sc_hd__and3_2)
     1    0.00    0.03    0.20    4.36 v _171_/X (sky130_fd_sc_hd__and3_2)
                                         _101_ (net)
                  0.03    0.00    4.36 v _172_/A (sky130_fd_sc_hd__or3b_2)
     3    0.01    0.09    0.50    4.85 v _172_/X (sky130_fd_sc_hd__or3b_2)
                                         _102_ (net)
                  0.09    0.00    4.85 v _185_/C (sky130_fd_sc_hd__and3_2)
     1    0.00    0.03    0.22    5.08 v _185_/X (sky130_fd_sc_hd__and3_2)
                                         _009_ (net)
                  0.03    0.00    5.08 v _186_/A (sky130_fd_sc_hd__or3b_2)
     4    0.01    0.10    0.53    5.60 v _186_/X (sky130_fd_sc_hd__or3b_2)
                                         _010_ (net)
                  0.10    0.00    5.60 v _199_/C (sky130_fd_sc_hd__and3_2)
     1    0.00    0.03    0.23    5.84 v _199_/X (sky130_fd_sc_hd__and3_2)
                                         _022_ (net)
                  0.03    0.00    5.84 v _200_/A (sky130_fd_sc_hd__or3b_2)
     3    0.01    0.10    0.51    6.35 v _200_/X (sky130_fd_sc_hd__or3b_2)
                                         _023_ (net)
                  0.10    0.00    6.35 v _201_/C (sky130_fd_sc_hd__and3_2)
     3    0.01    0.06    0.27    6.61 v _201_/X (sky130_fd_sc_hd__and3_2)
                                         _024_ (net)
                  0.06    0.00    6.61 v _203_/B (sky130_fd_sc_hd__or3_2)
     2    0.01    0.09    0.49    7.10 v _203_/X (sky130_fd_sc_hd__or3_2)
                                         _026_ (net)
                  0.09    0.00    7.10 v _209_/A2 (sky130_fd_sc_hd__a31o_2)
     1    0.00    0.03    0.25    7.35 v _209_/X (sky130_fd_sc_hd__a31o_2)
                                         alu7.result (net)
                  0.03    0.00    7.35 v _226_/A (sky130_fd_sc_hd__buf_2)
     1    0.03    0.09    0.18    7.53 v _226_/X (sky130_fd_sc_hd__buf_2)
                                         result[7] (net)
                  0.09    0.00    7.53 v result[7] (out)
                                  7.53   data arrival time

                  0.00   10.00   10.00   clock __VIRTUAL_CLK__ (rise edge)
                          0.00   10.00   clock network delay (ideal)
                         -0.25    9.75   clock uncertainty
                          0.00    9.75   clock reconvergence pessimism
                         -2.00    7.75   output external delay
                                  7.75   data required time
-----------------------------------------------------------------------------
                                  7.75   data required time
                                 -7.53   data arrival time
-----------------------------------------------------------------------------
                                  0.22   slack (MET)


Startpoint: op[2] (input port clocked by __VIRTUAL_CLK__)
Endpoint: cout (output port clocked by __VIRTUAL_CLK__)
Path Group: __VIRTUAL_CLK__
Path Type: max

Fanout     Cap    Slew   Delay    Time   Description
-----------------------------------------------------------------------------
                  0.00    0.00    0.00   clock __VIRTUAL_CLK__ (rise edge)
                          0.00    0.00   clock network delay (ideal)
                          2.00    2.00 v input external delay
     6    0.02    0.04    0.03    2.03 v op[2] (in)
                                         op[2] (net)
                  0.04    0.00    2.03 v _113_/A (sky130_fd_sc_hd__or2_2)
     3    0.01    0.07    0.33    2.36 v _113_/X (sky130_fd_sc_hd__or2_2)
                                         _047_ (net)
                  0.07    0.00    2.36 v _114_/B (sky130_fd_sc_hd__or2_2)
     8    0.03    0.11    0.37    2.73 v _114_/X (sky130_fd_sc_hd__or2_2)
                                         _048_ (net)
                  0.11    0.00    2.73 v _115_/B2 (sky130_fd_sc_hd__o32a_2)
     3    0.02    0.09    0.26    2.99 v _115_/X (sky130_fd_sc_hd__o32a_2)
                                         _049_ (net)
                  0.09    0.00    2.99 v _116_/B (sky130_fd_sc_hd__xnor2_2)
     3    0.01    0.20    0.21    3.20 ^ _116_/Y (sky130_fd_sc_hd__xnor2_2)
                                         _050_ (net)
                  0.20    0.00    3.20 ^ _129_/A2 (sky130_fd_sc_hd__o21ai_2)
     4    0.01    0.07    0.11    3.31 v _129_/Y (sky130_fd_sc_hd__o21ai_2)
                                         _062_ (net)
                  0.07    0.00    3.31 v _145_/A2 (sky130_fd_sc_hd__a32o_2)
     1    0.00    0.04    0.28    3.59 v _145_/X (sky130_fd_sc_hd__a32o_2)
                                         _077_ (net)
                  0.04    0.00    3.59 v _146_/B1 (sky130_fd_sc_hd__o22a_2)
     3    0.02    0.08    0.26    3.85 v _146_/X (sky130_fd_sc_hd__o22a_2)
                                         _078_ (net)
                  0.08    0.00    3.85 v _147_/B (sky130_fd_sc_hd__xnor2_2)
     3    0.01    0.20    0.21    4.05 ^ _147_/Y (sky130_fd_sc_hd__xnor2_2)
                                         _079_ (net)
                  0.20    0.00    4.05 ^ _156_/A2 (sky130_fd_sc_hd__o21ai_2)
     4    0.01    0.07    0.10    4.16 v _156_/Y (sky130_fd_sc_hd__o21ai_2)
                                         _087_ (net)
                  0.07    0.00    4.16 v _171_/B (sky130_fd_sc_hd__and3_2)
     1    0.00    0.03    0.20    4.36 v _171_/X (sky130_fd_sc_hd__and3_2)
                                         _101_ (net)
                  0.03    0.00    4.36 v _172_/A (sky130_fd_sc_hd__or3b_2)
     3    0.01    0.09    0.50    4.85 v _172_/X (sky130_fd_sc_hd__or3b_2)
                                         _102_ (net)
                  0.09    0.00    4.85 v _185_/C (sky130_fd_sc_hd__and3_2)
     1    0.00    0.03    0.22    5.08 v _185_/X (sky130_fd_sc_hd__and3_2)
                                         _009_ (net)
                  0.03    0.00    5.08 v _186_/A (sky130_fd_sc_hd__or3b_2)
     4    0.01    0.10    0.53    5.60 v _186_/X (sky130_fd_sc_hd__or3b_2)
                                         _010_ (net)
                  0.10    0.00    5.60 v _199_/C (sky130_fd_sc_hd__and3_2)
     1    0.00    0.03    0.23    5.84 v _199_/X (sky130_fd_sc_hd__and3_2)
                                         _022_ (net)
                  0.03    0.00    5.84 v _200_/A (sky130_fd_sc_hd__or3b_2)
     3    0.01    0.10    0.51    6.35 v _200_/X (sky130_fd_sc_hd__or3b_2)
                                         _023_ (net)
                  0.10    0.00    6.35 v _201_/C (sky130_fd_sc_hd__and3_2)
     3    0.01    0.06    0.27    6.61 v _201_/X (sky130_fd_sc_hd__and3_2)
                                         _024_ (net)
                  0.06    0.00    6.61 v _203_/B (sky130_fd_sc_hd__or3_2)
     2    0.01    0.09    0.49    7.10 v _203_/X (sky130_fd_sc_hd__or3_2)
                                         _026_ (net)
                  0.09    0.00    7.10 v _213_/A1 (sky130_fd_sc_hd__a21bo_2)
     1    0.03    0.10    0.30    7.40 v _213_/X (sky130_fd_sc_hd__a21bo_2)
                                         cout (net)
                  0.10    0.00    7.40 v cout (out)
                                  7.40   data arrival time

                  0.00   10.00   10.00   clock __VIRTUAL_CLK__ (rise edge)
                          0.00   10.00   clock network delay (ideal)
                         -0.25    9.75   clock uncertainty
                          0.00    9.75   clock reconvergence pessimism
                         -2.00    7.75   output external delay
                                  7.75   data required time
-----------------------------------------------------------------------------
                                  7.75   data required time
                                 -7.40   data arrival time
-----------------------------------------------------------------------------
                                  0.35   slack (MET)


Startpoint: op[2] (input port clocked by __VIRTUAL_CLK__)
Endpoint: result[6] (output port clocked by __VIRTUAL_CLK__)
Path Group: __VIRTUAL_CLK__
Path Type: max

Fanout     Cap    Slew   Delay    Time   Description
-----------------------------------------------------------------------------
                  0.00    0.00    0.00   clock __VIRTUAL_CLK__ (rise edge)
                          0.00    0.00   clock network delay (ideal)
                          2.00    2.00 v input external delay
     6    0.02    0.04    0.03    2.03 v op[2] (in)
                                         op[2] (net)
                  0.04    0.00    2.03 v _113_/A (sky130_fd_sc_hd__or2_2)
     3    0.01    0.07    0.33    2.36 v _113_/X (sky130_fd_sc_hd__or2_2)
                                         _047_ (net)
                  0.07    0.00    2.36 v _114_/B (sky130_fd_sc_hd__or2_2)
     8    0.03    0.11    0.37    2.73 v _114_/X (sky130_fd_sc_hd__or2_2)
                                         _048_ (net)
                  0.11    0.00    2.73 v _115_/B2 (sky130_fd_sc_hd__o32a_2)
     3    0.02    0.09    0.26    2.99 v _115_/X (sky130_fd_sc_hd__o32a_2)
                                         _049_ (net)
                  0.09    0.00    2.99 v _116_/B (sky130_fd_sc_hd__xnor2_2)
     3    0.01    0.20    0.21    3.20 ^ _116_/Y (sky130_fd_sc_hd__xnor2_2)
                                         _050_ (net)
                  0.20    0.00    3.20 ^ _129_/A2 (sky130_fd_sc_hd__o21ai_2)
     4    0.01    0.07    0.11    3.31 v _129_/Y (sky130_fd_sc_hd__o21ai_2)
                                         _062_ (net)
                  0.07    0.00    3.31 v _145_/A2 (sky130_fd_sc_hd__a32o_2)
     1    0.00    0.04    0.28    3.59 v _145_/X (sky130_fd_sc_hd__a32o_2)
                                         _077_ (net)
                  0.04    0.00    3.59 v _146_/B1 (sky130_fd_sc_hd__o22a_2)
     3    0.02    0.08    0.26    3.85 v _146_/X (sky130_fd_sc_hd__o22a_2)
                                         _078_ (net)
                  0.08    0.00    3.85 v _147_/B (sky130_fd_sc_hd__xnor2_2)
     3    0.01    0.20    0.21    4.05 ^ _147_/Y (sky130_fd_sc_hd__xnor2_2)
                                         _079_ (net)
                  0.20    0.00    4.05 ^ _156_/A2 (sky130_fd_sc_hd__o21ai_2)
     4    0.01    0.07    0.10    4.16 v _156_/Y (sky130_fd_sc_hd__o21ai_2)
                                         _087_ (net)
                  0.07    0.00    4.16 v _171_/B (sky130_fd_sc_hd__and3_2)
     1    0.00    0.03    0.20    4.36 v _171_/X (sky130_fd_sc_hd__and3_2)
                                         _101_ (net)
                  0.03    0.00    4.36 v _172_/A (sky130_fd_sc_hd__or3b_2)
     3    0.01    0.09    0.50    4.85 v _172_/X (sky130_fd_sc_hd__or3b_2)
                                         _102_ (net)
                  0.09    0.00    4.85 v _185_/C (sky130_fd_sc_hd__and3_2)
     1    0.00    0.03    0.22    5.08 v _185_/X (sky130_fd_sc_hd__and3_2)
                                         _009_ (net)
                  0.03    0.00    5.08 v _186_/A (sky130_fd_sc_hd__or3b_2)
     4    0.01    0.10    0.53    5.60 v _186_/X (sky130_fd_sc_hd__or3b_2)
                                         _010_ (net)
                  0.10    0.00    5.60 v _187_/C (sky130_fd_sc_hd__and3_2)
     3    0.01    0.05    0.26    5.87 v _187_/X (sky130_fd_sc_hd__and3_2)
                                         _011_ (net)
                  0.05    0.00    5.87 v _189_/B (sky130_fd_sc_hd__or3_2)
     1    0.00    0.07    0.46    6.33 v _189_/X (sky130_fd_sc_hd__or3_2)
                                         _013_ (net)
                  0.07    0.00    6.33 v _195_/A2 (sky130_fd_sc_hd__a32o_2)
     1    0.00    0.04    0.28    6.60 v _195_/X (sky130_fd_sc_hd__a32o_2)
                                         alu6.result (net)
                  0.04    0.00    6.60 v _225_/A (sky130_fd_sc_hd__buf_2)
     1    0.03    0.09    0.19    6.79 v _225_/X (sky130_fd_sc_hd__buf_2)
                                         result[6] (net)
                  0.09    0.00    6.79 v result[6] (out)
                                  6.79   data arrival time

                  0.00   10.00   10.00   clock __VIRTUAL_CLK__ (rise edge)
                          0.00   10.00   clock network delay (ideal)
                         -0.25    9.75   clock uncertainty
                          0.00    9.75   clock reconvergence pessimism
                         -2.00    7.75   output external delay
                                  7.75   data required time
-----------------------------------------------------------------------------
                                  7.75   data required time
                                 -6.79   data arrival time
-----------------------------------------------------------------------------
                                  0.96   slack (MET)


Startpoint: op[2] (input port clocked by __VIRTUAL_CLK__)
Endpoint: result[5] (output port clocked by __VIRTUAL_CLK__)
Path Group: __VIRTUAL_CLK__
Path Type: max

Fanout     Cap    Slew   Delay    Time   Description
-----------------------------------------------------------------------------
                  0.00    0.00    0.00   clock __VIRTUAL_CLK__ (rise edge)
                          0.00    0.00   clock network delay (ideal)
                          2.00    2.00 v input external delay
     6    0.02    0.04    0.03    2.03 v op[2] (in)
                                         op[2] (net)
                  0.04    0.00    2.03 v _113_/A (sky130_fd_sc_hd__or2_2)
     3    0.01    0.07    0.33    2.36 v _113_/X (sky130_fd_sc_hd__or2_2)
                                         _047_ (net)
                  0.07    0.00    2.36 v _114_/B (sky130_fd_sc_hd__or2_2)
     8    0.03    0.11    0.37    2.73 v _114_/X (sky130_fd_sc_hd__or2_2)
                                         _048_ (net)
                  0.11    0.00    2.73 v _115_/B2 (sky130_fd_sc_hd__o32a_2)
     3    0.02    0.09    0.26    2.99 v _115_/X (sky130_fd_sc_hd__o32a_2)
                                         _049_ (net)
                  0.09    0.00    2.99 v _116_/B (sky130_fd_sc_hd__xnor2_2)
     3    0.01    0.20    0.21    3.20 ^ _116_/Y (sky130_fd_sc_hd__xnor2_2)
                                         _050_ (net)
                  0.20    0.00    3.20 ^ _129_/A2 (sky130_fd_sc_hd__o21ai_2)
     4    0.01    0.07    0.11    3.31 v _129_/Y (sky130_fd_sc_hd__o21ai_2)
                                         _062_ (net)
                  0.07    0.00    3.31 v _145_/A2 (sky130_fd_sc_hd__a32o_2)
     1    0.00    0.04    0.28    3.59 v _145_/X (sky130_fd_sc_hd__a32o_2)
                                         _077_ (net)
                  0.04    0.00    3.59 v _146_/B1 (sky130_fd_sc_hd__o22a_2)
     3    0.02    0.08    0.26    3.85 v _146_/X (sky130_fd_sc_hd__o22a_2)
                                         _078_ (net)
                  0.08    0.00    3.85 v _147_/B (sky130_fd_sc_hd__xnor2_2)
     3    0.01    0.20    0.21    4.05 ^ _147_/Y (sky130_fd_sc_hd__xnor2_2)
                                         _079_ (net)
                  0.20    0.00    4.05 ^ _156_/A2 (sky130_fd_sc_hd__o21ai_2)
     4    0.01    0.07    0.10    4.16 v _156_/Y (sky130_fd_sc_hd__o21ai_2)
                                         _087_ (net)
                  0.07    0.00    4.16 v _171_/B (sky130_fd_sc_hd__and3_2)
     1    0.00    0.03    0.20    4.36 v _171_/X (sky130_fd_sc_hd__and3_2)
                                         _101_ (net)
                  0.03    0.00    4.36 v _172_/A (sky130_fd_sc_hd__or3b_2)
     3    0.01    0.09    0.50    4.85 v _172_/X (sky130_fd_sc_hd__or3b_2)
                                         _102_ (net)
                  0.09    0.00    4.85 v _173_/C (sky130_fd_sc_hd__and3_2)
     2    0.00    0.04    0.24    5.09 v _173_/X (sky130_fd_sc_hd__and3_2)
                                         _103_ (net)
                  0.04    0.00    5.09 v _175_/A (sky130_fd_sc_hd__or2b_2)
     2    0.01    0.06    0.31    5.40 v _175_/X (sky130_fd_sc_hd__or2b_2)
                                         _000_ (net)
                  0.06    0.00    5.40 v _176_/B (sky130_fd_sc_hd__or2_2)
     1    0.00    0.05    0.28    5.69 v _176_/X (sky130_fd_sc_hd__or2_2)
                                         _001_ (net)
                  0.05    0.00    5.69 v _182_/A2 (sky130_fd_sc_hd__a32o_2)
     1    0.00    0.04    0.27    5.95 v _182_/X (sky130_fd_sc_hd__a32o_2)
                                         alu5.result (net)
                  0.04    0.00    5.95 v _224_/A (sky130_fd_sc_hd__buf_2)
     1    0.03    0.09    0.19    6.14 v _224_/X (sky130_fd_sc_hd__buf_2)
                                         result[5] (net)
                  0.09    0.00    6.14 v result[5] (out)
                                  6.14   data arrival time

                  0.00   10.00   10.00   clock __VIRTUAL_CLK__ (rise edge)
                          0.00   10.00   clock network delay (ideal)
                         -0.25    9.75   clock uncertainty
                          0.00    9.75   clock reconvergence pessimism
                         -2.00    7.75   output external delay
                                  7.75   data required time
-----------------------------------------------------------------------------
                                  7.75   data required time
                                 -6.14   data arrival time
-----------------------------------------------------------------------------
                                  1.61   slack (MET)


Startpoint: op[2] (input port clocked by __VIRTUAL_CLK__)
Endpoint: result[4] (output port clocked by __VIRTUAL_CLK__)
Path Group: __VIRTUAL_CLK__
Path Type: max

Fanout     Cap    Slew   Delay    Time   Description
-----------------------------------------------------------------------------
                  0.00    0.00    0.00   clock __VIRTUAL_CLK__ (rise edge)
                          0.00    0.00   clock network delay (ideal)
                          2.00    2.00 v input external delay
     6    0.02    0.04    0.03    2.03 v op[2] (in)
                                         op[2] (net)
                  0.04    0.00    2.03 v _113_/A (sky130_fd_sc_hd__or2_2)
     3    0.01    0.07    0.33    2.36 v _113_/X (sky130_fd_sc_hd__or2_2)
                                         _047_ (net)
                  0.07    0.00    2.36 v _114_/B (sky130_fd_sc_hd__or2_2)
     8    0.03    0.11    0.37    2.73 v _114_/X (sky130_fd_sc_hd__or2_2)
                                         _048_ (net)
                  0.11    0.00    2.73 v _115_/B2 (sky130_fd_sc_hd__o32a_2)
     3    0.02    0.09    0.26    2.99 v _115_/X (sky130_fd_sc_hd__o32a_2)
                                         _049_ (net)
                  0.09    0.00    2.99 v _116_/B (sky130_fd_sc_hd__xnor2_2)
     3    0.01    0.20    0.21    3.20 ^ _116_/Y (sky130_fd_sc_hd__xnor2_2)
                                         _050_ (net)
                  0.20    0.00    3.20 ^ _129_/A2 (sky130_fd_sc_hd__o21ai_2)
     4    0.01    0.07    0.11    3.31 v _129_/Y (sky130_fd_sc_hd__o21ai_2)
                                         _062_ (net)
                  0.07    0.00    3.31 v _145_/A2 (sky130_fd_sc_hd__a32o_2)
     1    0.00    0.04    0.28    3.59 v _145_/X (sky130_fd_sc_hd__a32o_2)
                                         _077_ (net)
                  0.04    0.00    3.59 v _146_/B1 (sky130_fd_sc_hd__o22a_2)
     3    0.02    0.08    0.26    3.85 v _146_/X (sky130_fd_sc_hd__o22a_2)
                                         _078_ (net)
                  0.08    0.00    3.85 v _147_/B (sky130_fd_sc_hd__xnor2_2)
     3    0.01    0.20    0.21    4.05 ^ _147_/Y (sky130_fd_sc_hd__xnor2_2)
                                         _079_ (net)
                  0.20    0.00    4.05 ^ _156_/A2 (sky130_fd_sc_hd__o21ai_2)
     4    0.01    0.07    0.10    4.16 v _156_/Y (sky130_fd_sc_hd__o21ai_2)
                                         _087_ (net)
                  0.07    0.00    4.16 v _159_/B (sky130_fd_sc_hd__and3_2)
     3    0.01    0.05    0.23    4.39 v _159_/X (sky130_fd_sc_hd__and3_2)
                                         _090_ (net)
                  0.05    0.00    4.39 v _161_/B (sky130_fd_sc_hd__or3_2)
     1    0.00    0.07    0.46    4.85 v _161_/X (sky130_fd_sc_hd__or3_2)
                                         _092_ (net)
                  0.07    0.00    4.85 v _167_/A2 (sky130_fd_sc_hd__a32o_2)
     1    0.00    0.04    0.28    5.13 v _167_/X (sky130_fd_sc_hd__a32o_2)
                                         alu4.result (net)
                  0.04    0.00    5.13 v _223_/A (sky130_fd_sc_hd__buf_2)
     1    0.03    0.09    0.19    5.31 v _223_/X (sky130_fd_sc_hd__buf_2)
                                         result[4] (net)
                  0.09    0.00    5.31 v result[4] (out)
                                  5.31   data arrival time

                  0.00   10.00   10.00   clock __VIRTUAL_CLK__ (rise edge)
                          0.00   10.00   clock network delay (ideal)
                         -0.25    9.75   clock uncertainty
                          0.00    9.75   clock reconvergence pessimism
                         -2.00    7.75   output external delay
                                  7.75   data required time
-----------------------------------------------------------------------------
                                  7.75   data required time
                                 -5.31   data arrival time
-----------------------------------------------------------------------------
                                  2.44   slack (MET)


Startpoint: op[2] (input port clocked by __VIRTUAL_CLK__)
Endpoint: result[3] (output port clocked by __VIRTUAL_CLK__)
Path Group: __VIRTUAL_CLK__
Path Type: max

Fanout     Cap    Slew   Delay    Time   Description
-----------------------------------------------------------------------------
                  0.00    0.00    0.00   clock __VIRTUAL_CLK__ (rise edge)
                          0.00    0.00   clock network delay (ideal)
                          2.00    2.00 v input external delay
     6    0.02    0.04    0.03    2.03 v op[2] (in)
                                         op[2] (net)
                  0.04    0.00    2.03 v _113_/A (sky130_fd_sc_hd__or2_2)
     3    0.01    0.07    0.33    2.36 v _113_/X (sky130_fd_sc_hd__or2_2)
                                         _047_ (net)
                  0.07    0.00    2.36 v _114_/B (sky130_fd_sc_hd__or2_2)
     8    0.03    0.11    0.37    2.73 v _114_/X (sky130_fd_sc_hd__or2_2)
                                         _048_ (net)
                  0.11    0.00    2.73 v _115_/B2 (sky130_fd_sc_hd__o32a_2)
     3    0.02    0.09    0.26    2.99 v _115_/X (sky130_fd_sc_hd__o32a_2)
                                         _049_ (net)
                  0.09    0.00    2.99 v _116_/B (sky130_fd_sc_hd__xnor2_2)
     3    0.01    0.20    0.21    3.20 ^ _116_/Y (sky130_fd_sc_hd__xnor2_2)
                                         _050_ (net)
                  0.20    0.00    3.20 ^ _129_/A2 (sky130_fd_sc_hd__o21ai_2)
     4    0.01    0.07    0.11    3.31 v _129_/Y (sky130_fd_sc_hd__o21ai_2)
                                         _062_ (net)
                  0.07    0.00    3.31 v _145_/A2 (sky130_fd_sc_hd__a32o_2)
     1    0.00    0.04    0.28    3.59 v _145_/X (sky130_fd_sc_hd__a32o_2)
                                         _077_ (net)
                  0.04    0.00    3.59 v _146_/B1 (sky130_fd_sc_hd__o22a_2)
     3    0.02    0.08    0.26    3.85 v _146_/X (sky130_fd_sc_hd__o22a_2)
                                         _078_ (net)
                  0.08    0.00    3.85 v _147_/B (sky130_fd_sc_hd__xnor2_2)
     3    0.01    0.07    0.17    4.02 v _147_/Y (sky130_fd_sc_hd__xnor2_2)
                                         _079_ (net)
                  0.07    0.00    4.02 v _148_/B (sky130_fd_sc_hd__or2_2)
     1    0.00    0.05    0.29    4.30 v _148_/X (sky130_fd_sc_hd__or2_2)
                                         _080_ (net)
                  0.05    0.00    4.30 v _154_/A2 (sky130_fd_sc_hd__a32o_2)
     1    0.00    0.04    0.27    4.57 v _154_/X (sky130_fd_sc_hd__a32o_2)
                                         alu3.result (net)
                  0.04    0.00    4.57 v _222_/A (sky130_fd_sc_hd__buf_2)
     1    0.03    0.09    0.19    4.76 v _222_/X (sky130_fd_sc_hd__buf_2)
                                         result[3] (net)
                  0.09    0.00    4.76 v result[3] (out)
                                  4.76   data arrival time

                  0.00   10.00   10.00   clock __VIRTUAL_CLK__ (rise edge)
                          0.00   10.00   clock network delay (ideal)
                         -0.25    9.75   clock uncertainty
                          0.00    9.75   clock reconvergence pessimism
                         -2.00    7.75   output external delay
                                  7.75   data required time
-----------------------------------------------------------------------------
                                  7.75   data required time
                                 -4.76   data arrival time
-----------------------------------------------------------------------------
                                  2.99   slack (MET)


Startpoint: op[2] (input port clocked by __VIRTUAL_CLK__)
Endpoint: result[2] (output port clocked by __VIRTUAL_CLK__)
Path Group: __VIRTUAL_CLK__
Path Type: max

Fanout     Cap    Slew   Delay    Time   Description
-----------------------------------------------------------------------------
                  0.00    0.00    0.00   clock __VIRTUAL_CLK__ (rise edge)
                          0.00    0.00   clock network delay (ideal)
                          2.00    2.00 v input external delay
     6    0.02    0.04    0.03    2.03 v op[2] (in)
                                         op[2] (net)
                  0.04    0.00    2.03 v _113_/A (sky130_fd_sc_hd__or2_2)
     3    0.01    0.07    0.33    2.36 v _113_/X (sky130_fd_sc_hd__or2_2)
                                         _047_ (net)
                  0.07    0.00    2.36 v _114_/B (sky130_fd_sc_hd__or2_2)
     8    0.03    0.11    0.37    2.73 v _114_/X (sky130_fd_sc_hd__or2_2)
                                         _048_ (net)
                  0.11    0.00    2.73 v _115_/B2 (sky130_fd_sc_hd__o32a_2)
     3    0.02    0.09    0.26    2.99 v _115_/X (sky130_fd_sc_hd__o32a_2)
                                         _049_ (net)
                  0.09    0.00    2.99 v _116_/B (sky130_fd_sc_hd__xnor2_2)
     3    0.01    0.07    0.17    3.16 v _116_/Y (sky130_fd_sc_hd__xnor2_2)
                                         _050_ (net)
                  0.07    0.00    3.16 v _129_/A2 (sky130_fd_sc_hd__o21ai_2)
     4    0.01    0.18    0.20    3.36 ^ _129_/Y (sky130_fd_sc_hd__o21ai_2)
                                         _062_ (net)
                  0.18    0.00    3.36 ^ _136_/A2 (sky130_fd_sc_hd__a31o_2)
     1    0.00    0.05    0.20    3.56 ^ _136_/X (sky130_fd_sc_hd__a31o_2)
                                         _069_ (net)
                  0.05    0.00    3.56 ^ _137_/B (sky130_fd_sc_hd__nor2_2)
     1    0.00    0.03    0.03    3.59 v _137_/Y (sky130_fd_sc_hd__nor2_2)
                                         _070_ (net)
                  0.03    0.00    3.59 v _141_/B1 (sky130_fd_sc_hd__o2bb2a_2)
     1    0.00    0.04    0.25    3.84 v _141_/X (sky130_fd_sc_hd__o2bb2a_2)
                                         alu2.result (net)
                  0.04    0.00    3.84 v _221_/A (sky130_fd_sc_hd__buf_2)
     1    0.04    0.09    0.19    4.03 v _221_/X (sky130_fd_sc_hd__buf_2)
                                         result[2] (net)
                  0.09    0.00    4.03 v result[2] (out)
                                  4.03   data arrival time

                  0.00   10.00   10.00   clock __VIRTUAL_CLK__ (rise edge)
                          0.00   10.00   clock network delay (ideal)
                         -0.25    9.75   clock uncertainty
                          0.00    9.75   clock reconvergence pessimism
                         -2.00    7.75   output external delay
                                  7.75   data required time
-----------------------------------------------------------------------------
                                  7.75   data required time
                                 -4.03   data arrival time
-----------------------------------------------------------------------------
                                  3.72   slack (MET)


Startpoint: op[2] (input port clocked by __VIRTUAL_CLK__)
Endpoint: result[1] (output port clocked by __VIRTUAL_CLK__)
Path Group: __VIRTUAL_CLK__
Path Type: max

Fanout     Cap    Slew   Delay    Time   Description
-----------------------------------------------------------------------------
                  0.00    0.00    0.00   clock __VIRTUAL_CLK__ (rise edge)
                          0.00    0.00   clock network delay (ideal)
                          2.00    2.00 v input external delay
     6    0.02    0.04    0.03    2.03 v op[2] (in)
                                         op[2] (net)
                  0.04    0.00    2.03 v _113_/A (sky130_fd_sc_hd__or2_2)
     3    0.01    0.07    0.33    2.36 v _113_/X (sky130_fd_sc_hd__or2_2)
                                         _047_ (net)
                  0.07    0.00    2.36 v _114_/B (sky130_fd_sc_hd__or2_2)
     8    0.03    0.11    0.37    2.73 v _114_/X (sky130_fd_sc_hd__or2_2)
                                         _048_ (net)
                  0.11    0.00    2.73 v _115_/B2 (sky130_fd_sc_hd__o32a_2)
     3    0.02    0.09    0.26    2.99 v _115_/X (sky130_fd_sc_hd__o32a_2)
                                         _049_ (net)
                  0.09    0.00    2.99 v _116_/B (sky130_fd_sc_hd__xnor2_2)
     3    0.01    0.07    0.17    3.16 v _116_/Y (sky130_fd_sc_hd__xnor2_2)
                                         _050_ (net)
                  0.07    0.00    3.16 v _118_/B (sky130_fd_sc_hd__or2_2)
     1    0.00    0.05    0.29    3.45 v _118_/X (sky130_fd_sc_hd__or2_2)
                                         _052_ (net)
                  0.05    0.00    3.45 v _127_/A3 (sky130_fd_sc_hd__a32o_2)
     1    0.00    0.04    0.27    3.72 v _127_/X (sky130_fd_sc_hd__a32o_2)
                                         alu1.result (net)
                  0.04    0.00    3.72 v _220_/A (sky130_fd_sc_hd__buf_2)
     1    0.04    0.09    0.19    3.91 v _220_/X (sky130_fd_sc_hd__buf_2)
                                         result[1] (net)
                  0.09    0.00    3.91 v result[1] (out)
                                  3.91   data arrival time

                  0.00   10.00   10.00   clock __VIRTUAL_CLK__ (rise edge)
                          0.00   10.00   clock network delay (ideal)
                         -0.25    9.75   clock uncertainty
                          0.00    9.75   clock reconvergence pessimism
                         -2.00    7.75   output external delay
                                  7.75   data required time
-----------------------------------------------------------------------------
                                  7.75   data required time
                                 -3.91   data arrival time
-----------------------------------------------------------------------------
                                  3.84   slack (MET)


Startpoint: op[0] (input port clocked by __VIRTUAL_CLK__)
Endpoint: result[0] (output port clocked by __VIRTUAL_CLK__)
Path Group: __VIRTUAL_CLK__
Path Type: max

Fanout     Cap    Slew   Delay    Time   Description
-----------------------------------------------------------------------------
                  0.00    0.00    0.00   clock __VIRTUAL_CLK__ (rise edge)
                          0.00    0.00   clock network delay (ideal)
                          2.00    2.00 ^ input external delay
     2    0.01    0.04    0.03    2.03 ^ op[0] (in)
                                         op[0] (net)
                  0.04    0.00    2.03 ^ _112_/A (sky130_fd_sc_hd__buf_1)
    10    0.03    0.31    0.28    2.31 ^ _112_/X (sky130_fd_sc_hd__buf_1)
                                         _046_ (net)
                  0.31    0.00    2.31 ^ _123_/B (sky130_fd_sc_hd__or2_2)
     2    0.01    0.05    0.19    2.51 ^ _123_/X (sky130_fd_sc_hd__or2_2)
                                         _057_ (net)
                  0.05    0.00    2.51 ^ _124_/A (sky130_fd_sc_hd__inv_2)
     1    0.00    0.02    0.03    2.53 v _124_/Y (sky130_fd_sc_hd__inv_2)
                                         _058_ (net)
                  0.02    0.00    2.53 v _125_/A2 (sky130_fd_sc_hd__a22o_2)
     7    0.02    0.08    0.31    2.84 v _125_/X (sky130_fd_sc_hd__a22o_2)
                                         _059_ (net)
                  0.08    0.00    2.84 v _215_/B1 (sky130_fd_sc_hd__o21a_2)
     1    0.00    0.03    0.13    2.97 v _215_/X (sky130_fd_sc_hd__o21a_2)
                                         _036_ (net)
                  0.03    0.00    2.97 v _217_/A1 (sky130_fd_sc_hd__mux2_2)
     1    0.00    0.04    0.26    3.22 v _217_/X (sky130_fd_sc_hd__mux2_2)
                                         _038_ (net)
                  0.04    0.00    3.22 v _218_/B1_N (sky130_fd_sc_hd__o21bai_2)
     1    0.00    0.04    0.18    3.40 v _218_/Y (sky130_fd_sc_hd__o21bai_2)
                                         alu0.result (net)
                  0.04    0.00    3.40 v _219_/A (sky130_fd_sc_hd__buf_2)
     1    0.03    0.09    0.19    3.59 v _219_/X (sky130_fd_sc_hd__buf_2)
                                         result[0] (net)
                  0.09    0.00    3.59 v result[0] (out)
                                  3.59   data arrival time

                  0.00   10.00   10.00   clock __VIRTUAL_CLK__ (rise edge)
                          0.00   10.00   clock network delay (ideal)
                         -0.25    9.75   clock uncertainty
                          0.00    9.75   clock reconvergence pessimism
                         -2.00    7.75   output external delay
                                  7.75   data required time
-----------------------------------------------------------------------------
                                  7.75   data required time
                                 -3.59   data arrival time
-----------------------------------------------------------------------------
                                  4.16   slack (MET)



worst slack corner Typical: 0.2184
