OpenROAD b16bda7e82721d10566ff7e2b68f1ff0be9f9e38 
Features included (+) or not (-): +Charts +GPU +GUI +Python
This program is licensed under the BSD-3 license. See the LICENSE file for details.
Components of this program may be licensed under more restrictive licenses which must be honored.
define_corners Typical
read_liberty -corner Typical /home/amit/.volare/volare/sky130/versions/bdc9412b3e468c102d01b7cf6337be06ec6e9c9a/sky130A/libs.ref/sky130_fd_sc_hd/lib/sky130_fd_sc_hd__tt_025C_1v80.lib
Using 1e-12 for capacitance...
Using 1e+03 for resistance...
Using 1e-09 for time...
Using 1e+00 for voltage...
Using 1e-03 for current...
Using 1e-09 for power...
Using 1e-06 for distance...
[INFO]: Reading ODB at '/openlane/designs/alu_8bit/runs/RUN_2025.05.07_17.19.58/tmp/routing/25-fill.odb'…
Reading design constraints file at '/openlane/scripts/base.sdc'…
[INFO]: Setting output delay to: 2.0
[INFO]: Setting input delay to: 2.0
[WARNING STA-0366] port '__VIRTUAL_CLK__' not found.
[INFO]: Setting load to: 0.033442
[INFO]: Setting clock uncertainty to: 0.25
[INFO]: Setting clock transition to: 0.15
[WARNING STA-0419] transition time can not be specified for virtual clocks.
[INFO]: Setting timing derate to: 5.0 %
[INFO ORD-0030] Using 2 thread(s).
[INFO DRT-0149] Reading tech and libs.
[WARNING DRT-0349] LEF58_ENCLOSURE with no CUTCLASS is not supported. Skipping for layer mcon
[WARNING DRT-0349] LEF58_ENCLOSURE with no CUTCLASS is not supported. Skipping for layer mcon
[WARNING DRT-0349] LEF58_ENCLOSURE with no CUTCLASS is not supported. Skipping for layer via
[WARNING DRT-0349] LEF58_ENCLOSURE with no CUTCLASS is not supported. Skipping for layer via
[WARNING DRT-0349] LEF58_ENCLOSURE with no CUTCLASS is not supported. Skipping for layer via2
[WARNING DRT-0349] LEF58_ENCLOSURE with no CUTCLASS is not supported. Skipping for layer via2
[WARNING DRT-0349] LEF58_ENCLOSURE with no CUTCLASS is not supported. Skipping for layer via3
[WARNING DRT-0349] LEF58_ENCLOSURE with no CUTCLASS is not supported. Skipping for layer via3
[WARNING DRT-0349] LEF58_ENCLOSURE with no CUTCLASS is not supported. Skipping for layer via4
[WARNING DRT-0349] LEF58_ENCLOSURE with no CUTCLASS is not supported. Skipping for layer via4

Units:                1000
Number of layers:     13
Number of macros:     441
Number of vias:       29
Number of viarulegen: 25

[INFO DRT-0150] Reading design.

Design:                   alu_8bit
Die area:                 ( 0 0 ) ( 59990 70710 )
Number of track patterns: 12
Number of DEF vias:       0
Number of components:     377
Number of terminals:      31
Number of snets:          2
Number of nets:           184

[INFO DRT-0167] List of default vias:
  Layer via
    default via: M1M2_PR
  Layer via2
    default via: M2M3_PR
  Layer via3
    default via: M3M4_PR
  Layer via4
    default via: M4M5_PR
[INFO DRT-0162] Library cell analysis.
[INFO DRT-0163] Instance analysis.
[INFO DRT-0164] Number of unique instances = 99.
[INFO DRT-0168] Init region query.
[INFO DRT-0024]   Complete FR_MASTERSLICE.
[INFO DRT-0024]   Complete Fr_VIA.
[INFO DRT-0024]   Complete li1.
[INFO DRT-0024]   Complete mcon.
[INFO DRT-0024]   Complete met1.
[INFO DRT-0024]   Complete via.
[INFO DRT-0024]   Complete met2.
[INFO DRT-0024]   Complete via2.
[INFO DRT-0024]   Complete met3.
[INFO DRT-0024]   Complete via3.
[INFO DRT-0024]   Complete met4.
[INFO DRT-0024]   Complete via4.
[INFO DRT-0024]   Complete met5.
[INFO DRT-0033] FR_MASTERSLICE shape region query size = 0.
[INFO DRT-0033] FR_VIA shape region query size = 0.
[INFO DRT-0033] li1 shape region query size = 5783.
[INFO DRT-0033] mcon shape region query size = 768.
[INFO DRT-0033] met1 shape region query size = 850.
[INFO DRT-0033] via shape region query size = 360.
[INFO DRT-0033] met2 shape region query size = 230.
[INFO DRT-0033] via2 shape region query size = 288.
[INFO DRT-0033] met3 shape region query size = 231.
[INFO DRT-0033] via3 shape region query size = 288.
[INFO DRT-0033] met4 shape region query size = 120.
[INFO DRT-0033] via4 shape region query size = 32.
[INFO DRT-0033] met5 shape region query size = 48.
[INFO DRT-0165] Start pin access.
[INFO DRT-0078]   Complete 277 pins.
[INFO DRT-0081]   Complete 81 unique inst patterns.
[INFO DRT-0084]   Complete 97 groups.
#scanned instances     = 377
#unique  instances     = 99
#stdCellGenAp          = 2208
#stdCellValidPlanarAp  = 0
#stdCellValidViaAp     = 1756
#stdCellPinNoAp        = 0
#stdCellPinCnt         = 530
#instTermValidViaApCnt = 0
#macroGenAp            = 0
#macroValidPlanarAp    = 0
#macroValidViaAp       = 0
#macroNoAp             = 0
[INFO DRT-0166] Complete pin access.
[INFO DRT-0267] cpu time = 00:00:11, elapsed time = 00:00:06, memory = 114.70 (MB), peak = 114.70 (MB)

Number of guides:     1045

[INFO DRT-0169] Post process guides.
[INFO DRT-0176] GCELLGRID X 0 DO 8 STEP 6900 ;
[INFO DRT-0177] GCELLGRID Y 0 DO 10 STEP 6900 ;
[INFO DRT-0028]   Complete FR_MASTERSLICE.
[INFO DRT-0028]   Complete Fr_VIA.
[INFO DRT-0028]   Complete li1.
[INFO DRT-0028]   Complete mcon.
[INFO DRT-0028]   Complete met1.
[INFO DRT-0028]   Complete via.
[INFO DRT-0028]   Complete met2.
[INFO DRT-0028]   Complete via2.
[INFO DRT-0028]   Complete met3.
[INFO DRT-0028]   Complete via3.
[INFO DRT-0028]   Complete met4.
[INFO DRT-0028]   Complete via4.
[INFO DRT-0028]   Complete met5.
[INFO DRT-0178] Init guide query.
[INFO DRT-0035]   Complete FR_MASTERSLICE (guide).
[INFO DRT-0035]   Complete Fr_VIA (guide).
[INFO DRT-0035]   Complete li1 (guide).
[INFO DRT-0035]   Complete mcon (guide).
[INFO DRT-0035]   Complete met1 (guide).
[INFO DRT-0035]   Complete via (guide).
[INFO DRT-0035]   Complete met2 (guide).
[INFO DRT-0035]   Complete via2 (guide).
[INFO DRT-0035]   Complete met3 (guide).
[INFO DRT-0035]   Complete via3 (guide).
[INFO DRT-0035]   Complete met4 (guide).
[INFO DRT-0035]   Complete via4 (guide).
[INFO DRT-0035]   Complete met5 (guide).
[INFO DRT-0036] FR_MASTERSLICE guide region query size = 0.
[INFO DRT-0036] FR_VIA guide region query size = 0.
[INFO DRT-0036] li1 guide region query size = 386.
[INFO DRT-0036] mcon guide region query size = 0.
[INFO DRT-0036] met1 guide region query size = 253.
[INFO DRT-0036] via guide region query size = 0.
[INFO DRT-0036] met2 guide region query size = 136.
[INFO DRT-0036] via2 guide region query size = 0.
[INFO DRT-0036] met3 guide region query size = 15.
[INFO DRT-0036] via3 guide region query size = 0.
[INFO DRT-0036] met4 guide region query size = 0.
[INFO DRT-0036] via4 guide region query size = 0.
[INFO DRT-0036] met5 guide region query size = 0.
[INFO DRT-0179] Init gr pin query.
[INFO DRT-0245] skipped writing guide updates to database.
[INFO DRT-0185] Post process initialize RPin region query.
[INFO DRT-0181] Start track assignment.
[INFO DRT-0184] Done with 522 vertical wires in 1 frboxes and 268 horizontal wires in 1 frboxes.
[INFO DRT-0186] Done with 63 vertical wires in 1 frboxes and 67 horizontal wires in 1 frboxes.
[INFO DRT-0182] Complete track assignment.
[INFO DRT-0267] cpu time = 00:00:00, elapsed time = 00:00:00, memory = 116.82 (MB), peak = 116.82 (MB)
[INFO DRT-0187] Start routing data preparation.
[INFO DRT-0267] cpu time = 00:00:00, elapsed time = 00:00:00, memory = 116.82 (MB), peak = 116.82 (MB)
[INFO DRT-0194] Start detail routing.
[INFO DRT-0195] Start 0th optimization iteration.
    Completing 10% with 0 violations.
    elapsed time = 00:00:02, memory = 127.90 (MB).
    Completing 20% with 27 violations.
    elapsed time = 00:00:02, memory = 130.90 (MB).
    Completing 30% with 33 violations.
    elapsed time = 00:00:02, memory = 130.90 (MB).
    Completing 40% with 50 violations.
    elapsed time = 00:00:02, memory = 130.90 (MB).
[INFO DRT-0199]   Number of violations = 60.
Viol/Layer        mcon   met1   met2   met3
Cut Spacing          1      0      0      0
Metal Spacing        0     19      1      6
Recheck              0      5      5      0
Short                0     23      0      0
[INFO DRT-0267] cpu time = 00:00:06, elapsed time = 00:00:06, memory = 449.15 (MB), peak = 460.77 (MB)
Total wire length = 2495 um.
Total wire length on LAYER li1 = 0 um.
Total wire length on LAYER met1 = 1343 um.
Total wire length on LAYER met2 = 1110 um.
Total wire length on LAYER met3 = 42 um.
Total wire length on LAYER met4 = 0 um.
Total wire length on LAYER met5 = 0 um.
Total number of vias = 1010.
Up-via summary (total 1010):

-----------------------
 FR_MASTERSLICE       0
            li1     532
           met1     463
           met2      15
           met3       0
           met4       0
-----------------------
                   1010


[INFO DRT-0195] Start 1st optimization iteration.
    Completing 10% with 60 violations.
    elapsed time = 00:00:00, memory = 446.15 (MB).
    Completing 20% with 55 violations.
    elapsed time = 00:00:01, memory = 446.52 (MB).
    Completing 30% with 42 violations.
    elapsed time = 00:00:01, memory = 446.65 (MB).
    Completing 40% with 33 violations.
    elapsed time = 00:00:02, memory = 446.77 (MB).
[INFO DRT-0199]   Number of violations = 18.
Viol/Layer        met1   met2
Metal Spacing        2      2
Short               14      0
[INFO DRT-0267] cpu time = 00:00:02, elapsed time = 00:00:02, memory = 446.77 (MB), peak = 460.77 (MB)
Total wire length = 2466 um.
Total wire length on LAYER li1 = 0 um.
Total wire length on LAYER met1 = 1326 um.
Total wire length on LAYER met2 = 1093 um.
Total wire length on LAYER met3 = 46 um.
Total wire length on LAYER met4 = 0 um.
Total wire length on LAYER met5 = 0 um.
Total number of vias = 1017.
Up-via summary (total 1017):

-----------------------
 FR_MASTERSLICE       0
            li1     530
           met1     472
           met2      15
           met3       0
           met4       0
-----------------------
                   1017


[INFO DRT-0195] Start 2nd optimization iteration.
    Completing 10% with 18 violations.
    elapsed time = 00:00:00, memory = 446.77 (MB).
    Completing 20% with 18 violations.
    elapsed time = 00:00:00, memory = 446.77 (MB).
    Completing 30% with 18 violations.
    elapsed time = 00:00:00, memory = 446.77 (MB).
    Completing 40% with 18 violations.
    elapsed time = 00:00:00, memory = 446.77 (MB).
    Completing 50% with 18 violations.
    elapsed time = 00:00:00, memory = 446.77 (MB).
    Completing 60% with 18 violations.
    elapsed time = 00:00:03, memory = 446.90 (MB).
[INFO DRT-0199]   Number of violations = 19.
Viol/Layer        met1   met2
Metal Spacing        2      1
Short               16      0
[INFO DRT-0267] cpu time = 00:00:03, elapsed time = 00:00:03, memory = 447.02 (MB), peak = 460.77 (MB)
Total wire length = 2443 um.
Total wire length on LAYER li1 = 0 um.
Total wire length on LAYER met1 = 1310 um.
Total wire length on LAYER met2 = 1072 um.
Total wire length on LAYER met3 = 60 um.
Total wire length on LAYER met4 = 0 um.
Total wire length on LAYER met5 = 0 um.
Total number of vias = 1023.
Up-via summary (total 1023):

-----------------------
 FR_MASTERSLICE       0
            li1     530
           met1     476
           met2      17
           met3       0
           met4       0
-----------------------
                   1023


[INFO DRT-0195] Start 3rd optimization iteration.
    Completing 10% with 19 violations.
    elapsed time = 00:00:00, memory = 447.02 (MB).
    Completing 20% with 0 violations.
    elapsed time = 00:00:00, memory = 447.02 (MB).
    Completing 30% with 0 violations.
    elapsed time = 00:00:00, memory = 447.02 (MB).
    Completing 40% with 0 violations.
    elapsed time = 00:00:00, memory = 447.02 (MB).
[INFO DRT-0199]   Number of violations = 0.
[INFO DRT-0267] cpu time = 00:00:01, elapsed time = 00:00:00, memory = 447.02 (MB), peak = 460.77 (MB)
Total wire length = 2445 um.
Total wire length on LAYER li1 = 0 um.
Total wire length on LAYER met1 = 1282 um.
Total wire length on LAYER met2 = 1074 um.
Total wire length on LAYER met3 = 88 um.
Total wire length on LAYER met4 = 0 um.
Total wire length on LAYER met5 = 0 um.
Total number of vias = 1036.
Up-via summary (total 1036):

-----------------------
 FR_MASTERSLICE       0
            li1     530
           met1     484
           met2      22
           met3       0
           met4       0
-----------------------
                   1036


[INFO DRT-0198] Complete detail routing.
Total wire length = 2445 um.
Total wire length on LAYER li1 = 0 um.
Total wire length on LAYER met1 = 1282 um.
Total wire length on LAYER met2 = 1074 um.
Total wire length on LAYER met3 = 88 um.
Total wire length on LAYER met4 = 0 um.
Total wire length on LAYER met5 = 0 um.
Total number of vias = 1036.
Up-via summary (total 1036):

-----------------------
 FR_MASTERSLICE       0
            li1     530
           met1     484
           met2      22
           met3       0
           met4       0
-----------------------
                   1036


[INFO DRT-0267] cpu time = 00:00:13, elapsed time = 00:00:12, memory = 447.02 (MB), peak = 460.77 (MB)

[INFO DRT-0180] Post processing.
Setting global connections for newly added cells…
Writing OpenROAD database to '/openlane/designs/alu_8bit/runs/RUN_2025.05.07_17.19.58/results/routing/alu_8bit.odb'…
Writing netlist to '/openlane/designs/alu_8bit/runs/RUN_2025.05.07_17.19.58/results/routing/alu_8bit.nl.v'…
Writing powered netlist to '/openlane/designs/alu_8bit/runs/RUN_2025.05.07_17.19.58/results/routing/alu_8bit.pnl.v'…
Writing layout to '/openlane/designs/alu_8bit/runs/RUN_2025.05.07_17.19.58/results/routing/alu_8bit.def'…
