
===========================================================================
report_checks -path_delay min (Hold)
============================================================================
======================= Typical Corner ===================================

Startpoint: b[7] (input port clocked by __VIRTUAL_CLK__)
Endpoint: result[7] (output port clocked by __VIRTUAL_CLK__)
Path Group: __VIRTUAL_CLK__
Path Type: min

Fanout     Cap    Slew   Delay    Time   Description
-----------------------------------------------------------------------------
                  0.00    0.00    0.00   clock __VIRTUAL_CLK__ (rise edge)
                          0.00    0.00   clock network delay (ideal)
                          2.00    2.00 v input external delay
     4    0.01    0.03    0.02    2.02 v b[7] (in)
                                         b[7] (net)
                  0.03    0.00    2.02 v _204_/B1 (sky130_fd_sc_hd__o21ai_2)
     1    0.00    0.04    0.04    2.06 ^ _204_/Y (sky130_fd_sc_hd__o21ai_2)
                                         _027_ (net)
                  0.04    0.00    2.06 ^ _209_/A3 (sky130_fd_sc_hd__a31o_2)
     1    0.00    0.03    0.13    2.19 ^ _209_/X (sky130_fd_sc_hd__a31o_2)
                                         alu7.result (net)
                  0.03    0.00    2.19 ^ _226_/A (sky130_fd_sc_hd__buf_2)
     1    0.04    0.18    0.19    2.37 ^ _226_/X (sky130_fd_sc_hd__buf_2)
                                         result[7] (net)
                  0.18    0.00    2.37 ^ result[7] (out)
                                  2.37   data arrival time

                  0.00    0.00    0.00   clock __VIRTUAL_CLK__ (rise edge)
                          0.00    0.00   clock network delay (ideal)
                          0.25    0.25   clock uncertainty
                          0.00    0.25   clock reconvergence pessimism
                         -2.00   -1.75   output external delay
                                 -1.75   data required time
-----------------------------------------------------------------------------
                                 -1.75   data required time
                                 -2.37   data arrival time
-----------------------------------------------------------------------------
                                  4.12   slack (MET)


Startpoint: b[7] (input port clocked by __VIRTUAL_CLK__)
Endpoint: cout (output port clocked by __VIRTUAL_CLK__)
Path Group: __VIRTUAL_CLK__
Path Type: min

Fanout     Cap    Slew   Delay    Time   Description
-----------------------------------------------------------------------------
                  0.00    0.00    0.00   clock __VIRTUAL_CLK__ (rise edge)
                          0.00    0.00   clock network delay (ideal)
                          2.00    2.00 ^ input external delay
     4    0.01    0.07    0.04    2.04 ^ b[7] (in)
                                         b[7] (net)
                  0.07    0.00    2.04 ^ _203_/A (sky130_fd_sc_hd__or3_2)
     2    0.01    0.04    0.12    2.16 ^ _203_/X (sky130_fd_sc_hd__or3_2)
                                         _026_ (net)
                  0.04    0.00    2.16 ^ _213_/A1 (sky130_fd_sc_hd__a21bo_2)
     1    0.03    0.19    0.22    2.38 ^ _213_/X (sky130_fd_sc_hd__a21bo_2)
                                         cout (net)
                  0.19    0.00    2.38 ^ cout (out)
                                  2.38   data arrival time

                  0.00    0.00    0.00   clock __VIRTUAL_CLK__ (rise edge)
                          0.00    0.00   clock network delay (ideal)
                          0.25    0.25   clock uncertainty
                          0.00    0.25   clock reconvergence pessimism
                         -2.00   -1.75   output external delay
                                 -1.75   data required time
-----------------------------------------------------------------------------
                                 -1.75   data required time
                                 -2.38   data arrival time
-----------------------------------------------------------------------------
                                  4.13   slack (MET)


Startpoint: b[0] (input port clocked by __VIRTUAL_CLK__)
Endpoint: result[0] (output port clocked by __VIRTUAL_CLK__)
Path Group: __VIRTUAL_CLK__
Path Type: min

Fanout     Cap    Slew   Delay    Time   Description
-----------------------------------------------------------------------------
                  0.00    0.00    0.00   clock __VIRTUAL_CLK__ (rise edge)
                          0.00    0.00   clock network delay (ideal)
                          2.00    2.00 v input external delay
     5    0.02    0.04    0.03    2.03 v b[0] (in)
                                         b[0] (net)
                  0.04    0.00    2.03 v _108_/B1 (sky130_fd_sc_hd__a21oi_2)
     2    0.01    0.12    0.12    2.15 ^ _108_/Y (sky130_fd_sc_hd__a21oi_2)
                                         _042_ (net)
                  0.12    0.00    2.15 ^ _218_/A1 (sky130_fd_sc_hd__o21bai_2)
     1    0.00    0.02    0.07    2.22 v _218_/Y (sky130_fd_sc_hd__o21bai_2)
                                         alu0.result (net)
                  0.02    0.00    2.22 v _219_/A (sky130_fd_sc_hd__buf_2)
     1    0.03    0.09    0.16    2.39 v _219_/X (sky130_fd_sc_hd__buf_2)
                                         result[0] (net)
                  0.09    0.00    2.39 v result[0] (out)
                                  2.39   data arrival time

                  0.00    0.00    0.00   clock __VIRTUAL_CLK__ (rise edge)
                          0.00    0.00   clock network delay (ideal)
                          0.25    0.25   clock uncertainty
                          0.00    0.25   clock reconvergence pessimism
                         -2.00   -1.75   output external delay
                                 -1.75   data required time
-----------------------------------------------------------------------------
                                 -1.75   data required time
                                 -2.39   data arrival time
-----------------------------------------------------------------------------
                                  4.14   slack (MET)


Startpoint: b[5] (input port clocked by __VIRTUAL_CLK__)
Endpoint: result[5] (output port clocked by __VIRTUAL_CLK__)
Path Group: __VIRTUAL_CLK__
Path Type: min

Fanout     Cap    Slew   Delay    Time   Description
-----------------------------------------------------------------------------
                  0.00    0.00    0.00   clock __VIRTUAL_CLK__ (rise edge)
                          0.00    0.00   clock network delay (ideal)
                          2.00    2.00 v input external delay
     5    0.02    0.04    0.03    2.03 v b[5] (in)
                                         b[5] (net)
                  0.04    0.00    2.03 v _177_/A (sky130_fd_sc_hd__nand2_2)
     1    0.00    0.03    0.04    2.07 ^ _177_/Y (sky130_fd_sc_hd__nand2_2)
                                         _002_ (net)
                  0.03    0.00    2.07 ^ _182_/A3 (sky130_fd_sc_hd__a32o_2)
     1    0.00    0.04    0.14    2.21 ^ _182_/X (sky130_fd_sc_hd__a32o_2)
                                         alu5.result (net)
                  0.04    0.00    2.21 ^ _224_/A (sky130_fd_sc_hd__buf_2)
     1    0.03    0.17    0.18    2.39 ^ _224_/X (sky130_fd_sc_hd__buf_2)
                                         result[5] (net)
                  0.17    0.00    2.39 ^ result[5] (out)
                                  2.39   data arrival time

                  0.00    0.00    0.00   clock __VIRTUAL_CLK__ (rise edge)
                          0.00    0.00   clock network delay (ideal)
                          0.25    0.25   clock uncertainty
                          0.00    0.25   clock reconvergence pessimism
                         -2.00   -1.75   output external delay
                                 -1.75   data required time
-----------------------------------------------------------------------------
                                 -1.75   data required time
                                 -2.39   data arrival time
-----------------------------------------------------------------------------
                                  4.14   slack (MET)


Startpoint: b[1] (input port clocked by __VIRTUAL_CLK__)
Endpoint: result[1] (output port clocked by __VIRTUAL_CLK__)
Path Group: __VIRTUAL_CLK__
Path Type: min

Fanout     Cap    Slew   Delay    Time   Description
-----------------------------------------------------------------------------
                  0.00    0.00    0.00   clock __VIRTUAL_CLK__ (rise edge)
                          0.00    0.00   clock network delay (ideal)
                          2.00    2.00 v input external delay
     5    0.02    0.04    0.03    2.03 v b[1] (in)
                                         b[1] (net)
                  0.04    0.00    2.03 v _117_/A (sky130_fd_sc_hd__nand2_2)
     1    0.00    0.03    0.04    2.07 ^ _117_/Y (sky130_fd_sc_hd__nand2_2)
                                         _051_ (net)
                  0.03    0.00    2.07 ^ _127_/A2 (sky130_fd_sc_hd__a32o_2)
     1    0.00    0.04    0.13    2.20 ^ _127_/X (sky130_fd_sc_hd__a32o_2)
                                         alu1.result (net)
                  0.04    0.00    2.20 ^ _220_/A (sky130_fd_sc_hd__buf_2)
     1    0.04    0.17    0.19    2.39 ^ _220_/X (sky130_fd_sc_hd__buf_2)
                                         result[1] (net)
                  0.17    0.00    2.39 ^ result[1] (out)
                                  2.39   data arrival time

                  0.00    0.00    0.00   clock __VIRTUAL_CLK__ (rise edge)
                          0.00    0.00   clock network delay (ideal)
                          0.25    0.25   clock uncertainty
                          0.00    0.25   clock reconvergence pessimism
                         -2.00   -1.75   output external delay
                                 -1.75   data required time
-----------------------------------------------------------------------------
                                 -1.75   data required time
                                 -2.39   data arrival time
-----------------------------------------------------------------------------
                                  4.14   slack (MET)


Startpoint: b[4] (input port clocked by __VIRTUAL_CLK__)
Endpoint: result[4] (output port clocked by __VIRTUAL_CLK__)
Path Group: __VIRTUAL_CLK__
Path Type: min

Fanout     Cap    Slew   Delay    Time   Description
-----------------------------------------------------------------------------
                  0.00    0.00    0.00   clock __VIRTUAL_CLK__ (rise edge)
                          0.00    0.00   clock network delay (ideal)
                          2.00    2.00 v input external delay
     5    0.02    0.04    0.03    2.03 v b[4] (in)
                                         b[4] (net)
                  0.04    0.00    2.03 v _162_/B1 (sky130_fd_sc_hd__o21ai_2)
     1    0.00    0.04    0.04    2.07 ^ _162_/Y (sky130_fd_sc_hd__o21ai_2)
                                         _093_ (net)
                  0.04    0.00    2.07 ^ _167_/A3 (sky130_fd_sc_hd__a32o_2)
     1    0.00    0.04    0.14    2.21 ^ _167_/X (sky130_fd_sc_hd__a32o_2)
                                         alu4.result (net)
                  0.04    0.00    2.21 ^ _223_/A (sky130_fd_sc_hd__buf_2)
     1    0.03    0.17    0.18    2.40 ^ _223_/X (sky130_fd_sc_hd__buf_2)
                                         result[4] (net)
                  0.17    0.00    2.40 ^ result[4] (out)
                                  2.40   data arrival time

                  0.00    0.00    0.00   clock __VIRTUAL_CLK__ (rise edge)
                          0.00    0.00   clock network delay (ideal)
                          0.25    0.25   clock uncertainty
                          0.00    0.25   clock reconvergence pessimism
                         -2.00   -1.75   output external delay
                                 -1.75   data required time
-----------------------------------------------------------------------------
                                 -1.75   data required time
                                 -2.40   data arrival time
-----------------------------------------------------------------------------
                                  4.15   slack (MET)


Startpoint: b[6] (input port clocked by __VIRTUAL_CLK__)
Endpoint: result[6] (output port clocked by __VIRTUAL_CLK__)
Path Group: __VIRTUAL_CLK__
Path Type: min

Fanout     Cap    Slew   Delay    Time   Description
-----------------------------------------------------------------------------
                  0.00    0.00    0.00   clock __VIRTUAL_CLK__ (rise edge)
                          0.00    0.00   clock network delay (ideal)
                          2.00    2.00 v input external delay
     5    0.02    0.04    0.03    2.03 v b[6] (in)
                                         b[6] (net)
                  0.04    0.00    2.03 v _190_/B1 (sky130_fd_sc_hd__o21ai_2)
     1    0.00    0.04    0.04    2.07 ^ _190_/Y (sky130_fd_sc_hd__o21ai_2)
                                         _014_ (net)
                  0.04    0.00    2.07 ^ _195_/A3 (sky130_fd_sc_hd__a32o_2)
     1    0.00    0.04    0.14    2.21 ^ _195_/X (sky130_fd_sc_hd__a32o_2)
                                         alu6.result (net)
                  0.04    0.00    2.21 ^ _225_/A (sky130_fd_sc_hd__buf_2)
     1    0.03    0.17    0.18    2.40 ^ _225_/X (sky130_fd_sc_hd__buf_2)
                                         result[6] (net)
                  0.17    0.00    2.40 ^ result[6] (out)
                                  2.40   data arrival time

                  0.00    0.00    0.00   clock __VIRTUAL_CLK__ (rise edge)
                          0.00    0.00   clock network delay (ideal)
                          0.25    0.25   clock uncertainty
                          0.00    0.25   clock reconvergence pessimism
                         -2.00   -1.75   output external delay
                                 -1.75   data required time
-----------------------------------------------------------------------------
                                 -1.75   data required time
                                 -2.40   data arrival time
-----------------------------------------------------------------------------
                                  4.15   slack (MET)


Startpoint: b[3] (input port clocked by __VIRTUAL_CLK__)
Endpoint: result[3] (output port clocked by __VIRTUAL_CLK__)
Path Group: __VIRTUAL_CLK__
Path Type: min

Fanout     Cap    Slew   Delay    Time   Description
-----------------------------------------------------------------------------
                  0.00    0.00    0.00   clock __VIRTUAL_CLK__ (rise edge)
                          0.00    0.00   clock network delay (ideal)
                          2.00    2.00 v input external delay
     5    0.02    0.04    0.03    2.03 v b[3] (in)
                                         b[3] (net)
                  0.04    0.00    2.03 v _149_/A (sky130_fd_sc_hd__nand2_2)
     1    0.00    0.03    0.04    2.07 ^ _149_/Y (sky130_fd_sc_hd__nand2_2)
                                         _081_ (net)
                  0.03    0.00    2.07 ^ _154_/A3 (sky130_fd_sc_hd__a32o_2)
     1    0.00    0.04    0.14    2.21 ^ _154_/X (sky130_fd_sc_hd__a32o_2)
                                         alu3.result (net)
                  0.04    0.00    2.21 ^ _222_/A (sky130_fd_sc_hd__buf_2)
     1    0.04    0.18    0.19    2.40 ^ _222_/X (sky130_fd_sc_hd__buf_2)
                                         result[3] (net)
                  0.18    0.00    2.40 ^ result[3] (out)
                                  2.40   data arrival time

                  0.00    0.00    0.00   clock __VIRTUAL_CLK__ (rise edge)
                          0.00    0.00   clock network delay (ideal)
                          0.25    0.25   clock uncertainty
                          0.00    0.25   clock reconvergence pessimism
                         -2.00   -1.75   output external delay
                                 -1.75   data required time
-----------------------------------------------------------------------------
                                 -1.75   data required time
                                 -2.40   data arrival time
-----------------------------------------------------------------------------
                                  4.15   slack (MET)


Startpoint: op[2] (input port clocked by __VIRTUAL_CLK__)
Endpoint: result[2] (output port clocked by __VIRTUAL_CLK__)
Path Group: __VIRTUAL_CLK__
Path Type: min

Fanout     Cap    Slew   Delay    Time   Description
-----------------------------------------------------------------------------
                  0.00    0.00    0.00   clock __VIRTUAL_CLK__ (rise edge)
                          0.00    0.00   clock network delay (ideal)
                          2.00    2.00 ^ input external delay
     6    0.02    0.08    0.05    2.05 ^ op[2] (in)
                                         op[2] (net)
                  0.08    0.00    2.05 ^ _141_/A1_N (sky130_fd_sc_hd__o2bb2a_2)
     1    0.00    0.03    0.19    2.25 v _141_/X (sky130_fd_sc_hd__o2bb2a_2)
                                         alu2.result (net)
                  0.03    0.00    2.25 v _221_/A (sky130_fd_sc_hd__buf_2)
     1    0.03    0.09    0.16    2.41 v _221_/X (sky130_fd_sc_hd__buf_2)
                                         result[2] (net)
                  0.09    0.00    2.41 v result[2] (out)
                                  2.41   data arrival time

                  0.00    0.00    0.00   clock __VIRTUAL_CLK__ (rise edge)
                          0.00    0.00   clock network delay (ideal)
                          0.25    0.25   clock uncertainty
                          0.00    0.25   clock reconvergence pessimism
                         -2.00   -1.75   output external delay
                                 -1.75   data required time
-----------------------------------------------------------------------------
                                 -1.75   data required time
                                 -2.41   data arrival time
-----------------------------------------------------------------------------
                                  4.16   slack (MET)



worst slack corner Typical: 4.1249
